\BOOKMARK [-1][-]{part.1}{\376\377\000I\000\040\000P\000r\000o\000b\000a\000b\000i\000l\000i\000t\000y\000\040\000T\000h\000e\000o\000r\000y}{}% 1
\BOOKMARK [0][-]{chapter.1}{\376\377\000P\000r\000o\000b\000a\000b\000i\000l\000i\000t\000y\000\040\000T\000h\000e\000o\000r\000y}{part.1}% 2
\BOOKMARK [0][-]{chapter.2}{\376\377\000C\000o\000n\000d\000i\000t\000i\000o\000n\000a\000l\000\040\000P\000r\000o\000b\000a\000b\000i\000l\000i\000t\000y\000\040\000a\000n\000d\000\040\000R\000a\000n\000d\000o\000m\000\040\000V\000a\000r\000i\000a\000b\000l\000e\000s}{part.1}% 3
\BOOKMARK [1][-]{section.2.1}{\376\377\000C\000o\000n\000d\000i\000t\000i\000o\000n\000a\000l\000\040\000P\000r\000o\000b\000a\000b\000i\000l\000i\000t\000y}{chapter.2}% 4
\BOOKMARK [1][-]{section.2.2}{\376\377\000B\000a\000y\000e\000s\000\040\000R\000u\000l\000e\000\040\000\050\000w\000/\000L\000O\000T\000P\000\040\000c\000o\000m\000b\000o\000\051}{chapter.2}% 5
\BOOKMARK [1][-]{section.2.3}{\376\377\000I\000n\000d\000e\000p\000e\000n\000d\000e\000n\000c\000e\000\040\000o\000f\000\040\000E\000v\000e\000n\000t\000s}{chapter.2}% 6
\BOOKMARK [1][-]{section.2.4}{\376\377\000R\000a\000n\000d\000o\000m\000\040\000V\000a\000r\000i\000a\000b\000l\000e\000s}{chapter.2}% 7
\BOOKMARK [1][-]{section.2.5}{\376\377\000C\000o\000m\000m\000o\000n\000\040\000D\000i\000s\000t\000r\000i\000b\000u\000t\000i\000o\000n\000s\000\040\000\046\000\040\000t\000h\000e\000i\000r\000\040\000P\000M\000F\000s}{chapter.2}% 8
\BOOKMARK [1][-]{section.2.6}{\376\377\000C\000o\000m\000m\000o\000n\000\040\000D\000i\000s\000t\000r\000i\000b\000u\000t\000i\000o\000n\000s\000\040\000\046\000\040\000t\000h\000e\000i\000r\000\040\000C\000D\000F\000s}{chapter.2}% 9
\BOOKMARK [0][-]{chapter.3}{\376\377\000J\000o\000i\000n\000t\000\040\000R\000a\000n\000d\000o\000m\000\040\000V\000a\000r\000i\000a\000b\000l\000e\000s}{part.1}% 10
\BOOKMARK [1][-]{section.3.1}{\376\377\000\050\000J\000o\000i\000n\000t\000\051\000\040\000R\000a\000n\000d\000o\000m\000\040\000V\000a\000r\000i\000a\000b\000l\000e\000s\000\040\000a\000n\000d\000\040\000t\000h\000e\000i\000r\000\040\000D\000i\000s\000t\000r\000i\000b\000u\000t\000i\000o\000n\000s}{chapter.3}% 11
\BOOKMARK [1][-]{section.3.2}{\376\377\000E\000x\000p\000e\000c\000t\000a\000t\000i\000o\000n}{chapter.3}% 12
\BOOKMARK [1][-]{section.3.3}{\376\377\000V\000a\000r\000i\000a\000n\000c\000e}{chapter.3}% 13
\BOOKMARK [1][-]{section.3.4}{\376\377\000J\000o\000i\000n\000t\000\040\000D\000i\000s\000t\000r\000i\000b\000u\000t\000i\000o\000n\000s\000\040\040\024\000\040\000h\000o\000w\000\040\0002\000\040\000r\000.\000v\000.\000s\000\040\000i\000n\000t\000e\000r\000a\000c\000t}{chapter.3}% 14
\BOOKMARK [2][-]{subsection.3.4.1}{\376\377\000P\000M\000F}{section.3.4}% 15
\BOOKMARK [2][-]{subsection.3.4.2}{\376\377\000C\000D\000F}{section.3.4}% 16
\BOOKMARK [2][-]{subsection.3.4.3}{\376\377\000M\000a\000r\000g\000i\000n\000a\000l\000\040\000P\000M\000F\000\040\000o\000f\000\040\000X}{section.3.4}% 17
\BOOKMARK [2][-]{subsection.3.4.4}{\376\377\000C\000o\000n\000d\000i\000t\000i\000o\000n\000a\000l\000\040\000P\000M\000F\000\040\000o\000f\000\040\000Y}{section.3.4}% 18
\BOOKMARK [-1][-]{part.2}{\376\377\000I\000I\000\040\000C\000a\000l\000c\000u\000l\000u\000s}{}% 19
\BOOKMARK [0][-]{chapter.4}{\376\377\000C\000a\000l\000c\000u\000l\000u\000s\000\040\000I}{part.2}% 20
\BOOKMARK [1][-]{section.4.1}{\376\377\000D\000i\000f\000f\000e\000r\000e\000n\000t\000i\000a\000t\000i\000o\000n\000\040\000R\000u\000l\000e\000s}{chapter.4}% 21
\BOOKMARK [1][-]{section.4.2}{\376\377\000P\000o\000w\000e\000r\000\040\000S\000e\000r\000i\000e\000s}{chapter.4}% 22
\BOOKMARK [1][-]{section.4.3}{\376\377\000M\000a\000x\000i\000m\000u\000m\000\040\000L\000i\000k\000e\000l\000i\000h\000o\000o\000d\000\040\000E\000s\000t\000i\000m\000a\000t\000i\000o\000n\000\040\000\050\000M\000L\000E\000\051}{chapter.4}% 23
\BOOKMARK [2][-]{subsection.4.3.1}{\376\377\000T\000h\000e\000o\000r\000e\000t\000i\000c\000a\000l\000\040\000O\000v\000e\000r\000v\000i\000e\000w}{section.4.3}% 24
\BOOKMARK [2][-]{subsection.4.3.2}{\376\377\000S\000t\000e\000p\000s\000\040\000f\000o\000r\000\040\000M\000a\000x\000i\000m\000u\000m\000\040\000L\000i\000k\000e\000l\000i\000h\000o\000o\000d\000\040\000E\000s\000t\000i\000m\000a\000t\000i\000o\000n}{section.4.3}% 25
\BOOKMARK [2][-]{subsection.4.3.3}{\376\377\000W\000o\000r\000k\000e\000d\000\040\000E\000x\000a\000m\000p\000l\000e\000:\000\040\000D\000i\000r\000e\000c\000t\000\040\000A\000p\000p\000r\000o\000a\000c\000h\000\040\000\050\000W\000i\000t\000h\000o\000u\000t\000\040\000L\000o\000g\000g\000i\000n\000g\000\051}{section.4.3}% 26
\BOOKMARK [2][-]{subsection.4.3.4}{\376\377\000L\000o\000g\000-\000L\000i\000k\000e\000l\000i\000h\000o\000o\000d\000\040\000A\000p\000p\000r\000o\000a\000c\000h}{section.4.3}% 27
\BOOKMARK [2][-]{subsection.4.3.5}{\376\377\000P\000r\000a\000c\000t\000i\000c\000e\000\040\000E\000x\000e\000r\000c\000i\000s\000e\000s}{section.4.3}% 28
\BOOKMARK [2][-]{subsection.4.3.6}{\376\377\000S\000u\000m\000m\000a\000r\000y\000:\000\040\000W\000h\000a\000t\000\040\000i\000s\000\040\000M\000L\000E\000?}{section.4.3}% 29
\BOOKMARK [0][-]{chapter.5}{\376\377\000P\000o\000w\000e\000r\000\040\000S\000e\000r\000i\000e\000s}{part.2}% 30
\BOOKMARK [1][-]{section.5.1}{\376\377\000T\000a\000y\000l\000o\000r\000\040\000S\000e\000r\000i\000e\000s\000\040\000A\000p\000p\000r\000o\000x\000i\000m\000a\000t\000i\000o\000n}{chapter.5}% 31
\BOOKMARK [2][-]{subsection.5.1.1}{\376\377\000F\000i\000r\000s\000t\000\040\000C\000o\000n\000d\000i\000t\000i\000o\000n\000\040\000p\000\050\0000\000\051\000\040\000=\000\040\000f\000\050\0000\000\051}{section.5.1}% 32
\BOOKMARK [2][-]{subsection.5.1.2}{\376\377\0002\000n\000d\000\040\000C\000o\000n\000d\000i\000t\000i\000o\000n\000\040\000p\000'\000\050\0000\000\051\000\040\000=\000\040\000f\000'\000\050\0000\000\051}{section.5.1}% 33
\BOOKMARK [2][-]{subsection.5.1.3}{\376\377\000T\000h\000i\000r\000d\000\040\000C\000o\000n\000d\000i\000t\000i\000o\000n\000:\000\040\000p\000'\000'\000\050\0000\000\051\000\040\000=\000\040\000f\000'\000'\000\050\0000\000\051}{section.5.1}% 34
\BOOKMARK [2][-]{subsection.5.1.4}{\376\377\000F\000o\000u\000r\000t\000h\000\040\000C\000o\000n\000d\000i\000t\000i\000o\000n\000:\000\040\000p\000'\000'\000'\000\050\0000\000\051\000\040\000=\000\040\000f\000'\000'\000'\000\050\0000\000\051}{section.5.1}% 35
\BOOKMARK [2][-]{subsection.5.1.5}{\376\377\000P\000u\000t\000t\000i\000n\000g\000\040\000i\000t\000\040\000T\000o\000g\000e\000t\000h\000e\000r}{section.5.1}% 36
\BOOKMARK [2][-]{subsection.5.1.6}{\376\377\000E\000x\000a\000m\000p\000l\000e\000:}{section.5.1}% 37
\BOOKMARK [1][-]{section.5.2}{\376\377\000I\000n\000t\000e\000g\000r\000a\000t\000i\000o\000n}{chapter.5}% 38
\BOOKMARK [0][-]{chapter.6}{\376\377\000C\000o\000n\000t\000i\000n\000u\000o\000u\000s\000\040\000R\000a\000n\000d\000o\000m\000\040\000V\000a\000r\000i\000a\000b\000l\000e\000s\000\040\000I}{part.2}% 39
\BOOKMARK [1][-]{section.6.1}{\376\377\000C\000o\000n\000t\000i\000n\000u\000o\000u\000s\000\040\000r\000.\000v\000.\000s\000:\000\040\000r\000e\000l\000a\000t\000i\000o\000n\000s\000h\000i\000p\000\040\000b\000e\000t\000w\000e\000e\000n\000\040\000P\000D\000F\000-\000C\000D\000F}{chapter.6}% 40
\BOOKMARK [2][-]{subsection.6.1.1}{\376\377\000a\000n\000\040\000r\000.\000v\000.\000\040\000h\000a\000s\000\040\000a\000\040\000c\000o\000n\000t\000i\000n\000u\000o\000u\000s\000\040\000d\000i\000s\000t\000r\000i\000b\000u\000t\000i\000o\000n\000\040\000i\000f\000\040\000i\000t\000s\000\040\000C\000D\000F\000\040\000i\000s\000\040\000d\000i\000f\000f\000e\000r\000e\000n\000t\000i\000a\000b\000l\000e}{section.6.1}% 41
\BOOKMARK [2][-]{subsection.6.1.2}{\376\377\000P\000D\000F\000\040\000o\000f\000\040\000X\000\040\000i\000s\000\040\000t\000h\000e\000\040\000D\000e\000r\000i\000v\000a\000t\000i\000v\000e\000\040\000o\000f\000\040\000t\000h\000e\000\040\000C\000D\000F}{section.6.1}% 42
\BOOKMARK [2][-]{subsection.6.1.3}{\376\377\000P\000r\000o\000b\000a\000b\000i\000l\000i\000t\000y\000\040\000o\000f\000\040\000a\000\040\000C\000o\000n\000t\000i\000n\000u\000o\000u\000s\000\040\000R\000a\000n\000d\000o\000m\000\040\000V\000a\000r\000i\000a\000b\000l\000e}{section.6.1}% 43
\BOOKMARK [2][-]{subsection.6.1.4}{\376\377\000V\000a\000l\000i\000d\000\040\000P\000D\000F\000s}{section.6.1}% 44
\BOOKMARK [1][-]{section.6.2}{\376\377\000E\000x\000p\000e\000c\000t\000a\000t\000i\000o\000n\000\040\000o\000f\000\040\000a\000\040\000C\000o\000n\000t\000i\000n\000u\000o\000u\000s\000\040\000r\000.\000v}{chapter.6}% 45
\BOOKMARK [1][-]{section.6.3}{\376\377\000E\000.\000g\000.\000\040\0001\000:\000\040\000U\000n\000i\000f\000o\000r\000m\000\040\000D\000i\000s\000t\000r\000i\000b\000u\000t\000i\000o\000n\000,\000\040\000C\000o\000n\000t\000i\000n\000u\000o\000u\000s}{chapter.6}% 46
\BOOKMARK [2][-]{subsection.6.3.1}{\376\377\000P\000D\000F}{section.6.3}% 47
\BOOKMARK [2][-]{subsection.6.3.2}{\376\377\000C\000D\000F}{section.6.3}% 48
\BOOKMARK [2][-]{subsection.6.3.3}{\376\377\000M\000e\000a\000n}{section.6.3}% 49
\BOOKMARK [1][-]{section.6.4}{\376\377\000E\000.\000g\000.\0002\000:\000\040\000N\000o\000r\000m\000a\000l\000\040\000D\000i\000s\000t\000r\000i\000b\000u\000t\000i\000o\000n}{chapter.6}% 50
\BOOKMARK [2][-]{subsection.6.4.1}{\376\377\000P\000D\000F}{section.6.4}% 51
\BOOKMARK [2][-]{subsection.6.4.2}{\376\377\000C\000D\000F}{section.6.4}% 52
\BOOKMARK [2][-]{subsection.6.4.3}{\376\377\000P\000a\000r\000a\000m\000e\000t\000e\000r\000s}{section.6.4}% 53
\BOOKMARK [2][-]{subsection.6.4.4}{\376\377\000S\000t\000a\000n\000d\000a\000r\000d\000i\000z\000a\000t\000i\000o\000n}{section.6.4}% 54
\BOOKMARK [2][-]{subsection.6.4.5}{\376\377\000F\000e\000a\000t\000u\000r\000e\000s\000\040\000o\000f\000\040\000t\000h\000e\000\040\000N\000o\000r\000m\000a\000l}{section.6.4}% 55
\BOOKMARK [2][-]{subsection.6.4.6}{\376\377\000B\000e\000n\000c\000h\000m\000a\000r\000k\000s\000\040\000o\000f\000\040\000t\000h\000e\000\040\000N\000o\000r\000m\000a\000l}{section.6.4}% 56
\BOOKMARK [1][-]{section.6.5}{\376\377\000E\000.\000g\000.\000\040\0003\000:\000\040\000E\000x\000p\000o\000n\000e\000n\000t\000i\000a\000l}{chapter.6}% 57
\BOOKMARK [2][-]{subsection.6.5.1}{\376\377\000P\000D\000F}{section.6.5}% 58
\BOOKMARK [2][-]{subsection.6.5.2}{\376\377\000C\000D\000F}{section.6.5}% 59
\BOOKMARK [2][-]{subsection.6.5.3}{\376\377\000M\000o\000d\000e\000l\000l\000i\000n\000g\000\040\000p\000u\000r\000p\000o\000s\000e}{section.6.5}% 60
\BOOKMARK [2][-]{subsection.6.5.4}{\376\377\000F\000e\000a\000t\000u\000r\000e\000s\000:\000\040\000m\000e\000m\000o\000r\000y\000l\000e\000s\000s\000n\000e\000s\000s}{section.6.5}% 61
\BOOKMARK [1][-]{section.6.6}{\376\377\000C\000o\000n\000t\000i\000n\000u\000o\000u\000s\000\040\000v\000a\000r\000i\000a\000b\000l\000e\000s\000\040\000a\000p\000p\000l\000i\000e\000d\000\040\000t\000o\000\040\000P\000r\000o\000b\000a\000b\000i\000l\000i\000t\000y}{chapter.6}% 62
\BOOKMARK [2][-]{subsection.6.6.1}{\376\377\000J\000o\000i\000n\000t\000\040\000D\000i\000s\000t\000r\000i\000b\000u\000t\000i\000o\000n\000\040\000o\000f\000\040\000C\000o\000n\000t\000i\000n\000u\000o\000u\000s\000\040\000r\000.\000v\000.\000s}{section.6.6}% 63
\BOOKMARK [2][-]{subsection.6.6.2}{\376\377\000M\000a\000r\000g\000i\000n\000a\000l\000\040\000D\000i\000s\000t\000r\000i\000b\000u\000t\000i\000o\000n\000\040\000o\000f\000\040\000C\000o\000n\000t\000i\000n\000u\000o\000u\000s\000\040\000r\000.\000v\000.\000s}{section.6.6}% 64
\BOOKMARK [2][-]{subsection.6.6.3}{\376\377\000C\000o\000n\000d\000i\000t\000i\000o\000n\000a\000l\000\040\000P\000D\000F}{section.6.6}% 65
\BOOKMARK [2][-]{subsection.6.6.4}{\376\377\000B\000a\000y\000e\000s\000\040\000R\000u\000l\000e\000\040\000a\000n\000d\000\040\000L\000O\000T\000P\000\040\000f\000o\000r\000\040\000c\000o\000n\000t\000i\000n\000u\000o\000u\000s\000\040\000r\000.\000v\000.\000s}{section.6.6}% 66
\BOOKMARK [2][-]{subsection.6.6.5}{\376\377\000C\000a\000n\000\040\000c\000o\000m\000b\000i\000n\000e\000\040\000d\000i\000s\000c\000r\000e\000e\000t\000\040\000a\000n\000d\000\040\000c\000o\000n\000t\000i\000n\000u\000o\000u\000s\000\040\000r\000.\000v\000.\000s}{section.6.6}% 67
\BOOKMARK [0][-]{chapter.7}{\376\377\000C\000o\000n\000t\000i\000n\000u\000o\000u\000s\000\040\000R\000a\000n\000d\000o\000m\000\040\000V\000a\000r\000i\000a\000b\000l\000e\000s\000\040\000I\000I}{part.2}% 68
\BOOKMARK [1][-]{section.7.1}{\376\377\000C\000o\000v\000a\000r\000i\000a\000n\000c\000e}{chapter.7}% 69
\BOOKMARK [2][-]{subsection.7.1.1}{\376\377\000C\000o\000v\000a\000r\000i\000a\000n\000c\000e\000\040\000D\000e\000f\000i\000n\000i\000t\000i\000o\000n}{section.7.1}% 70
\BOOKMARK [2][-]{subsection.7.1.2}{\376\377\000S\000o\000m\000e\000\040\000C\000o\000v\000a\000r\000i\000a\000n\000c\000e\000\040\000r\000u\000l\000e\000s}{section.7.1}% 71
\BOOKMARK [1][-]{section.7.2}{\376\377\000C\000o\000r\000r\000e\000l\000a\000t\000i\000o\000n}{chapter.7}% 72
\BOOKMARK [2][-]{subsection.7.2.1}{\376\377\000C\000o\000r\000r\000e\000l\000a\000t\000i\000o\000n\000\040\000I\000m\000p\000o\000s\000e\000s\000\040\000L\000i\000n\000e\000a\000r\000i\000t\000y}{section.7.2}% 73
\BOOKMARK [2][-]{subsection.7.2.2}{\376\377\000F\000u\000r\000t\000h\000e\000r\000\040\000E\000x\000p\000l\000a\000n\000a\000t\000i\000o\000n\000:\000\040\000P\000r\000o\000o\000f\000\040\000o\000f\000\040\000C\000o\000v\000\040\000>\000\040\000C\000o\000r\000r}{section.7.2}% 74
\BOOKMARK [2][-]{subsection.7.2.3}{\376\377\000E\000x\000a\000m\000p\000l\000e\000\040\000p\000r\000o\000v\000i\000n\000g\000\040\000i\000n\000d\000e\000p\000e\000n\000d\000e\000n\000c\000e}{section.7.2}% 75
\BOOKMARK [1][-]{section.7.3}{\376\377\000L\000a\000w\000\040\000o\000f\000\040\000L\000a\000r\000g\000e\000\040\000N\000u\000m\000b\000e\000r\000s}{chapter.7}% 76
\BOOKMARK [1][-]{section.7.4}{\376\377\000C\000e\000n\000t\000r\000a\000l\000\040\000L\000i\000m\000i\000t\000\040\000T\000h\000e\000o\000r\000e\000m}{chapter.7}% 77
\BOOKMARK [2][-]{subsection.7.4.1}{\376\377\000C\000a\000l\000c\000u\000l\000a\000t\000i\000n\000g\000\040\000t\000h\000e\000\040\000S\000t\000a\000n\000d\000a\000r\000d\000i\000s\000e\000d\000\040\000S\000a\000m\000p\000l\000e\000\040\000M\000e\000a\000n}{section.7.4}% 78
\BOOKMARK [2][-]{subsection.7.4.2}{\376\377\000C\000o\000n\000v\000e\000r\000g\000e\000n\000c\000e\000\040\000t\000o\000\040\000S\000t\000a\000n\000d\000a\000r\000d\000\040\000N\000o\000r\000m\000a\000l}{section.7.4}% 79
\BOOKMARK [2][-]{subsection.7.4.3}{\376\377\000F\000u\000r\000t\000h\000e\000r\000\040\000N\000o\000t\000e\000s\000\040\000o\000n\000\040\000C\000L\000T}{section.7.4}% 80
\BOOKMARK [2][-]{subsection.7.4.4}{\376\377\000E\000x\000a\000m\000p\000l\000e\000:\000\040\000N\000o\000r\000m\000a\000l\000\040\000A\000p\000p\000r\000o\000x\000i\000m\000a\000t\000i\000o\000n\000\040\000t\000o\000\040\000t\000h\000e\000\040\000B\000i\000n\000o\000m\000i\000a\000l}{section.7.4}% 81
\BOOKMARK [1][-]{section.7.5}{\376\377\000L\000a\000b\000:\000\040\000E\000M\000\040\000A\000l\000g\000o\000r\000i\000t\000h\000m}{chapter.7}% 82
\BOOKMARK [1][-]{section.7.6}{\376\377\000C\000o\000n\000t\000e\000x\000t\000;\000\040\000S\000e\000t\000\040\000u\000p}{chapter.7}% 83
\BOOKMARK [1][-]{section.7.7}{\376\377\000A\000t\000t\000e\000m\000p\000t\000i\000n\000g\000\040\000M\000L\000E}{chapter.7}% 84
\BOOKMARK [2][-]{subsection.7.7.1}{\376\377\000M\000L\000E\000\040\000f\000o\000r\000\040\000m\000u\0001}{section.7.7}% 85
\BOOKMARK [1][-]{section.7.8}{\376\377\000B\000a\000y\000e\000s\000\040\000r\000u\000l\000e\000\040\000t\000o\000\040\000t\000h\000e\000\040\000R\000e\000s\000c\000u\000e}{chapter.7}% 86
\BOOKMARK [2][-]{subsection.7.8.1}{\376\377\000G\000a\000m\000m\000a\000s}{section.7.8}% 87
\BOOKMARK [2][-]{subsection.7.8.2}{\376\377\000B\000a\000c\000k\000\040\000t\000o\000\040\000t\000h\000e\000\040\000m\000a\000x\000i\000m\000i\000s\000a\000t\000i\000o\000n\000\040\000p\000r\000o\000b\000l\000e\000m}{section.7.8}% 88
\BOOKMARK [1][-]{section.7.9}{\376\377\000T\000h\000e\000\040\000E\000M\000\040\000A\000l\000g\000o\000r\000i\000t\000h\000m}{chapter.7}% 89
\BOOKMARK [-1][-]{part.3}{\376\377\000I\000I\000I\000\040\000L\000i\000n\000e\000a\000r\000\040\000A\000l\000g\000e\000b\000r\000a}{}% 90
\BOOKMARK [0][-]{chapter.8}{\376\377\000L\000i\000n\000e\000a\000r\000\040\000A\000l\000g\000e\000b\000r\000a\000\040\000I}{part.3}% 91
\BOOKMARK [1][-]{section.8.1}{\376\377\000D\000a\000t\000a\000\040\000S\000t\000r\000u\000c\000t\000u\000r\000e\000s}{chapter.8}% 92
\BOOKMARK [2][-]{subsection.8.1.1}{\376\377\000B\000a\000s\000i\000c\000s}{section.8.1}% 93
\BOOKMARK [2][-]{subsection.8.1.2}{\376\377\000C\000o\000m\000p\000a\000c\000t\000\040\000N\000o\000t\000a\000t\000i\000o\000n}{section.8.1}% 94
\BOOKMARK [2][-]{subsection.8.1.3}{\376\377\000T\000r\000a\000n\000s\000p\000o\000s\000e}{section.8.1}% 95
\BOOKMARK [1][-]{section.8.2}{\376\377\000B\000a\000s\000i\000c\000\040\000T\000r\000a\000n\000s\000f\000o\000r\000m\000a\000t\000i\000o\000n\000s}{chapter.8}% 96
\BOOKMARK [2][-]{subsection.8.2.1}{\376\377\000A\000d\000d\000i\000n\000g\000\040\000M\000a\000t\000r\000i\000c\000e\000s}{section.8.2}% 97
\BOOKMARK [2][-]{subsection.8.2.2}{\376\377\000M\000u\000l\000t\000i\000p\000l\000y\000i\000n\000g\000\040\000a\000\040\000M\000a\000t\000r\000i\000x\000\040\000b\000y\000\040\000a\000\040\000S\000c\000a\000l\000a\000r}{section.8.2}% 98
\BOOKMARK [1][-]{section.8.3}{\376\377\000M\000u\000l\000t\000i\000p\000l\000y\000i\000n\000g\000\040\000V\000e\000c\000t\000o\000r\000s}{chapter.8}% 99
\BOOKMARK [1][-]{section.8.4}{\376\377\000M\000u\000l\000t\000i\000p\000l\000y\000i\000n\000g\000\040\000M\000a\000t\000r\000i\000c\000e\000s}{chapter.8}% 100
\BOOKMARK [1][-]{section.8.5}{\376\377\000M\000u\000t\000l\000i\000p\000l\000y\000i\000n\000g\000\040\000M\000a\000t\000r\000i\000c\000e\000s\000\040\000w\000i\000t\000h\000\040\000V\000e\000c\000t\000o\000r\000s}{chapter.8}% 101
\BOOKMARK [1][-]{section.8.6}{\376\377\000T\000r\000a\000n\000s\000p\000o\000s\000e\000\040\000F\000a\000c\000t\000s}{chapter.8}% 102
\BOOKMARK [1][-]{section.8.7}{\376\377\000S\000y\000s\000t\000e\000m\000s\000\040\000o\000f\000\040\000E\000q\000u\000a\000t\000i\000o\000n}{chapter.8}% 103
\BOOKMARK [1][-]{section.8.8}{\376\377\000I\000d\000e\000n\000t\000i\000t\000y\000\040\000M\000a\000t\000r\000i\000x}{chapter.8}% 104
\BOOKMARK [1][-]{section.8.9}{\376\377\000T\000h\000e\000\040\000I\000n\000v\000e\000r\000s\000e\000\040\000o\000f\000\040\000a\000\040\000M\000a\000t\000r\000i\000x}{chapter.8}% 105
\BOOKMARK [1][-]{section.8.10}{\376\377\000V\000e\000c\000t\000o\000r\000\040\000N\000o\000r\000m}{chapter.8}% 106
\BOOKMARK [1][-]{section.8.11}{\376\377\000L\000a\000b\000:\000\040\000R\000e\000g\000r\000e\000s\000s\000i\000o\000n\000\040\000U\000s\000i\000n\000g\000\040\000M\000a\000t\000r\000i\000x\000\040\000A\000l\000g\000e\000b\000r\000a}{chapter.8}% 107
\BOOKMARK [1][-]{section.8.12}{\376\377\000L\000i\000n\000e\000a\000r\000\040\000R\000e\000g\000r\000e\000s\000s\000i\000o\000n}{chapter.8}% 108
\BOOKMARK [2][-]{subsection.8.12.1}{\376\377\000S\000e\000t\000\040\000u\000p}{section.8.12}% 109
\BOOKMARK [2][-]{subsection.8.12.2}{\376\377\000O\000b\000j\000e\000c\000t\000i\000v\000e\000\040\000F\000u\000n\000c\000t\000i\000o\000n\000\040\000f\000o\000r\000\040\000L\000e\000a\000s\000t\000\040\000S\000q\000u\000a\000r\000e\000s}{section.8.12}% 110
\BOOKMARK [2][-]{subsection.8.12.3}{\376\377\000S\000y\000s\000t\000e\000m\000\040\000o\000f\000\040\000E\000q\000u\000a\000t\000i\000o\000n\000s\000\040\000=\000\040\000i\000n\000e\000f\000f\000i\000c\000i\000e\000n\000t\000\040\000a\000p\000p\000r\000o\000a\000c\000h}{section.8.12}% 111
\BOOKMARK [2][-]{subsection.8.12.4}{\376\377\000M\000a\000t\000r\000i\000x\000\040\000a\000p\000p\000r\000o\000a\000c\000h\000\040\000=\000\040\000e\000f\000f\000i\000c\000i\000e\000n\000t}{section.8.12}% 112
\BOOKMARK [1][-]{section.8.13}{\376\377\000P\000e\000n\000a\000l\000i\000s\000e\000d\000\040\000R\000e\000g\000r\000e\000s\000s\000i\000o\000n}{chapter.8}% 113
\BOOKMARK [2][-]{subsection.8.13.1}{\376\377\000L\0001\000\040\000N\000o\000r\000m\000\040\000\050\000L\000a\000s\000s\000o\000\040\000R\000e\000g\000r\000e\000s\000s\000i\000o\000n\000\051}{section.8.13}% 114
\BOOKMARK [2][-]{subsection.8.13.2}{\376\377\000L\0002\000\040\000N\000o\000r\000m\000\040\000\050\000R\000i\000d\000g\000e\000\040\000R\000e\000g\000r\000e\000s\000s\000i\000o\000n\000\051}{section.8.13}% 115
\BOOKMARK [2][-]{subsection.8.13.3}{\376\377\000S\000u\000m\000m\000a\000r\000y}{section.8.13}% 116
\BOOKMARK [1][-]{section.8.14}{\376\377\000B\000r\000i\000n\000g\000i\000n\000g\000\040\000t\000o\000g\000e\000t\000h\000e\000r\000\040\000t\000h\000e\000\040\000a\000b\000o\000v\000e\000\040\000e\000x\000p\000a\000n\000d\000e\000d\000\040\000c\000o\000s\000t\000\040\000f\000u\000n\000c\000t\000i\000o\000n\000\040\000w\000i\000t\000h\000\040\000t\000h\000e\000\040\000L\0002\000\040\000N\000o\000r\000m\000\040\000c\000o\000n\000s\000t\000r\000a\000i\000n\000t\000,\000\040\000t\000o\000\040\000g\000i\000v\000e\000\040\000t\000h\000e\000\040\000R\000i\000d\000g\000e\000\040\000R\000e\000g\000r\000e\000s\000s\000i\000o\000n\000\040\000o\000b\000j\000e\000c\000t\000i\000v\000e\000\040\000f\000u\000n\000c\000t\000i\000o\000n\000\040\000w\000e\000\040\000t\000r\000y\000\040\000t\000o\000\040\000m\000i\000n\000i\000m\000i\000s\000e\000\051}{chapter.8}% 117
\BOOKMARK [0][-]{chapter.9}{\376\377\000L\000i\000n\000e\000a\000r\000\040\000A\000l\000g\000e\000b\000r\000a\000\040\000I\000I}{part.3}% 118
\BOOKMARK [1][-]{section.9.1}{\376\377\000L\000i\000n\000e\000a\000r\000\040\000D\000e\000p\000e\000n\000d\000e\000n\000c\000e}{chapter.9}% 119
\BOOKMARK [2][-]{subsection.9.1.1}{\376\377\000E\000x\000a\000m\000p\000l\000e\000s\000\040\000o\000f\000\040\000p\000r\000o\000v\000i\000n\000g\000\040\000l\000i\000n\000e\000a\000r\000\040\000\050\000i\000n\000\051\000d\000e\000p\000e\000n\000d\000e\000n\000c\000e}{section.9.1}% 120
\BOOKMARK [1][-]{section.9.2}{\376\377\000T\000h\000e\000\040\000S\000p\000a\000n}{chapter.9}% 121
\BOOKMARK [2][-]{subsection.9.2.1}{\376\377\000i\000n\000\040\000t\000e\000r\000m\000s\000\040\000o\000f\000\040\000V\000e\000c\000t\000o\000r\000\040\000S\000p\000a\000c\000e\000\040\000/\000\040\000B\000a\000s\000i\000s\000\040\000v\000e\000c\000t\000o\000r\000s}{section.9.2}% 122
\BOOKMARK [2][-]{subsection.9.2.2}{\376\377\000i\000n\000\040\000t\000e\000r\000m\000s\000\040\000o\000f\000\040\000t\000h\000e\000\040\000S\000p\000a\000n\000n\000i\000n\000g\000\040\000S\000e\000t}{section.9.2}% 123
\BOOKMARK [1][-]{section.9.3}{\376\377\000T\000h\000e\000\040\000D\000e\000t\000e\000r\000m\000i\000n\000a\000n\000t}{chapter.9}% 124
\BOOKMARK [2][-]{subsection.9.3.1}{\376\377\000U\000s\000e\000s}{section.9.3}% 125
\BOOKMARK [2][-]{subsection.9.3.2}{\376\377\000C\000a\000l\000c\000u\000l\000a\000t\000i\000o\000n}{section.9.3}% 126
\BOOKMARK [1][-]{section.9.4}{\376\377\000M\000a\000t\000r\000i\000x\000\040\000I\000n\000v\000e\000r\000s\000e}{chapter.9}% 127
\BOOKMARK [2][-]{subsection.9.4.1}{\376\377\000A\000d\000j\000u\000g\000a\000t\000e\000\040\000M\000a\000t\000r\000i\000x}{section.9.4}% 128
\BOOKMARK [1][-]{section.9.5}{\376\377\000T\000o\000\040\000k\000n\000o\000w}{chapter.9}% 129
\BOOKMARK [2][-]{subsection.9.5.1}{\376\377\000C\000o\000n\000d\000i\000t\000i\000o\000n\000s\000\040\000u\000n\000d\000e\000r\000\040\000w\000h\000i\000c\000h\000\040\000a\000\040\000m\000a\000t\000r\000i\000x\000\040\000i\000s\000\040\000i\000n\000v\000e\000r\000t\000i\000b\000l\000e\000:}{section.9.5}% 130
\BOOKMARK [1][-]{section.9.6}{\376\377\000E\000i\000g\000e\000n\000v\000a\000l\000u\000e\000s\000\040\000a\000n\000d\000\040\000E\000i\000g\000e\000n\000v\000e\000c\000t\000o\000r\000s}{chapter.9}% 131
\BOOKMARK [2][-]{subsection.9.6.1}{\376\377\000C\000o\000n\000d\000i\000t\000i\000o\000n\000s\000\040\000f\000o\000r\000\040\000e\000x\000i\000s\000t\000e\000n\000c\000e\000\040\000o\000f\000\040\000\050\000n\000o\000n\000-\000t\000r\000i\000v\000i\000a\000l\000\051\000\040\000E\000i\000g\000e\000n\000v\000e\000c\000t\000o\000r\000/\000v\000a\000l\000u\000e\000s}{section.9.6}% 132
\BOOKMARK [2][-]{subsection.9.6.2}{\376\377\000F\000i\000n\000d\000i\000n\000g\000\040\000E\000i\000g\000e\000n\000v\000a\000l\000u\000e\000s\000/\000v\000e\000c\000t\000o\000r\000s}{section.9.6}% 133
\BOOKMARK [2][-]{subsection.9.6.3}{\376\377\000E\000i\000g\000e\000n\000s\000p\000a\000c\000e}{section.9.6}% 134
\BOOKMARK [2][-]{subsection.9.6.4}{\376\377\000P\000u\000t\000t\000i\000n\000g\000\040\000i\000t\000\040\000a\000l\000l\000\040\000t\000o\000g\000e\000t\000h\000e\000r}{section.9.6}% 135
\BOOKMARK [1][-]{section.9.7}{\376\377\000E\000i\000g\000e\000n\000\040\000d\000e\000c\000o\000m\000p\000o\000s\000i\000t\000i\000o\000n}{chapter.9}% 136
\BOOKMARK [2][-]{subsection.9.7.1}{\376\377\000D\000e\000f\000i\000n\000i\000t\000i\000o\000n}{section.9.7}% 137
\BOOKMARK [2][-]{subsection.9.7.2}{\376\377\000T\000h\000e\000\040\000c\000o\000n\000d\000i\000t\000i\000o\000n\000s\000\040\000f\000o\000r\000\040\000e\000i\000g\000e\000n\000d\000e\000c\000o\000m\000p\000o\000s\000i\000t\000i\000o\000n}{section.9.7}% 138
\BOOKMARK [2][-]{subsection.9.7.3}{\376\377\000C\000a\000l\000c\000u\000l\000a\000t\000i\000o\000n}{section.9.7}% 139
\BOOKMARK [2][-]{subsection.9.7.4}{\376\377\000W\000h\000y\000?}{section.9.7}% 140
\BOOKMARK [1][-]{section.9.8}{\376\377\000S\000i\000n\000g\000u\000l\000a\000r\000\040\000V\000a\000l\000u\000e\000\040\000D\000e\000c\000o\000m\000p\000o\000s\000i\000t\000i\000o\000n\000\040\000o\000f\000\040\000a\000\040\000M\000a\000t\000r\000i\000x}{chapter.9}% 141
\BOOKMARK [2][-]{subsection.9.8.1}{\376\377\000S\000V\000D\000\040\000D\000e\000f\000i\000n\000i\000t\000i\000o\000n}{section.9.8}% 142
\BOOKMARK [2][-]{subsection.9.8.2}{\376\377\000S\000V\000D\000\040\000I\000s\000\040\000P\000r\000o\000f\000o\000u\000n\000d\000l\000y\000\040\000I\000n\000f\000o\000r\000m\000a\000t\000i\000v\000e\000\040\000A\000b\000o\000u\000t\000\040\000t\000h\000e\000\040\000S\000t\000r\000u\000c\000t\000u\000r\000e\000\040\000a\000n\000d\000\040\000D\000i\000m\000e\000n\000s\000i\000o\000n\000a\000l\000i\000t\000y\000\040\000o\000f\000\040\000Y\000o\000u\000r\000\040\000D\000a\000t\000a}{section.9.8}% 143
\BOOKMARK [1][-]{section.9.9}{\376\377\000L\000a\000b\000:\000\040\000P\000C\000A\000\040\000a\000s\000\040\000E\000i\000g\000e\000n\000d\000e\000c\000o\000m\000p\000o\000s\000i\000t\000i\000o\000n}{chapter.9}% 144
\BOOKMARK [1][-]{section.9.10}{\376\377\000S\000e\000t\000\040\000U\000p\000:\000\040\000P\000C\000A\000\040\000a\000p\000p\000l\000i\000e\000d\000\040\000t\000o\000\040\000i\000m\000a\000g\000e\000\040\000c\000o\000m\000p\000r\000e\000s\000s\000i\000o\000n}{chapter.9}% 145
\BOOKMARK [1][-]{section.9.11}{\376\377\000P\000C\000A\000\040\000a\000s\000\040\000a\000\040\000V\000a\000r\000i\000a\000n\000c\000e\000-\000M\000a\000x\000i\000m\000i\000s\000a\000t\000i\000o\000n\000\040\000P\000r\000o\000b\000l\000e\000m}{chapter.9}% 146
\BOOKMARK [2][-]{subsection.9.11.1}{\376\377\000A\000s\000\040\000v\000a\000r\000i\000a\000n\000c\000e\000\040\000i\000n\000\040\000a\000\040\000m\000a\000t\000r\000i\000x}{section.9.11}% 147
\BOOKMARK [2][-]{subsection.9.11.2}{\376\377\000A\000s\000\040\000a\000\040\000m\000a\000x\000i\000m\000i\000s\000a\000t\000i\000o\000n\000\040\000p\000r\000o\000b\000l\000e\000m}{section.9.11}% 148
\BOOKMARK [2][-]{subsection.9.11.3}{\376\377\000R\000e\000s\000u\000l\000t\000i\000n\000g\000\040\000c\000o\000m\000p\000o\000n\000e\000n\000t\000s}{section.9.11}% 149
\BOOKMARK [1][-]{section.9.12}{\376\377\000P\000C\000A\000\040\000a\000s\000\040\000E\000i\000g\000e\000n\000d\000e\000c\000o\000m\000p\000o\000s\000i\000t\000i\000o\000n\000\040\000o\000f\000\040\000t\000h\000e\000\040\000V\000a\000r\000i\000a\000n\000c\000e\000-\000C\000o\000v\000a\000r\000i\000a\000n\000c\000e\000\040\000M\000a\000t\000r\000i\000x}{chapter.9}% 150
\BOOKMARK [2][-]{subsection.9.12.1}{\376\377\000D\000e\000r\000i\000v\000e\000\040\000a\000\040\000V\000a\000r\000i\000a\000n\000c\000e\000-\000C\000o\000v\000a\000r\000i\000a\000n\000c\000e\000\040\000M\000a\000t\000r\000i\000x\000\040\000o\000f\000\040\000X}{section.9.12}% 151
\BOOKMARK [2][-]{subsection.9.12.2}{\376\377\000E\000i\000g\000e\000n\000d\000e\000c\000o\000m\000p\000o\000s\000i\000t\000i\000o\000n\000\040\000o\000f\000\040\000V\000a\000r\000i\000a\000n\000c\000e\000-\000C\000o\000v\000a\000r\000i\000a\000n\000c\000e\000\040\000M\000a\000t\000r\000i\000x}{section.9.12}% 152
\BOOKMARK [2][-]{subsection.9.12.3}{\376\377\000B\000e\000y\000o\000n\000d\000\040\000t\000h\000e\000\040\000F\000i\000r\000s\000t\000\040\000P\000r\000i\000n\000c\000i\000p\000a\000l\000\040\000C\000o\000m\000p\000o\000n\000e\000n\000t}{section.9.12}% 153
\BOOKMARK [2][-]{subsection.9.12.4}{\376\377\000S\000u\000m\000m\000a\000r\000y\000\040\000s\000t\000e\000p\000s}{section.9.12}% 154
\BOOKMARK [1][-]{section.9.13}{\376\377\000I\000n\000t\000e\000r\000p\000r\000e\000t\000a\000t\000i\000o\000n}{chapter.9}% 155
\BOOKMARK [1][-]{section.9.14}{\376\377\000H\000o\000w\000\040\000t\000h\000i\000s\000\040\000w\000o\000r\000k\000s}{chapter.9}% 156
\BOOKMARK [1][-]{section.9.15}{\376\377\000R\000e\000a\000l\000\040\000W\000o\000r\000l\000d\000\040\000a\000p\000p\000l\000i\000c\000a\000t\000i\000o\000n\000s}{chapter.9}% 157
\BOOKMARK [1][-]{section.9.16}{\376\377\000l\000a\000b\000\040\0001\0000\000:\000\040\000M\000o\000r\000e\000\040\000P\000C\000A}{chapter.9}% 158
\BOOKMARK [-1][-]{part.4}{\376\377\000I\000V\000\040\000O\000p\000t\000i\000m\000i\000s\000a\000t\000i\000o\000n}{}% 159
\BOOKMARK [0][-]{chapter.10}{\376\377\000O\000p\000t\000i\000m\000i\000s\000a\000t\000i\000o\000n}{part.4}% 160
\BOOKMARK [1][-]{section.10.1}{\376\377\000S\000e\000c\000o\000n\000d\000\040\000D\000e\000r\000i\000v\000a\000t\000i\000v\000e\000\040\000T\000e\000s\000t\000\040\040\024\000\040\000d\000e\000t\000e\000r\000m\000i\000n\000e\000s\000\040\000i\000f\000\040\000w\000e\000'\000v\000e\000\040\000f\000o\000u\000n\000d\000\040\000a\000\040\000m\000i\000n\000\040\000/\000\040\000m\000a\000x}{chapter.10}% 161
\BOOKMARK [1][-]{section.10.2}{\376\377\000C\000o\000n\000s\000t\000r\000a\000i\000n\000e\000d\000\040\000O\000p\000t\000i\000m\000i\000z\000a\000t\000i\000o\000n\000\040\000\050\000i\000n\000\040\0002\000-\000v\000a\000r\000i\000a\000b\000l\000e\000\040\000s\000e\000t\000t\000i\000n\000g\000\051}{chapter.10}% 162
\BOOKMARK [1][-]{section.10.3}{\376\377\000M\000i\000n\000\040\000o\000r\000\040\000M\000a\000x\000\040\000\050\000f\000o\000r\000\040\000a\000l\000l\000\040\000m\000u\000l\000t\000i\000v\000a\000r\000i\000a\000t\000e\000\040\000c\000a\000l\000c\000u\000l\000u\000s\000?\000\051}{chapter.10}% 163
\BOOKMARK [1][-]{section.10.4}{\376\377\000M\000a\000t\000r\000i\000x\000\040\000O\000p\000t\000i\000m\000i\000z\000a\000t\000i\000o\000n\000:\000\040\000t\000h\000e\000\040\000G\000r\000a\000d\000i\000e\000n\000t}{chapter.10}% 164
\BOOKMARK [2][-]{subsection.10.4.1}{\376\377\000E\000g\000\040\000f\000\040\000t\000a\000k\000e\000s\000\040\000s\000o\000m\000e\000\040\000i\000n\000p\000u\000t\000\040\000i\000n\000\040\000\040\000R\000m\000\040\000\040\000\050\000a\000\040\000v\000e\000c\000t\000o\000r\000\051\000\040\000\040\000o\000u\000t\000p\000u\000t\000s\000\040\000s\000o\000m\000e\000\040\000r\000e\000a\000l\000\040\000v\000a\000l\000u\000e\000\040\000\040\000R\000\040\000\040\000\050\000a\000\040\000s\000c\000a\000l\000a\000r\000\051}{section.10.4}% 165
\BOOKMARK [2][-]{subsection.10.4.2}{\376\377\000E\000.\000g\000.\000\040\0002\000\040\000\040\000f\000\040\000\040\000t\000a\000k\000e\000s\000\040\000s\000o\000m\000e\000\040\000i\000n\000p\000u\000t\000\040\000i\000n\000\040\000R\000m\000\040\000n\000\040\000\050\000a\000\040\000m\000a\000t\000r\000i\000x\000\051\000\040\000\040\000\040\000o\000u\000t\000p\000u\000t\000s\000\040\000s\000o\000m\000e\000\040\000r\000e\000a\000l\000\040\000v\000a\000l\000u\000e\000\040\000R\000\040\000\050\000a\000\040\000s\000c\000a\000l\000a\000r}{section.10.4}% 166
\BOOKMARK [1][-]{section.10.5}{\376\377\000C\000o\000n\000s\000t\000r\000a\000i\000n\000e\000d\000\040\000O\000p\000t\000i\000m\000i\000z\000a\000t\000i\000o\000n\000\040\000U\000s\000i\000n\000g\000\040\000t\000h\000e\000\040\000G\000r\000a\000d\000i\000e\000n\000t}{chapter.10}% 167
\BOOKMARK [1][-]{section.10.6}{\376\377\000O\000p\000t\000i\000m\000i\000z\000a\000t\000i\000o\000n\000\040\000a\000s\000\040\000E\000i\000g\000e\000n\000\040\000d\000e\000c\000o\000m\000p\000o\000s\000i\000t\000i\000o\000n}{chapter.10}% 168
\BOOKMARK [1][-]{section.10.7}{\376\377\000M\000a\000n\000u\000a\000l\000\040\000C\000o\000n\000s\000t\000r\000a\000i\000n\000e\000d\000\040\000O\000p\000t\000i\000m\000i\000s\000a\000t\000i\000o\000n\000\040\000u\000s\000i\000n\000g\000\040\000L\000a\000g\000r\000a\000n\000g\000e\000\040\000m\000u\000l\000t\000i\000p\000l\000i\000e\000r}{chapter.10}% 169
\BOOKMARK [2][-]{subsection.10.7.1}{\376\377\000E\000x\000a\000m\000p\000l\000e\000s}{section.10.7}% 170
\BOOKMARK [2][-]{subsection.10.7.2}{\376\377\000E\000x\000a\000m\000p\000l\000e\000\040\000f\000r\000o\000m\000\040\000F\000i\000n\000a\000l\000\040\000R\000e\000v\000i\000e\000w}{section.10.7}% 171
\BOOKMARK [2][-]{subsection.10.7.3}{\376\377\0002\000\051\000\040\000s\000u\000p\000p\000o\000s\000e\000\040\000y\000o\000u\000\040\000h\000a\000v\000e\000\040\000t\000h\000e\000\040\000f\000o\000l\000l\000o\000w\000i\000n\000g\000\040\000v\000a\000r\000i\000a\000n\000c\000e\000-\000c\000o\000v\000a\000r\000i\000a\000n\000c\000e\000\040\000m\000a\000t\000r\000i\000x\000\040\000o\000f\000\040\000t\000h\000e\000\040\000r\000e\000t\000u\000r\000n\000s\000\040\000o\000f\000\040\000y\000o\000u\000r\000\040\0002\000\040\000a\000s\000s\000e\000t\000s\000,\000\040\000r\000e\000d\000u\000c\000e\000\040\000y\000o\000u\000r\000\040\000L\000a\000g\000r\000a\000n\000g\000i\000a\000n\000\040\000a\000s\000\040\000m\000u\000c\000h\000\040\000a\000s\000\040\000p\000o\000s\000s\000i\000b\000l\000e}{section.10.7}% 172
\BOOKMARK [-1][-]{part.5}{\376\377\000V\000\040\000A\000p\000p\000e\000n\000d\000i\000c\000e\000s}{}% 173
\BOOKMARK [0][-]{appendix.A}{\376\377\000C\000o\000m\000m\000o\000n\000\040\000D\000i\000s\000t\000r\000i\000b\000u\000t\000i\000o\000n\000s}{part.5}% 174
\BOOKMARK [1][-]{section.A.1}{\376\377\000H\000y\000p\000e\000r\000g\000e\000o\000m\000e\000t\000r\000i\000c}{appendix.A}% 175
\BOOKMARK [0][-]{appendix.B}{\376\377\000C\000h\000e\000a\000t\000\040\000S\000h\000e\000e\000t\000\040\000I}{part.5}% 176
\BOOKMARK [1][-]{section.B.1}{\376\377\000S\000e\000s\000s\000i\000o\000n\000\040\0001\000:\000\040\000P\000r\000o\000b\000a\000b\000i\000l\000i\000t\000y\000\040\000T\000h\000e\000o\000r\000y}{appendix.B}% 177
\BOOKMARK [1][-]{section.B.2}{\376\377\000S\000e\000s\000s\000i\000o\000n\000\040\0002\000:\000\040\000C\000o\000n\000d\000i\000t\000i\000o\000n\000a\000l\000\040\000P\000r\000o\000b\000a\000b\000i\000l\000i\000t\000y\000\040\000\046\000\040\000R\000a\000n\000d\000o\000m\000\040\000V\000a\000r\000i\000a\000b\000l\000e\000s}{appendix.B}% 178
\BOOKMARK [2][-]{subsection.B.2.1}{\376\377\000C\000o\000n\000d\000i\000t\000i\000o\000n\000a\000l\000\040\000P\000r\000o\000b\000a\000b\000i\000l\000i\000t\000y}{section.B.2}% 179
\BOOKMARK [2][-]{subsection.B.2.2}{\376\377\000R\000a\000n\000d\000o\000m\000\040\000V\000a\000r\000i\000a\000b\000l\000e\000s}{section.B.2}% 180
\BOOKMARK [1][-]{section.B.3}{\376\377\000S\000e\000s\000s\000i\000o\000n\000\040\0003\000:\000\040\000J\000o\000i\000n\000t\000\040\000r\000.\000v\000.\000s}{appendix.B}% 181
\BOOKMARK [2][-]{subsection.B.3.1}{\376\377\000I\000n\000d\000e\000p\000e\000n\000d\000e\000n\000c\000e\000\040\000o\000f\000\040\000j\000o\000i\000n\000t\000\040\000r\000.\000v\000.\000s}{section.B.3}% 182
\BOOKMARK [2][-]{subsection.B.3.2}{\376\377\000E\000x\000p\000e\000c\000t\000a\000t\000i\000o\000n}{section.B.3}% 183
\BOOKMARK [2][-]{subsection.B.3.3}{\376\377\000V\000a\000r\000i\000a\000n\000c\000e}{section.B.3}% 184
\BOOKMARK [2][-]{subsection.B.3.4}{\376\377\000M\000a\000r\000g\000i\000n\000a\000l\000\040\000\046\000\040\000C\000o\000n\000d\000i\000t\000i\000o\000n\000a\000l\000\040\000J\000o\000i\000n\000t\000\040\000P\000M\000F\000s}{section.B.3}% 185
\BOOKMARK [1][-]{section.B.4}{\376\377\000S\000e\000s\000s\000i\000o\000n\000\040\0004\000:\000\040\000C\000a\000l\000c\000u\000l\000u\000s}{appendix.B}% 186
\BOOKMARK [1][-]{section.B.5}{\376\377\000M\000L\000E}{appendix.B}% 187
\BOOKMARK [1][-]{section.B.6}{\376\377\000T\000a\000y\000l\000o\000r\000\040\000S\000e\000r\000i\000e\000s\000\040\000A\000p\000p\000r\000o\000x\000i\000m\000a\000t\000i\000o\000n}{appendix.B}% 188
\BOOKMARK [0][-]{appendix.C}{\376\377\000C\000h\000e\000a\000t\000\040\000S\000h\000e\000e\000t\000\040\000I\000I}{part.5}% 189
\BOOKMARK [1][-]{section.C.1}{\376\377\000W\000k\000\040\0006\000\040\040\024\000\040\000C\000o\000n\000t\000i\000n\000u\000o\000u\000r\000\040\000r\000.\000v\000.\000s\000\040\000m\000e\000e\000t\000s\000\040\000p\000r\000o\000b\000a\000b\000i\000l\000i\000t\000y}{appendix.C}% 190
\BOOKMARK [2][-]{subsection.C.1.1}{\376\377\000C\000o\000n\000t\000i\000n\000u\000o\000u\000s\000\040\000r\000.\000v\000s}{section.C.1}% 191
\BOOKMARK [2][-]{subsection.C.1.2}{\376\377\000e\000x\000p\000e\000c\000t\000a\000t\000i\000o\000n\000\040\000o\000f\000\040\000c\000o\000n\000t\000i\000n\000u\000o\000u\000s\000\040\000r\000.\000v}{section.C.1}% 192
\BOOKMARK [2][-]{subsection.C.1.3}{\376\377\000U\000n\000i\000f\000o\000r\000m\000,\000\040\000c\000o\000n\000t\000i\000n\000u\000o\000u\000s}{section.C.1}% 193
\BOOKMARK [2][-]{subsection.C.1.4}{\376\377\000N\000o\000r\000m\000a\000l}{section.C.1}% 194
\BOOKMARK [2][-]{subsection.C.1.5}{\376\377\000S\000t\000a\000n\000d\000a\000r\000d\000i\000s\000a\000t\000i\000o\000n}{section.C.1}% 195
\BOOKMARK [2][-]{subsection.C.1.6}{\376\377\000E\000x\000p\000o\000n\000e\000n\000t\000i\000a\000l}{section.C.1}% 196
\BOOKMARK [2][-]{subsection.C.1.7}{\376\377\000J\000o\000i\000n\000t\000\040\000D\000i\000s\000t\000r\000i\000b\000u\000t\000i\000o\000n\000s\000\040\000o\000f\000\040\000C\000o\000n\000t\000i\000n\000u\000o\000u\000s\000\040\000r\000.\000v\000.\000s}{section.C.1}% 197
\BOOKMARK [2][-]{subsection.C.1.8}{\376\377\000B\000a\000y\000e\000s\000\040\000R\000u\000l\000e\000\040\000a\000n\000d\000\040\000L\000O\000T\000P\000\040\000f\000o\000r\000\040\000c\000o\000n\000t\000i\000n\000u\000o\000u\000s\000\040\000r\000.\000v\000.\000s}{section.C.1}% 198
\BOOKMARK [1][-]{section.C.2}{\376\377\000w\000k\000\040\0007\000\040\040\024\000\040\000C\000o\000n\000t\000i\000n\000u\000o\000u\000s\000\040\000R\000.\000v\000s\000\040\000I\000I}{appendix.C}% 199
\BOOKMARK [2][-]{subsection.C.2.1}{\376\377\000C\000o\000v\000a\000r\000i\000a\000n\000c\000e}{section.C.2}% 200
\BOOKMARK [2][-]{subsection.C.2.2}{\376\377\000C\000o\000r\000r\000e\000l\000a\000t\000i\000o\000n}{section.C.2}% 201
\BOOKMARK [2][-]{subsection.C.2.3}{\376\377\000L\000a\000w\000\040\000o\000f\000\040\000L\000a\000r\000g\000e\000\040\000N\000u\000m\000b\000e\000r\000s\000:\000\040\000a\000s\000\040\000n\000\040\000g\000r\000o\000w\000s\000\040\000l\000a\000r\000g\000e\000,\000\040\000t\000h\000e\000\040\000s\000a\000m\000p\000l\000e\000\040\000m\000e\000a\000n\000\040\000\040\000c\000o\000n\000v\000e\000r\000g\000e\000s\000\040\000t\000o\000\040\000t\000h\000e\000\040\000t\000r\000u\000e\000\040\000m\000e\000a\000n\000\040}{section.C.2}% 202
\BOOKMARK [2][-]{subsection.C.2.4}{\376\377\000C\000e\000n\000t\000r\000a\000l\000\040\000L\000i\000m\000i\000t\000\040\000T\000h\000e\000o\000r\000e\000m\000\040\000=\000\040\000t\000h\000a\000t\000\040\000t\000h\000e\000\040\000s\000t\000a\000n\000d\000a\000r\000d\000i\000s\000e\000d\000\040\000s\000a\000m\000p\000l\000e\000\040\000m\000e\000a\000n\000\040\000\050\000s\000t\000a\000n\000d\000a\000r\000d\000i\000s\000e\000d\000\040\000\051\000\040\000c\000o\000n\000v\000e\000r\000g\000e\000s\000\040\000i\000n\000\040\000d\000i\000s\000t\000r\000i\000b\000u\000t\000i\000o\000n\000\040\000t\000o\000\040\000t\000h\000e\000\040\000s\000t\000a\000n\000d\000a\000r\000d\000\040\000N\000o\000r\000m\000a\000l\000\040\000a\000s\000\040\000n\000\040}{section.C.2}% 203
\BOOKMARK [2][-]{subsection.C.2.5}{\376\377\000E\000x\000a\000m\000p\000l\000e\000:\000\040\000N\000o\000r\000m\000a\000l\000\040\000A\000p\000p\000r\000o\000x\000i\000m\000a\000t\000i\000o\000n\000\040\000t\000o\000\040\000t\000h\000e\000\040\000B\000i\000n\000o\000m\000i\000a\000l}{section.C.2}% 204
\BOOKMARK [1][-]{section.C.3}{\376\377\000L\000a\000b\000\040\0007\000\040\040\024\000\040\000E\000M\000\040\000A\000l\000g\000o\000r\000i\000t\000h\000m}{appendix.C}% 205
\BOOKMARK [1][-]{section.C.4}{\376\377\000W\000k\000\040\0008\000\040\040\024\000\040\000M\000a\000t\000r\000i\000x\000\040\000A\000l\000g\000e\000b\000r\000a}{appendix.C}% 206
\BOOKMARK [1][-]{section.C.5}{\376\377\000L\000a\000b\000\040\0008\000\040\040\024\000\040\000R\000e\000g\000r\000e\000s\000s\000i\000o\000n}{appendix.C}% 207
\BOOKMARK [2][-]{subsection.C.5.1}{\376\377\000L\000i\000n\000e\000a\000r\000\040\000R\000e\000g\000r\000e\000s\000s\000i\000o\000n}{section.C.5}% 208
\BOOKMARK [2][-]{subsection.C.5.2}{\376\377\000P\000e\000n\000a\000l\000i\000s\000e\000d\000\040\000r\000e\000g\000r\000e\000s\000s\000i\000o\000n}{section.C.5}% 209
\BOOKMARK [1][-]{section.C.6}{\376\377\000W\000k\000\040\0009\000\040\040\024\000\040\000L\000i\000n\000e\000a\000r\000\040\000A\000l\000g\000e\000b\000r\000a\000\040\000I\000I}{appendix.C}% 210
\BOOKMARK [1][-]{section.C.7}{\376\377\000L\000a\000b\000\040\0009\000\040\040\024\000\040\000P\000C\000A}{appendix.C}% 211
\BOOKMARK [2][-]{subsection.C.7.1}{\376\377\000A\000s\000\040\000V\000a\000r\000i\000a\000n\000c\000e\000\040\000M\000a\000x}{section.C.7}% 212
\BOOKMARK [2][-]{subsection.C.7.2}{\376\377\000A\000s\000\040\000E\000i\000g\000e\000n\000d\000e\000c\000o\000m\000p\000o\000s\000i\000t\000i\000o\000n}{section.C.7}% 213
\BOOKMARK [1][-]{section.C.8}{\376\377\000W\000k\000\040\0001\0000\000\040\040\024\000\040\000O\000p\000t\000i\000m\000i\000s\000a\000t\000i\000o\000n}{appendix.C}% 214
