\BOOKMARK [0][-]{chapter.1}{\376\377\000W\000e\000e\000k\000\040\0001\000:\000\040\000I\000n\000t\000r\000o\000d\000u\000c\000t\000i\000o\000n\000\040\000t\000o\000\040\000D\000e\000e\000p\000\040\000L\000e\000a\000r\000n\000i\000n\000g}{}% 1
\BOOKMARK [1][-]{section.1.1}{\376\377\000W\000h\000a\000t\000\040\000i\000s\000\040\000D\000e\000e\000p\000\040\000L\000e\000a\000r\000n\000i\000n\000g\000?}{chapter.1}% 2
\BOOKMARK [2][-]{subsection.1.1.1}{\376\377\000T\000h\000e\000\040\000L\000e\000a\000r\000n\000i\000n\000g\000\040\000P\000r\000o\000b\000l\000e\000m\000:\000\040\000F\000o\000r\000m\000a\000l\000\040\000S\000e\000t\000u\000p}{section.1.1}% 3
\BOOKMARK [2][-]{subsection.1.1.2}{\376\377\000W\000h\000a\000t\000\040\000D\000o\000e\000s\000\040\000`\000`\000L\000e\000a\000r\000n\000i\000n\000g\000'\000'\000\040\000M\000e\000a\000n\000\040\000F\000o\000r\000m\000a\000l\000l\000y\000?}{section.1.1}% 4
\BOOKMARK [2][-]{subsection.1.1.3}{\376\377\000H\000i\000s\000t\000o\000r\000i\000c\000a\000l\000\040\000C\000o\000n\000t\000e\000x\000t}{section.1.1}% 5
\BOOKMARK [1][-]{section.1.2}{\376\377\000L\000e\000a\000r\000n\000i\000n\000g\000\040\000P\000a\000r\000a\000d\000i\000g\000m\000s}{chapter.1}% 6
\BOOKMARK [1][-]{section.1.3}{\376\377\000M\000a\000c\000h\000i\000n\000e\000\040\000L\000e\000a\000r\000n\000i\000n\000g\000\040\000v\000s\000\040\000D\000e\000e\000p\000\040\000L\000e\000a\000r\000n\000i\000n\000g}{chapter.1}% 7
\BOOKMARK [2][-]{subsection.1.3.1}{\376\377\000F\000e\000a\000t\000u\000r\000e\000\040\000E\000n\000g\000i\000n\000e\000e\000r\000i\000n\000g\000\040\000v\000s\000\040\000F\000e\000a\000t\000u\000r\000e\000\040\000L\000e\000a\000r\000n\000i\000n\000g}{section.1.3}% 8
\BOOKMARK [2][-]{subsection.1.3.2}{\376\377\000W\000h\000y\000\040\000D\000o\000e\000s\000\040\000D\000e\000e\000p\000\040\000L\000e\000a\000r\000n\000i\000n\000g\000\040\000W\000o\000r\000k\000?}{section.1.3}% 9
\BOOKMARK [2][-]{subsection.1.3.3}{\376\377\000W\000h\000e\000n\000\040\000t\000o\000\040\000U\000s\000e\000\040\000W\000h\000i\000c\000h}{section.1.3}% 10
\BOOKMARK [1][-]{section.1.4}{\376\377\000U\000n\000i\000v\000e\000r\000s\000a\000l\000\040\000A\000p\000p\000r\000o\000x\000i\000m\000a\000t\000i\000o\000n\000\040\000T\000h\000e\000o\000r\000e\000m}{chapter.1}% 11
\BOOKMARK [2][-]{subsection.1.4.1}{\376\377\000I\000n\000t\000u\000i\000t\000i\000v\000e\000\040\000S\000t\000a\000t\000e\000m\000e\000n\000t}{section.1.4}% 12
\BOOKMARK [2][-]{subsection.1.4.2}{\376\377\000W\000h\000y\000\040\000D\000o\000e\000s\000\040\000I\000t\000\040\000W\000o\000r\000k\000?\000\040\000P\000r\000o\000o\000f\000\040\000I\000n\000t\000u\000i\000t\000i\000o\000n}{section.1.4}% 13
\BOOKMARK [2][-]{subsection.1.4.3}{\376\377\000I\000m\000p\000l\000i\000c\000a\000t\000i\000o\000n\000s\000\040\000a\000n\000d\000\040\000L\000i\000m\000i\000t\000a\000t\000i\000o\000n\000s}{section.1.4}% 14
\BOOKMARK [2][-]{subsection.1.4.4}{\376\377\000W\000h\000y\000\040\000D\000e\000p\000t\000h\000\040\000M\000a\000t\000t\000e\000r\000s}{section.1.4}% 15
\BOOKMARK [1][-]{section.1.5}{\376\377\000R\000e\000p\000r\000e\000s\000e\000n\000t\000a\000t\000i\000o\000n\000\040\000L\000e\000a\000r\000n\000i\000n\000g}{chapter.1}% 16
\BOOKMARK [2][-]{subsection.1.5.1}{\376\377\000W\000h\000a\000t\000\040\000i\000s\000\040\000a\000\040\000R\000e\000p\000r\000e\000s\000e\000n\000t\000a\000t\000i\000o\000n\000?}{section.1.5}% 17
\BOOKMARK [2][-]{subsection.1.5.2}{\376\377\000W\000h\000a\000t\000\040\000M\000a\000k\000e\000s\000\040\000a\000\040\000G\000o\000o\000d\000\040\000R\000e\000p\000r\000e\000s\000e\000n\000t\000a\000t\000i\000o\000n\000?}{section.1.5}% 18
\BOOKMARK [2][-]{subsection.1.5.3}{\376\377\000T\000h\000e\000\040\000M\000a\000n\000i\000f\000o\000l\000d\000\040\000H\000y\000p\000o\000t\000h\000e\000s\000i\000s}{section.1.5}% 19
\BOOKMARK [1][-]{section.1.6}{\376\377\000M\000o\000d\000e\000r\000n\000\040\000D\000e\000e\000p\000\040\000L\000e\000a\000r\000n\000i\000n\000g\000\040\000A\000r\000c\000h\000i\000t\000e\000c\000t\000u\000r\000e\000s}{chapter.1}% 20
\BOOKMARK [2][-]{subsection.1.6.1}{\376\377\000M\000u\000l\000t\000i\000-\000L\000a\000y\000e\000r\000\040\000P\000e\000r\000c\000e\000p\000t\000r\000o\000n\000s\000\040\000\050\000M\000L\000P\000s\000\051}{section.1.6}% 21
\BOOKMARK [2][-]{subsection.1.6.2}{\376\377\000C\000o\000n\000v\000o\000l\000u\000t\000i\000o\000n\000a\000l\000\040\000N\000e\000u\000r\000a\000l\000\040\000N\000e\000t\000w\000o\000r\000k\000s\000\040\000\050\000C\000N\000N\000s\000\051}{section.1.6}% 22
\BOOKMARK [2][-]{subsection.1.6.3}{\376\377\000R\000e\000c\000u\000r\000r\000e\000n\000t\000\040\000N\000e\000u\000r\000a\000l\000\040\000N\000e\000t\000w\000o\000r\000k\000s\000\040\000\050\000R\000N\000N\000s\000\051}{section.1.6}% 23
\BOOKMARK [2][-]{subsection.1.6.4}{\376\377\000T\000r\000a\000n\000s\000f\000o\000r\000m\000e\000r\000s}{section.1.6}% 24
\BOOKMARK [2][-]{subsection.1.6.5}{\376\377\000G\000r\000a\000p\000h\000\040\000N\000e\000u\000r\000a\000l\000\040\000N\000e\000t\000w\000o\000r\000k\000s\000\040\000\050\000G\000N\000N\000s\000\051}{section.1.6}% 25
\BOOKMARK [1][-]{section.1.7}{\376\377\000D\000e\000e\000p\000\040\000L\000e\000a\000r\000n\000i\000n\000g\000\040\000i\000n\000\040\000P\000o\000l\000i\000c\000y\000\040\000C\000o\000n\000t\000e\000x\000t}{chapter.1}% 26
\BOOKMARK [2][-]{subsection.1.7.1}{\376\377\000E\000t\000h\000i\000c\000a\000l\000\040\000C\000o\000n\000s\000i\000d\000e\000r\000a\000t\000i\000o\000n\000s}{section.1.7}% 27
\BOOKMARK [2][-]{subsection.1.7.2}{\376\377\000T\000r\000a\000n\000s\000p\000a\000r\000e\000n\000c\000y\000\040\000a\000n\000d\000\040\000E\000x\000p\000l\000a\000i\000n\000a\000b\000i\000l\000i\000t\000y}{section.1.7}% 28
\BOOKMARK [2][-]{subsection.1.7.3}{\376\377\000S\000a\000f\000e\000t\000y\000\040\000a\000n\000d\000\040\000R\000o\000b\000u\000s\000t\000n\000e\000s\000s}{section.1.7}% 29
\BOOKMARK [2][-]{subsection.1.7.4}{\376\377\000E\000n\000v\000i\000r\000o\000n\000m\000e\000n\000t\000a\000l\000\040\000I\000m\000p\000a\000c\000t}{section.1.7}% 30
\BOOKMARK [1][-]{section.1.8}{\376\377\000S\000u\000m\000m\000a\000r\000y\000\040\000a\000n\000d\000\040\000L\000o\000o\000k\000i\000n\000g\000\040\000A\000h\000e\000a\000d}{chapter.1}% 31
\BOOKMARK [0][-]{chapter.2}{\376\377\000W\000e\000e\000k\000\040\0002\000:\000\040\000D\000e\000e\000p\000\040\000N\000e\000u\000r\000a\000l\000\040\000N\000e\000t\000w\000o\000r\000k\000s\000\040\000I}{}% 32
\BOOKMARK [1][-]{section.2.1}{\376\377\000N\000e\000u\000r\000a\000l\000\040\000N\000e\000t\000w\000o\000r\000k\000\040\000F\000u\000n\000d\000a\000m\000e\000n\000t\000a\000l\000s}{chapter.2}% 33
\BOOKMARK [2][-]{subsection.2.1.1}{\376\377\000N\000o\000t\000a\000t\000i\000o\000n\000\040\000a\000n\000d\000\040\000C\000o\000n\000v\000e\000n\000t\000i\000o\000n\000s}{section.2.1}% 34
\BOOKMARK [2][-]{subsection.2.1.2}{\376\377\000T\000h\000e\000\040\000A\000r\000t\000i\000f\000i\000c\000i\000a\000l\000\040\000N\000e\000u\000r\000o\000n}{section.2.1}% 35
\BOOKMARK [2][-]{subsection.2.1.3}{\376\377\000L\000a\000y\000e\000r\000s\000\040\000o\000f\000\040\000N\000e\000u\000r\000o\000n\000s}{section.2.1}% 36
\BOOKMARK [2][-]{subsection.2.1.4}{\376\377\000M\000a\000t\000r\000i\000x\000\040\000M\000u\000l\000t\000i\000p\000l\000i\000c\000a\000t\000i\000o\000n\000:\000\040\000H\000o\000w\000\040\000F\000o\000r\000w\000a\000r\000d\000\040\000P\000r\000o\000p\000a\000g\000a\000t\000i\000o\000n\000\040\000W\000o\000r\000k\000s}{section.2.1}% 37
\BOOKMARK [1][-]{section.2.2}{\376\377\000S\000i\000n\000g\000l\000e\000-\000L\000a\000y\000e\000r\000\040\000N\000e\000u\000r\000a\000l\000\040\000N\000e\000t\000w\000o\000r\000k\000s}{chapter.2}% 38
\BOOKMARK [2][-]{subsection.2.2.1}{\376\377\000A\000r\000c\000h\000i\000t\000e\000c\000t\000u\000r\000e}{section.2.2}% 39
\BOOKMARK [2][-]{subsection.2.2.2}{\376\377\000M\000a\000t\000r\000i\000x\000\040\000F\000o\000r\000m\000u\000l\000a\000t\000i\000o\000n}{section.2.2}% 40
\BOOKMARK [2][-]{subsection.2.2.3}{\376\377\000O\000u\000t\000p\000u\000t\000\040\000L\000a\000y\000e\000r\000\040\000f\000o\000r\000\040\000D\000i\000f\000f\000e\000r\000e\000n\000t\000\040\000T\000a\000s\000k\000s}{section.2.2}% 41
\BOOKMARK [1][-]{section.2.3}{\376\377\000A\000c\000t\000i\000v\000a\000t\000i\000o\000n\000\040\000F\000u\000n\000c\000t\000i\000o\000n\000s}{chapter.2}% 42
\BOOKMARK [2][-]{subsection.2.3.1}{\376\377\000W\000h\000y\000\040\000N\000o\000n\000l\000i\000n\000e\000a\000r\000i\000t\000y\000\040\000i\000s\000\040\000E\000s\000s\000e\000n\000t\000i\000a\000l}{section.2.3}% 43
\BOOKMARK [2][-]{subsection.2.3.2}{\376\377\000P\000u\000r\000p\000o\000s\000e\000\040\000o\000f\000\040\000A\000c\000t\000i\000v\000a\000t\000i\000o\000n\000\040\000F\000u\000n\000c\000t\000i\000o\000n\000s}{section.2.3}% 44
\BOOKMARK [2][-]{subsection.2.3.3}{\376\377\000C\000o\000m\000m\000o\000n\000\040\000A\000c\000t\000i\000v\000a\000t\000i\000o\000n\000\040\000F\000u\000n\000c\000t\000i\000o\000n\000s}{section.2.3}% 45
\BOOKMARK [2][-]{subsection.2.3.4}{\376\377\000G\000r\000a\000d\000i\000e\000n\000t\000\040\000A\000n\000a\000l\000y\000s\000i\000s\000\040\000a\000n\000d\000\040\000S\000a\000t\000u\000r\000a\000t\000i\000o\000n}{section.2.3}% 46
\BOOKMARK [2][-]{subsection.2.3.5}{\376\377\000W\000h\000y\000\040\000R\000e\000L\000U\000\040\000D\000o\000m\000i\000n\000a\000t\000e\000s}{section.2.3}% 47
\BOOKMARK [2][-]{subsection.2.3.6}{\376\377\000T\000h\000e\000\040\000D\000y\000i\000n\000g\000\040\000R\000e\000L\000U\000\040\000P\000r\000o\000b\000l\000e\000m\000\040\000a\000n\000d\000\040\000S\000o\000l\000u\000t\000i\000o\000n\000s}{section.2.3}% 48
\BOOKMARK [1][-]{section.2.4}{\376\377\000O\000u\000t\000p\000u\000t\000\040\000L\000a\000y\000e\000r\000s\000\040\000a\000n\000d\000\040\000L\000o\000s\000s\000\040\000F\000u\000n\000c\000t\000i\000o\000n\000s}{chapter.2}% 49
\BOOKMARK [2][-]{subsection.2.4.1}{\376\377\000O\000u\000t\000p\000u\000t\000\040\000A\000c\000t\000i\000v\000a\000t\000i\000o\000n\000s\000\040\000b\000y\000\040\000T\000a\000s\000k}{section.2.4}% 50
\BOOKMARK [2][-]{subsection.2.4.2}{\376\377\000S\000o\000f\000t\000m\000a\000x\000\040\000F\000u\000n\000c\000t\000i\000o\000n}{section.2.4}% 51
\BOOKMARK [2][-]{subsection.2.4.3}{\376\377\000L\000o\000s\000s\000\040\000F\000u\000n\000c\000t\000i\000o\000n\000s\000\040\000f\000r\000o\000m\000\040\000M\000a\000x\000i\000m\000u\000m\000\040\000L\000i\000k\000e\000l\000i\000h\000o\000o\000d}{section.2.4}% 52
\BOOKMARK [2][-]{subsection.2.4.4}{\376\377\000L\000o\000s\000s\000\040\000F\000u\000n\000c\000t\000i\000o\000n\000s\000\040\000f\000o\000r\000\040\000R\000e\000g\000r\000e\000s\000s\000i\000o\000n}{section.2.4}% 53
\BOOKMARK [2][-]{subsection.2.4.5}{\376\377\000L\000o\000s\000s\000\040\000F\000u\000n\000c\000t\000i\000o\000n\000s\000\040\000f\000o\000r\000\040\000C\000l\000a\000s\000s\000i\000f\000i\000c\000a\000t\000i\000o\000n}{section.2.4}% 54
\BOOKMARK [1][-]{section.2.5}{\376\377\000C\000a\000p\000a\000c\000i\000t\000y\000\040\000a\000n\000d\000\040\000E\000x\000p\000r\000e\000s\000s\000i\000v\000e\000n\000e\000s\000s}{chapter.2}% 55
\BOOKMARK [2][-]{subsection.2.5.1}{\376\377\000L\000i\000n\000e\000a\000r\000\040\000S\000e\000p\000a\000r\000a\000b\000i\000l\000i\000t\000y}{section.2.5}% 56
\BOOKMARK [2][-]{subsection.2.5.2}{\376\377\000H\000o\000w\000\040\000H\000i\000d\000d\000e\000n\000\040\000L\000a\000y\000e\000r\000s\000\040\000C\000r\000e\000a\000t\000e\000\040\000N\000o\000n\000l\000i\000n\000e\000a\000r\000\040\000B\000o\000u\000n\000d\000a\000r\000i\000e\000s}{section.2.5}% 57
\BOOKMARK [2][-]{subsection.2.5.3}{\376\377\000U\000n\000i\000v\000e\000r\000s\000a\000l\000\040\000A\000p\000p\000r\000o\000x\000i\000m\000a\000t\000i\000o\000n\000\040\000T\000h\000e\000o\000r\000e\000m}{section.2.5}% 58
\BOOKMARK [1][-]{section.2.6}{\376\377\000G\000r\000a\000d\000i\000e\000n\000t\000\040\000D\000e\000s\000c\000e\000n\000t}{chapter.2}% 59
\BOOKMARK [2][-]{subsection.2.6.1}{\376\377\000W\000h\000y\000\040\000G\000r\000a\000d\000i\000e\000n\000t\000\040\000D\000e\000s\000c\000e\000n\000t\000?}{section.2.6}% 60
\BOOKMARK [2][-]{subsection.2.6.2}{\376\377\000G\000r\000a\000d\000i\000e\000n\000t\000\040\000D\000e\000s\000c\000e\000n\000t\000\040\000A\000l\000g\000o\000r\000i\000t\000h\000m}{section.2.6}% 61
\BOOKMARK [2][-]{subsection.2.6.3}{\376\377\000L\000e\000a\000r\000n\000i\000n\000g\000\040\000R\000a\000t\000e}{section.2.6}% 62
\BOOKMARK [2][-]{subsection.2.6.4}{\376\377\000C\000o\000n\000v\000e\000r\000g\000e\000n\000c\000e\000\040\000A\000n\000a\000l\000y\000s\000i\000s}{section.2.6}% 63
\BOOKMARK [2][-]{subsection.2.6.5}{\376\377\000S\000t\000o\000p\000p\000i\000n\000g\000\040\000C\000r\000i\000t\000e\000r\000i\000a}{section.2.6}% 64
\BOOKMARK [1][-]{section.2.7}{\376\377\000B\000a\000c\000k\000p\000r\000o\000p\000a\000g\000a\000t\000i\000o\000n}{chapter.2}% 65
\BOOKMARK [2][-]{subsection.2.7.1}{\376\377\000T\000h\000e\000\040\000T\000r\000a\000i\000n\000i\000n\000g\000\040\000L\000o\000o\000p}{section.2.7}% 66
\BOOKMARK [2][-]{subsection.2.7.2}{\376\377\000C\000o\000m\000p\000u\000t\000a\000t\000i\000o\000n\000a\000l\000\040\000G\000r\000a\000p\000h\000s}{section.2.7}% 67
\BOOKMARK [2][-]{subsection.2.7.3}{\376\377\000T\000h\000e\000\040\000C\000h\000a\000i\000n\000\040\000R\000u\000l\000e}{section.2.7}% 68
\BOOKMARK [2][-]{subsection.2.7.4}{\376\377\000B\000a\000c\000k\000p\000r\000o\000p\000a\000g\000a\000t\000i\000o\000n\000\040\000i\000n\000\040\000M\000a\000t\000r\000i\000x\000\040\000F\000o\000r\000m}{section.2.7}% 69
\BOOKMARK [2][-]{subsection.2.7.5}{\376\377\000C\000o\000m\000p\000u\000t\000i\000n\000g\000\040\000t\000h\000e\000\040\000G\000r\000a\000d\000i\000e\000n\000t\000:\000\040\000S\000c\000a\000l\000a\000r\000\040\000F\000o\000r\000m}{section.2.7}% 70
\BOOKMARK [2][-]{subsection.2.7.6}{\376\377\000W\000o\000r\000k\000e\000d\000\040\000E\000x\000a\000m\000p\000l\000e\000:\000\040\000B\000a\000c\000k\000p\000r\000o\000p\000a\000g\000a\000t\000i\000o\000n}{section.2.7}% 71
\BOOKMARK [2][-]{subsection.2.7.7}{\376\377\000G\000r\000a\000d\000i\000e\000n\000t\000\040\000F\000o\000r\000m\000u\000l\000a\000s\000\040\000f\000o\000r\000\040\000C\000o\000m\000m\000o\000n\000\040\000C\000a\000s\000e\000s}{section.2.7}% 72
\BOOKMARK [1][-]{section.2.8}{\376\377\000P\000a\000r\000a\000m\000e\000t\000e\000r\000s\000\040\000v\000s\000\040\000H\000y\000p\000e\000r\000p\000a\000r\000a\000m\000e\000t\000e\000r\000s}{chapter.2}% 73
\BOOKMARK [1][-]{section.2.9}{\376\377\000T\000h\000e\000\040\000B\000i\000g\000g\000e\000r\000\040\000P\000i\000c\000t\000u\000r\000e}{chapter.2}% 74
\BOOKMARK [0][-]{chapter.3}{\376\377\000W\000e\000e\000k\000\040\0003\000:\000\040\000D\000e\000e\000p\000\040\000N\000e\000u\000r\000a\000l\000\040\000N\000e\000t\000w\000o\000r\000k\000s\000\040\000I\000I}{}% 75
\BOOKMARK [1][-]{section.3.1}{\376\377\000B\000a\000c\000k\000p\000r\000o\000p\000a\000g\000a\000t\000i\000o\000n\000\040\000\050\000C\000o\000n\000t\000i\000n\000u\000e\000d\000\051}{chapter.3}% 76
\BOOKMARK [2][-]{subsection.3.1.1}{\376\377\000R\000e\000m\000i\000n\000d\000e\000r\000:\000\040\000S\000i\000n\000g\000l\000e\000-\000L\000a\000y\000e\000r\000\040\000N\000e\000t\000w\000o\000r\000k}{section.3.1}% 77
\BOOKMARK [2][-]{subsection.3.1.2}{\376\377\000G\000r\000a\000d\000i\000e\000n\000t\000\040\000v\000i\000a\000\040\000C\000h\000a\000i\000n\000\040\000R\000u\000l\000e}{section.3.1}% 78
\BOOKMARK [2][-]{subsection.3.1.3}{\376\377\000G\000r\000a\000d\000i\000e\000n\000t\000\040\000U\000p\000d\000a\000t\000e}{section.3.1}% 79
\BOOKMARK [1][-]{section.3.2}{\376\377\000M\000u\000l\000t\000i\000v\000a\000r\000i\000a\000t\000e\000\040\000C\000h\000a\000i\000n\000\040\000R\000u\000l\000e}{chapter.3}% 80
\BOOKMARK [2][-]{subsection.3.2.1}{\376\377\000W\000h\000y\000\040\000M\000u\000l\000t\000i\000p\000l\000e\000\040\000P\000a\000t\000h\000s\000\040\000M\000a\000t\000t\000e\000r}{section.3.2}% 81
\BOOKMARK [2][-]{subsection.3.2.2}{\376\377\000T\000h\000e\000\040\000F\000o\000r\000m\000a\000l\000\040\000R\000u\000l\000e}{section.3.2}% 82
\BOOKMARK [2][-]{subsection.3.2.3}{\376\377\000W\000o\000r\000k\000e\000d\000\040\000E\000x\000a\000m\000p\000l\000e}{section.3.2}% 83
\BOOKMARK [2][-]{subsection.3.2.4}{\376\377\000C\000o\000n\000n\000e\000c\000t\000i\000o\000n\000\040\000t\000o\000\040\000N\000e\000u\000r\000a\000l\000\040\000N\000e\000t\000w\000o\000r\000k\000s}{section.3.2}% 84
\BOOKMARK [1][-]{section.3.3}{\376\377\000M\000u\000l\000t\000i\000p\000l\000e\000\040\000O\000u\000t\000p\000u\000t\000\040\000N\000o\000d\000e\000s}{chapter.3}% 85
\BOOKMARK [2][-]{subsection.3.3.1}{\376\377\000N\000e\000t\000w\000o\000r\000k\000\040\000A\000r\000c\000h\000i\000t\000e\000c\000t\000u\000r\000e\000\040\000w\000i\000t\000h\000\040\000M\000u\000l\000t\000i\000p\000l\000e\000\040\000O\000u\000t\000p\000u\000t\000s}{section.3.3}% 86
\BOOKMARK [2][-]{subsection.3.3.2}{\376\377\000C\000r\000o\000s\000s\000-\000E\000n\000t\000r\000o\000p\000y\000\040\000L\000o\000s\000s}{section.3.3}% 87
\BOOKMARK [2][-]{subsection.3.3.3}{\376\377\000G\000r\000a\000d\000i\000e\000n\000t\000\040\000f\000o\000r\000\040\000M\000u\000l\000t\000i\000-\000C\000l\000a\000s\000s\000\040\000C\000l\000a\000s\000s\000i\000f\000i\000c\000a\000t\000i\000o\000n}{section.3.3}% 88
\BOOKMARK [2][-]{subsection.3.3.4}{\376\377\000S\000o\000f\000t\000m\000a\000x\000\040\000+\000\040\000C\000r\000o\000s\000s\000-\000E\000n\000t\000r\000o\000p\000y\000\040\000S\000i\000m\000p\000l\000i\000f\000i\000c\000a\000t\000i\000o\000n}{section.3.3}% 89
\BOOKMARK [1][-]{section.3.4}{\376\377\000D\000e\000e\000p\000e\000r\000\040\000N\000e\000t\000w\000o\000r\000k\000s\000:\000\040\000M\000u\000l\000t\000i\000l\000a\000y\000e\000r\000\040\000P\000e\000r\000c\000e\000p\000t\000r\000o\000n\000s}{chapter.3}% 90
\BOOKMARK [2][-]{subsection.3.4.1}{\376\377\000W\000h\000y\000\040\000G\000o\000\040\000D\000e\000e\000p\000e\000r\000?}{section.3.4}% 91
\BOOKMARK [2][-]{subsection.3.4.2}{\376\377\000T\000w\000o\000-\000H\000i\000d\000d\000e\000n\000-\000L\000a\000y\000e\000r\000\040\000N\000e\000t\000w\000o\000r\000k}{section.3.4}% 92
\BOOKMARK [2][-]{subsection.3.4.3}{\376\377\000G\000e\000n\000e\000r\000i\000c\000\040\000G\000r\000a\000d\000i\000e\000n\000t\000\040\000F\000o\000r\000m}{section.3.4}% 93
\BOOKMARK [2][-]{subsection.3.4.4}{\376\377\000F\000u\000l\000l\000\040\000E\000x\000p\000a\000n\000s\000i\000o\000n\000\040\000f\000o\000r\000\040\000T\000w\000o\000\040\000H\000i\000d\000d\000e\000n\000\040\000L\000a\000y\000e\000r\000s}{section.3.4}% 94
\BOOKMARK [1][-]{section.3.5}{\376\377\000V\000e\000c\000t\000o\000r\000i\000s\000a\000t\000i\000o\000n}{chapter.3}% 95
\BOOKMARK [2][-]{subsection.3.5.1}{\376\377\000W\000h\000y\000\040\000V\000e\000c\000t\000o\000r\000i\000s\000a\000t\000i\000o\000n\000\040\000M\000a\000t\000t\000e\000r\000s}{section.3.5}% 96
\BOOKMARK [2][-]{subsection.3.5.2}{\376\377\000V\000e\000c\000t\000o\000r\000i\000s\000e\000d\000\040\000N\000e\000u\000r\000a\000l\000\040\000N\000e\000t\000w\000o\000r\000k}{section.3.5}% 97
\BOOKMARK [2][-]{subsection.3.5.3}{\376\377\000C\000o\000m\000p\000a\000c\000t\000\040\000R\000e\000p\000r\000e\000s\000e\000n\000t\000a\000t\000i\000o\000n\000\040\000\050\000A\000b\000s\000o\000r\000b\000i\000n\000g\000\040\000B\000i\000a\000s\000e\000s\000\051}{section.3.5}% 98
\BOOKMARK [2][-]{subsection.3.5.4}{\376\377\000G\000e\000n\000e\000r\000a\000l\000\040\000L\000-\000L\000a\000y\000e\000r\000\040\000N\000e\000t\000w\000o\000r\000k}{section.3.5}% 99
\BOOKMARK [1][-]{section.3.6}{\376\377\000V\000e\000c\000t\000o\000r\000i\000s\000e\000d\000\040\000B\000a\000c\000k\000p\000r\000o\000p\000a\000g\000a\000t\000i\000o\000n}{chapter.3}% 100
\BOOKMARK [2][-]{subsection.3.6.1}{\376\377\000T\000h\000e\000\040\000E\000r\000r\000o\000r\000\040\000S\000i\000g\000n\000a\000l\000\040\000C\000o\000n\000c\000e\000p\000t}{section.3.6}% 101
\BOOKMARK [2][-]{subsection.3.6.2}{\376\377\000O\000u\000t\000p\000u\000t\000\040\000L\000a\000y\000e\000r}{section.3.6}% 102
\BOOKMARK [2][-]{subsection.3.6.3}{\376\377\000H\000i\000d\000d\000e\000n\000\040\000L\000a\000y\000e\000r\000s\000\040\000\050\000R\000e\000c\000u\000r\000s\000i\000v\000e\000\051}{section.3.6}% 103
\BOOKMARK [2][-]{subsection.3.6.4}{\376\377\000G\000r\000a\000d\000i\000e\000n\000t\000\040\000D\000i\000m\000e\000n\000s\000i\000o\000n\000s}{section.3.6}% 104
\BOOKMARK [1][-]{section.3.7}{\376\377\000M\000i\000n\000i\000-\000B\000a\000t\000c\000h\000\040\000G\000r\000a\000d\000i\000e\000n\000t\000\040\000D\000e\000s\000c\000e\000n\000t}{chapter.3}% 105
\BOOKMARK [2][-]{subsection.3.7.1}{\376\377\000S\000t\000o\000c\000h\000a\000s\000t\000i\000c\000\040\000G\000r\000a\000d\000i\000e\000n\000t\000\040\000D\000e\000s\000c\000e\000n\000t\000\040\000\050\000S\000G\000D\000\051}{section.3.7}% 106
\BOOKMARK [2][-]{subsection.3.7.2}{\376\377\000B\000a\000t\000c\000h\000\040\000G\000r\000a\000d\000i\000e\000n\000t\000\040\000D\000e\000s\000c\000e\000n\000t}{section.3.7}% 107
\BOOKMARK [2][-]{subsection.3.7.3}{\376\377\000M\000i\000n\000i\000-\000B\000a\000t\000c\000h\000\040\000G\000r\000a\000d\000i\000e\000n\000t\000\040\000D\000e\000s\000c\000e\000n\000t}{section.3.7}% 108
\BOOKMARK [1][-]{section.3.8}{\376\377\000T\000r\000a\000i\000n\000i\000n\000g\000\040\000P\000r\000o\000c\000e\000s\000s}{chapter.3}% 109
\BOOKMARK [2][-]{subsection.3.8.1}{\376\377\000G\000e\000n\000e\000r\000a\000l\000i\000s\000a\000t\000i\000o\000n}{section.3.8}% 110
\BOOKMARK [2][-]{subsection.3.8.2}{\376\377\000D\000a\000t\000a\000\040\000S\000p\000l\000i\000t\000s}{section.3.8}% 111
\BOOKMARK [2][-]{subsection.3.8.3}{\376\377\000E\000a\000r\000l\000y\000\040\000S\000t\000o\000p\000p\000i\000n\000g}{section.3.8}% 112
\BOOKMARK [1][-]{section.3.9}{\376\377\000P\000e\000r\000f\000o\000r\000m\000a\000n\000c\000e\000\040\000M\000e\000t\000r\000i\000c\000s}{chapter.3}% 113
\BOOKMARK [2][-]{subsection.3.9.1}{\376\377\000B\000i\000n\000a\000r\000y\000\040\000C\000l\000a\000s\000s\000i\000f\000i\000c\000a\000t\000i\000o\000n\000\040\000M\000e\000t\000r\000i\000c\000s}{section.3.9}% 114
\BOOKMARK [2][-]{subsection.3.9.2}{\376\377\000R\000O\000C\000\040\000a\000n\000d\000\040\000A\000U\000C}{section.3.9}% 115
\BOOKMARK [2][-]{subsection.3.9.3}{\376\377\000M\000u\000l\000t\000i\000-\000C\000l\000a\000s\000s\000\040\000M\000e\000t\000r\000i\000c\000s}{section.3.9}% 116
\BOOKMARK [1][-]{section.3.10}{\376\377\000T\000r\000a\000i\000n\000i\000n\000g\000\040\000T\000i\000p\000s}{chapter.3}% 117
\BOOKMARK [2][-]{subsection.3.10.1}{\376\377\000U\000n\000d\000e\000r\000f\000i\000t\000t\000i\000n\000g}{section.3.10}% 118
\BOOKMARK [2][-]{subsection.3.10.2}{\376\377\000O\000v\000e\000r\000f\000i\000t\000t\000i\000n\000g}{section.3.10}% 119
\BOOKMARK [2][-]{subsection.3.10.3}{\376\377\000V\000i\000s\000u\000a\000l\000i\000s\000i\000n\000g\000\040\000F\000e\000a\000t\000u\000r\000e\000s}{section.3.10}% 120
\BOOKMARK [2][-]{subsection.3.10.4}{\376\377\000C\000o\000m\000m\000o\000n\000\040\000I\000s\000s\000u\000e\000s}{section.3.10}% 121
\BOOKMARK [2][-]{subsection.3.10.5}{\376\377\000D\000e\000b\000u\000g\000g\000i\000n\000g\000\040\000N\000e\000u\000r\000a\000l\000\040\000N\000e\000t\000w\000o\000r\000k\000s}{section.3.10}% 122
\BOOKMARK [1][-]{section.3.11}{\376\377\000V\000a\000n\000i\000s\000h\000i\000n\000g\000\040\000G\000r\000a\000d\000i\000e\000n\000t\000\040\000P\000r\000o\000b\000l\000e\000m}{chapter.3}% 123
\BOOKMARK [2][-]{subsection.3.11.1}{\376\377\000T\000h\000e\000\040\000C\000o\000r\000e\000\040\000P\000r\000o\000b\000l\000e\000m\000:\000\040\000M\000u\000l\000t\000i\000p\000l\000y\000i\000n\000g\000\040\000S\000m\000a\000l\000l\000\040\000N\000u\000m\000b\000e\000r\000s}{section.3.11}% 124
\BOOKMARK [2][-]{subsection.3.11.2}{\376\377\000S\000a\000t\000u\000r\000a\000t\000i\000o\000n\000\040\000o\000f\000\040\000S\000i\000g\000m\000o\000i\000d}{section.3.11}% 125
\BOOKMARK [2][-]{subsection.3.11.3}{\376\377\000S\000o\000l\000u\000t\000i\000o\000n\000\040\0001\000:\000\040\000R\000e\000L\000U\000\040\000A\000c\000t\000i\000v\000a\000t\000i\000o\000n}{section.3.11}% 126
\BOOKMARK [2][-]{subsection.3.11.4}{\376\377\000S\000o\000l\000u\000t\000i\000o\000n\000\040\0002\000:\000\040\000B\000a\000t\000c\000h\000\040\000N\000o\000r\000m\000a\000l\000i\000s\000a\000t\000i\000o\000n}{section.3.11}% 127
\BOOKMARK [2][-]{subsection.3.11.5}{\376\377\000S\000o\000l\000u\000t\000i\000o\000n\000\040\0003\000:\000\040\000R\000e\000s\000i\000d\000u\000a\000l\000\040\000N\000e\000t\000w\000o\000r\000k\000s\000\040\000\050\000S\000k\000i\000p\000\040\000C\000o\000n\000n\000e\000c\000t\000i\000o\000n\000s\000\051}{section.3.11}% 128
\BOOKMARK [1][-]{section.3.12}{\376\377\000R\000e\000g\000u\000l\000a\000r\000i\000s\000a\000t\000i\000o\000n\000\040\000T\000e\000c\000h\000n\000i\000q\000u\000e\000s}{chapter.3}% 129
\BOOKMARK [2][-]{subsection.3.12.1}{\376\377\000W\000e\000i\000g\000h\000t\000\040\000D\000e\000c\000a\000y\000\040\000\050\000L\0002\000\040\000R\000e\000g\000u\000l\000a\000r\000i\000s\000a\000t\000i\000o\000n\000\051}{section.3.12}% 130
\BOOKMARK [2][-]{subsection.3.12.2}{\376\377\000L\0001\000\040\000R\000e\000g\000u\000l\000a\000r\000i\000s\000a\000t\000i\000o\000n\000\040\000\050\000L\000a\000s\000s\000o\000\051}{section.3.12}% 131
\BOOKMARK [2][-]{subsection.3.12.3}{\376\377\000D\000r\000o\000p\000o\000u\000t}{section.3.12}% 132
\BOOKMARK [2][-]{subsection.3.12.4}{\376\377\000D\000a\000t\000a\000\040\000A\000u\000g\000m\000e\000n\000t\000a\000t\000i\000o\000n}{section.3.12}% 133
\BOOKMARK [2][-]{subsection.3.12.5}{\376\377\000R\000e\000g\000u\000l\000a\000r\000i\000s\000a\000t\000i\000o\000n\000\040\000S\000u\000m\000m\000a\000r\000y}{section.3.12}% 134
\BOOKMARK [1][-]{section.3.13}{\376\377\000O\000p\000t\000i\000m\000i\000s\000a\000t\000i\000o\000n\000\040\000L\000a\000n\000d\000s\000c\000a\000p\000e}{chapter.3}% 135
\BOOKMARK [2][-]{subsection.3.13.1}{\376\377\000N\000o\000n\000-\000C\000o\000n\000v\000e\000x\000i\000t\000y\000\040\000a\000n\000d\000\040\000C\000r\000i\000t\000i\000c\000a\000l\000\040\000P\000o\000i\000n\000t\000s}{section.3.13}% 136
\BOOKMARK [2][-]{subsection.3.13.2}{\376\377\000T\000h\000e\000\040\000L\000o\000s\000s\000\040\000S\000u\000r\000f\000a\000c\000e\000\040\000G\000e\000o\000m\000e\000t\000r\000y}{section.3.13}% 137
\BOOKMARK [2][-]{subsection.3.13.3}{\376\377\000T\000h\000e\000\040\000R\000o\000l\000e\000\040\000o\000f\000\040\000I\000n\000i\000t\000i\000a\000l\000i\000s\000a\000t\000i\000o\000n}{section.3.13}% 138
\BOOKMARK [1][-]{section.3.14}{\376\377\000O\000p\000t\000i\000m\000i\000s\000e\000r\000\040\000V\000a\000r\000i\000a\000n\000t\000s}{chapter.3}% 139
\BOOKMARK [2][-]{subsection.3.14.1}{\376\377\000M\000o\000m\000e\000n\000t\000u\000m}{section.3.14}% 140
\BOOKMARK [2][-]{subsection.3.14.2}{\376\377\000A\000d\000a\000p\000t\000i\000v\000e\000\040\000L\000e\000a\000r\000n\000i\000n\000g\000\040\000R\000a\000t\000e\000\040\000M\000e\000t\000h\000o\000d\000s}{section.3.14}% 141
\BOOKMARK [2][-]{subsection.3.14.3}{\376\377\000A\000d\000a\000m\000:\000\040\000A\000d\000a\000p\000t\000i\000v\000e\000\040\000M\000o\000m\000e\000n\000t\000\040\000E\000s\000t\000i\000m\000a\000t\000i\000o\000n}{section.3.14}% 142
\BOOKMARK [2][-]{subsection.3.14.4}{\376\377\000L\000e\000a\000r\000n\000i\000n\000g\000\040\000R\000a\000t\000e\000\040\000S\000c\000h\000e\000d\000u\000l\000i\000n\000g}{section.3.14}% 143
\BOOKMARK [0][-]{chapter.4}{\376\377\000W\000e\000e\000k\000\040\0004\000:\000\040\000C\000o\000n\000v\000o\000l\000u\000t\000i\000o\000n\000a\000l\000\040\000N\000e\000u\000r\000a\000l\000\040\000N\000e\000t\000w\000o\000r\000k\000s\000\040\000I}{}% 144
\BOOKMARK [1][-]{section.4.1}{\376\377\000C\000o\000m\000p\000u\000t\000e\000r\000\040\000V\000i\000s\000i\000o\000n\000\040\000T\000a\000s\000k\000s}{chapter.4}% 145
\BOOKMARK [2][-]{subsection.4.1.1}{\376\377\000H\000u\000m\000a\000n\000\040\000v\000s\000\040\000C\000o\000m\000p\000u\000t\000e\000r\000\040\000P\000e\000r\000c\000e\000p\000t\000i\000o\000n}{section.4.1}% 146
\BOOKMARK [1][-]{section.4.2}{\376\377\000W\000h\000y\000\040\000C\000o\000n\000v\000o\000l\000u\000t\000i\000o\000n\000a\000l\000\040\000L\000a\000y\000e\000r\000s\000?}{chapter.4}% 147
\BOOKMARK [2][-]{subsection.4.2.1}{\376\377\000C\000h\000a\000l\000l\000e\000n\000g\000e\000\040\0001\000:\000\040\000S\000p\000a\000t\000i\000a\000l\000\040\000S\000t\000r\000u\000c\000t\000u\000r\000e}{section.4.2}% 148
\BOOKMARK [2][-]{subsection.4.2.2}{\376\377\000C\000h\000a\000l\000l\000e\000n\000g\000e\000\040\0002\000:\000\040\000P\000a\000r\000a\000m\000e\000t\000e\000r\000\040\000E\000x\000p\000l\000o\000s\000i\000o\000n}{section.4.2}% 149
\BOOKMARK [2][-]{subsection.4.2.3}{\376\377\000C\000h\000a\000l\000l\000e\000n\000g\000e\000\040\0003\000:\000\040\000T\000r\000a\000n\000s\000l\000a\000t\000i\000o\000n\000\040\000I\000n\000v\000a\000r\000i\000a\000n\000c\000e}{section.4.2}% 150
\BOOKMARK [1][-]{section.4.3}{\376\377\000P\000r\000o\000p\000e\000r\000t\000i\000e\000s\000\040\000o\000f\000\040\000C\000N\000N\000s}{chapter.4}% 151
\BOOKMARK [2][-]{subsection.4.3.1}{\376\377\000I\000n\000t\000u\000i\000t\000i\000v\000e\000\040\000S\000u\000m\000m\000a\000r\000y\000:\000\040\000W\000h\000a\000t\000\040\000C\000o\000n\000v\000o\000l\000u\000t\000i\000o\000n\000\040\000D\000o\000e\000s}{section.4.3}% 152
\BOOKMARK [2][-]{subsection.4.3.2}{\376\377\000V\000e\000r\000s\000a\000t\000i\000l\000i\000t\000y\000\040\000B\000e\000y\000o\000n\000d\000\040\000I\000m\000a\000g\000e\000s}{section.4.3}% 153
\BOOKMARK [1][-]{section.4.4}{\376\377\000T\000h\000e\000\040\000C\000o\000n\000v\000o\000l\000u\000t\000i\000o\000n\000\040\000O\000p\000e\000r\000a\000t\000i\000o\000n}{chapter.4}% 154
\BOOKMARK [2][-]{subsection.4.4.1}{\376\377\000I\000n\000t\000u\000i\000t\000i\000o\000n\000:\000\040\000T\000e\000m\000p\000l\000a\000t\000e\000\040\000M\000a\000t\000c\000h\000i\000n\000g}{section.4.4}% 155
\BOOKMARK [2][-]{subsection.4.4.2}{\376\377\000C\000o\000n\000t\000i\000n\000u\000o\000u\000s\000\040\000C\000o\000n\000v\000o\000l\000u\000t\000i\000o\000n\000\040\000\050\000M\000a\000t\000h\000e\000m\000a\000t\000i\000c\000a\000l\000\040\000B\000a\000c\000k\000g\000r\000o\000u\000n\000d\000\051}{section.4.4}% 156
\BOOKMARK [2][-]{subsection.4.4.3}{\376\377\000D\000i\000s\000c\000r\000e\000t\000e\000\040\0002\000D\000\040\000C\000o\000n\000v\000o\000l\000u\000t\000i\000o\000n}{section.4.4}% 157
\BOOKMARK [2][-]{subsection.4.4.4}{\376\377\000C\000r\000o\000s\000s\000-\000C\000o\000r\000r\000e\000l\000a\000t\000i\000o\000n\000\040\000\050\000W\000h\000a\000t\000\040\000C\000N\000N\000s\000\040\000A\000c\000t\000u\000a\000l\000l\000y\000\040\000C\000o\000m\000p\000u\000t\000e\000\051}{section.4.4}% 158
\BOOKMARK [2][-]{subsection.4.4.5}{\376\377\000W\000o\000r\000k\000e\000d\000\040\000E\000x\000a\000m\000p\000l\000e\000:\000\040\000C\000r\000o\000s\000s\000-\000C\000o\000r\000r\000e\000l\000a\000t\000i\000o\000n\000\040\000S\000t\000e\000p\000\040\000b\000y\000\040\000S\000t\000e\000p}{section.4.4}% 159
\BOOKMARK [2][-]{subsection.4.4.6}{\376\377\000W\000o\000r\000k\000e\000d\000\040\000E\000x\000a\000m\000p\000l\000e\000:\000\040\000T\000r\000u\000e\000\040\000C\000o\000n\000v\000o\000l\000u\000t\000i\000o\000n}{section.4.4}% 160
\BOOKMARK [2][-]{subsection.4.4.7}{\376\377\000E\000f\000f\000e\000c\000t\000\040\000o\000f\000\040\000C\000o\000n\000v\000o\000l\000u\000t\000i\000o\000n\000:\000\040\000F\000e\000a\000t\000u\000r\000e\000\040\000D\000e\000t\000e\000c\000t\000i\000o\000n}{section.4.4}% 161
\BOOKMARK [1][-]{section.4.5}{\376\377\000O\000u\000t\000p\000u\000t\000\040\000D\000i\000m\000e\000n\000s\000i\000o\000n\000s\000\040\000a\000n\000d\000\040\000S\000t\000r\000i\000d\000e}{chapter.4}% 162
\BOOKMARK [2][-]{subsection.4.5.1}{\376\377\000V\000a\000l\000i\000d\000\040\000C\000o\000n\000v\000o\000l\000u\000t\000i\000o\000n\000\040\000\050\000N\000o\000\040\000P\000a\000d\000d\000i\000n\000g\000\051}{section.4.5}% 163
\BOOKMARK [2][-]{subsection.4.5.2}{\376\377\000S\000t\000r\000i\000d\000e}{section.4.5}% 164
\BOOKMARK [1][-]{section.4.6}{\376\377\000P\000a\000d\000d\000i\000n\000g}{chapter.4}% 165
\BOOKMARK [2][-]{subsection.4.6.1}{\376\377\000T\000h\000e\000\040\000B\000o\000r\000d\000e\000r\000\040\000P\000r\000o\000b\000l\000e\000m}{section.4.6}% 166
\BOOKMARK [2][-]{subsection.4.6.2}{\376\377\000P\000a\000d\000d\000i\000n\000g\000\040\000S\000t\000r\000a\000t\000e\000g\000i\000e\000s}{section.4.6}% 167
\BOOKMARK [2][-]{subsection.4.6.3}{\376\377\000O\000u\000t\000p\000u\000t\000\040\000D\000i\000m\000e\000n\000s\000i\000o\000n\000\040\000F\000o\000r\000m\000u\000l\000a\000\040\000w\000i\000t\000h\000\040\000P\000a\000d\000d\000i\000n\000g}{section.4.6}% 168
\BOOKMARK [2][-]{subsection.4.6.4}{\376\377\000C\000o\000m\000m\000o\000n\000\040\000P\000a\000d\000d\000i\000n\000g\000\040\000C\000o\000n\000v\000e\000n\000t\000i\000o\000n\000s}{section.4.6}% 169
\BOOKMARK [2][-]{subsection.4.6.5}{\376\377\000B\000e\000n\000e\000f\000i\000t\000s\000\040\000o\000f\000\040\000Z\000e\000r\000o\000-\000P\000a\000d\000d\000i\000n\000g}{section.4.6}% 170
\BOOKMARK [1][-]{section.4.7}{\376\377\000P\000o\000o\000l\000i\000n\000g\000\040\000L\000a\000y\000e\000r\000s}{chapter.4}% 171
\BOOKMARK [2][-]{subsection.4.7.1}{\376\377\000M\000o\000t\000i\000v\000a\000t\000i\000o\000n\000:\000\040\000F\000r\000o\000m\000\040\000L\000o\000c\000a\000l\000\040\000t\000o\000\040\000G\000l\000o\000b\000a\000l}{section.4.7}% 172
\BOOKMARK [2][-]{subsection.4.7.2}{\376\377\000M\000a\000x\000\040\000P\000o\000o\000l\000i\000n\000g}{section.4.7}% 173
\BOOKMARK [2][-]{subsection.4.7.3}{\376\377\000A\000v\000e\000r\000a\000g\000e\000\040\000P\000o\000o\000l\000i\000n\000g}{section.4.7}% 174
\BOOKMARK [2][-]{subsection.4.7.4}{\376\377\000G\000l\000o\000b\000a\000l\000\040\000P\000o\000o\000l\000i\000n\000g}{section.4.7}% 175
\BOOKMARK [2][-]{subsection.4.7.5}{\376\377\000M\000a\000x\000\040\000v\000s\000\040\000A\000v\000e\000r\000a\000g\000e\000\040\000P\000o\000o\000l\000i\000n\000g\000:\000\040\000W\000h\000e\000n\000\040\000t\000o\000\040\000U\000s\000e\000\040\000E\000a\000c\000h}{section.4.7}% 176
\BOOKMARK [2][-]{subsection.4.7.6}{\376\377\000L\000o\000c\000a\000l\000\040\000T\000r\000a\000n\000s\000l\000a\000t\000i\000o\000n\000\040\000I\000n\000v\000a\000r\000i\000a\000n\000c\000e}{section.4.7}% 177
\BOOKMARK [1][-]{section.4.8}{\376\377\000M\000u\000l\000t\000i\000-\000C\000h\000a\000n\000n\000e\000l\000\040\000C\000o\000n\000v\000o\000l\000u\000t\000i\000o\000n\000s}{chapter.4}% 178
\BOOKMARK [2][-]{subsection.4.8.1}{\376\377\000M\000u\000l\000t\000i\000p\000l\000e\000\040\000I\000n\000p\000u\000t\000\040\000C\000h\000a\000n\000n\000e\000l\000s}{section.4.8}% 179
\BOOKMARK [2][-]{subsection.4.8.2}{\376\377\000M\000u\000l\000t\000i\000p\000l\000e\000\040\000O\000u\000t\000p\000u\000t\000\040\000C\000h\000a\000n\000n\000e\000l\000s\000\040\000\050\000F\000e\000a\000t\000u\000r\000e\000\040\000M\000a\000p\000s\000\051}{section.4.8}% 180
\BOOKMARK [2][-]{subsection.4.8.3}{\376\377\000P\000a\000r\000a\000m\000e\000t\000e\000r\000\040\000E\000f\000f\000i\000c\000i\000e\000n\000c\000y\000:\000\040\000W\000e\000i\000g\000h\000t\000\040\000S\000h\000a\000r\000i\000n\000g}{section.4.8}% 181
\BOOKMARK [1][-]{section.4.9}{\376\377\000T\000r\000a\000n\000s\000l\000a\000t\000i\000o\000n\000\040\000E\000q\000u\000i\000v\000a\000r\000i\000a\000n\000c\000e\000\040\000a\000n\000d\000\040\000I\000n\000v\000a\000r\000i\000a\000n\000c\000e}{chapter.4}% 182
\BOOKMARK [1][-]{section.4.10}{\376\377\000R\000e\000c\000e\000p\000t\000i\000v\000e\000\040\000F\000i\000e\000l\000d}{chapter.4}% 183
\BOOKMARK [2][-]{subsection.4.10.1}{\376\377\000R\000e\000c\000e\000p\000t\000i\000v\000e\000\040\000F\000i\000e\000l\000d\000\040\000a\000n\000d\000\040\000A\000r\000c\000h\000i\000t\000e\000c\000t\000u\000r\000e\000\040\000D\000e\000s\000i\000g\000n}{section.4.10}% 184
\BOOKMARK [1][-]{section.4.11}{\376\377\000B\000a\000c\000k\000p\000r\000o\000p\000a\000g\000a\000t\000i\000o\000n\000\040\000T\000h\000r\000o\000u\000g\000h\000\040\000C\000o\000n\000v\000o\000l\000u\000t\000i\000o\000n\000s}{chapter.4}% 185
\BOOKMARK [2][-]{subsection.4.11.1}{\376\377\000S\000e\000t\000u\000p\000\040\000a\000n\000d\000\040\000N\000o\000t\000a\000t\000i\000o\000n}{section.4.11}% 186
\BOOKMARK [2][-]{subsection.4.11.2}{\376\377\000G\000r\000a\000d\000i\000e\000n\000t\000\040\000w\000i\000t\000h\000\040\000R\000e\000s\000p\000e\000c\000t\000\040\000t\000o\000\040\000W\000e\000i\000g\000h\000t\000s}{section.4.11}% 187
\BOOKMARK [2][-]{subsection.4.11.3}{\376\377\000G\000r\000a\000d\000i\000e\000n\000t\000\040\000w\000i\000t\000h\000\040\000R\000e\000s\000p\000e\000c\000t\000\040\000t\000o\000\040\000I\000n\000p\000u\000t}{section.4.11}% 188
\BOOKMARK [2][-]{subsection.4.11.4}{\376\377\000W\000o\000r\000k\000e\000d\000\040\000E\000x\000a\000m\000p\000l\000e\000:\000\040\000B\000a\000c\000k\000p\000r\000o\000p\000\040\000T\000h\000r\000o\000u\000g\000h\000\040\000C\000o\000n\000v\000o\000l\000u\000t\000i\000o\000n}{section.4.11}% 189
\BOOKMARK [2][-]{subsection.4.11.5}{\376\377\000M\000u\000l\000t\000i\000-\000C\000h\000a\000n\000n\000e\000l\000\040\000B\000a\000c\000k\000p\000r\000o\000p\000a\000g\000a\000t\000i\000o\000n}{section.4.11}% 190
\BOOKMARK [2][-]{subsection.4.11.6}{\376\377\000B\000a\000c\000k\000p\000r\000o\000p\000a\000g\000a\000t\000i\000o\000n\000\040\000T\000h\000r\000o\000u\000g\000h\000\040\000P\000o\000o\000l\000i\000n\000g}{section.4.11}% 191
\BOOKMARK [1][-]{section.4.12}{\376\377\000C\000N\000N\000\040\000A\000r\000c\000h\000i\000t\000e\000c\000t\000u\000r\000e\000:\000\040\000L\000e\000N\000e\000t}{chapter.4}% 192
\BOOKMARK [1][-]{section.4.13}{\376\377\000A\000r\000c\000h\000i\000t\000e\000c\000t\000u\000r\000e\000\040\000D\000e\000s\000i\000g\000n\000\040\000P\000r\000i\000n\000c\000i\000p\000l\000e\000s}{chapter.4}% 193
\BOOKMARK [2][-]{subsection.4.13.1}{\376\377\000F\000i\000l\000t\000e\000r\000\040\000S\000i\000z\000e\000\040\000C\000h\000o\000i\000c\000e\000s}{section.4.13}% 194
\BOOKMARK [2][-]{subsection.4.13.2}{\376\377\000D\000e\000p\000t\000h\000\040\000v\000s\000\040\000W\000i\000d\000t\000h}{section.4.13}% 195
\BOOKMARK [2][-]{subsection.4.13.3}{\376\377\000D\000o\000w\000n\000s\000a\000m\000p\000l\000i\000n\000g\000\040\000S\000t\000r\000a\000t\000e\000g\000i\000e\000s}{section.4.13}% 196
\BOOKMARK [1][-]{section.4.14}{\376\377\000T\000r\000a\000i\000n\000i\000n\000g\000\040\000C\000N\000N\000s}{chapter.4}% 197
\BOOKMARK [1][-]{section.4.15}{\376\377\000F\000e\000a\000t\000u\000r\000e\000\040\000V\000i\000s\000u\000a\000l\000i\000s\000a\000t\000i\000o\000n}{chapter.4}% 198
\BOOKMARK [2][-]{subsection.4.15.1}{\376\377\000W\000h\000a\000t\000\040\000D\000o\000e\000s\000\040\000a\000\040\000C\000N\000N\000\040\000L\000e\000a\000r\000n\000?}{section.4.15}% 199
\BOOKMARK [2][-]{subsection.4.15.2}{\376\377\000V\000i\000s\000u\000a\000l\000i\000s\000a\000t\000i\000o\000n\000\040\000T\000e\000c\000h\000n\000i\000q\000u\000e\000s}{section.4.15}% 200
\BOOKMARK [1][-]{section.4.16}{\376\377\000S\000u\000m\000m\000a\000r\000y\000:\000\040\000C\000N\000N\000\040\000B\000u\000i\000l\000d\000i\000n\000g\000\040\000B\000l\000o\000c\000k\000s}{chapter.4}% 201
\BOOKMARK [0][-]{chapter.5}{\376\377\000W\000e\000e\000k\000\040\0005\000:\000\040\000C\000o\000n\000v\000o\000l\000u\000t\000i\000o\000n\000a\000l\000\040\000N\000e\000u\000r\000a\000l\000\040\000N\000e\000t\000w\000o\000r\000k\000s\000\040\000I\000I}{}% 202
\BOOKMARK [1][-]{section.5.1}{\376\377\000L\000a\000b\000e\000l\000l\000e\000d\000\040\000D\000a\000t\000a\000\040\000a\000n\000d\000\040\000A\000u\000g\000m\000e\000n\000t\000a\000t\000i\000o\000n}{chapter.5}% 203
\BOOKMARK [2][-]{subsection.5.1.1}{\376\377\000T\000h\000e\000\040\000D\000a\000t\000a\000\040\000B\000o\000t\000t\000l\000e\000n\000e\000c\000k}{section.5.1}% 204
\BOOKMARK [2][-]{subsection.5.1.2}{\376\377\000C\000o\000m\000m\000o\000n\000\040\000D\000a\000t\000a\000s\000e\000t\000s}{section.5.1}% 205
\BOOKMARK [2][-]{subsection.5.1.3}{\376\377\000D\000a\000t\000a\000\040\000L\000a\000b\000e\000l\000l\000i\000n\000g\000\040\000S\000t\000r\000a\000t\000e\000g\000i\000e\000s}{section.5.1}% 206
\BOOKMARK [2][-]{subsection.5.1.4}{\376\377\000A\000c\000t\000i\000v\000e\000\040\000L\000e\000a\000r\000n\000i\000n\000g}{section.5.1}% 207
\BOOKMARK [2][-]{subsection.5.1.5}{\376\377\000M\000o\000d\000e\000l\000-\000A\000s\000s\000i\000s\000t\000e\000d\000\040\000L\000a\000b\000e\000l\000l\000i\000n\000g}{section.5.1}% 208
\BOOKMARK [2][-]{subsection.5.1.6}{\376\377\000D\000a\000t\000a\000\040\000A\000u\000g\000m\000e\000n\000t\000a\000t\000i\000o\000n}{section.5.1}% 209
\BOOKMARK [1][-]{section.5.2}{\376\377\000M\000o\000d\000e\000r\000n\000\040\000C\000N\000N\000\040\000A\000r\000c\000h\000i\000t\000e\000c\000t\000u\000r\000e\000s}{chapter.5}% 210
\BOOKMARK [2][-]{subsection.5.2.1}{\376\377\000V\000G\000G\000:\000\040\000D\000e\000e\000p\000\040\000a\000n\000d\000\040\000N\000a\000r\000r\000o\000w\000\040\000\050\0002\0000\0001\0004\000\051}{section.5.2}% 211
\BOOKMARK [2][-]{subsection.5.2.2}{\376\377\000G\000o\000o\000g\000L\000e\000N\000e\000t\000:\000\040\000I\000n\000c\000e\000p\000t\000i\000o\000n\000\040\000M\000o\000d\000u\000l\000e\000s\000\040\000\050\0002\0000\0001\0004\000\051}{section.5.2}% 212
\BOOKMARK [2][-]{subsection.5.2.3}{\376\377\000R\000e\000s\000N\000e\000t\000:\000\040\000S\000k\000i\000p\000\040\000C\000o\000n\000n\000e\000c\000t\000i\000o\000n\000s\000\040\000\050\0002\0000\0001\0005\000\051}{section.5.2}% 213
\BOOKMARK [2][-]{subsection.5.2.4}{\376\377\000D\000e\000n\000s\000e\000N\000e\000t\000:\000\040\000D\000e\000n\000s\000e\000\040\000C\000o\000n\000n\000e\000c\000t\000i\000v\000i\000t\000y\000\040\000\050\0002\0000\0001\0007\000\051}{section.5.2}% 214
\BOOKMARK [2][-]{subsection.5.2.5}{\376\377\000E\000f\000f\000i\000c\000i\000e\000n\000t\000N\000e\000t\000:\000\040\000C\000o\000m\000p\000o\000u\000n\000d\000\040\000S\000c\000a\000l\000i\000n\000g\000\040\000\050\0002\0000\0001\0009\000\051}{section.5.2}% 215
\BOOKMARK [1][-]{section.5.3}{\376\377\000T\000r\000a\000n\000s\000f\000e\000r\000\040\000L\000e\000a\000r\000n\000i\000n\000g\000\040\000a\000n\000d\000\040\000F\000i\000n\000e\000-\000T\000u\000n\000i\000n\000g}{chapter.5}% 216
\BOOKMARK [2][-]{subsection.5.3.1}{\376\377\000W\000h\000y\000\040\000T\000r\000a\000n\000s\000f\000e\000r\000\040\000L\000e\000a\000r\000n\000i\000n\000g\000\040\000W\000o\000r\000k\000s}{section.5.3}% 217
\BOOKMARK [2][-]{subsection.5.3.2}{\376\377\000F\000e\000a\000t\000u\000r\000e\000\040\000E\000x\000t\000r\000a\000c\000t\000i\000o\000n\000\040\000v\000s\000\040\000F\000i\000n\000e\000-\000T\000u\000n\000i\000n\000g}{section.5.3}% 218
\BOOKMARK [2][-]{subsection.5.3.3}{\376\377\000D\000o\000m\000a\000i\000n\000\040\000A\000d\000a\000p\000t\000a\000t\000i\000o\000n}{section.5.3}% 219
\BOOKMARK [1][-]{section.5.4}{\376\377\000O\000b\000j\000e\000c\000t\000\040\000D\000e\000t\000e\000c\000t\000i\000o\000n}{chapter.5}% 220
\BOOKMARK [2][-]{subsection.5.4.1}{\376\377\000W\000h\000y\000\040\000O\000b\000j\000e\000c\000t\000\040\000D\000e\000t\000e\000c\000t\000i\000o\000n\000\040\000I\000s\000\040\000H\000a\000r\000d\000e\000r\000\040\000T\000h\000a\000n\000\040\000C\000l\000a\000s\000s\000i\000f\000i\000c\000a\000t\000i\000o\000n}{section.5.4}% 221
\BOOKMARK [2][-]{subsection.5.4.2}{\376\377\000B\000o\000u\000n\000d\000i\000n\000g\000\040\000B\000o\000x\000\040\000R\000e\000p\000r\000e\000s\000e\000n\000t\000a\000t\000i\000o\000n}{section.5.4}% 222
\BOOKMARK [2][-]{subsection.5.4.3}{\376\377\000I\000n\000t\000e\000r\000s\000e\000c\000t\000i\000o\000n\000\040\000o\000v\000e\000r\000\040\000U\000n\000i\000o\000n\000\040\000\050\000I\000o\000U\000\051}{section.5.4}% 223
\BOOKMARK [2][-]{subsection.5.4.4}{\376\377\000A\000n\000c\000h\000o\000r\000\040\000B\000o\000x\000e\000s}{section.5.4}% 224
\BOOKMARK [2][-]{subsection.5.4.5}{\376\377\000C\000l\000a\000s\000s\000\040\000P\000r\000e\000d\000i\000c\000t\000i\000o\000n\000\040\000a\000n\000d\000\040\000C\000o\000n\000f\000i\000d\000e\000n\000c\000e\000\040\000S\000c\000o\000r\000e\000s}{section.5.4}% 225
\BOOKMARK [2][-]{subsection.5.4.6}{\376\377\000N\000o\000n\000-\000M\000a\000x\000i\000m\000u\000m\000\040\000S\000u\000p\000p\000r\000e\000s\000s\000i\000o\000n\000\040\000\050\000N\000M\000S\000\051}{section.5.4}% 226
\BOOKMARK [2][-]{subsection.5.4.7}{\376\377\000R\000-\000C\000N\000N\000\040\000F\000a\000m\000i\000l\000y\000:\000\040\000R\000e\000g\000i\000o\000n\000-\000B\000a\000s\000e\000d\000\040\000D\000e\000t\000e\000c\000t\000i\000o\000n}{section.5.4}% 227
\BOOKMARK [2][-]{subsection.5.4.8}{\376\377\000Y\000O\000L\000O\000:\000\040\000S\000i\000n\000g\000l\000e\000-\000S\000h\000o\000t\000\040\000D\000e\000t\000e\000c\000t\000i\000o\000n}{section.5.4}% 228
\BOOKMARK [2][-]{subsection.5.4.9}{\376\377\000S\000S\000D\000:\000\040\000S\000i\000n\000g\000l\000e\000\040\000S\000h\000o\000t\000\040\000M\000u\000l\000t\000i\000B\000o\000x\000\040\000D\000e\000t\000e\000c\000t\000o\000r}{section.5.4}% 229
\BOOKMARK [2][-]{subsection.5.4.10}{\376\377\000D\000a\000t\000a\000\040\000A\000u\000g\000m\000e\000n\000t\000a\000t\000i\000o\000n\000\040\000f\000o\000r\000\040\000O\000b\000j\000e\000c\000t\000\040\000D\000e\000t\000e\000c\000t\000i\000o\000n}{section.5.4}% 230
\BOOKMARK [1][-]{section.5.5}{\376\377\000S\000e\000m\000a\000n\000t\000i\000c\000\040\000S\000e\000g\000m\000e\000n\000t\000a\000t\000i\000o\000n}{chapter.5}% 231
\BOOKMARK [2][-]{subsection.5.5.1}{\376\377\000T\000y\000p\000e\000s\000\040\000o\000f\000\040\000S\000e\000g\000m\000e\000n\000t\000a\000t\000i\000o\000n}{section.5.5}% 232
\BOOKMARK [2][-]{subsection.5.5.2}{\376\377\000T\000h\000e\000\040\000C\000h\000a\000l\000l\000e\000n\000g\000e\000:\000\040\000S\000p\000a\000t\000i\000a\000l\000\040\000R\000e\000s\000o\000l\000u\000t\000i\000o\000n}{section.5.5}% 233
\BOOKMARK [2][-]{subsection.5.5.3}{\376\377\000F\000u\000l\000l\000y\000\040\000C\000o\000n\000v\000o\000l\000u\000t\000i\000o\000n\000a\000l\000\040\000N\000e\000t\000w\000o\000r\000k\000s\000\040\000\050\000F\000C\000N\000\051}{section.5.5}% 234
\BOOKMARK [2][-]{subsection.5.5.4}{\376\377\000T\000r\000a\000n\000s\000p\000o\000s\000e\000d\000\040\000C\000o\000n\000v\000o\000l\000u\000t\000i\000o\000n}{section.5.5}% 235
\BOOKMARK [2][-]{subsection.5.5.5}{\376\377\000U\000-\000N\000e\000t\000\040\000A\000r\000c\000h\000i\000t\000e\000c\000t\000u\000r\000e}{section.5.5}% 236
\BOOKMARK [2][-]{subsection.5.5.6}{\376\377\000S\000e\000g\000m\000e\000n\000t\000a\000t\000i\000o\000n\000\040\000L\000o\000s\000s\000\040\000F\000u\000n\000c\000t\000i\000o\000n\000s}{section.5.5}% 237
\BOOKMARK [1][-]{section.5.6}{\376\377\000C\000h\000a\000p\000t\000e\000r\000\040\000S\000u\000m\000m\000a\000r\000y}{chapter.5}% 238
\BOOKMARK [0][-]{chapter.6}{\376\377\000W\000e\000e\000k\000\040\0006\000:\000\040\000R\000e\000c\000u\000r\000r\000e\000n\000t\000\040\000N\000e\000u\000r\000a\000l\000\040\000N\000e\000t\000w\000o\000r\000k\000s\000\040\000a\000n\000d\000\040\000S\000e\000q\000u\000e\000n\000c\000e\000\040\000M\000o\000d\000e\000l\000i\000n\000g}{}% 239
\BOOKMARK [1][-]{section.6.1}{\376\377\000I\000n\000t\000r\000o\000d\000u\000c\000t\000i\000o\000n\000\040\000t\000o\000\040\000S\000e\000q\000u\000e\000n\000c\000e\000\040\000M\000o\000d\000e\000l\000i\000n\000g}{chapter.6}% 240
\BOOKMARK [2][-]{subsection.6.1.1}{\376\377\000C\000h\000a\000l\000l\000e\000n\000g\000e\000s\000\040\000i\000n\000\040\000M\000o\000d\000e\000l\000i\000n\000g\000\040\000S\000e\000q\000u\000e\000n\000t\000i\000a\000l\000\040\000D\000a\000t\000a}{section.6.1}% 241
\BOOKMARK [2][-]{subsection.6.1.2}{\376\377\000T\000i\000m\000e\000\040\000S\000e\000r\000i\000e\000s\000\040\000i\000n\000\040\000P\000u\000b\000l\000i\000c\000\040\000P\000o\000l\000i\000c\000y}{section.6.1}% 242
\BOOKMARK [1][-]{section.6.2}{\376\377\000S\000e\000q\000u\000e\000n\000c\000e\000\040\000M\000o\000d\000e\000l\000i\000n\000g\000\040\000T\000a\000s\000k\000s}{chapter.6}% 243
\BOOKMARK [2][-]{subsection.6.2.1}{\376\377\000F\000o\000r\000e\000c\000a\000s\000t\000i\000n\000g\000\040\000a\000n\000d\000\040\000P\000r\000e\000d\000i\000c\000t\000i\000n\000g\000\040\000N\000e\000x\000t\000\040\000S\000t\000e\000p\000s}{section.6.2}% 244
\BOOKMARK [2][-]{subsection.6.2.2}{\376\377\000C\000l\000a\000s\000s\000i\000f\000i\000c\000a\000t\000i\000o\000n}{section.6.2}% 245
\BOOKMARK [2][-]{subsection.6.2.3}{\376\377\000C\000l\000u\000s\000t\000e\000r\000i\000n\000g}{section.6.2}% 246
\BOOKMARK [2][-]{subsection.6.2.4}{\376\377\000P\000a\000t\000t\000e\000r\000n\000\040\000M\000a\000t\000c\000h\000i\000n\000g}{section.6.2}% 247
\BOOKMARK [2][-]{subsection.6.2.5}{\376\377\000A\000n\000o\000m\000a\000l\000y\000\040\000D\000e\000t\000e\000c\000t\000i\000o\000n}{section.6.2}% 248
\BOOKMARK [2][-]{subsection.6.2.6}{\376\377\000M\000o\000t\000i\000f\000\040\000D\000e\000t\000e\000c\000t\000i\000o\000n}{section.6.2}% 249
\BOOKMARK [1][-]{section.6.3}{\376\377\000A\000p\000p\000r\000o\000a\000c\000h\000e\000s\000\040\000t\000o\000\040\000S\000e\000q\000u\000e\000n\000c\000e\000\040\000M\000o\000d\000e\000l\000i\000n\000g}{chapter.6}% 250
\BOOKMARK [2][-]{subsection.6.3.1}{\376\377\000F\000e\000a\000t\000u\000r\000e\000\040\000E\000n\000g\000i\000n\000e\000e\000r\000i\000n\000g\000\040\000f\000o\000r\000\040\000T\000e\000x\000t\000:\000\040\000B\000a\000g\000-\000o\000f\000-\000W\000o\000r\000d\000s}{section.6.3}% 251
\BOOKMARK [2][-]{subsection.6.3.2}{\376\377\000C\000h\000a\000l\000l\000e\000n\000g\000e\000s\000\040\000i\000n\000\040\000R\000a\000w\000\040\000S\000e\000q\000u\000e\000n\000c\000e\000\040\000M\000o\000d\000e\000l\000l\000i\000n\000g}{section.6.3}% 252
\BOOKMARK [1][-]{section.6.4}{\376\377\000R\000e\000c\000u\000r\000r\000e\000n\000t\000\040\000N\000e\000u\000r\000a\000l\000\040\000N\000e\000t\000w\000o\000r\000k\000s\000\040\000\050\000R\000N\000N\000s\000\051}{chapter.6}% 253
\BOOKMARK [2][-]{subsection.6.4.1}{\376\377\000W\000h\000y\000\040\000N\000o\000t\000\040\000F\000u\000l\000l\000y\000\040\000C\000o\000n\000n\000e\000c\000t\000e\000d\000\040\000N\000e\000t\000w\000o\000r\000k\000s\000?}{section.6.4}% 254
\BOOKMARK [2][-]{subsection.6.4.2}{\376\377\000T\000h\000e\000\040\000R\000e\000c\000u\000r\000r\000e\000n\000c\000e\000\040\000M\000e\000c\000h\000a\000n\000i\000s\000m}{section.6.4}% 255
\BOOKMARK [2][-]{subsection.6.4.3}{\376\377\000U\000n\000r\000o\000l\000l\000i\000n\000g\000\040\000a\000n\000\040\000R\000N\000N}{section.6.4}% 256
\BOOKMARK [2][-]{subsection.6.4.4}{\376\377\000V\000a\000n\000i\000l\000l\000a\000\040\000R\000N\000N\000\040\000F\000o\000r\000m\000u\000l\000a\000t\000i\000o\000n}{section.6.4}% 257
\BOOKMARK [2][-]{subsection.6.4.5}{\376\377\000R\000N\000N\000\040\000A\000r\000c\000h\000i\000t\000e\000c\000t\000u\000r\000e\000s}{section.6.4}% 258
\BOOKMARK [2][-]{subsection.6.4.6}{\376\377\000O\000u\000t\000p\000u\000t\000\040\000L\000a\000y\000e\000r\000s\000\040\000a\000n\000d\000\040\000V\000e\000c\000t\000o\000r\000\040\000N\000o\000t\000a\000t\000i\000o\000n}{section.6.4}% 259
\BOOKMARK [1][-]{section.6.5}{\376\377\000B\000a\000c\000k\000p\000r\000o\000p\000a\000g\000a\000t\000i\000o\000n\000\040\000T\000h\000r\000o\000u\000g\000h\000\040\000T\000i\000m\000e\000\040\000\050\000B\000P\000T\000T\000\051}{chapter.6}% 260
\BOOKMARK [2][-]{subsection.6.5.1}{\376\377\000T\000h\000e\000\040\000C\000o\000m\000p\000u\000t\000a\000t\000i\000o\000n\000a\000l\000\040\000G\000r\000a\000p\000h}{section.6.5}% 261
\BOOKMARK [2][-]{subsection.6.5.2}{\376\377\000B\000P\000T\000T\000\040\000D\000e\000r\000i\000v\000a\000t\000i\000o\000n}{section.6.5}% 262
\BOOKMARK [2][-]{subsection.6.5.3}{\376\377\000T\000h\000e\000\040\000V\000a\000n\000i\000s\000h\000i\000n\000g\000\040\000a\000n\000d\000\040\000E\000x\000p\000l\000o\000d\000i\000n\000g\000\040\000G\000r\000a\000d\000i\000e\000n\000t\000\040\000P\000r\000o\000b\000l\000e\000m}{section.6.5}% 263
\BOOKMARK [2][-]{subsection.6.5.4}{\376\377\000T\000r\000u\000n\000c\000a\000t\000e\000d\000\040\000B\000P\000T\000T}{section.6.5}% 264
\BOOKMARK [1][-]{section.6.6}{\376\377\000L\000o\000n\000g\000\040\000S\000h\000o\000r\000t\000-\000T\000e\000r\000m\000\040\000M\000e\000m\000o\000r\000y\000\040\000\050\000L\000S\000T\000M\000\051}{chapter.6}% 265
\BOOKMARK [2][-]{subsection.6.6.1}{\376\377\000T\000h\000e\000\040\000K\000e\000y\000\040\000I\000n\000s\000i\000g\000h\000t\000:\000\040\000A\000d\000d\000i\000t\000i\000v\000e\000\040\000U\000p\000d\000a\000t\000e\000s}{section.6.6}% 266
\BOOKMARK [2][-]{subsection.6.6.2}{\376\377\000C\000e\000l\000l\000\040\000S\000t\000a\000t\000e\000\040\000a\000n\000d\000\040\000H\000i\000d\000d\000e\000n\000\040\000S\000t\000a\000t\000e}{section.6.6}% 267
\BOOKMARK [2][-]{subsection.6.6.3}{\376\377\000T\000h\000e\000\040\000T\000h\000r\000e\000e\000\040\000G\000a\000t\000e\000s}{section.6.6}% 268
\BOOKMARK [2][-]{subsection.6.6.4}{\376\377\000G\000a\000t\000e\000\040\000M\000e\000c\000h\000a\000n\000i\000s\000m\000s\000\040\000i\000n\000\040\000D\000e\000t\000a\000i\000l}{section.6.6}% 269
\BOOKMARK [2][-]{subsection.6.6.5}{\376\377\000W\000h\000y\000\040\000L\000S\000T\000M\000s\000\040\000S\000o\000l\000v\000e\000\040\000t\000h\000e\000\040\000V\000a\000n\000i\000s\000h\000i\000n\000g\000\040\000G\000r\000a\000d\000i\000e\000n\000t\000\040\000P\000r\000o\000b\000l\000e\000m}{section.6.6}% 270
\BOOKMARK [2][-]{subsection.6.6.6}{\376\377\000L\000S\000T\000M\000\040\000V\000a\000r\000i\000a\000n\000t\000s}{section.6.6}% 271
\BOOKMARK [1][-]{section.6.7}{\376\377\000G\000a\000t\000e\000d\000\040\000R\000e\000c\000u\000r\000r\000e\000n\000t\000\040\000U\000n\000i\000t\000s\000\040\000\050\000G\000R\000U\000s\000\051}{chapter.6}% 272
\BOOKMARK [2][-]{subsection.6.7.1}{\376\377\000G\000R\000U\000\040\000E\000q\000u\000a\000t\000i\000o\000n\000s}{section.6.7}% 273
\BOOKMARK [2][-]{subsection.6.7.2}{\376\377\000G\000R\000U\000\040\000v\000s\000\040\000L\000S\000T\000M\000\040\000C\000o\000m\000p\000a\000r\000i\000s\000o\000n}{section.6.7}% 274
\BOOKMARK [2][-]{subsection.6.7.3}{\376\377\000L\000i\000m\000i\000t\000a\000t\000i\000o\000n\000s\000\040\000o\000f\000\040\000L\000S\000T\000M\000\040\000a\000n\000d\000\040\000G\000R\000U}{section.6.7}% 275
\BOOKMARK [1][-]{section.6.8}{\376\377\000C\000o\000n\000v\000o\000l\000u\000t\000i\000o\000n\000a\000l\000\040\000N\000e\000u\000r\000a\000l\000\040\000N\000e\000t\000w\000o\000r\000k\000s\000\040\000f\000o\000r\000\040\000S\000e\000q\000u\000e\000n\000c\000e\000s}{chapter.6}% 276
\BOOKMARK [2][-]{subsection.6.8.1}{\376\377\0001\000D\000\040\000C\000o\000n\000v\000o\000l\000u\000t\000i\000o\000n\000s}{section.6.8}% 277
\BOOKMARK [2][-]{subsection.6.8.2}{\376\377\000C\000a\000u\000s\000a\000l\000\040\000C\000o\000n\000v\000o\000l\000u\000t\000i\000o\000n\000s}{section.6.8}% 278
\BOOKMARK [2][-]{subsection.6.8.3}{\376\377\000D\000i\000l\000a\000t\000e\000d\000\040\000C\000o\000n\000v\000o\000l\000u\000t\000i\000o\000n\000s}{section.6.8}% 279
\BOOKMARK [1][-]{section.6.9}{\376\377\000T\000e\000m\000p\000o\000r\000a\000l\000\040\000C\000o\000n\000v\000o\000l\000u\000t\000i\000o\000n\000a\000l\000\040\000N\000e\000t\000w\000o\000r\000k\000s}{chapter.6}% 280
\BOOKMARK [1][-]{section.6.10}{\376\377\000I\000n\000t\000r\000o\000d\000u\000c\000t\000i\000o\000n\000\040\000t\000o\000\040\000A\000t\000t\000e\000n\000t\000i\000o\000n\000\040\000M\000e\000c\000h\000a\000n\000i\000s\000m\000s}{chapter.6}% 281
\BOOKMARK [2][-]{subsection.6.10.1}{\376\377\000M\000o\000t\000i\000v\000a\000t\000i\000o\000n\000:\000\040\000T\000h\000e\000\040\000B\000o\000t\000t\000l\000e\000n\000e\000c\000k\000\040\000P\000r\000o\000b\000l\000e\000m}{section.6.10}% 282
\BOOKMARK [2][-]{subsection.6.10.2}{\376\377\000B\000a\000s\000i\000c\000\040\000A\000t\000t\000e\000n\000t\000i\000o\000n\000\040\000M\000e\000c\000h\000a\000n\000i\000s\000m}{section.6.10}% 283
\BOOKMARK [2][-]{subsection.6.10.3}{\376\377\000S\000e\000l\000f\000-\000A\000t\000t\000e\000n\000t\000i\000o\000n\000\040\000P\000r\000e\000v\000i\000e\000w}{section.6.10}% 284
\BOOKMARK [1][-]{section.6.11}{\376\377\000T\000i\000m\000e\000\040\000S\000e\000r\000i\000e\000s\000\040\000F\000o\000r\000e\000c\000a\000s\000t\000i\000n\000g}{chapter.6}% 285
\BOOKMARK [2][-]{subsection.6.11.1}{\376\377\000W\000h\000e\000n\000\040\000t\000o\000\040\000U\000s\000e\000\040\000D\000e\000e\000p\000\040\000L\000e\000a\000r\000n\000i\000n\000g\000\040\000f\000o\000r\000\040\000T\000i\000m\000e\000\040\000S\000e\000r\000i\000e\000s}{section.6.11}% 286
\BOOKMARK [1][-]{section.6.12}{\376\377\000T\000r\000a\000n\000s\000f\000o\000r\000m\000e\000r\000s\000\040\000\050\000P\000r\000e\000v\000i\000e\000w\000\051}{chapter.6}% 287
\BOOKMARK [1][-]{section.6.13}{\376\377\000S\000u\000m\000m\000a\000r\000y}{chapter.6}% 288
\BOOKMARK [0][-]{chapter.7}{\376\377\000W\000e\000e\000k\000\040\0007\000:\000\040\000N\000a\000t\000u\000r\000a\000l\000\040\000L\000a\000n\000g\000u\000a\000g\000e\000\040\000P\000r\000o\000c\000e\000s\000s\000i\000n\000g\000\040\000I}{}% 289
\BOOKMARK [1][-]{section.7.1}{\376\377\000T\000e\000x\000t\000\040\000a\000n\000d\000\040\000P\000u\000b\000l\000i\000c\000\040\000P\000o\000l\000i\000c\000y}{chapter.7}% 290
\BOOKMARK [2][-]{subsection.7.1.1}{\376\377\000E\000x\000a\000m\000p\000l\000e\000\040\000A\000p\000p\000l\000i\000c\000a\000t\000i\000o\000n\000s}{section.7.1}% 291
\BOOKMARK [1][-]{section.7.2}{\376\377\000C\000o\000m\000m\000o\000n\000\040\000N\000L\000P\000\040\000T\000a\000s\000k\000s}{chapter.7}% 292
\BOOKMARK [1][-]{section.7.3}{\376\377\000T\000e\000x\000t\000\040\000a\000s\000\040\000D\000a\000t\000a}{chapter.7}% 293
\BOOKMARK [1][-]{section.7.4}{\376\377\000T\000e\000x\000t\000\040\000P\000r\000e\000p\000r\000o\000c\000e\000s\000s\000i\000n\000g}{chapter.7}% 294
\BOOKMARK [2][-]{subsection.7.4.1}{\376\377\000T\000o\000k\000e\000n\000i\000s\000a\000t\000i\000o\000n\000\040\000S\000t\000r\000a\000t\000e\000g\000i\000e\000s}{section.7.4}% 295
\BOOKMARK [2][-]{subsection.7.4.2}{\376\377\000F\000u\000r\000t\000h\000e\000r\000\040\000P\000r\000e\000p\000r\000o\000c\000e\000s\000s\000i\000n\000g\000\040\000T\000e\000c\000h\000n\000i\000q\000u\000e\000s}{section.7.4}% 296
\BOOKMARK [1][-]{section.7.5}{\376\377\000C\000l\000a\000s\000s\000i\000c\000a\000l\000\040\000D\000o\000c\000u\000m\000e\000n\000t\000\040\000R\000e\000p\000r\000e\000s\000e\000n\000t\000a\000t\000i\000o\000n\000s}{chapter.7}% 297
\BOOKMARK [2][-]{subsection.7.5.1}{\376\377\000B\000a\000g\000\040\000o\000f\000\040\000W\000o\000r\000d\000s\000\040\000\050\000B\000o\000W\000\051}{section.7.5}% 298
\BOOKMARK [2][-]{subsection.7.5.2}{\376\377\000T\000F\000-\000I\000D\000F}{section.7.5}% 299
\BOOKMARK [2][-]{subsection.7.5.3}{\376\377\000V\000i\000s\000u\000a\000l\000i\000s\000i\000n\000g\000\040\000E\000m\000b\000e\000d\000d\000i\000n\000g\000s}{section.7.5}% 300
\BOOKMARK [2][-]{subsection.7.5.4}{\376\377\000S\000i\000m\000p\000l\000e\000\040\000N\000L\000P\000\040\000P\000i\000p\000e\000l\000i\000n\000e\000\040\000f\000o\000r\000\040\000D\000o\000c\000u\000m\000e\000n\000t\000\040\000C\000l\000a\000s\000s\000i\000f\000i\000c\000a\000t\000i\000o\000n}{section.7.5}% 301
\BOOKMARK [1][-]{section.7.6}{\376\377\000D\000e\000e\000p\000\040\000L\000e\000a\000r\000n\000i\000n\000g\000\040\000f\000o\000r\000\040\000N\000L\000P\000:\000\040\000A\000r\000c\000h\000i\000t\000e\000c\000t\000u\000r\000e}{chapter.7}% 302
\BOOKMARK [1][-]{section.7.7}{\376\377\000W\000o\000r\000d\000\040\000E\000m\000b\000e\000d\000d\000i\000n\000g\000s\000\040\000I\000:\000\040\000O\000n\000e\000-\000H\000o\000t\000\040\000E\000n\000c\000o\000d\000i\000n\000g}{chapter.7}% 303
\BOOKMARK [1][-]{section.7.8}{\376\377\000W\000o\000r\000d\000\040\000E\000m\000b\000e\000d\000d\000i\000n\000g\000s\000\040\000I\000I\000:\000\040\000W\000o\000r\000d\0002\000V\000e\000c}{chapter.7}% 304
\BOOKMARK [2][-]{subsection.7.8.1}{\376\377\000T\000h\000e\000\040\000D\000i\000s\000t\000r\000i\000b\000u\000t\000i\000o\000n\000a\000l\000\040\000H\000y\000p\000o\000t\000h\000e\000s\000i\000s}{section.7.8}% 305
\BOOKMARK [2][-]{subsection.7.8.2}{\376\377\000S\000k\000i\000p\000-\000G\000r\000a\000m\000\040\000M\000o\000d\000e\000l}{section.7.8}% 306
\BOOKMARK [2][-]{subsection.7.8.3}{\376\377\000C\000o\000n\000t\000i\000n\000u\000o\000u\000s\000\040\000B\000a\000g\000\040\000o\000f\000\040\000W\000o\000r\000d\000s\000\040\000\050\000C\000B\000O\000W\000\051}{section.7.8}% 307
\BOOKMARK [2][-]{subsection.7.8.4}{\376\377\000W\000o\000r\000d\0002\000V\000e\000c\000\040\000P\000r\000o\000p\000e\000r\000t\000i\000e\000s\000\040\000a\000n\000d\000\040\000E\000v\000a\000l\000u\000a\000t\000i\000o\000n}{section.7.8}% 308
\BOOKMARK [1][-]{section.7.9}{\376\377\000W\000o\000r\000d\000\040\000E\000m\000b\000e\000d\000d\000i\000n\000g\000s\000\040\000I\000I\000I\000:\000\040\000G\000l\000o\000V\000e}{chapter.7}% 309
\BOOKMARK [2][-]{subsection.7.9.1}{\376\377\000C\000o\000-\000o\000c\000c\000u\000r\000r\000e\000n\000c\000e\000\040\000M\000a\000t\000r\000i\000x}{section.7.9}% 310
\BOOKMARK [2][-]{subsection.7.9.2}{\376\377\000G\000l\000o\000V\000e\000\040\000O\000b\000j\000e\000c\000t\000i\000v\000e\000\040\000D\000e\000r\000i\000v\000a\000t\000i\000o\000n}{section.7.9}% 311
\BOOKMARK [1][-]{section.7.10}{\376\377\000C\000o\000n\000t\000e\000x\000t\000u\000a\000l\000\040\000E\000m\000b\000e\000d\000d\000i\000n\000g\000s}{chapter.7}% 312
\BOOKMARK [2][-]{subsection.7.10.1}{\376\377\000E\000L\000M\000o\000:\000\040\000E\000m\000b\000e\000d\000d\000i\000n\000g\000s\000\040\000f\000r\000o\000m\000\040\000L\000a\000n\000g\000u\000a\000g\000e\000\040\000M\000o\000d\000e\000l\000s}{section.7.10}% 313
\BOOKMARK [2][-]{subsection.7.10.2}{\376\377\000B\000E\000R\000T\000:\000\040\000B\000i\000d\000i\000r\000e\000c\000t\000i\000o\000n\000a\000l\000\040\000E\000n\000c\000o\000d\000e\000r\000\040\000R\000e\000p\000r\000e\000s\000e\000n\000t\000a\000t\000i\000o\000n\000s\000\040\000f\000r\000o\000m\000\040\000T\000r\000a\000n\000s\000f\000o\000r\000m\000e\000r\000s}{section.7.10}% 314
\BOOKMARK [1][-]{section.7.11}{\376\377\000T\000h\000e\000\040\000T\000r\000a\000n\000s\000f\000o\000r\000m\000e\000r\000\040\000A\000r\000c\000h\000i\000t\000e\000c\000t\000u\000r\000e}{chapter.7}% 315
\BOOKMARK [2][-]{subsection.7.11.1}{\376\377\000S\000e\000l\000f\000-\000A\000t\000t\000e\000n\000t\000i\000o\000n\000\040\000M\000e\000c\000h\000a\000n\000i\000s\000m}{section.7.11}% 316
\BOOKMARK [2][-]{subsection.7.11.2}{\376\377\000M\000u\000l\000t\000i\000-\000H\000e\000a\000d\000\040\000A\000t\000t\000e\000n\000t\000i\000o\000n}{section.7.11}% 317
\BOOKMARK [2][-]{subsection.7.11.3}{\376\377\000P\000o\000s\000i\000t\000i\000o\000n\000a\000l\000\040\000E\000n\000c\000o\000d\000i\000n\000g}{section.7.11}% 318
\BOOKMARK [2][-]{subsection.7.11.4}{\376\377\000F\000e\000e\000d\000-\000F\000o\000r\000w\000a\000r\000d\000\040\000N\000e\000t\000w\000o\000r\000k\000s}{section.7.11}% 319
\BOOKMARK [2][-]{subsection.7.11.5}{\376\377\000L\000a\000y\000e\000r\000\040\000N\000o\000r\000m\000a\000l\000i\000s\000a\000t\000i\000o\000n\000\040\000a\000n\000d\000\040\000R\000e\000s\000i\000d\000u\000a\000l\000\040\000C\000o\000n\000n\000e\000c\000t\000i\000o\000n\000s}{section.7.11}% 320
\BOOKMARK [2][-]{subsection.7.11.6}{\376\377\000C\000o\000m\000p\000l\000e\000t\000e\000\040\000T\000r\000a\000n\000s\000f\000o\000r\000m\000e\000r\000\040\000E\000n\000c\000o\000d\000e\000r}{section.7.11}% 321
\BOOKMARK [2][-]{subsection.7.11.7}{\376\377\000C\000o\000m\000p\000u\000t\000a\000t\000i\000o\000n\000a\000l\000\040\000C\000o\000m\000p\000l\000e\000x\000i\000t\000y}{section.7.11}% 322
\BOOKMARK [1][-]{section.7.12}{\376\377\000S\000e\000n\000t\000i\000m\000e\000n\000t\000\040\000A\000n\000a\000l\000y\000s\000i\000s\000\040\000w\000i\000t\000h\000\040\000R\000N\000N\000s}{chapter.7}% 323
\BOOKMARK [2][-]{subsection.7.12.1}{\376\377\000B\000a\000s\000i\000c\000\040\000R\000N\000N\000s\000\040\000f\000o\000r\000\040\000S\000e\000n\000t\000i\000m\000e\000n\000t\000\040\000A\000n\000a\000l\000y\000s\000i\000s}{section.7.12}% 324
\BOOKMARK [2][-]{subsection.7.12.2}{\376\377\000C\000h\000a\000l\000l\000e\000n\000g\000e\000s\000\040\000w\000i\000t\000h\000\040\000B\000a\000s\000i\000c\000\040\000R\000N\000N\000s}{section.7.12}% 325
\BOOKMARK [2][-]{subsection.7.12.3}{\376\377\000L\000S\000T\000M\000\040\000a\000n\000d\000\040\000G\000R\000U\000\040\000f\000o\000r\000\040\000S\000e\000n\000t\000i\000m\000e\000n\000t}{section.7.12}% 326
\BOOKMARK [2][-]{subsection.7.12.4}{\376\377\000B\000i\000d\000i\000r\000e\000c\000t\000i\000o\000n\000a\000l\000\040\000R\000N\000N\000s}{section.7.12}% 327
\BOOKMARK [2][-]{subsection.7.12.5}{\376\377\000P\000r\000e\000t\000r\000a\000i\000n\000i\000n\000g\000\040\000T\000a\000s\000k\000:\000\040\000M\000a\000s\000k\000e\000d\000\040\000L\000a\000n\000g\000u\000a\000g\000e\000\040\000M\000o\000d\000e\000l\000l\000i\000n\000g}{section.7.12}% 328
\BOOKMARK [2][-]{subsection.7.12.6}{\376\377\000T\000r\000a\000i\000n\000i\000n\000g\000\040\000w\000i\000t\000h\000\040\000S\000e\000n\000t\000i\000m\000e\000n\000t\000\040\000L\000a\000b\000e\000l\000s}{section.7.12}% 329
\BOOKMARK [1][-]{section.7.13}{\376\377\000R\000e\000g\000u\000l\000a\000r\000i\000s\000a\000t\000i\000o\000n\000\040\000i\000n\000\040\000D\000e\000e\000p\000\040\000L\000e\000a\000r\000n\000i\000n\000g}{chapter.7}% 330
\BOOKMARK [2][-]{subsection.7.13.1}{\376\377\000W\000e\000i\000g\000h\000t\000\040\000S\000h\000a\000r\000i\000n\000g}{section.7.13}% 331
\BOOKMARK [2][-]{subsection.7.13.2}{\376\377\000W\000e\000i\000g\000h\000t\000\040\000D\000e\000c\000a\000y\000\040\000\050\000L\0002\000\040\000R\000e\000g\000u\000l\000a\000r\000i\000s\000a\000t\000i\000o\000n\000\051}{section.7.13}% 332
\BOOKMARK [2][-]{subsection.7.13.3}{\376\377\000D\000r\000o\000p\000o\000u\000t}{section.7.13}% 333
\BOOKMARK [2][-]{subsection.7.13.4}{\376\377\000D\000r\000o\000p\000o\000u\000t\000\040\000i\000n\000\040\000N\000L\000P}{section.7.13}% 334
\BOOKMARK [2][-]{subsection.7.13.5}{\376\377\000L\000a\000b\000e\000l\000\040\000S\000m\000o\000o\000t\000h\000i\000n\000g}{section.7.13}% 335
\BOOKMARK [1][-]{section.7.14}{\376\377\000S\000u\000m\000m\000a\000r\000y\000:\000\040\000F\000r\000o\000m\000\040\000W\000o\000r\000d\000s\000\040\000t\000o\000\040\000T\000r\000a\000n\000s\000f\000o\000r\000m\000e\000r\000s}{chapter.7}% 336
\BOOKMARK [0][-]{chapter.8}{\376\377\000W\000e\000e\000k\000\040\0008\000:\000\040\000N\000L\000P\000\040\000I\000I\000\040\000-\000\040\000A\000t\000t\000e\000n\000t\000i\000o\000n\000\040\000a\000n\000d\000\040\000T\000r\000a\000n\000s\000f\000o\000r\000m\000e\000r\000s}{}% 337
\BOOKMARK [1][-]{section.8.1}{\376\377\000E\000n\000c\000o\000d\000e\000r\000-\000D\000e\000c\000o\000d\000e\000r\000\040\000A\000r\000c\000h\000i\000t\000e\000c\000t\000u\000r\000e}{chapter.8}% 338
\BOOKMARK [2][-]{subsection.8.1.1}{\376\377\000M\000a\000c\000h\000i\000n\000e\000\040\000T\000r\000a\000n\000s\000l\000a\000t\000i\000o\000n\000:\000\040\000T\000h\000e\000\040\000C\000a\000n\000o\000n\000i\000c\000a\000l\000\040\000S\000e\000q\0002\000S\000e\000q\000\040\000P\000r\000o\000b\000l\000e\000m}{section.8.1}% 339
\BOOKMARK [2][-]{subsection.8.1.2}{\376\377\000T\000h\000e\000\040\000E\000n\000c\000o\000d\000e\000r\000-\000D\000e\000c\000o\000d\000e\000r\000\040\000F\000r\000a\000m\000e\000w\000o\000r\000k}{section.8.1}% 340
\BOOKMARK [2][-]{subsection.8.1.3}{\376\377\000A\000u\000t\000o\000e\000n\000c\000o\000d\000e\000r\000:\000\040\000A\000\040\000S\000p\000e\000c\000i\000a\000l\000\040\000C\000a\000s\000e}{section.8.1}% 341
\BOOKMARK [2][-]{subsection.8.1.4}{\376\377\000R\000N\000N\000-\000B\000a\000s\000e\000d\000\040\000E\000n\000c\000o\000d\000e\000r\000-\000D\000e\000c\000o\000d\000e\000r}{section.8.1}% 342
\BOOKMARK [2][-]{subsection.8.1.5}{\376\377\000B\000i\000d\000i\000r\000e\000c\000t\000i\000o\000n\000a\000l\000\040\000E\000n\000c\000o\000d\000i\000n\000g}{section.8.1}% 343
\BOOKMARK [2][-]{subsection.8.1.6}{\376\377\000D\000a\000t\000a\000\040\000P\000r\000e\000p\000r\000o\000c\000e\000s\000s\000i\000n\000g\000\040\000f\000o\000r\000\040\000M\000a\000c\000h\000i\000n\000e\000\040\000T\000r\000a\000n\000s\000l\000a\000t\000i\000o\000n}{section.8.1}% 344
\BOOKMARK [1][-]{section.8.2}{\376\377\000B\000L\000E\000U\000:\000\040\000E\000v\000a\000l\000u\000a\000t\000i\000n\000g\000\040\000M\000a\000c\000h\000i\000n\000e\000\040\000T\000r\000a\000n\000s\000l\000a\000t\000i\000o\000n}{chapter.8}% 345
\BOOKMARK [2][-]{subsection.8.2.1}{\376\377\000T\000h\000e\000\040\000C\000h\000a\000l\000l\000e\000n\000g\000e\000\040\000o\000f\000\040\000E\000v\000a\000l\000u\000a\000t\000i\000o\000n}{section.8.2}% 346
\BOOKMARK [2][-]{subsection.8.2.2}{\376\377\000C\000o\000m\000p\000u\000t\000i\000n\000g\000\040\000B\000L\000E\000U\000\040\000i\000n\000\040\000P\000r\000a\000c\000t\000i\000c\000e}{section.8.2}% 347
\BOOKMARK [1][-]{section.8.3}{\376\377\000T\000h\000e\000\040\000A\000t\000t\000e\000n\000t\000i\000o\000n\000\040\000M\000e\000c\000h\000a\000n\000i\000s\000m}{chapter.8}% 348
\BOOKMARK [2][-]{subsection.8.3.1}{\376\377\000T\000h\000e\000\040\000P\000r\000o\000b\000l\000e\000m\000:\000\040\000I\000n\000f\000o\000r\000m\000a\000t\000i\000o\000n\000\040\000B\000o\000t\000t\000l\000e\000n\000e\000c\000k}{section.8.3}% 349
\BOOKMARK [2][-]{subsection.8.3.2}{\376\377\000B\000i\000o\000l\000o\000g\000i\000c\000a\000l\000\040\000I\000n\000s\000p\000i\000r\000a\000t\000i\000o\000n\000:\000\040\000H\000o\000w\000\040\000H\000u\000m\000a\000n\000s\000\040\000A\000t\000t\000e\000n\000d}{section.8.3}% 350
\BOOKMARK [2][-]{subsection.8.3.3}{\376\377\000Q\000u\000e\000r\000i\000e\000s\000,\000\040\000K\000e\000y\000s\000,\000\040\000a\000n\000d\000\040\000V\000a\000l\000u\000e\000s}{section.8.3}% 351
\BOOKMARK [2][-]{subsection.8.3.4}{\376\377\000A\000t\000t\000e\000n\000t\000i\000o\000n\000\040\000P\000o\000o\000l\000i\000n\000g\000:\000\040\000F\000r\000o\000m\000\040\000H\000a\000r\000d\000\040\000t\000o\000\040\000S\000o\000f\000t\000\040\000R\000e\000t\000r\000i\000e\000v\000a\000l}{section.8.3}% 352
\BOOKMARK [2][-]{subsection.8.3.5}{\376\377\000A\000t\000t\000e\000n\000t\000i\000o\000n\000\040\000S\000c\000o\000r\000i\000n\000g\000\040\000F\000u\000n\000c\000t\000i\000o\000n\000s}{section.8.3}% 353
\BOOKMARK [1][-]{section.8.4}{\376\377\000B\000a\000h\000d\000a\000n\000a\000u\000\040\000A\000t\000t\000e\000n\000t\000i\000o\000n}{chapter.8}% 354
\BOOKMARK [2][-]{subsection.8.4.1}{\376\377\000F\000r\000o\000m\000\040\000F\000i\000x\000e\000d\000\040\000C\000o\000n\000t\000e\000x\000t\000\040\000t\000o\000\040\000D\000y\000n\000a\000m\000i\000c\000\040\000C\000o\000n\000t\000e\000x\000t}{section.8.4}% 355
\BOOKMARK [2][-]{subsection.8.4.2}{\376\377\000I\000n\000t\000e\000r\000p\000r\000e\000t\000i\000n\000g\000\040\000A\000t\000t\000e\000n\000t\000i\000o\000n\000\040\000a\000s\000\040\000S\000o\000f\000t\000\040\000A\000l\000i\000g\000n\000m\000e\000n\000t}{section.8.4}% 356
\BOOKMARK [2][-]{subsection.8.4.3}{\376\377\000B\000a\000h\000d\000a\000n\000a\000u\000\040\000A\000t\000t\000e\000n\000t\000i\000o\000n\000\040\000i\000n\000\040\000t\000h\000e\000\040\000Q\000u\000e\000r\000y\000-\000K\000e\000y\000-\000V\000a\000l\000u\000e\000\040\000F\000r\000a\000m\000e\000w\000o\000r\000k}{section.8.4}% 357
\BOOKMARK [2][-]{subsection.8.4.4}{\376\377\000I\000m\000p\000l\000e\000m\000e\000n\000t\000a\000t\000i\000o\000n\000\040\000C\000o\000n\000s\000i\000d\000e\000r\000a\000t\000i\000o\000n\000s}{section.8.4}% 358
\BOOKMARK [1][-]{section.8.5}{\376\377\000M\000u\000l\000t\000i\000-\000H\000e\000a\000d\000\040\000A\000t\000t\000e\000n\000t\000i\000o\000n}{chapter.8}% 359
\BOOKMARK [2][-]{subsection.8.5.1}{\376\377\000M\000o\000t\000i\000v\000a\000t\000i\000o\000n\000:\000\040\000D\000i\000v\000e\000r\000s\000e\000\040\000A\000t\000t\000e\000n\000t\000i\000o\000n\000\040\000P\000a\000t\000t\000e\000r\000n\000s}{section.8.5}% 360
\BOOKMARK [2][-]{subsection.8.5.2}{\376\377\000D\000i\000m\000e\000n\000s\000i\000o\000n\000\040\000M\000a\000n\000a\000g\000e\000m\000e\000n\000t}{section.8.5}% 361
\BOOKMARK [2][-]{subsection.8.5.3}{\376\377\000W\000h\000a\000t\000\040\000D\000o\000\040\000D\000i\000f\000f\000e\000r\000e\000n\000t\000\040\000H\000e\000a\000d\000s\000\040\000L\000e\000a\000r\000n\000?}{section.8.5}% 362
\BOOKMARK [1][-]{section.8.6}{\376\377\000S\000e\000l\000f\000-\000A\000t\000t\000e\000n\000t\000i\000o\000n}{chapter.8}% 363
\BOOKMARK [2][-]{subsection.8.6.1}{\376\377\000D\000e\000f\000i\000n\000i\000t\000i\000o\000n\000\040\000a\000n\000d\000\040\000I\000n\000t\000u\000i\000t\000i\000o\000n}{section.8.6}% 364
\BOOKMARK [2][-]{subsection.8.6.2}{\376\377\000P\000r\000o\000p\000e\000r\000t\000i\000e\000s\000\040\000o\000f\000\040\000S\000e\000l\000f\000-\000A\000t\000t\000e\000n\000t\000i\000o\000n}{section.8.6}% 365
\BOOKMARK [2][-]{subsection.8.6.3}{\376\377\000M\000a\000s\000k\000e\000d\000\040\000S\000e\000l\000f\000-\000A\000t\000t\000e\000n\000t\000i\000o\000n\000\040\000f\000o\000r\000\040\000A\000u\000t\000o\000r\000e\000g\000r\000e\000s\000s\000i\000v\000e\000\040\000G\000e\000n\000e\000r\000a\000t\000i\000o\000n}{section.8.6}% 366
\BOOKMARK [1][-]{section.8.7}{\376\377\000P\000o\000s\000i\000t\000i\000o\000n\000a\000l\000\040\000E\000n\000c\000o\000d\000i\000n\000g}{chapter.8}% 367
\BOOKMARK [2][-]{subsection.8.7.1}{\376\377\000T\000h\000e\000\040\000P\000r\000o\000b\000l\000e\000m\000:\000\040\000O\000r\000d\000e\000r\000\040\000B\000l\000i\000n\000d\000n\000e\000s\000s}{section.8.7}% 368
\BOOKMARK [2][-]{subsection.8.7.2}{\376\377\000S\000i\000n\000u\000s\000o\000i\000d\000a\000l\000\040\000P\000o\000s\000i\000t\000i\000o\000n\000a\000l\000\040\000E\000n\000c\000o\000d\000i\000n\000g}{section.8.7}% 369
\BOOKMARK [2][-]{subsection.8.7.3}{\376\377\000A\000l\000t\000e\000r\000n\000a\000t\000i\000v\000e\000\040\000P\000o\000s\000i\000t\000i\000o\000n\000a\000l\000\040\000E\000n\000c\000o\000d\000i\000n\000g\000\040\000M\000e\000t\000h\000o\000d\000s}{section.8.7}% 370
\BOOKMARK [1][-]{section.8.8}{\376\377\000T\000h\000e\000\040\000T\000r\000a\000n\000s\000f\000o\000r\000m\000e\000r\000\040\000A\000r\000c\000h\000i\000t\000e\000c\000t\000u\000r\000e}{chapter.8}% 371
\BOOKMARK [2][-]{subsection.8.8.1}{\376\377\000T\000h\000e\000\040\000T\000r\000a\000n\000s\000f\000o\000r\000m\000e\000r\000\040\000E\000n\000c\000o\000d\000e\000r}{section.8.8}% 372
\BOOKMARK [2][-]{subsection.8.8.2}{\376\377\000T\000h\000e\000\040\000T\000r\000a\000n\000s\000f\000o\000r\000m\000e\000r\000\040\000D\000e\000c\000o\000d\000e\000r}{section.8.8}% 373
\BOOKMARK [2][-]{subsection.8.8.3}{\376\377\000T\000r\000a\000n\000s\000f\000o\000r\000m\000e\000r\000\040\000A\000r\000c\000h\000i\000t\000e\000c\000t\000u\000r\000a\000l\000\040\000V\000a\000r\000i\000a\000n\000t\000s}{section.8.8}% 374
\BOOKMARK [1][-]{section.8.9}{\376\377\000B\000E\000R\000T\000:\000\040\000B\000i\000d\000i\000r\000e\000c\000t\000i\000o\000n\000a\000l\000\040\000E\000n\000c\000o\000d\000e\000r\000\040\000R\000e\000p\000r\000e\000s\000e\000n\000t\000a\000t\000i\000o\000n\000s}{chapter.8}% 375
\BOOKMARK [2][-]{subsection.8.9.1}{\376\377\000A\000r\000c\000h\000i\000t\000e\000c\000t\000u\000r\000e\000\040\000a\000n\000d\000\040\000P\000r\000e\000t\000r\000a\000i\000n\000i\000n\000g}{section.8.9}% 376
\BOOKMARK [2][-]{subsection.8.9.2}{\376\377\000F\000i\000n\000e\000-\000t\000u\000n\000i\000n\000g\000\040\000B\000E\000R\000T\000\040\000f\000o\000r\000\040\000D\000o\000w\000n\000s\000t\000r\000e\000a\000m\000\040\000T\000a\000s\000k\000s}{section.8.9}% 377
\BOOKMARK [2][-]{subsection.8.9.3}{\376\377\000B\000E\000R\000T\000\040\000V\000a\000r\000i\000a\000n\000t\000s\000\040\000a\000n\000d\000\040\000L\000e\000g\000a\000c\000y}{section.8.9}% 378
\BOOKMARK [1][-]{section.8.10}{\376\377\000V\000i\000s\000i\000o\000n\000\040\000T\000r\000a\000n\000s\000f\000o\000r\000m\000e\000r\000\040\000\050\000V\000i\000T\000\051}{chapter.8}% 379
\BOOKMARK [2][-]{subsection.8.10.1}{\376\377\000I\000m\000a\000g\000e\000\040\000a\000s\000\040\000S\000e\000q\000u\000e\000n\000c\000e\000\040\000o\000f\000\040\000P\000a\000t\000c\000h\000e\000s}{section.8.10}% 380
\BOOKMARK [2][-]{subsection.8.10.2}{\376\377\000V\000i\000T\000\040\000M\000o\000d\000e\000l\000\040\000V\000a\000r\000i\000a\000n\000t\000s}{section.8.10}% 381
\BOOKMARK [2][-]{subsection.8.10.3}{\376\377\000D\000a\000t\000a\000\040\000R\000e\000q\000u\000i\000r\000e\000m\000e\000n\000t\000s\000\040\000a\000n\000d\000\040\000I\000n\000d\000u\000c\000t\000i\000v\000e\000\040\000B\000i\000a\000s}{section.8.10}% 382
\BOOKMARK [2][-]{subsection.8.10.4}{\376\377\000V\000i\000T\000\040\000V\000a\000r\000i\000a\000n\000t\000s\000\040\000a\000n\000d\000\040\000I\000m\000p\000r\000o\000v\000e\000m\000e\000n\000t\000s}{section.8.10}% 383
\BOOKMARK [1][-]{section.8.11}{\376\377\000C\000o\000m\000p\000u\000t\000a\000t\000i\000o\000n\000a\000l\000\040\000C\000o\000n\000s\000i\000d\000e\000r\000a\000t\000i\000o\000n\000s}{chapter.8}% 384
\BOOKMARK [1][-]{section.8.12}{\376\377\000S\000u\000m\000m\000a\000r\000y\000\040\000a\000n\000d\000\040\000K\000e\000y\000\040\000T\000a\000k\000e\000a\000w\000a\000y\000s}{chapter.8}% 385
\BOOKMARK [1][-]{section.8.13}{\376\377\000C\000o\000n\000n\000e\000c\000t\000i\000o\000n\000s\000\040\000t\000o\000\040\000O\000t\000h\000e\000r\000\040\000T\000o\000p\000i\000c\000s}{chapter.8}% 386
\BOOKMARK [0][-]{chapter.9}{\376\377\000W\000e\000e\000k\000\040\0009\000:\000\040\000L\000a\000r\000g\000e\000\040\000L\000a\000n\000g\000u\000a\000g\000e\000\040\000M\000o\000d\000e\000l\000s\000\040\000i\000n\000\040\000P\000r\000a\000c\000t\000i\000c\000e}{}% 387
\BOOKMARK [1][-]{section.9.1}{\376\377\000A\000I\000\040\000A\000l\000i\000g\000n\000m\000e\000n\000t\000:\000\040\000T\000h\000e\000\040\000C\000h\000a\000l\000l\000e\000n\000g\000e\000\040\000o\000f\000\040\000H\000e\000l\000p\000f\000u\000l\000,\000\040\000H\000a\000r\000m\000l\000e\000s\000s\000,\000\040\000a\000n\000d\000\040\000H\000o\000n\000e\000s\000t\000\040\000S\000y\000s\000t\000e\000m\000s}{chapter.9}% 388
\BOOKMARK [2][-]{subsection.9.1.1}{\376\377\000H\000a\000l\000l\000u\000c\000i\000n\000a\000t\000i\000o\000n\000s\000:\000\040\000C\000o\000n\000f\000i\000d\000e\000n\000t\000\040\000F\000a\000b\000r\000i\000c\000a\000t\000i\000o\000n}{section.9.1}% 389
\BOOKMARK [2][-]{subsection.9.1.2}{\376\377\000D\000a\000t\000a\000-\000B\000a\000s\000e\000d\000\040\000B\000i\000a\000s\000:\000\040\000L\000e\000a\000r\000n\000i\000n\000g\000\040\000S\000o\000c\000i\000e\000t\000y\000'\000s\000\040\000P\000r\000e\000j\000u\000d\000i\000c\000e\000s}{section.9.1}% 390
\BOOKMARK [2][-]{subsection.9.1.3}{\376\377\000O\000f\000f\000e\000n\000s\000i\000v\000e\000\040\000a\000n\000d\000\040\000I\000l\000l\000e\000g\000a\000l\000\040\000C\000o\000n\000t\000e\000n\000t}{section.9.1}% 391
\BOOKMARK [2][-]{subsection.9.1.4}{\376\377\000L\000L\000M\000s\000\040\000v\000s\000\040\000C\000h\000a\000t\000b\000o\000t\000s\000:\000\040\000T\000h\000e\000\040\000A\000l\000i\000g\000n\000m\000e\000n\000t\000\040\000G\000a\000p}{section.9.1}% 392
\BOOKMARK [1][-]{section.9.2}{\376\377\000P\000o\000s\000t\000-\000T\000r\000a\000i\000n\000i\000n\000g\000:\000\040\000A\000l\000i\000g\000n\000i\000n\000g\000\040\000L\000L\000M\000s}{chapter.9}% 393
\BOOKMARK [2][-]{subsection.9.2.1}{\376\377\000T\000h\000e\000\040\000L\000L\000M\000\040\000T\000r\000a\000i\000n\000i\000n\000g\000\040\000P\000i\000p\000e\000l\000i\000n\000e}{section.9.2}% 394
\BOOKMARK [2][-]{subsection.9.2.2}{\376\377\000L\000L\000M\000\040\000I\000n\000f\000e\000r\000e\000n\000c\000e\000:\000\040\000B\000e\000h\000i\000n\000d\000\040\000t\000h\000e\000\040\000S\000c\000e\000n\000e\000s}{section.9.2}% 395
\BOOKMARK [2][-]{subsection.9.2.3}{\376\377\000S\000u\000p\000e\000r\000v\000i\000s\000e\000d\000\040\000F\000i\000n\000e\000-\000T\000u\000n\000i\000n\000g\000\040\000\050\000S\000F\000T\000\051}{section.9.2}% 396
\BOOKMARK [1][-]{section.9.3}{\376\377\000R\000e\000i\000n\000f\000o\000r\000c\000e\000m\000e\000n\000t\000\040\000L\000e\000a\000r\000n\000i\000n\000g\000\040\000f\000r\000o\000m\000\040\000H\000u\000m\000a\000n\000\040\000F\000e\000e\000d\000b\000a\000c\000k\000\040\000\050\000R\000L\000H\000F\000\051}{chapter.9}% 397
\BOOKMARK [2][-]{subsection.9.3.1}{\376\377\000T\000h\000e\000\040\000T\000h\000r\000e\000e\000-\000S\000t\000e\000p\000\040\000R\000L\000H\000F\000\040\000P\000r\000o\000c\000e\000s\000s}{section.9.3}% 398
\BOOKMARK [2][-]{subsection.9.3.2}{\376\377\000W\000h\000y\000\040\000P\000r\000e\000f\000e\000r\000e\000n\000c\000e\000s\000\040\000O\000v\000e\000r\000\040\000D\000e\000m\000o\000n\000s\000t\000r\000a\000t\000i\000o\000n\000s\000?}{section.9.3}% 399
\BOOKMARK [2][-]{subsection.9.3.3}{\376\377\000P\000r\000o\000x\000i\000m\000a\000l\000\040\000P\000o\000l\000i\000c\000y\000\040\000O\000p\000t\000i\000m\000i\000s\000a\000t\000i\000o\000n\000\040\000\050\000P\000P\000O\000\051}{section.9.3}% 400
\BOOKMARK [2][-]{subsection.9.3.4}{\376\377\000E\000t\000h\000i\000c\000a\000l\000\040\000C\000o\000n\000c\000e\000r\000n\000s\000\040\000i\000n\000\040\000R\000L\000H\000F}{section.9.3}% 401
\BOOKMARK [2][-]{subsection.9.3.5}{\376\377\000A\000l\000t\000e\000r\000n\000a\000t\000i\000v\000e\000s\000\040\000a\000n\000d\000\040\000E\000x\000t\000e\000n\000s\000i\000o\000n\000s\000\040\000t\000o\000\040\000R\000L\000H\000F}{section.9.3}% 402
\BOOKMARK [1][-]{section.9.4}{\376\377\000T\000h\000e\000\040\000B\000i\000t\000t\000e\000r\000\040\000L\000e\000s\000s\000o\000n}{chapter.9}% 403
\BOOKMARK [2][-]{subsection.9.4.1}{\376\377\000H\000i\000s\000t\000o\000r\000i\000c\000a\000l\000\040\000E\000v\000i\000d\000e\000n\000c\000e}{section.9.4}% 404
\BOOKMARK [2][-]{subsection.9.4.2}{\376\377\000I\000m\000p\000l\000i\000c\000a\000t\000i\000o\000n\000s\000\040\000f\000o\000r\000\040\000L\000L\000M\000\040\000D\000e\000v\000e\000l\000o\000p\000m\000e\000n\000t}{section.9.4}% 405
\BOOKMARK [2][-]{subsection.9.4.3}{\376\377\000C\000o\000u\000n\000t\000e\000r\000a\000r\000g\000u\000m\000e\000n\000t\000s\000\040\000a\000n\000d\000\040\000N\000u\000a\000n\000c\000e}{section.9.4}% 406
\BOOKMARK [1][-]{section.9.5}{\376\377\000R\000e\000a\000s\000o\000n\000i\000n\000g\000\040\000M\000o\000d\000e\000l\000s}{chapter.9}% 407
\BOOKMARK [2][-]{subsection.9.5.1}{\376\377\000W\000h\000a\000t\000\040\000A\000r\000e\000\040\000R\000e\000a\000s\000o\000n\000i\000n\000g\000\040\000M\000o\000d\000e\000l\000s\000?}{section.9.5}% 408
\BOOKMARK [2][-]{subsection.9.5.2}{\376\377\000P\000e\000r\000f\000o\000r\000m\000a\000n\000c\000e\000\040\000C\000h\000a\000r\000a\000c\000t\000e\000r\000i\000s\000t\000i\000c\000s\000\040\000o\000f\000\040\000R\000e\000a\000s\000o\000n\000i\000n\000g\000\040\000M\000o\000d\000e\000l\000s}{section.9.5}% 409
\BOOKMARK [2][-]{subsection.9.5.3}{\376\377\000H\000o\000w\000\040\000R\000e\000a\000s\000o\000n\000i\000n\000g\000\040\000M\000o\000d\000e\000l\000s\000\040\000A\000r\000e\000\040\000T\000r\000a\000i\000n\000e\000d}{section.9.5}% 410
\BOOKMARK [2][-]{subsection.9.5.4}{\376\377\000T\000h\000e\000\040\000F\000u\000t\000u\000r\000e\000\040\000o\000f\000\040\000R\000e\000a\000s\000o\000n\000i\000n\000g\000\040\000M\000o\000d\000e\000l\000s}{section.9.5}% 411
\BOOKMARK [1][-]{section.9.6}{\376\377\000R\000e\000t\000r\000i\000e\000v\000a\000l\000-\000A\000u\000g\000m\000e\000n\000t\000e\000d\000\040\000G\000e\000n\000e\000r\000a\000t\000i\000o\000n\000\040\000\050\000R\000A\000G\000\051}{chapter.9}% 412
\BOOKMARK [2][-]{subsection.9.6.1}{\376\377\000M\000o\000t\000i\000v\000a\000t\000i\000o\000n\000:\000\040\000T\000h\000e\000\040\000K\000n\000o\000w\000l\000e\000d\000g\000e\000\040\000C\000u\000r\000r\000e\000n\000c\000y\000\040\000P\000r\000o\000b\000l\000e\000m}{section.9.6}% 413
\BOOKMARK [2][-]{subsection.9.6.2}{\376\377\000R\000A\000G\000\040\000A\000r\000c\000h\000i\000t\000e\000c\000t\000u\000r\000e}{section.9.6}% 414
\BOOKMARK [2][-]{subsection.9.6.3}{\376\377\000D\000o\000c\000u\000m\000e\000n\000t\000\040\000R\000e\000t\000r\000i\000e\000v\000a\000l\000\040\000M\000e\000t\000h\000o\000d\000s}{section.9.6}% 415
\BOOKMARK [2][-]{subsection.9.6.4}{\376\377\000R\000A\000G\000\040\000B\000e\000n\000e\000f\000i\000t\000s\000\040\000a\000n\000d\000\040\000L\000i\000m\000i\000t\000a\000t\000i\000o\000n\000s}{section.9.6}% 416
\BOOKMARK [1][-]{section.9.7}{\376\377\000F\000i\000n\000e\000-\000T\000u\000n\000i\000n\000g\000\040\000L\000L\000M\000s}{chapter.9}% 417
\BOOKMARK [2][-]{subsection.9.7.1}{\376\377\000T\000h\000e\000\040\000L\000a\000n\000d\000s\000c\000a\000p\000e\000\040\000o\000f\000\040\000L\000L\000M\000\040\000A\000v\000a\000i\000l\000a\000b\000i\000l\000i\000t\000y}{section.9.7}% 418
\BOOKMARK [2][-]{subsection.9.7.2}{\376\377\000C\000h\000a\000l\000l\000e\000n\000g\000e\000s\000\040\000i\000n\000\040\000F\000i\000n\000e\000-\000T\000u\000n\000i\000n\000g}{section.9.7}% 419
\BOOKMARK [2][-]{subsection.9.7.3}{\376\377\000P\000a\000r\000a\000m\000e\000t\000e\000r\000-\000E\000f\000f\000i\000c\000i\000e\000n\000t\000\040\000F\000i\000n\000e\000-\000T\000u\000n\000i\000n\000g\000\040\000\050\000P\000E\000F\000T\000\051}{section.9.7}% 420
\BOOKMARK [2][-]{subsection.9.7.4}{\376\377\000L\000o\000R\000A\000:\000\040\000L\000o\000w\000-\000R\000a\000n\000k\000\040\000A\000d\000a\000p\000t\000a\000t\000i\000o\000n}{section.9.7}% 421
\BOOKMARK [2][-]{subsection.9.7.5}{\376\377\000F\000i\000n\000e\000-\000T\000u\000n\000i\000n\000g\000\040\000P\000r\000o\000p\000r\000i\000e\000t\000a\000r\000y\000\040\000M\000o\000d\000e\000l\000s}{section.9.7}% 422
\BOOKMARK [1][-]{section.9.8}{\376\377\000F\000e\000w\000-\000S\000h\000o\000t\000\040\000L\000e\000a\000r\000n\000i\000n\000g}{chapter.9}% 423
\BOOKMARK [1][-]{section.9.9}{\376\377\000S\000t\000r\000u\000c\000t\000u\000r\000e\000d\000\040\000O\000u\000t\000p\000u\000t\000s}{chapter.9}% 424
\BOOKMARK [2][-]{subsection.9.9.1}{\376\377\000J\000S\000O\000N\000\040\000S\000c\000h\000e\000m\000a\000\040\000a\000n\000d\000\040\000F\000o\000r\000m\000a\000t\000\040\000C\000o\000n\000s\000t\000r\000a\000i\000n\000t\000s}{section.9.9}% 425
\BOOKMARK [2][-]{subsection.9.9.2}{\376\377\000C\000h\000a\000i\000n\000-\000o\000f\000-\000T\000h\000o\000u\000g\000h\000t\000\040\000w\000i\000t\000h\000\040\000S\000t\000r\000u\000c\000t\000u\000r\000e\000d\000\040\000O\000u\000t\000p\000u\000t}{section.9.9}% 426
\BOOKMARK [1][-]{section.9.10}{\376\377\000T\000o\000o\000l\000\040\000C\000a\000l\000l\000i\000n\000g}{chapter.9}% 427
\BOOKMARK [2][-]{subsection.9.10.1}{\376\377\000W\000h\000a\000t\000\040\000I\000s\000\040\000T\000o\000o\000l\000\040\000C\000a\000l\000l\000i\000n\000g\000?}{section.9.10}% 428
\BOOKMARK [2][-]{subsection.9.10.2}{\376\377\000T\000h\000e\000\040\000F\000i\000v\000e\000-\000S\000t\000e\000p\000\040\000T\000o\000o\000l\000\040\000C\000a\000l\000l\000i\000n\000g\000\040\000F\000l\000o\000w}{section.9.10}% 429
\BOOKMARK [1][-]{section.9.11}{\376\377\000A\000I\000\040\000A\000g\000e\000n\000t\000s}{chapter.9}% 430
\BOOKMARK [2][-]{subsection.9.11.1}{\376\377\000D\000e\000f\000i\000n\000i\000n\000g\000\040\000A\000I\000\040\000A\000g\000e\000n\000t\000s}{section.9.11}% 431
\BOOKMARK [2][-]{subsection.9.11.2}{\376\377\000E\000x\000a\000m\000p\000l\000e\000s\000\040\000o\000f\000\040\000A\000I\000\040\000A\000g\000e\000n\000t\000s}{section.9.11}% 432
\BOOKMARK [2][-]{subsection.9.11.3}{\376\377\000A\000g\000e\000n\000t\000\040\000C\000a\000t\000e\000g\000o\000r\000i\000s\000a\000t\000i\000o\000n\000\040\000a\000n\000d\000\040\000G\000o\000v\000e\000r\000n\000a\000n\000c\000e}{section.9.11}% 433
\BOOKMARK [2][-]{subsection.9.11.4}{\376\377\000F\000u\000t\000u\000r\000e\000\040\000I\000m\000p\000l\000i\000c\000a\000t\000i\000o\000n\000s\000\040\000o\000f\000\040\000A\000I\000\040\000A\000g\000e\000n\000t\000s}{section.9.11}% 434
\BOOKMARK [1][-]{section.9.12}{\376\377\000S\000u\000m\000m\000a\000r\000y\000\040\000a\000n\000d\000\040\000C\000o\000n\000n\000e\000c\000t\000i\000o\000n\000s}{chapter.9}% 435
\BOOKMARK [2][-]{subsection.9.12.1}{\376\377\000C\000o\000n\000n\000e\000c\000t\000i\000o\000n\000s\000\040\000t\000o\000\040\000O\000t\000h\000e\000r\000\040\000T\000o\000p\000i\000c\000s}{section.9.12}% 436
