\BOOKMARK [-1][-]{part.1}{\376\377\000I\000\040\000P\000r\000o\000b\000a\000b\000i\000l\000i\000t\000y\000\040\000T\000h\000e\000o\000r\000y}{}% 1
\BOOKMARK [0][-]{chapter.1}{\376\377\000W\000e\000e\000k\000\040\0001\000:\000\040\000P\000r\000o\000b\000a\000b\000i\000l\000i\000t\000y\000\040\000T\000h\000e\000o\000r\000y}{part.1}% 2
\BOOKMARK [1][-]{section.1.1}{\376\377\000S\000a\000m\000p\000l\000e\000\040\000S\000p\000a\000c\000e\000s\000\040\000a\000n\000d\000\040\000E\000v\000e\000n\000t\000s}{chapter.1}% 3
\BOOKMARK [2][-]{subsection.1.1.1}{\376\377\000S\000e\000t\000\040\000O\000p\000e\000r\000a\000t\000i\000o\000n\000s\000\040\000o\000n\000\040\000E\000v\000e\000n\000t\000s}{section.1.1}% 4
\BOOKMARK [1][-]{section.1.2}{\376\377\000T\000h\000e\000\040\000A\000x\000i\000o\000m\000s\000\040\000o\000f\000\040\000P\000r\000o\000b\000a\000b\000i\000l\000i\000t\000y}{chapter.1}% 5
\BOOKMARK [2][-]{subsection.1.2.1}{\376\377\000P\000r\000o\000p\000e\000r\000t\000i\000e\000s\000\040\000D\000e\000r\000i\000v\000e\000d\000\040\000f\000r\000o\000m\000\040\000t\000h\000e\000\040\000A\000x\000i\000o\000m\000s}{section.1.2}% 6
\BOOKMARK [1][-]{section.1.3}{\376\377\000T\000h\000e\000\040\000N\000a\000i\000v\000e\000\040\000D\000e\000f\000i\000n\000i\000t\000i\000o\000n\000\040\000o\000f\000\040\000P\000r\000o\000b\000a\000b\000i\000l\000i\000t\000y}{chapter.1}% 7
\BOOKMARK [1][-]{section.1.4}{\376\377\000C\000o\000u\000n\000t\000i\000n\000g\000\040\000P\000r\000i\000n\000c\000i\000p\000l\000e\000s}{chapter.1}% 8
\BOOKMARK [2][-]{subsection.1.4.1}{\376\377\000T\000h\000e\000\040\000M\000u\000l\000t\000i\000p\000l\000i\000c\000a\000t\000i\000o\000n\000\040\000R\000u\000l\000e}{section.1.4}% 9
\BOOKMARK [2][-]{subsection.1.4.2}{\376\377\000P\000e\000r\000m\000u\000t\000a\000t\000i\000o\000n\000s\000\040\000a\000n\000d\000\040\000C\000o\000m\000b\000i\000n\000a\000t\000i\000o\000n\000s}{section.1.4}% 10
\BOOKMARK [2][-]{subsection.1.4.3}{\376\377\000S\000a\000m\000p\000l\000i\000n\000g\000\040\000W\000i\000t\000h\000\040\000a\000n\000d\000\040\000W\000i\000t\000h\000o\000u\000t\000\040\000R\000e\000p\000l\000a\000c\000e\000m\000e\000n\000t}{section.1.4}% 11
\BOOKMARK [1][-]{section.1.5}{\376\377\000T\000h\000e\000\040\000I\000n\000c\000l\000u\000s\000i\000o\000n\000-\000E\000x\000c\000l\000u\000s\000i\000o\000n\000\040\000P\000r\000i\000n\000c\000i\000p\000l\000e}{chapter.1}% 12
\BOOKMARK [1][-]{section.1.6}{\376\377\000T\000h\000e\000\040\000B\000i\000r\000t\000h\000d\000a\000y\000\040\000P\000r\000o\000b\000l\000e\000m}{chapter.1}% 13
\BOOKMARK [0][-]{chapter.2}{\376\377\000W\000e\000e\000k\000\040\0002\000:\000\040\000C\000o\000n\000d\000i\000t\000i\000o\000n\000a\000l\000\040\000P\000r\000o\000b\000a\000b\000i\000l\000i\000t\000y\000\040\000a\000n\000d\000\040\000R\000a\000n\000d\000o\000m\000\040\000V\000a\000r\000i\000a\000b\000l\000e\000s}{part.1}% 14
\BOOKMARK [1][-]{section.2.1}{\376\377\000C\000o\000n\000d\000i\000t\000i\000o\000n\000a\000l\000\040\000P\000r\000o\000b\000a\000b\000i\000l\000i\000t\000y}{chapter.2}% 15
\BOOKMARK [2][-]{subsection.2.1.1}{\376\377\000G\000e\000o\000m\000e\000t\000r\000i\000c\000\040\000I\000n\000t\000e\000r\000p\000r\000e\000t\000a\000t\000i\000o\000n}{section.2.1}% 16
\BOOKMARK [2][-]{subsection.2.1.2}{\376\377\000T\000h\000e\000\040\000M\000u\000l\000t\000i\000p\000l\000i\000c\000a\000t\000i\000o\000n\000\040\000R\000u\000l\000e}{section.2.1}% 17
\BOOKMARK [2][-]{subsection.2.1.3}{\376\377\000K\000e\000y\000\040\000P\000r\000o\000p\000e\000r\000t\000i\000e\000s\000\040\000a\000n\000d\000\040\000C\000o\000m\000m\000o\000n\000\040\000M\000i\000s\000c\000o\000n\000c\000e\000p\000t\000i\000o\000n\000s}{section.2.1}% 18
\BOOKMARK [1][-]{section.2.2}{\376\377\000B\000a\000y\000e\000s\000'\000\040\000R\000u\000l\000e}{chapter.2}% 19
\BOOKMARK [2][-]{subsection.2.2.1}{\376\377\000D\000e\000r\000i\000v\000a\000t\000i\000o\000n\000\040\000a\000n\000d\000\040\000S\000t\000a\000t\000e\000m\000e\000n\000t}{section.2.2}% 20
\BOOKMARK [2][-]{subsection.2.2.2}{\376\377\000I\000n\000t\000e\000r\000p\000r\000e\000t\000a\000t\000i\000o\000n\000:\000\040\000U\000p\000d\000a\000t\000i\000n\000g\000\040\000B\000e\000l\000i\000e\000f\000s}{section.2.2}% 21
\BOOKMARK [1][-]{section.2.3}{\376\377\000T\000h\000e\000\040\000L\000a\000w\000\040\000o\000f\000\040\000T\000o\000t\000a\000l\000\040\000P\000r\000o\000b\000a\000b\000i\000l\000i\000t\000y}{chapter.2}% 22
\BOOKMARK [2][-]{subsection.2.3.1}{\376\377\000T\000r\000e\000e\000\040\000D\000i\000a\000g\000r\000a\000m\000s}{section.2.3}% 23
\BOOKMARK [2][-]{subsection.2.3.2}{\376\377\000C\000o\000m\000b\000i\000n\000i\000n\000g\000\040\000B\000a\000y\000e\000s\000'\000\040\000R\000u\000l\000e\000\040\000w\000i\000t\000h\000\040\000L\000O\000T\000P}{section.2.3}% 24
\BOOKMARK [2][-]{subsection.2.3.3}{\376\377\000B\000a\000y\000e\000s\000'\000\040\000R\000u\000l\000e\000\040\000w\000i\000t\000h\000\040\000E\000x\000t\000r\000a\000\040\000C\000o\000n\000d\000i\000t\000i\000o\000n\000i\000n\000g}{section.2.3}% 25
\BOOKMARK [1][-]{section.2.4}{\376\377\000T\000h\000e\000\040\000M\000o\000n\000t\000y\000\040\000H\000a\000l\000l\000\040\000P\000r\000o\000b\000l\000e\000m}{chapter.2}% 26
\BOOKMARK [2][-]{subsection.2.4.1}{\376\377\000S\000e\000t\000u\000p\000\040\000a\000n\000d\000\040\000A\000s\000s\000u\000m\000p\000t\000i\000o\000n\000s}{section.2.4}% 27
\BOOKMARK [2][-]{subsection.2.4.2}{\376\377\000S\000o\000l\000u\000t\000i\000o\000n\000\040\000U\000s\000i\000n\000g\000\040\000B\000a\000y\000e\000s\000'\000\040\000R\000u\000l\000e}{section.2.4}% 28
\BOOKMARK [2][-]{subsection.2.4.3}{\376\377\000I\000n\000t\000u\000i\000t\000i\000v\000e\000\040\000E\000x\000p\000l\000a\000n\000a\000t\000i\000o\000n}{section.2.4}% 29
\BOOKMARK [1][-]{section.2.5}{\376\377\000I\000n\000d\000e\000p\000e\000n\000d\000e\000n\000c\000e\000\040\000o\000f\000\040\000E\000v\000e\000n\000t\000s}{chapter.2}% 30
\BOOKMARK [2][-]{subsection.2.5.1}{\376\377\000P\000r\000o\000p\000e\000r\000t\000i\000e\000s\000\040\000o\000f\000\040\000I\000n\000d\000e\000p\000e\000n\000d\000e\000n\000c\000e}{section.2.5}% 31
\BOOKMARK [2][-]{subsection.2.5.2}{\376\377\000I\000n\000d\000e\000p\000e\000n\000d\000e\000n\000c\000e\000\040\000v\000s\000\040\000D\000i\000s\000j\000o\000i\000n\000t\000n\000e\000s\000s}{section.2.5}% 32
\BOOKMARK [2][-]{subsection.2.5.3}{\376\377\000I\000n\000d\000e\000p\000e\000n\000d\000e\000n\000c\000e\000\040\000o\000f\000\040\000M\000u\000l\000t\000i\000p\000l\000e\000\040\000E\000v\000e\000n\000t\000s}{section.2.5}% 33
\BOOKMARK [2][-]{subsection.2.5.4}{\376\377\000C\000o\000n\000d\000i\000t\000i\000o\000n\000a\000l\000\040\000I\000n\000d\000e\000p\000e\000n\000d\000e\000n\000c\000e}{section.2.5}% 34
\BOOKMARK [1][-]{section.2.6}{\376\377\000R\000a\000n\000d\000o\000m\000\040\000V\000a\000r\000i\000a\000b\000l\000e\000s}{chapter.2}% 35
\BOOKMARK [1][-]{section.2.7}{\376\377\000P\000r\000o\000b\000a\000b\000i\000l\000i\000t\000y\000\040\000M\000a\000s\000s\000\040\000F\000u\000n\000c\000t\000i\000o\000n\000s}{chapter.2}% 36
\BOOKMARK [1][-]{section.2.8}{\376\377\000C\000u\000m\000u\000l\000a\000t\000i\000v\000e\000\040\000D\000i\000s\000t\000r\000i\000b\000u\000t\000i\000o\000n\000\040\000F\000u\000n\000c\000t\000i\000o\000n\000s}{chapter.2}% 37
\BOOKMARK [2][-]{subsection.2.8.1}{\376\377\000R\000e\000l\000a\000t\000i\000o\000n\000s\000h\000i\000p\000\040\000B\000e\000t\000w\000e\000e\000n\000\040\000P\000M\000F\000\040\000a\000n\000d\000\040\000C\000D\000F}{section.2.8}% 38
\BOOKMARK [1][-]{section.2.9}{\376\377\000C\000o\000m\000m\000o\000n\000\040\000D\000i\000s\000c\000r\000e\000t\000e\000\040\000D\000i\000s\000t\000r\000i\000b\000u\000t\000i\000o\000n\000s}{chapter.2}% 39
\BOOKMARK [2][-]{subsection.2.9.1}{\376\377\000B\000e\000r\000n\000o\000u\000l\000l\000i\000\040\000D\000i\000s\000t\000r\000i\000b\000u\000t\000i\000o\000n}{section.2.9}% 40
\BOOKMARK [2][-]{subsection.2.9.2}{\376\377\000B\000i\000n\000o\000m\000i\000a\000l\000\040\000D\000i\000s\000t\000r\000i\000b\000u\000t\000i\000o\000n}{section.2.9}% 41
\BOOKMARK [2][-]{subsection.2.9.3}{\376\377\000D\000i\000s\000c\000r\000e\000t\000e\000\040\000U\000n\000i\000f\000o\000r\000m\000\040\000D\000i\000s\000t\000r\000i\000b\000u\000t\000i\000o\000n}{section.2.9}% 42
\BOOKMARK [1][-]{section.2.10}{\376\377\000S\000u\000m\000m\000a\000r\000y}{chapter.2}% 43
\BOOKMARK [0][-]{chapter.3}{\376\377\000W\000e\000e\000k\000\040\0003\000:\000\040\000J\000o\000i\000n\000t\000\040\000R\000a\000n\000d\000o\000m\000\040\000V\000a\000r\000i\000a\000b\000l\000e\000s}{part.1}% 44
\BOOKMARK [1][-]{section.3.1}{\376\377\000J\000o\000i\000n\000t\000\040\000R\000a\000n\000d\000o\000m\000\040\000V\000a\000r\000i\000a\000b\000l\000e\000s\000\040\000a\000n\000d\000\040\000T\000h\000e\000i\000r\000\040\000D\000i\000s\000t\000r\000i\000b\000u\000t\000i\000o\000n\000s}{chapter.3}% 45
\BOOKMARK [2][-]{subsection.3.1.1}{\376\377\000F\000u\000n\000c\000t\000i\000o\000n\000s\000\040\000o\000f\000\040\000M\000u\000l\000t\000i\000p\000l\000e\000\040\000R\000a\000n\000d\000o\000m\000\040\000V\000a\000r\000i\000a\000b\000l\000e\000s}{section.3.1}% 46
\BOOKMARK [2][-]{subsection.3.1.2}{\376\377\000T\000h\000e\000\040\000R\000a\000n\000d\000o\000m\000\040\000W\000a\000l\000k\000\040\000\050\000M\000o\000t\000i\000v\000a\000t\000i\000n\000g\000\040\000E\000x\000a\000m\000p\000l\000e\000\051}{section.3.1}% 47
\BOOKMARK [1][-]{section.3.2}{\376\377\000J\000o\000i\000n\000t\000\040\000D\000i\000s\000t\000r\000i\000b\000u\000t\000i\000o\000n\000s\000:\000\040\000H\000o\000w\000\040\000T\000w\000o\000\040\000R\000a\000n\000d\000o\000m\000\040\000V\000a\000r\000i\000a\000b\000l\000e\000s\000\040\000I\000n\000t\000e\000r\000a\000c\000t}{chapter.3}% 48
\BOOKMARK [2][-]{subsection.3.2.1}{\376\377\000J\000o\000i\000n\000t\000\040\000P\000r\000o\000b\000a\000b\000i\000l\000i\000t\000y\000\040\000M\000a\000s\000s\000\040\000F\000u\000n\000c\000t\000i\000o\000n}{section.3.2}% 49
\BOOKMARK [2][-]{subsection.3.2.2}{\376\377\000J\000o\000i\000n\000t\000\040\000C\000u\000m\000u\000l\000a\000t\000i\000v\000e\000\040\000D\000i\000s\000t\000r\000i\000b\000u\000t\000i\000o\000n\000\040\000F\000u\000n\000c\000t\000i\000o\000n}{section.3.2}% 50
\BOOKMARK [1][-]{section.3.3}{\376\377\000M\000a\000r\000g\000i\000n\000a\000l\000\040\000D\000i\000s\000t\000r\000i\000b\000u\000t\000i\000o\000n\000s}{chapter.3}% 51
\BOOKMARK [2][-]{subsection.3.3.1}{\376\377\000M\000a\000r\000g\000i\000n\000a\000l\000\040\000P\000M\000F}{section.3.3}% 52
\BOOKMARK [1][-]{section.3.4}{\376\377\000C\000o\000n\000d\000i\000t\000i\000o\000n\000a\000l\000\040\000D\000i\000s\000t\000r\000i\000b\000u\000t\000i\000o\000n\000s}{chapter.3}% 53
\BOOKMARK [2][-]{subsection.3.4.1}{\376\377\000C\000o\000n\000d\000i\000t\000i\000o\000n\000a\000l\000\040\000P\000M\000F}{section.3.4}% 54
\BOOKMARK [1][-]{section.3.5}{\376\377\000I\000n\000d\000e\000p\000e\000n\000d\000e\000n\000c\000e\000\040\000o\000f\000\040\000R\000a\000n\000d\000o\000m\000\040\000V\000a\000r\000i\000a\000b\000l\000e\000s}{chapter.3}% 55
\BOOKMARK [2][-]{subsection.3.5.1}{\376\377\000C\000o\000n\000d\000i\000t\000i\000o\000n\000a\000l\000\040\000I\000n\000d\000e\000p\000e\000n\000d\000e\000n\000c\000e}{section.3.5}% 56
\BOOKMARK [1][-]{section.3.6}{\376\377\000W\000o\000r\000k\000e\000d\000\040\000E\000x\000a\000m\000p\000l\000e\000:\000\040\000G\000e\000n\000e\000\040\000a\000n\000d\000\040\000D\000i\000s\000e\000a\000s\000e}{chapter.3}% 57
\BOOKMARK [1][-]{section.3.7}{\376\377\000E\000x\000t\000e\000n\000d\000e\000d\000\040\000W\000o\000r\000k\000e\000d\000\040\000E\000x\000a\000m\000p\000l\000e\000:\000\040\000J\000o\000i\000n\000t\000\040\000t\000o\000\040\000M\000a\000r\000g\000i\000n\000a\000l\000\040\000t\000o\000\040\000C\000o\000n\000d\000i\000t\000i\000o\000n\000a\000l}{chapter.3}% 58
\BOOKMARK [1][-]{section.3.8}{\376\377\000E\000x\000p\000e\000c\000t\000a\000t\000i\000o\000n}{chapter.3}% 59
\BOOKMARK [2][-]{subsection.3.8.1}{\376\377\000L\000i\000n\000e\000a\000r\000i\000t\000y\000\040\000o\000f\000\040\000E\000x\000p\000e\000c\000t\000a\000t\000i\000o\000n}{section.3.8}% 60
\BOOKMARK [1][-]{section.3.9}{\376\377\000V\000a\000r\000i\000a\000n\000c\000e}{chapter.3}% 61
\BOOKMARK [2][-]{subsection.3.9.1}{\376\377\000P\000r\000o\000p\000e\000r\000t\000i\000e\000s\000\040\000o\000f\000\040\000V\000a\000r\000i\000a\000n\000c\000e}{section.3.9}% 62
\BOOKMARK [1][-]{section.3.10}{\376\377\000M\000e\000a\000n\000\040\000a\000n\000d\000\040\000V\000a\000r\000i\000a\000n\000c\000e\000\040\000o\000f\000\040\000C\000o\000m\000m\000o\000n\000\040\000D\000i\000s\000t\000r\000i\000b\000u\000t\000i\000o\000n\000s}{chapter.3}% 63
\BOOKMARK [2][-]{subsection.3.10.1}{\376\377\000B\000e\000r\000n\000o\000u\000l\000l\000i\000\040\000D\000i\000s\000t\000r\000i\000b\000u\000t\000i\000o\000n}{section.3.10}% 64
\BOOKMARK [2][-]{subsection.3.10.2}{\376\377\000B\000i\000n\000o\000m\000i\000a\000l\000\040\000D\000i\000s\000t\000r\000i\000b\000u\000t\000i\000o\000n}{section.3.10}% 65
\BOOKMARK [2][-]{subsection.3.10.3}{\376\377\000M\000u\000l\000t\000i\000n\000o\000m\000i\000a\000l\000\040\000D\000i\000s\000t\000r\000i\000b\000u\000t\000i\000o\000n}{section.3.10}% 66
\BOOKMARK [2][-]{subsection.3.10.4}{\376\377\000P\000o\000i\000s\000s\000o\000n\000\040\000D\000i\000s\000t\000r\000i\000b\000u\000t\000i\000o\000n}{section.3.10}% 67
\BOOKMARK [1][-]{section.3.11}{\376\377\000I\000n\000t\000r\000o\000d\000u\000c\000t\000i\000o\000n\000\040\000t\000o\000\040\000C\000o\000v\000a\000r\000i\000a\000n\000c\000e}{chapter.3}% 68
\BOOKMARK [1][-]{section.3.12}{\376\377\000S\000u\000m\000m\000a\000r\000y}{chapter.3}% 69
\BOOKMARK [-1][-]{part.2}{\376\377\000I\000I\000\040\000C\000a\000l\000c\000u\000l\000u\000s}{}% 70
\BOOKMARK [0][-]{chapter.4}{\376\377\000W\000e\000e\000k\000\040\0004\000:\000\040\000C\000a\000l\000c\000u\000l\000u\000s\000\040\000I\000:\000\040\000D\000i\000f\000f\000e\000r\000e\000n\000t\000i\000a\000t\000i\000o\000n\000\040\000a\000n\000d\000\040\000M\000a\000x\000i\000m\000u\000m\000\040\000L\000i\000k\000e\000l\000i\000h\000o\000o\000d\000\040\000E\000s\000t\000i\000m\000a\000t\000i\000o\000n}{part.2}% 71
\BOOKMARK [1][-]{section.4.1}{\376\377\000D\000i\000f\000f\000e\000r\000e\000n\000t\000i\000a\000t\000i\000o\000n\000:\000\040\000F\000o\000u\000n\000d\000a\000t\000i\000o\000n\000s}{chapter.4}% 72
\BOOKMARK [1][-]{section.4.2}{\376\377\000D\000i\000f\000f\000e\000r\000e\000n\000t\000i\000a\000t\000i\000o\000n\000\040\000R\000u\000l\000e\000s}{chapter.4}% 73
\BOOKMARK [2][-]{subsection.4.2.1}{\376\377\000R\000u\000l\000e\000\040\0001\000:\000\040\000C\000o\000n\000s\000t\000a\000n\000t\000\040\000R\000u\000l\000e}{section.4.2}% 74
\BOOKMARK [2][-]{subsection.4.2.2}{\376\377\000R\000u\000l\000e\000\040\0002\000:\000\040\000P\000o\000w\000e\000r\000\040\000R\000u\000l\000e}{section.4.2}% 75
\BOOKMARK [2][-]{subsection.4.2.3}{\376\377\000R\000u\000l\000e\000\040\0003\000:\000\040\000C\000o\000n\000s\000t\000a\000n\000t\000\040\000M\000u\000l\000t\000i\000p\000l\000e\000\040\000R\000u\000l\000e}{section.4.2}% 76
\BOOKMARK [2][-]{subsection.4.2.4}{\376\377\000R\000u\000l\000e\000\040\0004\000:\000\040\000S\000u\000m\000\040\000a\000n\000d\000\040\000D\000i\000f\000f\000e\000r\000e\000n\000c\000e\000\040\000R\000u\000l\000e}{section.4.2}% 77
\BOOKMARK [2][-]{subsection.4.2.5}{\376\377\000R\000u\000l\000e\000\040\0005\000:\000\040\000P\000r\000o\000d\000u\000c\000t\000\040\000R\000u\000l\000e}{section.4.2}% 78
\BOOKMARK [2][-]{subsection.4.2.6}{\376\377\000R\000u\000l\000e\000\040\0006\000:\000\040\000Q\000u\000o\000t\000i\000e\000n\000t\000\040\000R\000u\000l\000e}{section.4.2}% 79
\BOOKMARK [2][-]{subsection.4.2.7}{\376\377\000R\000u\000l\000e\000\040\0007\000:\000\040\000C\000h\000a\000i\000n\000\040\000R\000u\000l\000e}{section.4.2}% 80
\BOOKMARK [1][-]{section.4.3}{\376\377\000E\000x\000p\000o\000n\000e\000n\000t\000i\000a\000l\000\040\000a\000n\000d\000\040\000L\000o\000g\000a\000r\000i\000t\000h\000m\000i\000c\000\040\000D\000e\000r\000i\000v\000a\000t\000i\000v\000e\000s}{chapter.4}% 81
\BOOKMARK [2][-]{subsection.4.3.1}{\376\377\000T\000h\000e\000\040\000N\000a\000t\000u\000r\000a\000l\000\040\000E\000x\000p\000o\000n\000e\000n\000t\000i\000a\000l\000\040\000F\000u\000n\000c\000t\000i\000o\000n}{section.4.3}% 82
\BOOKMARK [2][-]{subsection.4.3.2}{\376\377\000G\000e\000n\000e\000r\000a\000l\000\040\000E\000x\000p\000o\000n\000e\000n\000t\000i\000a\000l\000\040\000F\000u\000n\000c\000t\000i\000o\000n\000s}{section.4.3}% 83
\BOOKMARK [2][-]{subsection.4.3.3}{\376\377\000T\000h\000e\000\040\000N\000a\000t\000u\000r\000a\000l\000\040\000L\000o\000g\000a\000r\000i\000t\000h\000m}{section.4.3}% 84
\BOOKMARK [2][-]{subsection.4.3.4}{\376\377\000L\000o\000g\000a\000r\000i\000t\000h\000m\000i\000c\000\040\000D\000i\000f\000f\000e\000r\000e\000n\000t\000i\000a\000t\000i\000o\000n}{section.4.3}% 85
\BOOKMARK [1][-]{section.4.4}{\376\377\000P\000o\000w\000e\000r\000\040\000S\000e\000r\000i\000e\000s\000:\000\040\000A\000\040\000B\000r\000i\000e\000f\000\040\000I\000n\000t\000r\000o\000d\000u\000c\000t\000i\000o\000n}{chapter.4}% 86
\BOOKMARK [1][-]{section.4.5}{\376\377\000O\000p\000t\000i\000m\000i\000s\000a\000t\000i\000o\000n\000:\000\040\000F\000i\000n\000d\000i\000n\000g\000\040\000M\000a\000x\000i\000m\000a\000\040\000a\000n\000d\000\040\000M\000i\000n\000i\000m\000a}{chapter.4}% 87
\BOOKMARK [2][-]{subsection.4.5.1}{\376\377\000C\000r\000i\000t\000i\000c\000a\000l\000\040\000P\000o\000i\000n\000t\000s}{section.4.5}% 88
\BOOKMARK [2][-]{subsection.4.5.2}{\376\377\000S\000e\000c\000o\000n\000d\000\040\000D\000e\000r\000i\000v\000a\000t\000i\000v\000e\000\040\000T\000e\000s\000t}{section.4.5}% 89
\BOOKMARK [1][-]{section.4.6}{\376\377\000M\000a\000x\000i\000m\000u\000m\000\040\000L\000i\000k\000e\000l\000i\000h\000o\000o\000d\000\040\000E\000s\000t\000i\000m\000a\000t\000i\000o\000n}{chapter.4}% 90
\BOOKMARK [2][-]{subsection.4.6.1}{\376\377\000T\000h\000e\000\040\000C\000o\000r\000e\000\040\000I\000d\000e\000a}{section.4.6}% 91
\BOOKMARK [2][-]{subsection.4.6.2}{\376\377\000T\000h\000e\000\040\000L\000i\000k\000e\000l\000i\000h\000o\000o\000d\000\040\000F\000u\000n\000c\000t\000i\000o\000n}{section.4.6}% 92
\BOOKMARK [2][-]{subsection.4.6.3}{\376\377\000T\000h\000e\000\040\000L\000o\000g\000-\000L\000i\000k\000e\000l\000i\000h\000o\000o\000d}{section.4.6}% 93
\BOOKMARK [2][-]{subsection.4.6.4}{\376\377\000T\000h\000e\000\040\000M\000L\000E\000\040\000P\000r\000o\000c\000e\000d\000u\000r\000e}{section.4.6}% 94
\BOOKMARK [1][-]{section.4.7}{\376\377\000M\000L\000E\000\040\000E\000x\000a\000m\000p\000l\000e\000s}{chapter.4}% 95
\BOOKMARK [2][-]{subsection.4.7.1}{\376\377\000E\000x\000a\000m\000p\000l\000e\000\040\0001\000:\000\040\000B\000e\000r\000n\000o\000u\000l\000l\000i\000\040\000D\000i\000s\000t\000r\000i\000b\000u\000t\000i\000o\000n}{section.4.7}% 96
\BOOKMARK [2][-]{subsection.4.7.2}{\376\377\000E\000x\000a\000m\000p\000l\000e\000\040\0002\000:\000\040\000B\000i\000n\000o\000m\000i\000a\000l\000\040\000D\000i\000s\000t\000r\000i\000b\000u\000t\000i\000o\000n\000\040\000\050\000G\000o\000a\000l\000i\000e\000\040\000E\000x\000a\000m\000p\000l\000e\000\051}{section.4.7}% 97
\BOOKMARK [2][-]{subsection.4.7.3}{\376\377\000E\000x\000a\000m\000p\000l\000e\000\040\0003\000:\000\040\000P\000o\000i\000s\000s\000o\000n\000\040\000D\000i\000s\000t\000r\000i\000b\000u\000t\000i\000o\000n}{section.4.7}% 98
\BOOKMARK [2][-]{subsection.4.7.4}{\376\377\000E\000x\000a\000m\000p\000l\000e\000\040\0004\000:\000\040\000E\000x\000p\000o\000n\000e\000n\000t\000i\000a\000l\000\040\000D\000i\000s\000t\000r\000i\000b\000u\000t\000i\000o\000n}{section.4.7}% 99
\BOOKMARK [2][-]{subsection.4.7.5}{\376\377\000E\000x\000a\000m\000p\000l\000e\000\040\0005\000:\000\040\000N\000o\000r\000m\000a\000l\000\040\000D\000i\000s\000t\000r\000i\000b\000u\000t\000i\000o\000n\000\040\000\050\000M\000e\000a\000n\000\051}{section.4.7}% 100
\BOOKMARK [1][-]{section.4.8}{\376\377\000S\000u\000m\000m\000a\000r\000y\000:\000\040\000M\000L\000E\000\040\000P\000a\000t\000t\000e\000r\000n\000\040\000R\000e\000c\000o\000g\000n\000i\000t\000i\000o\000n}{chapter.4}% 101
\BOOKMARK [1][-]{section.4.9}{\376\377\000P\000r\000o\000p\000e\000r\000t\000i\000e\000s\000\040\000o\000f\000\040\000M\000a\000x\000i\000m\000u\000m\000\040\000L\000i\000k\000e\000l\000i\000h\000o\000o\000d\000\040\000E\000s\000t\000i\000m\000a\000t\000o\000r\000s}{chapter.4}% 102
\BOOKMARK [1][-]{section.4.10}{\376\377\000P\000r\000a\000c\000t\000i\000c\000e\000\040\000E\000x\000e\000r\000c\000i\000s\000e\000s}{chapter.4}% 103
\BOOKMARK [0][-]{chapter.5}{\376\377\000W\000e\000e\000k\000\040\0005\000:\000\040\000P\000o\000w\000e\000r\000\040\000S\000e\000r\000i\000e\000s\000\040\000a\000n\000d\000\040\000I\000n\000t\000e\000g\000r\000a\000t\000i\000o\000n}{part.2}% 104
\BOOKMARK [1][-]{section.5.1}{\376\377\000T\000a\000y\000l\000o\000r\000\040\000S\000e\000r\000i\000e\000s\000:\000\040\000M\000o\000t\000i\000v\000a\000t\000i\000o\000n\000\040\000a\000n\000d\000\040\000D\000e\000r\000i\000v\000a\000t\000i\000o\000n}{chapter.5}% 105
\BOOKMARK [2][-]{subsection.5.1.1}{\376\377\000T\000h\000e\000\040\000C\000e\000n\000t\000r\000a\000l\000\040\000Q\000u\000e\000s\000t\000i\000o\000n}{section.5.1}% 106
\BOOKMARK [2][-]{subsection.5.1.2}{\376\377\000D\000e\000r\000i\000v\000i\000n\000g\000\040\000t\000h\000e\000\040\000C\000o\000e\000f\000f\000i\000c\000i\000e\000n\000t\000s}{section.5.1}% 107
\BOOKMARK [2][-]{subsection.5.1.3}{\376\377\000T\000h\000e\000\040\000T\000a\000y\000l\000o\000r\000\040\000S\000e\000r\000i\000e\000s\000\040\000F\000o\000r\000m\000u\000l\000a}{section.5.1}% 108
\BOOKMARK [1][-]{section.5.2}{\376\377\000C\000o\000m\000m\000o\000n\000\040\000M\000a\000c\000l\000a\000u\000r\000i\000n\000\040\000S\000e\000r\000i\000e\000s}{chapter.5}% 109
\BOOKMARK [2][-]{subsection.5.2.1}{\376\377\000T\000h\000e\000\040\000E\000x\000p\000o\000n\000e\000n\000t\000i\000a\000l\000\040\000F\000u\000n\000c\000t\000i\000o\000n}{section.5.2}% 110
\BOOKMARK [2][-]{subsection.5.2.2}{\376\377\000T\000r\000i\000g\000o\000n\000o\000m\000e\000t\000r\000i\000c\000\040\000F\000u\000n\000c\000t\000i\000o\000n\000s}{section.5.2}% 111
\BOOKMARK [2][-]{subsection.5.2.3}{\376\377\000T\000h\000e\000\040\000N\000a\000t\000u\000r\000a\000l\000\040\000L\000o\000g\000a\000r\000i\000t\000h\000m}{section.5.2}% 112
\BOOKMARK [2][-]{subsection.5.2.4}{\376\377\000T\000h\000e\000\040\000G\000e\000o\000m\000e\000t\000r\000i\000c\000\040\000S\000e\000r\000i\000e\000s}{section.5.2}% 113
\BOOKMARK [2][-]{subsection.5.2.5}{\376\377\000T\000a\000y\000l\000o\000r\000\040\000S\000e\000r\000i\000e\000s\000\040\000f\000o\000r\000\040\000\050\000x\000\051\000\040\000a\000t\000\040\000x\000\040\000=\000\040\0001}{section.5.2}% 114
\BOOKMARK [2][-]{subsection.5.2.6}{\376\377\000S\000u\000m\000m\000a\000r\000y\000\040\000o\000f\000\040\000C\000o\000m\000m\000o\000n\000\040\000S\000e\000r\000i\000e\000s}{section.5.2}% 115
\BOOKMARK [1][-]{section.5.3}{\376\377\000C\000o\000n\000v\000e\000r\000g\000e\000n\000c\000e\000\040\000o\000f\000\040\000P\000o\000w\000e\000r\000\040\000S\000e\000r\000i\000e\000s}{chapter.5}% 116
\BOOKMARK [1][-]{section.5.4}{\376\377\000I\000n\000t\000e\000g\000r\000a\000t\000i\000o\000n\000:\000\040\000F\000o\000u\000n\000d\000a\000t\000i\000o\000n\000s}{chapter.5}% 117
\BOOKMARK [2][-]{subsection.5.4.1}{\376\377\000A\000n\000t\000i\000d\000e\000r\000i\000v\000a\000t\000i\000v\000e\000s\000\040\000a\000n\000d\000\040\000I\000n\000d\000e\000f\000i\000n\000i\000t\000e\000\040\000I\000n\000t\000e\000g\000r\000a\000l\000s}{section.5.4}% 118
\BOOKMARK [2][-]{subsection.5.4.2}{\376\377\000B\000a\000s\000i\000c\000\040\000I\000n\000t\000e\000g\000r\000a\000t\000i\000o\000n\000\040\000R\000u\000l\000e\000s}{section.5.4}% 119
\BOOKMARK [1][-]{section.5.5}{\376\377\000T\000h\000e\000\040\000F\000u\000n\000d\000a\000m\000e\000n\000t\000a\000l\000\040\000T\000h\000e\000o\000r\000e\000m\000\040\000o\000f\000\040\000C\000a\000l\000c\000u\000l\000u\000s}{chapter.5}% 120
\BOOKMARK [1][-]{section.5.6}{\376\377\000I\000n\000t\000e\000g\000r\000a\000t\000i\000o\000n\000\040\000T\000e\000c\000h\000n\000i\000q\000u\000e\000s}{chapter.5}% 121
\BOOKMARK [2][-]{subsection.5.6.1}{\376\377\000I\000n\000t\000e\000g\000r\000a\000t\000i\000o\000n\000\040\000b\000y\000\040\000S\000u\000b\000s\000t\000i\000t\000u\000t\000i\000o\000n}{section.5.6}% 122
\BOOKMARK [2][-]{subsection.5.6.2}{\376\377\000I\000n\000t\000e\000g\000r\000a\000t\000i\000o\000n\000\040\000b\000y\000\040\000P\000a\000r\000t\000s}{section.5.6}% 123
\BOOKMARK [1][-]{section.5.7}{\376\377\000A\000p\000p\000l\000i\000c\000a\000t\000i\000o\000n\000s\000\040\000t\000o\000\040\000P\000r\000o\000b\000a\000b\000i\000l\000i\000t\000y\000:\000\040\000M\000o\000m\000e\000n\000t\000\040\000G\000e\000n\000e\000r\000a\000t\000i\000n\000g\000\040\000F\000u\000n\000c\000t\000i\000o\000n\000s}{chapter.5}% 124
\BOOKMARK [1][-]{section.5.8}{\376\377\000P\000r\000a\000c\000t\000i\000c\000e\000\040\000E\000x\000e\000r\000c\000i\000s\000e\000s}{chapter.5}% 125
\BOOKMARK [0][-]{chapter.6}{\376\377\000W\000e\000e\000k\000\040\0006\000:\000\040\000C\000o\000n\000t\000i\000n\000u\000o\000u\000s\000\040\000R\000a\000n\000d\000o\000m\000\040\000V\000a\000r\000i\000a\000b\000l\000e\000s\000\040\000I}{part.2}% 126
\BOOKMARK [1][-]{section.6.1}{\376\377\000F\000r\000o\000m\000\040\000D\000i\000s\000c\000r\000e\000t\000e\000\040\000t\000o\000\040\000C\000o\000n\000t\000i\000n\000u\000o\000u\000s\000:\000\040\000T\000h\000e\000\040\000F\000u\000n\000d\000a\000m\000e\000n\000t\000a\000l\000\040\000D\000i\000s\000t\000i\000n\000c\000t\000i\000o\000n}{chapter.6}% 127
\BOOKMARK [1][-]{section.6.2}{\376\377\000T\000h\000e\000\040\000P\000D\000F\040\023\000C\000D\000F\000\040\000R\000e\000l\000a\000t\000i\000o\000n\000s\000h\000i\000p}{chapter.6}% 128
\BOOKMARK [2][-]{subsection.6.2.1}{\376\377\000F\000r\000o\000m\000\040\000C\000D\000F\000\040\000t\000o\000\040\000P\000D\000F\000:\000\040\000D\000i\000f\000f\000e\000r\000e\000n\000t\000i\000a\000t\000i\000o\000n}{section.6.2}% 129
\BOOKMARK [2][-]{subsection.6.2.2}{\376\377\000F\000r\000o\000m\000\040\000P\000D\000F\000\040\000t\000o\000\040\000C\000D\000F\000:\000\040\000I\000n\000t\000e\000g\000r\000a\000t\000i\000o\000n}{section.6.2}% 130
\BOOKMARK [2][-]{subsection.6.2.3}{\376\377\000C\000o\000m\000p\000u\000t\000i\000n\000g\000\040\000P\000r\000o\000b\000a\000b\000i\000l\000i\000t\000i\000e\000s}{section.6.2}% 131
\BOOKMARK [2][-]{subsection.6.2.4}{\376\377\000I\000n\000t\000e\000r\000p\000r\000e\000t\000i\000n\000g\000\040\000t\000h\000e\000\040\000P\000D\000F}{section.6.2}% 132
\BOOKMARK [2][-]{subsection.6.2.5}{\376\377\000V\000a\000l\000i\000d\000\040\000P\000D\000F\000s}{section.6.2}% 133
\BOOKMARK [1][-]{section.6.3}{\376\377\000E\000x\000p\000e\000c\000t\000e\000d\000\040\000V\000a\000l\000u\000e\000\040\000o\000f\000\040\000C\000o\000n\000t\000i\000n\000u\000o\000u\000s\000\040\000R\000a\000n\000d\000o\000m\000\040\000V\000a\000r\000i\000a\000b\000l\000e\000s}{chapter.6}% 134
\BOOKMARK [2][-]{subsection.6.3.1}{\376\377\000V\000a\000r\000i\000a\000n\000c\000e\000\040\000o\000f\000\040\000C\000o\000n\000t\000i\000n\000u\000o\000u\000s\000\040\000R\000a\000n\000d\000o\000m\000\040\000V\000a\000r\000i\000a\000b\000l\000e\000s}{section.6.3}% 135
\BOOKMARK [1][-]{section.6.4}{\376\377\000T\000h\000e\000\040\000U\000n\000i\000f\000o\000r\000m\000\040\000D\000i\000s\000t\000r\000i\000b\000u\000t\000i\000o\000n}{chapter.6}% 136
\BOOKMARK [2][-]{subsection.6.4.1}{\376\377\000V\000e\000r\000i\000f\000y\000i\000n\000g\000\040\000t\000h\000e\000\040\000U\000n\000i\000f\000o\000r\000m\000\040\000P\000D\000F}{section.6.4}% 137
\BOOKMARK [2][-]{subsection.6.4.2}{\376\377\000C\000D\000F\000\040\000o\000f\000\040\000t\000h\000e\000\040\000U\000n\000i\000f\000o\000r\000m\000\040\000D\000i\000s\000t\000r\000i\000b\000u\000t\000i\000o\000n}{section.6.4}% 138
\BOOKMARK [2][-]{subsection.6.4.3}{\376\377\000M\000e\000a\000n\000\040\000o\000f\000\040\000t\000h\000e\000\040\000U\000n\000i\000f\000o\000r\000m\000\040\000D\000i\000s\000t\000r\000i\000b\000u\000t\000i\000o\000n}{section.6.4}% 139
\BOOKMARK [2][-]{subsection.6.4.4}{\376\377\000V\000a\000r\000i\000a\000n\000c\000e\000\040\000o\000f\000\040\000t\000h\000e\000\040\000U\000n\000i\000f\000o\000r\000m\000\040\000D\000i\000s\000t\000r\000i\000b\000u\000t\000i\000o\000n}{section.6.4}% 140
\BOOKMARK [1][-]{section.6.5}{\376\377\000T\000h\000e\000\040\000N\000o\000r\000m\000a\000l\000\040\000D\000i\000s\000t\000r\000i\000b\000u\000t\000i\000o\000n}{chapter.6}% 141
\BOOKMARK [2][-]{subsection.6.5.1}{\376\377\000T\000h\000e\000\040\000S\000t\000a\000n\000d\000a\000r\000d\000\040\000N\000o\000r\000m\000a\000l\000\040\000D\000i\000s\000t\000r\000i\000b\000u\000t\000i\000o\000n}{section.6.5}% 142
\BOOKMARK [2][-]{subsection.6.5.2}{\376\377\000P\000a\000r\000a\000m\000e\000t\000e\000r\000s\000:\000\040\000L\000o\000c\000a\000t\000i\000o\000n\000\040\000a\000n\000d\000\040\000S\000c\000a\000l\000e}{section.6.5}% 143
\BOOKMARK [2][-]{subsection.6.5.3}{\376\377\000S\000t\000a\000n\000d\000a\000r\000d\000i\000s\000a\000t\000i\000o\000n\000\040\000a\000n\000d\000\040\000Z\000-\000S\000c\000o\000r\000e\000s}{section.6.5}% 144
\BOOKMARK [2][-]{subsection.6.5.4}{\376\377\000P\000r\000o\000p\000e\000r\000t\000i\000e\000s\000\040\000o\000f\000\040\000t\000h\000e\000\040\000N\000o\000r\000m\000a\000l\000\040\000D\000i\000s\000t\000r\000i\000b\000u\000t\000i\000o\000n}{section.6.5}% 145
\BOOKMARK [2][-]{subsection.6.5.5}{\376\377\000T\000h\000e\000\040\000C\000e\000n\000t\000r\000a\000l\000\040\000L\000i\000m\000i\000t\000\040\000T\000h\000e\000o\000r\000e\000m\000\040\000\050\000P\000r\000e\000v\000i\000e\000w\000\051}{section.6.5}% 146
\BOOKMARK [1][-]{section.6.6}{\376\377\000T\000h\000e\000\040\000E\000x\000p\000o\000n\000e\000n\000t\000i\000a\000l\000\040\000D\000i\000s\000t\000r\000i\000b\000u\000t\000i\000o\000n}{chapter.6}% 147
\BOOKMARK [2][-]{subsection.6.6.1}{\376\377\000C\000o\000n\000n\000e\000c\000t\000i\000o\000n\000\040\000t\000o\000\040\000t\000h\000e\000\040\000P\000o\000i\000s\000s\000o\000n\000\040\000P\000r\000o\000c\000e\000s\000s}{section.6.6}% 148
\BOOKMARK [2][-]{subsection.6.6.2}{\376\377\000C\000D\000F\000\040\000o\000f\000\040\000t\000h\000e\000\040\000E\000x\000p\000o\000n\000e\000n\000t\000i\000a\000l\000\040\000D\000i\000s\000t\000r\000i\000b\000u\000t\000i\000o\000n}{section.6.6}% 149
\BOOKMARK [2][-]{subsection.6.6.3}{\376\377\000M\000e\000a\000n\000\040\000a\000n\000d\000\040\000V\000a\000r\000i\000a\000n\000c\000e}{section.6.6}% 150
\BOOKMARK [2][-]{subsection.6.6.4}{\376\377\000T\000h\000e\000\040\000M\000e\000m\000o\000r\000y\000l\000e\000s\000s\000\040\000P\000r\000o\000p\000e\000r\000t\000y}{section.6.6}% 151
\BOOKMARK [1][-]{section.6.7}{\376\377\000J\000o\000i\000n\000t\000,\000\040\000M\000a\000r\000g\000i\000n\000a\000l\000,\000\040\000a\000n\000d\000\040\000C\000o\000n\000d\000i\000t\000i\000o\000n\000a\000l\000\040\000D\000i\000s\000t\000r\000i\000b\000u\000t\000i\000o\000n\000s\000\040\000f\000o\000r\000\040\000C\000o\000n\000t\000i\000n\000u\000o\000u\000s\000\040\000V\000a\000r\000i\000a\000b\000l\000e\000s}{chapter.6}% 152
\BOOKMARK [2][-]{subsection.6.7.1}{\376\377\000J\000o\000i\000n\000t\000\040\000C\000D\000F\000\040\000a\000n\000d\000\040\000P\000D\000F}{section.6.7}% 153
\BOOKMARK [2][-]{subsection.6.7.2}{\376\377\000M\000a\000r\000g\000i\000n\000a\000l\000\040\000D\000i\000s\000t\000r\000i\000b\000u\000t\000i\000o\000n\000s}{section.6.7}% 154
\BOOKMARK [2][-]{subsection.6.7.3}{\376\377\000C\000o\000n\000d\000i\000t\000i\000o\000n\000a\000l\000\040\000D\000i\000s\000t\000r\000i\000b\000u\000t\000i\000o\000n\000s}{section.6.7}% 155
\BOOKMARK [2][-]{subsection.6.7.4}{\376\377\000B\000a\000y\000e\000s\000'\000\040\000R\000u\000l\000e\000\040\000a\000n\000d\000\040\000L\000O\000T\000P\000\040\000f\000o\000r\000\040\000C\000o\000n\000t\000i\000n\000u\000o\000u\000s\000\040\000V\000a\000r\000i\000a\000b\000l\000e\000s}{section.6.7}% 156
\BOOKMARK [2][-]{subsection.6.7.5}{\376\377\000M\000i\000x\000e\000d\000\040\000D\000i\000s\000c\000r\000e\000t\000e\000-\000C\000o\000n\000t\000i\000n\000u\000o\000u\000s\000\040\000M\000o\000d\000e\000l\000s}{section.6.7}% 157
\BOOKMARK [1][-]{section.6.8}{\376\377\000T\000r\000a\000n\000s\000f\000o\000r\000m\000a\000t\000i\000o\000n\000s\000\040\000o\000f\000\040\000R\000a\000n\000d\000o\000m\000\040\000V\000a\000r\000i\000a\000b\000l\000e\000s\000\040\000\050\000I\000n\000t\000r\000o\000d\000u\000c\000t\000i\000o\000n\000\051}{chapter.6}% 158
\BOOKMARK [0][-]{chapter.7}{\376\377\000W\000e\000e\000k\000\040\0007\000:\000\040\000C\000o\000n\000t\000i\000n\000u\000o\000u\000s\000\040\000R\000a\000n\000d\000o\000m\000\040\000V\000a\000r\000i\000a\000b\000l\000e\000s\000\040\000I\000I}{part.2}% 159
\BOOKMARK [1][-]{section.7.1}{\376\377\000C\000o\000v\000a\000r\000i\000a\000n\000c\000e}{chapter.7}% 160
\BOOKMARK [2][-]{subsection.7.1.1}{\376\377\000D\000e\000f\000i\000n\000i\000t\000i\000o\000n\000\040\000a\000n\000d\000\040\000I\000n\000t\000e\000r\000p\000r\000e\000t\000a\000t\000i\000o\000n}{section.7.1}% 161
\BOOKMARK [2][-]{subsection.7.1.2}{\376\377\000T\000h\000e\000\040\000C\000o\000m\000p\000u\000t\000a\000t\000i\000o\000n\000a\000l\000\040\000F\000o\000r\000m\000u\000l\000a}{section.7.1}% 162
\BOOKMARK [2][-]{subsection.7.1.3}{\376\377\000P\000r\000o\000p\000e\000r\000t\000i\000e\000s\000\040\000o\000f\000\040\000C\000o\000v\000a\000r\000i\000a\000n\000c\000e}{section.7.1}% 163
\BOOKMARK [2][-]{subsection.7.1.4}{\376\377\000C\000o\000v\000a\000r\000i\000a\000n\000c\000e\000\040\000a\000n\000d\000\040\000I\000n\000d\000e\000p\000e\000n\000d\000e\000n\000c\000e}{section.7.1}% 164
\BOOKMARK [1][-]{section.7.2}{\376\377\000C\000o\000r\000r\000e\000l\000a\000t\000i\000o\000n}{chapter.7}% 165
\BOOKMARK [2][-]{subsection.7.2.1}{\376\377\000D\000e\000f\000i\000n\000i\000t\000i\000o\000n\000\040\000a\000n\000d\000\040\000B\000a\000s\000i\000c\000\040\000P\000r\000o\000p\000e\000r\000t\000i\000e\000s}{section.7.2}% 166
\BOOKMARK [2][-]{subsection.7.2.2}{\376\377\000P\000r\000o\000p\000e\000r\000t\000i\000e\000s\000\040\000o\000f\000\040\000C\000o\000r\000r\000e\000l\000a\000t\000i\000o\000n}{section.7.2}% 167
\BOOKMARK [2][-]{subsection.7.2.3}{\376\377\000C\000o\000r\000r\000e\000l\000a\000t\000i\000o\000n\000\040\000M\000e\000a\000s\000u\000r\000e\000s\000\040\000L\000i\000n\000e\000a\000r\000\040\000R\000e\000l\000a\000t\000i\000o\000n\000s\000h\000i\000p\000s}{section.7.2}% 168
\BOOKMARK [2][-]{subsection.7.2.4}{\376\377\000I\000n\000d\000e\000p\000e\000n\000d\000e\000n\000c\000e\000\040\000v\000e\000r\000s\000u\000s\000\040\000U\000n\000c\000o\000r\000r\000e\000l\000a\000t\000e\000d\000:\000\040\000S\000u\000m\000m\000a\000r\000y}{section.7.2}% 169
\BOOKMARK [1][-]{section.7.3}{\376\377\000L\000a\000w\000\040\000o\000f\000\040\000L\000a\000r\000g\000e\000\040\000N\000u\000m\000b\000e\000r\000s}{chapter.7}% 170
\BOOKMARK [2][-]{subsection.7.3.1}{\376\377\000S\000e\000t\000u\000p\000\040\000a\000n\000d\000\040\000N\000o\000t\000a\000t\000i\000o\000n}{section.7.3}% 171
\BOOKMARK [2][-]{subsection.7.3.2}{\376\377\000P\000r\000o\000p\000e\000r\000t\000i\000e\000s\000\040\000o\000f\000\040\000t\000h\000e\000\040\000S\000a\000m\000p\000l\000e\000\040\000M\000e\000a\000n}{section.7.3}% 172
\BOOKMARK [2][-]{subsection.7.3.3}{\376\377\000T\000w\000o\000\040\000F\000o\000r\000m\000s\000\040\000o\000f\000\040\000C\000o\000n\000v\000e\000r\000g\000e\000n\000c\000e}{section.7.3}% 173
\BOOKMARK [2][-]{subsection.7.3.4}{\376\377\000S\000t\000a\000t\000e\000m\000e\000n\000t\000\040\000o\000f\000\040\000t\000h\000e\000\040\000L\000a\000w\000\040\000o\000f\000\040\000L\000a\000r\000g\000e\000\040\000N\000u\000m\000b\000e\000r\000s}{section.7.3}% 174
\BOOKMARK [2][-]{subsection.7.3.5}{\376\377\000A\000p\000p\000l\000i\000c\000a\000t\000i\000o\000n\000s\000\040\000o\000f\000\040\000t\000h\000e\000\040\000L\000L\000N}{section.7.3}% 175
\BOOKMARK [2][-]{subsection.7.3.6}{\376\377\000C\000o\000m\000m\000o\000n\000\040\000M\000i\000s\000c\000o\000n\000c\000e\000p\000t\000i\000o\000n\000s}{section.7.3}% 176
\BOOKMARK [1][-]{section.7.4}{\376\377\000C\000e\000n\000t\000r\000a\000l\000\040\000L\000i\000m\000i\000t\000\040\000T\000h\000e\000o\000r\000e\000m}{chapter.7}% 177
\BOOKMARK [2][-]{subsection.7.4.1}{\376\377\000S\000t\000a\000t\000e\000m\000e\000n\000t\000\040\000o\000f\000\040\000t\000h\000e\000\040\000C\000e\000n\000t\000r\000a\000l\000\040\000L\000i\000m\000i\000t\000\040\000T\000h\000e\000o\000r\000e\000m}{section.7.4}% 178
\BOOKMARK [2][-]{subsection.7.4.2}{\376\377\000E\000q\000u\000i\000v\000a\000l\000e\000n\000t\000\040\000F\000o\000r\000m\000u\000l\000a\000t\000i\000o\000n\000s}{section.7.4}% 179
\BOOKMARK [2][-]{subsection.7.4.3}{\376\377\000V\000i\000s\000u\000a\000l\000i\000s\000i\000n\000g\000\040\000t\000h\000e\000\040\000C\000L\000T}{section.7.4}% 180
\BOOKMARK [2][-]{subsection.7.4.4}{\376\377\000N\000o\000r\000m\000a\000l\000\040\000A\000p\000p\000r\000o\000x\000i\000m\000a\000t\000i\000o\000n\000\040\000t\000o\000\040\000t\000h\000e\000\040\000B\000i\000n\000o\000m\000i\000a\000l}{section.7.4}% 181
\BOOKMARK [2][-]{subsection.7.4.5}{\376\377\000W\000h\000y\000\040\000D\000o\000e\000s\000\040\000t\000h\000e\000\040\000C\000L\000T\000\040\000W\000o\000r\000k\000?}{section.7.4}% 182
\BOOKMARK [2][-]{subsection.7.4.6}{\376\377\000E\000x\000t\000e\000n\000s\000i\000o\000n\000s\000\040\000a\000n\000d\000\040\000G\000e\000n\000e\000r\000a\000l\000i\000s\000a\000t\000i\000o\000n\000s}{section.7.4}% 183
\BOOKMARK [1][-]{section.7.5}{\376\377\000T\000h\000e\000\040\000E\000x\000p\000e\000c\000t\000a\000t\000i\000o\000n\000-\000M\000a\000x\000i\000m\000i\000s\000a\000t\000i\000o\000n\000\040\000\050\000E\000M\000\051\000\040\000A\000l\000g\000o\000r\000i\000t\000h\000m}{chapter.7}% 184
\BOOKMARK [2][-]{subsection.7.5.1}{\376\377\000M\000o\000t\000i\000v\000a\000t\000i\000o\000n\000:\000\040\000M\000i\000x\000t\000u\000r\000e\000\040\000M\000o\000d\000e\000l\000s\000\040\000a\000n\000d\000\040\000L\000a\000t\000e\000n\000t\000\040\000V\000a\000r\000i\000a\000b\000l\000e\000s}{section.7.5}% 185
\BOOKMARK [2][-]{subsection.7.5.2}{\376\377\000W\000h\000y\000\040\000S\000t\000a\000n\000d\000a\000r\000d\000\040\000M\000L\000E\000\040\000F\000a\000i\000l\000s}{section.7.5}% 186
\BOOKMARK [2][-]{subsection.7.5.3}{\376\377\000T\000h\000e\000\040\000K\000e\000y\000\040\000I\000n\000s\000i\000g\000h\000t\000:\000\040\000R\000e\000s\000p\000o\000n\000s\000i\000b\000i\000l\000i\000t\000i\000e\000s}{section.7.5}% 187
\BOOKMARK [2][-]{subsection.7.5.4}{\376\377\000T\000h\000e\000\040\000E\000M\000\040\000A\000l\000g\000o\000r\000i\000t\000h\000m\000:\000\040\000S\000t\000r\000u\000c\000t\000u\000r\000e}{section.7.5}% 188
\BOOKMARK [2][-]{subsection.7.5.5}{\376\377\000E\000M\000\040\000f\000o\000r\000\040\000G\000a\000u\000s\000s\000i\000a\000n\000\040\000M\000i\000x\000t\000u\000r\000e\000\040\000M\000o\000d\000e\000l\000s}{section.7.5}% 189
\BOOKMARK [2][-]{subsection.7.5.6}{\376\377\000D\000e\000r\000i\000v\000a\000t\000i\000o\000n\000\040\000o\000f\000\040\000t\000h\000e\000\040\000M\000-\000S\000t\000e\000p\000\040\000U\000p\000d\000a\000t\000e\000s}{section.7.5}% 190
\BOOKMARK [2][-]{subsection.7.5.7}{\376\377\000C\000o\000n\000v\000e\000r\000g\000e\000n\000c\000e\000\040\000P\000r\000o\000p\000e\000r\000t\000i\000e\000s}{section.7.5}% 191
\BOOKMARK [2][-]{subsection.7.5.8}{\376\377\000P\000r\000a\000c\000t\000i\000c\000a\000l\000\040\000C\000o\000n\000s\000i\000d\000e\000r\000a\000t\000i\000o\000n\000s}{section.7.5}% 192
\BOOKMARK [1][-]{section.7.6}{\376\377\000S\000u\000m\000m\000a\000r\000y}{chapter.7}% 193
\BOOKMARK [-1][-]{part.3}{\376\377\000I\000I\000I\000\040\000L\000i\000n\000e\000a\000r\000\040\000A\000l\000g\000e\000b\000r\000a}{}% 194
\BOOKMARK [0][-]{chapter.8}{\376\377\000W\000e\000e\000k\000\040\0008\000:\000\040\000L\000i\000n\000e\000a\000r\000\040\000A\000l\000g\000e\000b\000r\000a\000\040\000I}{part.3}% 195
\BOOKMARK [1][-]{section.8.1}{\376\377\000D\000a\000t\000a\000\040\000S\000t\000r\000u\000c\000t\000u\000r\000e\000s\000\040\000i\000n\000\040\000L\000i\000n\000e\000a\000r\000\040\000A\000l\000g\000e\000b\000r\000a}{chapter.8}% 196
\BOOKMARK [2][-]{subsection.8.1.1}{\376\377\000S\000c\000a\000l\000a\000r\000s\000,\000\040\000V\000e\000c\000t\000o\000r\000s\000,\000\040\000M\000a\000t\000r\000i\000c\000e\000s\000,\000\040\000a\000n\000d\000\040\000T\000e\000n\000s\000o\000r\000s}{section.8.1}% 197
\BOOKMARK [2][-]{subsection.8.1.2}{\376\377\000C\000o\000m\000p\000a\000c\000t\000\040\000N\000o\000t\000a\000t\000i\000o\000n}{section.8.1}% 198
\BOOKMARK [1][-]{section.8.2}{\376\377\000T\000h\000e\000\040\000T\000r\000a\000n\000s\000p\000o\000s\000e\000\040\000O\000p\000e\000r\000a\000t\000i\000o\000n}{chapter.8}% 199
\BOOKMARK [1][-]{section.8.3}{\376\377\000M\000a\000t\000r\000i\000x\000\040\000A\000d\000d\000i\000t\000i\000o\000n\000\040\000a\000n\000d\000\040\000S\000c\000a\000l\000a\000r\000\040\000M\000u\000l\000t\000i\000p\000l\000i\000c\000a\000t\000i\000o\000n}{chapter.8}% 200
\BOOKMARK [2][-]{subsection.8.3.1}{\376\377\000M\000a\000t\000r\000i\000x\000\040\000A\000d\000d\000i\000t\000i\000o\000n}{section.8.3}% 201
\BOOKMARK [2][-]{subsection.8.3.2}{\376\377\000S\000c\000a\000l\000a\000r\000\040\000M\000u\000l\000t\000i\000p\000l\000i\000c\000a\000t\000i\000o\000n}{section.8.3}% 202
\BOOKMARK [1][-]{section.8.4}{\376\377\000M\000a\000t\000r\000i\000x\000\040\000M\000u\000l\000t\000i\000p\000l\000i\000c\000a\000t\000i\000o\000n}{chapter.8}% 203
\BOOKMARK [2][-]{subsection.8.4.1}{\376\377\000T\000h\000e\000\040\000D\000o\000t\000\040\000P\000r\000o\000d\000u\000c\000t\000\040\000\050\000I\000n\000n\000e\000r\000\040\000P\000r\000o\000d\000u\000c\000t\000\051}{section.8.4}% 204
\BOOKMARK [2][-]{subsection.8.4.2}{\376\377\000M\000a\000t\000r\000i\000x\000-\000M\000a\000t\000r\000i\000x\000\040\000M\000u\000l\000t\000i\000p\000l\000i\000c\000a\000t\000i\000o\000n}{section.8.4}% 205
\BOOKMARK [2][-]{subsection.8.4.3}{\376\377\000M\000a\000t\000r\000i\000x\000-\000V\000e\000c\000t\000o\000r\000\040\000M\000u\000l\000t\000i\000p\000l\000i\000c\000a\000t\000i\000o\000n}{section.8.4}% 206
\BOOKMARK [1][-]{section.8.5}{\376\377\000S\000y\000s\000t\000e\000m\000s\000\040\000o\000f\000\040\000L\000i\000n\000e\000a\000r\000\040\000E\000q\000u\000a\000t\000i\000o\000n\000s}{chapter.8}% 207
\BOOKMARK [2][-]{subsection.8.5.1}{\376\377\000M\000a\000t\000r\000i\000x\000\040\000R\000e\000p\000r\000e\000s\000e\000n\000t\000a\000t\000i\000o\000n}{section.8.5}% 208
\BOOKMARK [2][-]{subsection.8.5.2}{\376\377\000G\000e\000o\000m\000e\000t\000r\000i\000c\000\040\000I\000n\000t\000e\000r\000p\000r\000e\000t\000a\000t\000i\000o\000n}{section.8.5}% 209
\BOOKMARK [2][-]{subsection.8.5.3}{\376\377\000G\000a\000u\000s\000s\000i\000a\000n\000\040\000E\000l\000i\000m\000i\000n\000a\000t\000i\000o\000n}{section.8.5}% 210
\BOOKMARK [1][-]{section.8.6}{\376\377\000T\000h\000e\000\040\000I\000d\000e\000n\000t\000i\000t\000y\000\040\000M\000a\000t\000r\000i\000x\000\040\000a\000n\000d\000\040\000M\000a\000t\000r\000i\000x\000\040\000I\000n\000v\000e\000r\000s\000e\000s}{chapter.8}% 211
\BOOKMARK [2][-]{subsection.8.6.1}{\376\377\000T\000h\000e\000\040\000I\000d\000e\000n\000t\000i\000t\000y\000\040\000M\000a\000t\000r\000i\000x}{section.8.6}% 212
\BOOKMARK [2][-]{subsection.8.6.2}{\376\377\000T\000h\000e\000\040\000M\000a\000t\000r\000i\000x\000\040\000I\000n\000v\000e\000r\000s\000e}{section.8.6}% 213
\BOOKMARK [1][-]{section.8.7}{\376\377\000V\000e\000c\000t\000o\000r\000\040\000N\000o\000r\000m\000s}{chapter.8}% 214
\BOOKMARK [1][-]{section.8.8}{\376\377\000L\000i\000n\000e\000a\000r\000\040\000R\000e\000g\000r\000e\000s\000s\000i\000o\000n\000\040\000i\000n\000\040\000M\000a\000t\000r\000i\000x\000\040\000F\000o\000r\000m}{chapter.8}% 215
\BOOKMARK [2][-]{subsection.8.8.1}{\376\377\000T\000h\000e\000\040\000L\000i\000n\000e\000a\000r\000\040\000M\000o\000d\000e\000l}{section.8.8}% 216
\BOOKMARK [2][-]{subsection.8.8.2}{\376\377\000T\000h\000e\000\040\000L\000e\000a\000s\000t\000\040\000S\000q\000u\000a\000r\000e\000s\000\040\000O\000b\000j\000e\000c\000t\000i\000v\000e}{section.8.8}% 217
\BOOKMARK [2][-]{subsection.8.8.3}{\376\377\000E\000x\000p\000a\000n\000d\000i\000n\000g\000\040\000t\000h\000e\000\040\000O\000b\000j\000e\000c\000t\000i\000v\000e\000\040\000F\000u\000n\000c\000t\000i\000o\000n}{section.8.8}% 218
\BOOKMARK [2][-]{subsection.8.8.4}{\376\377\000D\000e\000r\000i\000v\000i\000n\000g\000\040\000t\000h\000e\000\040\000O\000L\000S\000\040\000E\000s\000t\000i\000m\000a\000t\000o\000r}{section.8.8}% 219
\BOOKMARK [1][-]{section.8.9}{\376\377\000P\000e\000n\000a\000l\000i\000s\000e\000d\000\040\000R\000e\000g\000r\000e\000s\000s\000i\000o\000n}{chapter.8}% 220
\BOOKMARK [2][-]{subsection.8.9.1}{\376\377\000T\000h\000e\000\040\000G\000e\000n\000e\000r\000a\000l\000\040\000F\000r\000a\000m\000e\000w\000o\000r\000k}{section.8.9}% 221
\BOOKMARK [2][-]{subsection.8.9.2}{\376\377\000R\000i\000d\000g\000e\000\040\000R\000e\000g\000r\000e\000s\000s\000i\000o\000n\000\040\000\050\000L\0002\000\040\000P\000e\000n\000a\000l\000t\000y\000\051}{section.8.9}% 222
\BOOKMARK [2][-]{subsection.8.9.3}{\376\377\000L\000a\000s\000s\000o\000\040\000R\000e\000g\000r\000e\000s\000s\000i\000o\000n\000\040\000\050\000L\0001\000\040\000P\000e\000n\000a\000l\000t\000y\000\051}{section.8.9}% 223
\BOOKMARK [2][-]{subsection.8.9.4}{\376\377\000E\000l\000a\000s\000t\000i\000c\000\040\000N\000e\000t\000\040\000\050\000L\0001\000\040\000+\000\040\000L\0002\000\040\000P\000e\000n\000a\000l\000t\000y\000\051}{section.8.9}% 224
\BOOKMARK [2][-]{subsection.8.9.5}{\376\377\000C\000h\000o\000o\000s\000i\000n\000g\000\040\000t\000h\000e\000\040\000R\000e\000g\000u\000l\000a\000r\000i\000s\000a\000t\000i\000o\000n\000\040\000P\000a\000r\000a\000m\000e\000t\000e\000r}{section.8.9}% 225
\BOOKMARK [1][-]{section.8.10}{\376\377\000S\000u\000m\000m\000a\000r\000y\000\040\000a\000n\000d\000\040\000C\000o\000n\000n\000e\000c\000t\000i\000o\000n\000s}{chapter.8}% 226
\BOOKMARK [0][-]{chapter.9}{\376\377\000W\000e\000e\000k\000\040\0009\000:\000\040\000L\000i\000n\000e\000a\000r\000\040\000A\000l\000g\000e\000b\000r\000a\000\040\000I\000I}{part.3}% 227
\BOOKMARK [1][-]{section.9.1}{\376\377\000L\000i\000n\000e\000a\000r\000\040\000D\000e\000p\000e\000n\000d\000e\000n\000c\000e\000\040\000a\000n\000d\000\040\000I\000n\000d\000e\000p\000e\000n\000d\000e\000n\000c\000e}{chapter.9}% 228
\BOOKMARK [2][-]{subsection.9.1.1}{\376\377\000G\000e\000o\000m\000e\000t\000r\000i\000c\000\040\000I\000n\000t\000u\000i\000t\000i\000o\000n}{section.9.1}% 229
\BOOKMARK [2][-]{subsection.9.1.2}{\376\377\000P\000r\000o\000v\000i\000n\000g\000\040\000L\000i\000n\000e\000a\000r\000\040\000\050\000I\000n\000\051\000d\000e\000p\000e\000n\000d\000e\000n\000c\000e}{section.9.1}% 230
\BOOKMARK [1][-]{section.9.2}{\376\377\000S\000p\000a\000n\000\040\000a\000n\000d\000\040\000B\000a\000s\000i\000s}{chapter.9}% 231
\BOOKMARK [1][-]{section.9.3}{\376\377\000T\000h\000e\000\040\000D\000e\000t\000e\000r\000m\000i\000n\000a\000n\000t}{chapter.9}% 232
\BOOKMARK [2][-]{subsection.9.3.1}{\376\377\000G\000e\000o\000m\000e\000t\000r\000i\000c\000\040\000I\000n\000t\000e\000r\000p\000r\000e\000t\000a\000t\000i\000o\000n}{section.9.3}% 233
\BOOKMARK [2][-]{subsection.9.3.2}{\376\377\000A\000p\000p\000l\000i\000c\000a\000t\000i\000o\000n\000s\000\040\000o\000f\000\040\000t\000h\000e\000\040\000D\000e\000t\000e\000r\000m\000i\000n\000a\000n\000t}{section.9.3}% 234
\BOOKMARK [2][-]{subsection.9.3.3}{\376\377\000C\000o\000m\000p\000u\000t\000i\000n\000g\000\040\000D\000e\000t\000e\000r\000m\000i\000n\000a\000n\000t\000s}{section.9.3}% 235
\BOOKMARK [1][-]{section.9.4}{\376\377\000M\000a\000t\000r\000i\000x\000\040\000I\000n\000v\000e\000r\000s\000e}{chapter.9}% 236
\BOOKMARK [2][-]{subsection.9.4.1}{\376\377\000C\000o\000n\000d\000i\000t\000i\000o\000n\000s\000\040\000f\000o\000r\000\040\000I\000n\000v\000e\000r\000t\000i\000b\000i\000l\000i\000t\000y}{section.9.4}% 237
\BOOKMARK [2][-]{subsection.9.4.2}{\376\377\000C\000o\000m\000p\000u\000t\000i\000n\000g\000\040\000t\000h\000e\000\040\000I\000n\000v\000e\000r\000s\000e}{section.9.4}% 238
\BOOKMARK [2][-]{subsection.9.4.3}{\376\377\000P\000r\000o\000o\000f\000:\000\040\000L\000i\000n\000e\000a\000r\000l\000y\000\040\000D\000e\000p\000e\000n\000d\000e\000n\000t\000\040\000M\000a\000t\000r\000i\000x\000\040\000H\000a\000s\000\040\000N\000o\000\040\000I\000n\000v\000e\000r\000s\000e}{section.9.4}% 239
\BOOKMARK [1][-]{section.9.5}{\376\377\000E\000i\000g\000e\000n\000v\000a\000l\000u\000e\000s\000\040\000a\000n\000d\000\040\000E\000i\000g\000e\000n\000v\000e\000c\000t\000o\000r\000s}{chapter.9}% 240
\BOOKMARK [2][-]{subsection.9.5.1}{\376\377\000F\000i\000n\000d\000i\000n\000g\000\040\000E\000i\000g\000e\000n\000v\000a\000l\000u\000e\000s\000:\000\040\000T\000h\000e\000\040\000C\000h\000a\000r\000a\000c\000t\000e\000r\000i\000s\000t\000i\000c\000\040\000E\000q\000u\000a\000t\000i\000o\000n}{section.9.5}% 241
\BOOKMARK [2][-]{subsection.9.5.2}{\376\377\000F\000i\000n\000d\000i\000n\000g\000\040\000E\000i\000g\000e\000n\000v\000e\000c\000t\000o\000r\000s}{section.9.5}% 242
\BOOKMARK [2][-]{subsection.9.5.3}{\376\377\000T\000h\000e\000\040\000E\000i\000g\000e\000n\000s\000p\000a\000c\000e}{section.9.5}% 243
\BOOKMARK [1][-]{section.9.6}{\376\377\000E\000i\000g\000e\000n\000d\000e\000c\000o\000m\000p\000o\000s\000i\000t\000i\000o\000n}{chapter.9}% 244
\BOOKMARK [1][-]{section.9.7}{\376\377\000S\000i\000n\000g\000u\000l\000a\000r\000\040\000V\000a\000l\000u\000e\000\040\000D\000e\000c\000o\000m\000p\000o\000s\000i\000t\000i\000o\000n}{chapter.9}% 245
\BOOKMARK [2][-]{subsection.9.7.1}{\376\377\000S\000V\000D\000\040\000R\000e\000v\000e\000a\000l\000s\000\040\000M\000a\000t\000r\000i\000x\000\040\000S\000t\000r\000u\000c\000t\000u\000r\000e}{section.9.7}% 246
\BOOKMARK [1][-]{section.9.8}{\376\377\000P\000r\000i\000n\000c\000i\000p\000a\000l\000\040\000C\000o\000m\000p\000o\000n\000e\000n\000t\000\040\000A\000n\000a\000l\000y\000s\000i\000s\000\040\000\050\000P\000C\000A\000\051}{chapter.9}% 247
\BOOKMARK [2][-]{subsection.9.8.1}{\376\377\000M\000o\000t\000i\000v\000a\000t\000i\000o\000n\000:\000\040\000D\000i\000m\000e\000n\000s\000i\000o\000n\000a\000l\000i\000t\000y\000\040\000R\000e\000d\000u\000c\000t\000i\000o\000n}{section.9.8}% 248
\BOOKMARK [2][-]{subsection.9.8.2}{\376\377\000P\000C\000A\000\040\000a\000s\000\040\000V\000a\000r\000i\000a\000n\000c\000e\000\040\000M\000a\000x\000i\000m\000i\000s\000a\000t\000i\000o\000n}{section.9.8}% 249
\BOOKMARK [2][-]{subsection.9.8.3}{\376\377\000P\000C\000A\000\040\000v\000i\000a\000\040\000E\000i\000g\000e\000n\000d\000e\000c\000o\000m\000p\000o\000s\000i\000t\000i\000o\000n\000\040\000o\000f\000\040\000t\000h\000e\000\040\000C\000o\000v\000a\000r\000i\000a\000n\000c\000e\000\040\000M\000a\000t\000r\000i\000x}{section.9.8}% 250
\BOOKMARK [2][-]{subsection.9.8.4}{\376\377\000C\000o\000m\000p\000u\000t\000i\000n\000g\000\040\000P\000r\000i\000n\000c\000i\000p\000a\000l\000\040\000C\000o\000m\000p\000o\000n\000e\000n\000t\000s}{section.9.8}% 251
\BOOKMARK [2][-]{subsection.9.8.5}{\376\377\000S\000u\000b\000s\000e\000q\000u\000e\000n\000t\000\040\000P\000r\000i\000n\000c\000i\000p\000a\000l\000\040\000C\000o\000m\000p\000o\000n\000e\000n\000t\000s}{section.9.8}% 252
\BOOKMARK [2][-]{subsection.9.8.6}{\376\377\000D\000i\000m\000e\000n\000s\000i\000o\000n\000a\000l\000i\000t\000y\000\040\000R\000e\000d\000u\000c\000t\000i\000o\000n}{section.9.8}% 253
\BOOKMARK [2][-]{subsection.9.8.7}{\376\377\000R\000e\000c\000o\000n\000s\000t\000r\000u\000c\000t\000i\000n\000g\000\040\000D\000a\000t\000a\000\040\000f\000r\000o\000m\000\040\000P\000r\000i\000n\000c\000i\000p\000a\000l\000\040\000C\000o\000m\000p\000o\000n\000e\000n\000t\000s}{section.9.8}% 254
\BOOKMARK [2][-]{subsection.9.8.8}{\376\377\000A\000p\000p\000l\000i\000c\000a\000t\000i\000o\000n\000s\000\040\000o\000f\000\040\000P\000C\000A}{section.9.8}% 255
\BOOKMARK [1][-]{section.9.9}{\376\377\000S\000u\000m\000m\000a\000r\000y\000:\000\040\000K\000e\000y\000\040\000R\000e\000s\000u\000l\000t\000s}{chapter.9}% 256
\BOOKMARK [-1][-]{part.4}{\376\377\000I\000V\000\040\000O\000p\000t\000i\000m\000i\000s\000a\000t\000i\000o\000n}{}% 257
\BOOKMARK [0][-]{chapter.10}{\376\377\000W\000e\000e\000k\000\040\0001\0000\000:\000\040\000O\000p\000t\000i\000m\000i\000s\000a\000t\000i\000o\000n}{part.4}% 258
\BOOKMARK [1][-]{section.10.1}{\376\377\000W\000h\000y\000\040\000O\000p\000t\000i\000m\000i\000s\000a\000t\000i\000o\000n\000\040\000M\000a\000t\000t\000e\000r\000s}{chapter.10}% 259
\BOOKMARK [1][-]{section.10.2}{\376\377\000U\000n\000c\000o\000n\000s\000t\000r\000a\000i\000n\000e\000d\000\040\000O\000p\000t\000i\000m\000i\000s\000a\000t\000i\000o\000n\000:\000\040\000S\000i\000n\000g\000l\000e\000\040\000V\000a\000r\000i\000a\000b\000l\000e}{chapter.10}% 260
\BOOKMARK [2][-]{subsection.10.2.1}{\376\377\000C\000r\000i\000t\000i\000c\000a\000l\000\040\000P\000o\000i\000n\000t\000s\000\040\000a\000n\000d\000\040\000t\000h\000e\000\040\000F\000i\000r\000s\000t\000\040\000D\000e\000r\000i\000v\000a\000t\000i\000v\000e}{section.10.2}% 261
\BOOKMARK [2][-]{subsection.10.2.2}{\376\377\000T\000h\000e\000\040\000S\000e\000c\000o\000n\000d\000\040\000D\000e\000r\000i\000v\000a\000t\000i\000v\000e\000\040\000T\000e\000s\000t}{section.10.2}% 262
\BOOKMARK [1][-]{section.10.3}{\376\377\000T\000h\000e\000\040\000G\000r\000a\000d\000i\000e\000n\000t\000\040\000V\000e\000c\000t\000o\000r}{chapter.10}% 263
\BOOKMARK [1][-]{section.10.4}{\376\377\000T\000h\000e\000\040\000H\000e\000s\000s\000i\000a\000n\000\040\000M\000a\000t\000r\000i\000x}{chapter.10}% 264
\BOOKMARK [2][-]{subsection.10.4.1}{\376\377\000T\000h\000e\000\040\000S\000e\000c\000o\000n\000d\000\040\000D\000e\000r\000i\000v\000a\000t\000i\000v\000e\000\040\000T\000e\000s\000t\000\040\000i\000n\000\040\000M\000u\000l\000t\000i\000p\000l\000e\000\040\000V\000a\000r\000i\000a\000b\000l\000e\000s}{section.10.4}% 265
\BOOKMARK [2][-]{subsection.10.4.2}{\376\377\000S\000p\000e\000c\000i\000a\000l\000\040\000C\000a\000s\000e\000:\000\040\000T\000w\000o\000\040\000V\000a\000r\000i\000a\000b\000l\000e\000s}{section.10.4}% 266
\BOOKMARK [1][-]{section.10.5}{\376\377\000C\000o\000n\000s\000t\000r\000a\000i\000n\000e\000d\000\040\000O\000p\000t\000i\000m\000i\000s\000a\000t\000i\000o\000n\000:\000\040\000L\000a\000g\000r\000a\000n\000g\000e\000\040\000M\000u\000l\000t\000i\000p\000l\000i\000e\000r\000s}{chapter.10}% 267
\BOOKMARK [2][-]{subsection.10.5.1}{\376\377\000T\000h\000e\000\040\000G\000e\000o\000m\000e\000t\000r\000i\000c\000\040\000I\000n\000t\000u\000i\000t\000i\000o\000n}{section.10.5}% 268
\BOOKMARK [2][-]{subsection.10.5.2}{\376\377\000T\000h\000e\000\040\000M\000e\000t\000h\000o\000d\000\040\000o\000f\000\040\000L\000a\000g\000r\000a\000n\000g\000e\000\040\000M\000u\000l\000t\000i\000p\000l\000i\000e\000r\000s}{section.10.5}% 269
\BOOKMARK [2][-]{subsection.10.5.3}{\376\377\000W\000o\000r\000k\000e\000d\000\040\000E\000x\000a\000m\000p\000l\000e\000s}{section.10.5}% 270
\BOOKMARK [1][-]{section.10.6}{\376\377\000O\000p\000t\000i\000m\000i\000s\000a\000t\000i\000o\000n\000\040\000a\000s\000\040\000E\000i\000g\000e\000n\000v\000a\000l\000u\000e\000\040\000P\000r\000o\000b\000l\000e\000m\000s}{chapter.10}% 271
\BOOKMARK [1][-]{section.10.7}{\376\377\000I\000n\000e\000q\000u\000a\000l\000i\000t\000y\000\040\000C\000o\000n\000s\000t\000r\000a\000i\000n\000t\000s\000:\000\040\000K\000K\000T\000\040\000C\000o\000n\000d\000i\000t\000i\000o\000n\000s}{chapter.10}% 272
\BOOKMARK [1][-]{section.10.8}{\376\377\000G\000r\000a\000d\000i\000e\000n\000t\000\040\000D\000e\000s\000c\000e\000n\000t}{chapter.10}% 273
\BOOKMARK [2][-]{subsection.10.8.1}{\376\377\000T\000h\000e\000\040\000A\000l\000g\000o\000r\000i\000t\000h\000m}{section.10.8}% 274
\BOOKMARK [2][-]{subsection.10.8.2}{\376\377\000C\000h\000o\000o\000s\000i\000n\000g\000\040\000t\000h\000e\000\040\000L\000e\000a\000r\000n\000i\000n\000g\000\040\000R\000a\000t\000e}{section.10.8}% 275
\BOOKMARK [2][-]{subsection.10.8.3}{\376\377\000V\000a\000r\000i\000a\000n\000t\000s\000\040\000o\000f\000\040\000G\000r\000a\000d\000i\000e\000n\000t\000\040\000D\000e\000s\000c\000e\000n\000t}{section.10.8}% 276
\BOOKMARK [1][-]{section.10.9}{\376\377\000A\000p\000p\000l\000i\000c\000a\000t\000i\000o\000n\000:\000\040\000P\000o\000r\000t\000f\000o\000l\000i\000o\000\040\000O\000p\000t\000i\000m\000i\000s\000a\000t\000i\000o\000n}{chapter.10}% 277
\BOOKMARK [2][-]{subsection.10.9.1}{\376\377\000P\000r\000o\000b\000l\000e\000m\000\040\000S\000e\000t\000u\000p}{section.10.9}% 278
\BOOKMARK [2][-]{subsection.10.9.2}{\376\377\000F\000o\000r\000m\000u\000l\000a\000t\000i\000n\000g\000\040\000t\000h\000e\000\040\000P\000r\000o\000b\000l\000e\000m}{section.10.9}% 279
\BOOKMARK [2][-]{subsection.10.9.3}{\376\377\000W\000o\000r\000k\000e\000d\000\040\000E\000x\000a\000m\000p\000l\000e\000\040\000w\000i\000t\000h\000\040\000S\000p\000e\000c\000i\000f\000i\000c\000\040\000V\000a\000l\000u\000e\000s}{section.10.9}% 280
\BOOKMARK [1][-]{section.10.10}{\376\377\000C\000o\000n\000n\000e\000c\000t\000i\000o\000n\000\040\000t\000o\000\040\000M\000a\000x\000i\000m\000u\000m\000\040\000L\000i\000k\000e\000l\000i\000h\000o\000o\000d\000\040\000E\000s\000t\000i\000m\000a\000t\000i\000o\000n}{chapter.10}% 281
\BOOKMARK [1][-]{section.10.11}{\376\377\000S\000u\000m\000m\000a\000r\000y}{chapter.10}% 282
\BOOKMARK [1][-]{section.10.12}{\376\377\000P\000r\000a\000c\000t\000i\000c\000e\000\040\000E\000x\000e\000r\000c\000i\000s\000e\000s}{chapter.10}% 283
\BOOKMARK [-1][-]{part.5}{\376\377\000V\000\040\000A\000p\000p\000e\000n\000d\000i\000c\000e\000s}{}% 284
\BOOKMARK [0][-]{appendix.A}{\376\377\000C\000o\000m\000m\000o\000n\000\040\000D\000i\000s\000t\000r\000i\000b\000u\000t\000i\000o\000n\000s}{part.5}% 285
\BOOKMARK [1][-]{section.A.1}{\376\377\000B\000e\000r\000n\000o\000u\000l\000l\000i\000\040\000D\000i\000s\000t\000r\000i\000b\000u\000t\000i\000o\000n}{appendix.A}% 286
\BOOKMARK [1][-]{section.A.2}{\376\377\000B\000i\000n\000o\000m\000i\000a\000l\000\040\000D\000i\000s\000t\000r\000i\000b\000u\000t\000i\000o\000n}{appendix.A}% 287
\BOOKMARK [1][-]{section.A.3}{\376\377\000M\000u\000l\000t\000i\000n\000o\000m\000i\000a\000l\000\040\000D\000i\000s\000t\000r\000i\000b\000u\000t\000i\000o\000n}{appendix.A}% 288
\BOOKMARK [1][-]{section.A.4}{\376\377\000G\000e\000o\000m\000e\000t\000r\000i\000c\000\040\000D\000i\000s\000t\000r\000i\000b\000u\000t\000i\000o\000n}{appendix.A}% 289
\BOOKMARK [1][-]{section.A.5}{\376\377\000N\000e\000g\000a\000t\000i\000v\000e\000\040\000B\000i\000n\000o\000m\000i\000a\000l\000\040\000D\000i\000s\000t\000r\000i\000b\000u\000t\000i\000o\000n}{appendix.A}% 290
\BOOKMARK [1][-]{section.A.6}{\376\377\000H\000y\000p\000e\000r\000g\000e\000o\000m\000e\000t\000r\000i\000c\000\040\000D\000i\000s\000t\000r\000i\000b\000u\000t\000i\000o\000n}{appendix.A}% 291
\BOOKMARK [1][-]{section.A.7}{\376\377\000P\000o\000i\000s\000s\000o\000n\000\040\000D\000i\000s\000t\000r\000i\000b\000u\000t\000i\000o\000n}{appendix.A}% 292
\BOOKMARK [1][-]{section.A.8}{\376\377\000U\000n\000i\000f\000o\000r\000m\000\040\000D\000i\000s\000t\000r\000i\000b\000u\000t\000i\000o\000n\000\040\000\050\000C\000o\000n\000t\000i\000n\000u\000o\000u\000s\000\051}{appendix.A}% 293
\BOOKMARK [1][-]{section.A.9}{\376\377\000N\000o\000r\000m\000a\000l\000\040\000\050\000G\000a\000u\000s\000s\000i\000a\000n\000\051\000\040\000D\000i\000s\000t\000r\000i\000b\000u\000t\000i\000o\000n}{appendix.A}% 294
\BOOKMARK [1][-]{section.A.10}{\376\377\000E\000x\000p\000o\000n\000e\000n\000t\000i\000a\000l\000\040\000D\000i\000s\000t\000r\000i\000b\000u\000t\000i\000o\000n}{appendix.A}% 295
\BOOKMARK [1][-]{section.A.11}{\376\377\000G\000a\000m\000m\000a\000\040\000D\000i\000s\000t\000r\000i\000b\000u\000t\000i\000o\000n}{appendix.A}% 296
\BOOKMARK [1][-]{section.A.12}{\376\377\000B\000e\000t\000a\000\040\000D\000i\000s\000t\000r\000i\000b\000u\000t\000i\000o\000n}{appendix.A}% 297
\BOOKMARK [0][-]{appendix.B}{\376\377\000C\000h\000e\000a\000t\000\040\000S\000h\000e\000e\000t\000\040\000I}{part.5}% 298
\BOOKMARK [1][-]{section.B.1}{\376\377\000S\000e\000s\000s\000i\000o\000n\000\040\0001\000:\000\040\000P\000r\000o\000b\000a\000b\000i\000l\000i\000t\000y\000\040\000T\000h\000e\000o\000r\000y}{appendix.B}% 299
\BOOKMARK [1][-]{section.B.2}{\376\377\000S\000e\000s\000s\000i\000o\000n\000\040\0002\000:\000\040\000C\000o\000n\000d\000i\000t\000i\000o\000n\000a\000l\000\040\000P\000r\000o\000b\000a\000b\000i\000l\000i\000t\000y\000\040\000\046\000\040\000R\000a\000n\000d\000o\000m\000\040\000V\000a\000r\000i\000a\000b\000l\000e\000s}{appendix.B}% 300
\BOOKMARK [2][-]{subsection.B.2.1}{\376\377\000C\000o\000n\000d\000i\000t\000i\000o\000n\000a\000l\000\040\000P\000r\000o\000b\000a\000b\000i\000l\000i\000t\000y}{section.B.2}% 301
\BOOKMARK [2][-]{subsection.B.2.2}{\376\377\000R\000a\000n\000d\000o\000m\000\040\000V\000a\000r\000i\000a\000b\000l\000e\000s}{section.B.2}% 302
\BOOKMARK [1][-]{section.B.3}{\376\377\000S\000e\000s\000s\000i\000o\000n\000\040\0003\000:\000\040\000J\000o\000i\000n\000t\000\040\000r\000.\000v\000.\000s}{appendix.B}% 303
\BOOKMARK [2][-]{subsection.B.3.1}{\376\377\000I\000n\000d\000e\000p\000e\000n\000d\000e\000n\000c\000e\000\040\000o\000f\000\040\000j\000o\000i\000n\000t\000\040\000r\000.\000v\000.\000s}{section.B.3}% 304
\BOOKMARK [2][-]{subsection.B.3.2}{\376\377\000E\000x\000p\000e\000c\000t\000a\000t\000i\000o\000n}{section.B.3}% 305
\BOOKMARK [2][-]{subsection.B.3.3}{\376\377\000V\000a\000r\000i\000a\000n\000c\000e}{section.B.3}% 306
\BOOKMARK [2][-]{subsection.B.3.4}{\376\377\000M\000a\000r\000g\000i\000n\000a\000l\000\040\000\046\000\040\000C\000o\000n\000d\000i\000t\000i\000o\000n\000a\000l\000\040\000J\000o\000i\000n\000t\000\040\000P\000M\000F\000s}{section.B.3}% 307
\BOOKMARK [1][-]{section.B.4}{\376\377\000S\000e\000s\000s\000i\000o\000n\000\040\0004\000:\000\040\000C\000a\000l\000c\000u\000l\000u\000s}{appendix.B}% 308
\BOOKMARK [1][-]{section.B.5}{\376\377\000M\000L\000E}{appendix.B}% 309
\BOOKMARK [1][-]{section.B.6}{\376\377\000T\000a\000y\000l\000o\000r\000\040\000S\000e\000r\000i\000e\000s\000\040\000A\000p\000p\000r\000o\000x\000i\000m\000a\000t\000i\000o\000n}{appendix.B}% 310
\BOOKMARK [0][-]{appendix.C}{\376\377\000C\000h\000e\000a\000t\000\040\000S\000h\000e\000e\000t\000\040\000I\000I}{part.5}% 311
\BOOKMARK [1][-]{section.C.1}{\376\377\000W\000e\000e\000k\000\040\0006\000:\000\040\000C\000o\000n\000t\000i\000n\000u\000o\000u\000s\000\040\000R\000.\000V\000.\000s\000\040\000M\000e\000e\000t\000s\000\040\000P\000r\000o\000b\000a\000b\000i\000l\000i\000t\000y}{appendix.C}% 312
\BOOKMARK [2][-]{subsection.C.1.1}{\376\377\000C\000o\000n\000t\000i\000n\000u\000o\000u\000s\000\040\000r\000.\000v\000.\000s}{section.C.1}% 313
\BOOKMARK [2][-]{subsection.C.1.2}{\376\377\000E\000x\000p\000e\000c\000t\000a\000t\000i\000o\000n\000\040\000o\000f\000\040\000c\000o\000n\000t\000i\000n\000u\000o\000u\000s\000\040\000r\000.\000v\000.}{section.C.1}% 314
\BOOKMARK [2][-]{subsection.C.1.3}{\376\377\000U\000n\000i\000f\000o\000r\000m\000,\000\040\000c\000o\000n\000t\000i\000n\000u\000o\000u\000s}{section.C.1}% 315
\BOOKMARK [2][-]{subsection.C.1.4}{\376\377\000N\000o\000r\000m\000a\000l}{section.C.1}% 316
\BOOKMARK [2][-]{subsection.C.1.5}{\376\377\000S\000t\000a\000n\000d\000a\000r\000d\000i\000s\000a\000t\000i\000o\000n}{section.C.1}% 317
\BOOKMARK [2][-]{subsection.C.1.6}{\376\377\000E\000x\000p\000o\000n\000e\000n\000t\000i\000a\000l}{section.C.1}% 318
\BOOKMARK [2][-]{subsection.C.1.7}{\376\377\000J\000o\000i\000n\000t\000\040\000D\000i\000s\000t\000r\000i\000b\000u\000t\000i\000o\000n\000s\000\040\000o\000f\000\040\000C\000o\000n\000t\000i\000n\000u\000o\000u\000s\000\040\000r\000.\000v\000.\000s}{section.C.1}% 319
\BOOKMARK [2][-]{subsection.C.1.8}{\376\377\000B\000a\000y\000e\000s\000\040\000R\000u\000l\000e\000\040\000a\000n\000d\000\040\000L\000O\000T\000P\000\040\000f\000o\000r\000\040\000c\000o\000n\000t\000i\000n\000u\000o\000u\000s\000\040\000r\000.\000v\000.\000s}{section.C.1}% 320
\BOOKMARK [1][-]{section.C.2}{\376\377\000W\000e\000e\000k\000\040\0007\000:\000\040\000C\000o\000n\000t\000i\000n\000u\000o\000u\000s\000\040\000R\000.\000V\000.\000s\000\040\000I\000I}{appendix.C}% 321
\BOOKMARK [2][-]{subsection.C.2.1}{\376\377\000C\000o\000v\000a\000r\000i\000a\000n\000c\000e}{section.C.2}% 322
\BOOKMARK [2][-]{subsection.C.2.2}{\376\377\000C\000o\000r\000r\000e\000l\000a\000t\000i\000o\000n}{section.C.2}% 323
\BOOKMARK [2][-]{subsection.C.2.3}{\376\377\000L\000a\000w\000\040\000o\000f\000\040\000L\000a\000r\000g\000e\000\040\000N\000u\000m\000b\000e\000r\000s}{section.C.2}% 324
\BOOKMARK [2][-]{subsection.C.2.4}{\376\377\000C\000e\000n\000t\000r\000a\000l\000\040\000L\000i\000m\000i\000t\000\040\000T\000h\000e\000o\000r\000e\000m}{section.C.2}% 325
\BOOKMARK [2][-]{subsection.C.2.5}{\376\377\000E\000x\000a\000m\000p\000l\000e\000:\000\040\000N\000o\000r\000m\000a\000l\000\040\000A\000p\000p\000r\000o\000x\000i\000m\000a\000t\000i\000o\000n\000\040\000t\000o\000\040\000t\000h\000e\000\040\000B\000i\000n\000o\000m\000i\000a\000l}{section.C.2}% 326
\BOOKMARK [1][-]{section.C.3}{\376\377\000L\000a\000b\000\040\0007\000:\000\040\000E\000M\000\040\000A\000l\000g\000o\000r\000i\000t\000h\000m}{appendix.C}% 327
\BOOKMARK [1][-]{section.C.4}{\376\377\000W\000e\000e\000k\000\040\0008\000:\000\040\000M\000a\000t\000r\000i\000x\000\040\000A\000l\000g\000e\000b\000r\000a}{appendix.C}% 328
\BOOKMARK [1][-]{section.C.5}{\376\377\000L\000a\000b\000\040\0008\000:\000\040\000R\000e\000g\000r\000e\000s\000s\000i\000o\000n}{appendix.C}% 329
\BOOKMARK [2][-]{subsection.C.5.1}{\376\377\000L\000i\000n\000e\000a\000r\000\040\000R\000e\000g\000r\000e\000s\000s\000i\000o\000n}{section.C.5}% 330
\BOOKMARK [2][-]{subsection.C.5.2}{\376\377\000P\000e\000n\000a\000l\000i\000s\000e\000d\000\040\000r\000e\000g\000r\000e\000s\000s\000i\000o\000n}{section.C.5}% 331
\BOOKMARK [1][-]{section.C.6}{\376\377\000W\000e\000e\000k\000\040\0009\000:\000\040\000L\000i\000n\000e\000a\000r\000\040\000A\000l\000g\000e\000b\000r\000a\000\040\000I\000I}{appendix.C}% 332
\BOOKMARK [1][-]{section.C.7}{\376\377\000L\000a\000b\000\040\0009\000:\000\040\000P\000C\000A}{appendix.C}% 333
\BOOKMARK [2][-]{subsection.C.7.1}{\376\377\000A\000s\000\040\000V\000a\000r\000i\000a\000n\000c\000e\000\040\000M\000a\000x\000i\000m\000i\000s\000a\000t\000i\000o\000n}{section.C.7}% 334
\BOOKMARK [2][-]{subsection.C.7.2}{\376\377\000A\000s\000\040\000E\000i\000g\000e\000n\000d\000e\000c\000o\000m\000p\000o\000s\000i\000t\000i\000o\000n}{section.C.7}% 335
\BOOKMARK [1][-]{section.C.8}{\376\377\000W\000e\000e\000k\000\040\0001\0000\000:\000\040\000O\000p\000t\000i\000m\000i\000s\000a\000t\000i\000o\000n}{appendix.C}% 336
