This is pdfTeX, Version 3.141592653-2.6-1.40.28 (TeX Live 2025) (preloaded format=pdflatex 2025.12.30)  5 JAN 2026 15:46
entering extended mode
 restricted \write18 enabled.
 %&-line parsing enabled.
**main.tex
(./main.tex
LaTeX2e <2025-11-01>
L3 programming layer <2025-12-24>
(./preamble.tex (/Users/henrybaker/Library/TinyTeX/texmf-dist/tex/latex/base/report.cls
Document Class: report 2025/01/22 v1.4n Standard LaTeX document class
(/Users/henrybaker/Library/TinyTeX/texmf-dist/tex/latex/base/size11.clo
File: size11.clo 2025/01/22 v1.4n Standard LaTeX file (size option)
)
\c@part=\count275
\c@chapter=\count276
\c@section=\count277
\c@subsection=\count278
\c@subsubsection=\count279
\c@paragraph=\count280
\c@subparagraph=\count281
\c@figure=\count282
\c@table=\count283
\abovecaptionskip=\skip49
\belowcaptionskip=\skip50
\bibindent=\dimen148
) (/Users/henrybaker/Library/TinyTeX/texmf-dist/tex/latex/geometry/geometry.sty
Package: geometry 2020/01/02 v5.9 Page Geometry
 (/Users/henrybaker/Library/TinyTeX/texmf-dist/tex/latex/graphics/keyval.sty
Package: keyval 2022/05/29 v1.15 key=value parser (DPC)
\KV@toks@=\toks17
) (/Users/henrybaker/Library/TinyTeX/texmf-dist/tex/generic/iftex/ifvtex.sty
Package: ifvtex 2019/10/25 v1.7 ifvtex legacy package. Use iftex instead.
 (/Users/henrybaker/Library/TinyTeX/texmf-dist/tex/generic/iftex/iftex.sty
Package: iftex 2024/12/12 v1.0g TeX engine tests
))
\Gm@cnth=\count284
\Gm@cntv=\count285
\c@Gm@tempcnt=\count286
\Gm@bindingoffset=\dimen149
\Gm@wd@mp=\dimen150
\Gm@odd@mp=\dimen151
\Gm@even@mp=\dimen152
\Gm@layoutwidth=\dimen153
\Gm@layoutheight=\dimen154
\Gm@layouthoffset=\dimen155
\Gm@layoutvoffset=\dimen156
\Gm@dimlist=\toks18
) (/Users/henrybaker/Library/TinyTeX/texmf-dist/tex/latex/base/fontenc.sty
Package: fontenc 2025/07/18 v2.1d Standard LaTeX package
) (/Users/henrybaker/Library/TinyTeX/texmf-dist/tex/latex/base/inputenc.sty
Package: inputenc 2024/02/08 v1.3d Input encoding file
\inpenc@prehook=\toks19
\inpenc@posthook=\toks20
) (/Users/henrybaker/Library/TinyTeX/texmf-dist/tex/latex/multirow/multirow.sty
Package: multirow 2024/11/12 v2.9 Span multiple rows of a table
\multirow@colwidth=\skip51
\multirow@cntb=\count287
\multirow@dima=\skip52
\bigstrutjot=\dimen157
) (/Users/henrybaker/Library/TinyTeX/texmf-dist/tex/latex/booktabs/booktabs.sty
Package: booktabs 2020/01/12 v1.61803398 Publication quality tables
\heavyrulewidth=\dimen158
\lightrulewidth=\dimen159
\cmidrulewidth=\dimen160
\belowrulesep=\dimen161
\belowbottomsep=\dimen162
\aboverulesep=\dimen163
\abovetopsep=\dimen164
\cmidrulesep=\dimen165
\cmidrulekern=\dimen166
\defaultaddspace=\dimen167
\@cmidla=\count288
\@cmidlb=\count289
\@aboverulesep=\dimen168
\@belowrulesep=\dimen169
\@thisruleclass=\count290
\@lastruleclass=\count291
\@thisrulewidth=\dimen170
) (/Users/henrybaker/Library/TinyTeX/texmf-dist/tex/latex/graphics/graphicx.sty
Package: graphicx 2024/12/31 v1.2e Enhanced LaTeX Graphics (DPC,SPQR)
 (/Users/henrybaker/Library/TinyTeX/texmf-dist/tex/latex/graphics/graphics.sty
Package: graphics 2024/08/06 v1.4g Standard LaTeX Graphics (DPC,SPQR)
 (/Users/henrybaker/Library/TinyTeX/texmf-dist/tex/latex/graphics/trig.sty
Package: trig 2023/12/02 v1.11 sin cos tan (DPC)
) (/Users/henrybaker/Library/TinyTeX/texmf-dist/tex/latex/graphics-cfg/graphics.cfg
File: graphics.cfg 2016/06/04 v1.11 sample graphics configuration
)
Package graphics Info: Driver file: pdftex.def on input line 106.
 (/Users/henrybaker/Library/TinyTeX/texmf-dist/tex/latex/graphics-def/pdftex.def
File: pdftex.def 2025/09/29 v1.2d Graphics/color driver for pdftex
))
\Gin@req@height=\dimen171
\Gin@req@width=\dimen172
) (/Users/henrybaker/Library/TinyTeX/texmf-dist/tex/latex/pgf/frontendlayer/tikz.sty (/Users/henrybaker/Library/TinyTeX/texmf-dist/tex/latex/pgf/basiclayer/pgf.sty (/Users/henrybaker/Library/TinyTeX/texmf-dist/tex/latex/pgf/utilities/pgfrcs.sty (/Users/henrybaker/Library/TinyTeX/texmf-dist/tex/generic/pgf/utilities/pgfutil-common.tex
\pgfutil@everybye=\toks21
\pgfutil@tempdima=\dimen173
\pgfutil@tempdimb=\dimen174
) (/Users/henrybaker/Library/TinyTeX/texmf-dist/tex/generic/pgf/utilities/pgfutil-latex.def
\pgfutil@abb=\box53
) (/Users/henrybaker/Library/TinyTeX/texmf-dist/tex/generic/pgf/utilities/pgfrcs.code.tex (/Users/henrybaker/Library/TinyTeX/texmf-dist/tex/generic/pgf/pgf.revision.tex)
Package: pgfrcs 2025-08-29 v3.1.11a (3.1.11a)
))
Package: pgf 2025-08-29 v3.1.11a (3.1.11a)
 (/Users/henrybaker/Library/TinyTeX/texmf-dist/tex/latex/pgf/basiclayer/pgfcore.sty (/Users/henrybaker/Library/TinyTeX/texmf-dist/tex/latex/pgf/systemlayer/pgfsys.sty (/Users/henrybaker/Library/TinyTeX/texmf-dist/tex/generic/pgf/systemlayer/pgfsys.code.tex
Package: pgfsys 2025-08-29 v3.1.11a (3.1.11a)
 (/Users/henrybaker/Library/TinyTeX/texmf-dist/tex/generic/pgf/utilities/pgfkeys.code.tex
\pgfkeys@pathtoks=\toks22
\pgfkeys@temptoks=\toks23
 (/Users/henrybaker/Library/TinyTeX/texmf-dist/tex/generic/pgf/utilities/pgfkeyslibraryfiltered.code.tex
\pgfkeys@tmptoks=\toks24
))
\pgf@x=\dimen175
\pgf@y=\dimen176
\pgf@xa=\dimen177
\pgf@ya=\dimen178
\pgf@xb=\dimen179
\pgf@yb=\dimen180
\pgf@xc=\dimen181
\pgf@yc=\dimen182
\pgf@xd=\dimen183
\pgf@yd=\dimen184
\w@pgf@writea=\write3
\r@pgf@reada=\read2
\c@pgf@counta=\count292
\c@pgf@countb=\count293
\c@pgf@countc=\count294
\c@pgf@countd=\count295
\t@pgf@toka=\toks25
\t@pgf@tokb=\toks26
\t@pgf@tokc=\toks27
\pgf@sys@id@count=\count296
 (/Users/henrybaker/Library/TinyTeX/texmf-dist/tex/generic/pgf/systemlayer/pgf.cfg
File: pgf.cfg 2025-08-29 v3.1.11a (3.1.11a)
)
Driver file for pgf: pgfsys-pdftex.def
 (/Users/henrybaker/Library/TinyTeX/texmf-dist/tex/generic/pgf/systemlayer/pgfsys-pdftex.def
File: pgfsys-pdftex.def 2025-08-29 v3.1.11a (3.1.11a)
 (/Users/henrybaker/Library/TinyTeX/texmf-dist/tex/generic/pgf/systemlayer/pgfsys-common-pdf.def
File: pgfsys-common-pdf.def 2025-08-29 v3.1.11a (3.1.11a)
))) (/Users/henrybaker/Library/TinyTeX/texmf-dist/tex/generic/pgf/systemlayer/pgfsyssoftpath.code.tex
File: pgfsyssoftpath.code.tex 2025-08-29 v3.1.11a (3.1.11a)
\pgfsyssoftpath@smallbuffer@items=\count297
\pgfsyssoftpath@bigbuffer@items=\count298
) (/Users/henrybaker/Library/TinyTeX/texmf-dist/tex/generic/pgf/systemlayer/pgfsysprotocol.code.tex
File: pgfsysprotocol.code.tex 2025-08-29 v3.1.11a (3.1.11a)
)) (/Users/henrybaker/Library/TinyTeX/texmf-dist/tex/latex/xcolor/xcolor.sty
Package: xcolor 2024/09/29 v3.02 LaTeX color extensions (UK)
 (/Users/henrybaker/Library/TinyTeX/texmf-dist/tex/latex/graphics-cfg/color.cfg
File: color.cfg 2016/01/02 v1.6 sample color configuration
)
Package xcolor Info: Driver file: pdftex.def on input line 274.
 (/Users/henrybaker/Library/TinyTeX/texmf-dist/tex/latex/graphics/mathcolor.ltx)
Package xcolor Info: Model `cmy' substituted by `cmy0' on input line 1349.
Package xcolor Info: Model `hsb' substituted by `rgb' on input line 1353.
Package xcolor Info: Model `RGB' extended on input line 1365.
Package xcolor Info: Model `HTML' substituted by `rgb' on input line 1367.
Package xcolor Info: Model `Hsb' substituted by `hsb' on input line 1368.
Package xcolor Info: Model `tHsb' substituted by `hsb' on input line 1369.
Package xcolor Info: Model `HSB' substituted by `hsb' on input line 1370.
Package xcolor Info: Model `Gray' substituted by `gray' on input line 1371.
Package xcolor Info: Model `wave' substituted by `hsb' on input line 1372.
) (/Users/henrybaker/Library/TinyTeX/texmf-dist/tex/generic/pgf/basiclayer/pgfcore.code.tex
Package: pgfcore 2025-08-29 v3.1.11a (3.1.11a)
 (/Users/henrybaker/Library/TinyTeX/texmf-dist/tex/generic/pgf/math/pgfmath.code.tex (/Users/henrybaker/Library/TinyTeX/texmf-dist/tex/generic/pgf/math/pgfmathutil.code.tex) (/Users/henrybaker/Library/TinyTeX/texmf-dist/tex/generic/pgf/math/pgfmathparser.code.tex
\pgfmath@dimen=\dimen185
\pgfmath@count=\count299
\pgfmath@box=\box54
\pgfmath@toks=\toks28
\pgfmath@stack@operand=\toks29
\pgfmath@stack@operation=\toks30
) (/Users/henrybaker/Library/TinyTeX/texmf-dist/tex/generic/pgf/math/pgfmathfunctions.code.tex) (/Users/henrybaker/Library/TinyTeX/texmf-dist/tex/generic/pgf/math/pgfmathfunctions.basic.code.tex) (/Users/henrybaker/Library/TinyTeX/texmf-dist/tex/generic/pgf/math/pgfmathfunctions.trigonometric.code.tex) (/Users/henrybaker/Library/TinyTeX/texmf-dist/tex/generic/pgf/math/pgfmathfunctions.random.code.tex) (/Users/henrybaker/Library/TinyTeX/texmf-dist/tex/generic/pgf/math/pgfmathfunctions.comparison.code.tex) (/Users/henrybaker/Library/TinyTeX/texmf-dist/tex/generic/pgf/math/pgfmathfunctions.base.code.tex) (/Users/henrybaker/Library/TinyTeX/texmf-dist/tex/generic/pgf/math/pgfmathfunctions.round.code.tex) (/Users/henrybaker/Library/TinyTeX/texmf-dist/tex/generic/pgf/math/pgfmathfunctions.misc.code.tex) (/Users/henrybaker/Library/TinyTeX/texmf-dist/tex/generic/pgf/math/pgfmathfunctions.integerarithmetics.code.tex) (/Users/henrybaker/Library/TinyTeX/texmf-dist/tex/generic/pgf/math/pgfmathcalc.code.tex) (/Users/henrybaker/Library/TinyTeX/texmf-dist/tex/generic/pgf/math/pgfmathfloat.code.tex
\c@pgfmathroundto@lastzeros=\count300
)) (/Users/henrybaker/Library/TinyTeX/texmf-dist/tex/generic/pgf/math/pgfint.code.tex) (/Users/henrybaker/Library/TinyTeX/texmf-dist/tex/generic/pgf/basiclayer/pgfcorepoints.code.tex
File: pgfcorepoints.code.tex 2025-08-29 v3.1.11a (3.1.11a)
\pgf@picminx=\dimen186
\pgf@picmaxx=\dimen187
\pgf@picminy=\dimen188
\pgf@picmaxy=\dimen189
\pgf@pathminx=\dimen190
\pgf@pathmaxx=\dimen191
\pgf@pathminy=\dimen192
\pgf@pathmaxy=\dimen193
\pgf@xx=\dimen194
\pgf@xy=\dimen195
\pgf@yx=\dimen196
\pgf@yy=\dimen197
\pgf@zx=\dimen198
\pgf@zy=\dimen199
) (/Users/henrybaker/Library/TinyTeX/texmf-dist/tex/generic/pgf/basiclayer/pgfcorepathconstruct.code.tex
File: pgfcorepathconstruct.code.tex 2025-08-29 v3.1.11a (3.1.11a)
\pgf@path@lastx=\dimen256
\pgf@path@lasty=\dimen257
) (/Users/henrybaker/Library/TinyTeX/texmf-dist/tex/generic/pgf/basiclayer/pgfcorepathusage.code.tex
File: pgfcorepathusage.code.tex 2025-08-29 v3.1.11a (3.1.11a)
\pgf@shorten@end@additional=\dimen258
\pgf@shorten@start@additional=\dimen259
) (/Users/henrybaker/Library/TinyTeX/texmf-dist/tex/generic/pgf/basiclayer/pgfcorescopes.code.tex
File: pgfcorescopes.code.tex 2025-08-29 v3.1.11a (3.1.11a)
\pgfpic=\box55
\pgf@hbox=\box56
\pgf@layerbox@main=\box57
\pgf@picture@serial@count=\count301
) (/Users/henrybaker/Library/TinyTeX/texmf-dist/tex/generic/pgf/basiclayer/pgfcoregraphicstate.code.tex
File: pgfcoregraphicstate.code.tex 2025-08-29 v3.1.11a (3.1.11a)
\pgflinewidth=\dimen260
) (/Users/henrybaker/Library/TinyTeX/texmf-dist/tex/generic/pgf/basiclayer/pgfcoretransformations.code.tex
File: pgfcoretransformations.code.tex 2025-08-29 v3.1.11a (3.1.11a)
\pgf@pt@x=\dimen261
\pgf@pt@y=\dimen262
\pgf@pt@temp=\dimen263
) (/Users/henrybaker/Library/TinyTeX/texmf-dist/tex/generic/pgf/basiclayer/pgfcorequick.code.tex
File: pgfcorequick.code.tex 2025-08-29 v3.1.11a (3.1.11a)
) (/Users/henrybaker/Library/TinyTeX/texmf-dist/tex/generic/pgf/basiclayer/pgfcoreobjects.code.tex
File: pgfcoreobjects.code.tex 2025-08-29 v3.1.11a (3.1.11a)
) (/Users/henrybaker/Library/TinyTeX/texmf-dist/tex/generic/pgf/basiclayer/pgfcorepathprocessing.code.tex
File: pgfcorepathprocessing.code.tex 2025-08-29 v3.1.11a (3.1.11a)
) (/Users/henrybaker/Library/TinyTeX/texmf-dist/tex/generic/pgf/basiclayer/pgfcorearrows.code.tex
File: pgfcorearrows.code.tex 2025-08-29 v3.1.11a (3.1.11a)
\pgfarrowsep=\dimen264
) (/Users/henrybaker/Library/TinyTeX/texmf-dist/tex/generic/pgf/basiclayer/pgfcoreshade.code.tex
File: pgfcoreshade.code.tex 2025-08-29 v3.1.11a (3.1.11a)
\pgf@max=\dimen265
\pgf@sys@shading@range@num=\count302
\pgf@shadingcount=\count303
) (/Users/henrybaker/Library/TinyTeX/texmf-dist/tex/generic/pgf/basiclayer/pgfcoreimage.code.tex
File: pgfcoreimage.code.tex 2025-08-29 v3.1.11a (3.1.11a)
) (/Users/henrybaker/Library/TinyTeX/texmf-dist/tex/generic/pgf/basiclayer/pgfcoreexternal.code.tex
File: pgfcoreexternal.code.tex 2025-08-29 v3.1.11a (3.1.11a)
\pgfexternal@startupbox=\box58
) (/Users/henrybaker/Library/TinyTeX/texmf-dist/tex/generic/pgf/basiclayer/pgfcorelayers.code.tex
File: pgfcorelayers.code.tex 2025-08-29 v3.1.11a (3.1.11a)
) (/Users/henrybaker/Library/TinyTeX/texmf-dist/tex/generic/pgf/basiclayer/pgfcoretransparency.code.tex
File: pgfcoretransparency.code.tex 2025-08-29 v3.1.11a (3.1.11a)
) (/Users/henrybaker/Library/TinyTeX/texmf-dist/tex/generic/pgf/basiclayer/pgfcorepatterns.code.tex
File: pgfcorepatterns.code.tex 2025-08-29 v3.1.11a (3.1.11a)
) (/Users/henrybaker/Library/TinyTeX/texmf-dist/tex/generic/pgf/basiclayer/pgfcorerdf.code.tex
File: pgfcorerdf.code.tex 2025-08-29 v3.1.11a (3.1.11a)
))) (/Users/henrybaker/Library/TinyTeX/texmf-dist/tex/generic/pgf/modules/pgfmoduleshapes.code.tex
File: pgfmoduleshapes.code.tex 2025-08-29 v3.1.11a (3.1.11a)
\pgfnodeparttextbox=\box59
) (/Users/henrybaker/Library/TinyTeX/texmf-dist/tex/generic/pgf/modules/pgfmoduleplot.code.tex
File: pgfmoduleplot.code.tex 2025-08-29 v3.1.11a (3.1.11a)
) (/Users/henrybaker/Library/TinyTeX/texmf-dist/tex/latex/pgf/compatibility/pgfcomp-version-0-65.sty
Package: pgfcomp-version-0-65 2025-08-29 v3.1.11a (3.1.11a)
\pgf@nodesepstart=\dimen266
\pgf@nodesepend=\dimen267
) (/Users/henrybaker/Library/TinyTeX/texmf-dist/tex/latex/pgf/compatibility/pgfcomp-version-1-18.sty
Package: pgfcomp-version-1-18 2025-08-29 v3.1.11a (3.1.11a)
)) (/Users/henrybaker/Library/TinyTeX/texmf-dist/tex/latex/pgf/utilities/pgffor.sty (/Users/henrybaker/Library/TinyTeX/texmf-dist/tex/latex/pgf/utilities/pgfkeys.sty (/Users/henrybaker/Library/TinyTeX/texmf-dist/tex/generic/pgf/utilities/pgfkeys.code.tex)) (/Users/henrybaker/Library/TinyTeX/texmf-dist/tex/latex/pgf/math/pgfmath.sty (/Users/henrybaker/Library/TinyTeX/texmf-dist/tex/generic/pgf/math/pgfmath.code.tex)) (/Users/henrybaker/Library/TinyTeX/texmf-dist/tex/generic/pgf/utilities/pgffor.code.tex
Package: pgffor 2025-08-29 v3.1.11a (3.1.11a)
\pgffor@iter=\dimen268
\pgffor@skip=\dimen269
\pgffor@stack=\toks31
\pgffor@toks=\toks32
)) (/Users/henrybaker/Library/TinyTeX/texmf-dist/tex/generic/pgf/frontendlayer/tikz/tikz.code.tex
Package: tikz 2025-08-29 v3.1.11a (3.1.11a)
 (/Users/henrybaker/Library/TinyTeX/texmf-dist/tex/generic/pgf/libraries/pgflibraryplothandlers.code.tex
File: pgflibraryplothandlers.code.tex 2025-08-29 v3.1.11a (3.1.11a)
\pgf@plot@mark@count=\count304
\pgfplotmarksize=\dimen270
)
\tikz@lastx=\dimen271
\tikz@lasty=\dimen272
\tikz@lastxsaved=\dimen273
\tikz@lastysaved=\dimen274
\tikz@lastmovetox=\dimen275
\tikz@lastmovetoy=\dimen276
\tikzleveldistance=\dimen277
\tikzsiblingdistance=\dimen278
\tikz@figbox=\box60
\tikz@figbox@bg=\box61
\tikz@tempbox=\box62
\tikz@tempbox@bg=\box63
\tikztreelevel=\count305
\tikznumberofchildren=\count306
\tikznumberofcurrentchild=\count307
\tikz@fig@count=\count308
 (/Users/henrybaker/Library/TinyTeX/texmf-dist/tex/generic/pgf/modules/pgfmodulematrix.code.tex
File: pgfmodulematrix.code.tex 2025-08-29 v3.1.11a (3.1.11a)
\pgfmatrixcurrentrow=\count309
\pgfmatrixcurrentcolumn=\count310
\pgf@matrix@numberofcolumns=\count311
)
\tikz@expandcount=\count312
 (/Users/henrybaker/Library/TinyTeX/texmf-dist/tex/generic/pgf/frontendlayer/tikz/libraries/tikzlibrarytopaths.code.tex
File: tikzlibrarytopaths.code.tex 2025-08-29 v3.1.11a (3.1.11a)
))) (/Users/henrybaker/Library/TinyTeX/texmf-dist/tex/generic/pgf/frontendlayer/tikz/libraries/tikzlibrarytrees.code.tex
File: tikzlibrarytrees.code.tex 2025-08-29 v3.1.11a (3.1.11a)
) (/Users/henrybaker/Library/TinyTeX/texmf-dist/tex/generic/pgf/frontendlayer/tikz/libraries/tikzlibrarypositioning.code.tex
File: tikzlibrarypositioning.code.tex 2025-08-29 v3.1.11a (3.1.11a)
) (/Users/henrybaker/Library/TinyTeX/texmf-dist/tex/generic/pgf/libraries/pgflibraryarrows.meta.code.tex
File: pgflibraryarrows.meta.code.tex 2025-08-29 v3.1.11a (3.1.11a)
\pgfarrowinset=\dimen279
\pgfarrowlength=\dimen280
\pgfarrowwidth=\dimen281
\pgfarrowlinewidth=\dimen282
) (/Users/henrybaker/Library/TinyTeX/texmf-dist/tex/latex/setspace/setspace.sty
Package: setspace 2022/12/04 v6.7b set line spacing
) (/Users/henrybaker/Library/TinyTeX/texmf-dist/tex/latex/tools/enumerate.sty
Package: enumerate 2023/07/04 v3.00 enumerate extensions (DPC)
\@enLab=\toks33
) (/Users/henrybaker/Library/TinyTeX/texmf-dist/tex/latex/enumitem/enumitem.sty
Package: enumitem 2025/02/06 v3.11 Customized lists
\labelindent=\skip53
\enit@outerparindent=\dimen283
\enit@toks=\toks34
\enit@inbox=\box64
\enit@count@id=\count313
\enitdp@description=\count314
) (/Users/henrybaker/Library/TinyTeX/texmf-dist/tex/latex/float/float.sty
Package: float 2001/11/08 v1.3d Float enhancements (AL)
\c@float@type=\count315
\float@exts=\toks35
\float@box=\box65
\@float@everytoks=\toks36
\@floatcapt=\box66
) (/Users/henrybaker/Library/TinyTeX/texmf-dist/tex/latex/fancyhdr/fancyhdr.sty
Package: fancyhdr 2025/02/07 v5.2 Extensive control of page headers and footers
\f@nch@headwidth=\skip54
\f@nch@offset@elh=\skip55
\f@nch@offset@erh=\skip56
\f@nch@offset@olh=\skip57
\f@nch@offset@orh=\skip58
\f@nch@offset@elf=\skip59
\f@nch@offset@erf=\skip60
\f@nch@offset@olf=\skip61
\f@nch@offset@orf=\skip62
\f@nch@height=\skip63
\f@nch@footalignment=\skip64
\f@nch@widthL=\skip65
\f@nch@widthC=\skip66
\f@nch@widthR=\skip67
\@temptokenb=\toks37
) (/Users/henrybaker/Library/TinyTeX/texmf-dist/tex/latex/amsmath/amsmath.sty
Package: amsmath 2025/07/09 v2.17z AMS math features
\@mathmargin=\skip68

For additional information on amsmath, use the `?' option.
(/Users/henrybaker/Library/TinyTeX/texmf-dist/tex/latex/amsmath/amstext.sty
Package: amstext 2024/11/17 v2.01 AMS text
 (/Users/henrybaker/Library/TinyTeX/texmf-dist/tex/latex/amsmath/amsgen.sty
File: amsgen.sty 1999/11/30 v2.0 generic functions
\@emptytoks=\toks38
\ex@=\dimen284
)) (/Users/henrybaker/Library/TinyTeX/texmf-dist/tex/latex/amsmath/amsbsy.sty
Package: amsbsy 1999/11/29 v1.2d Bold Symbols
\pmbraise@=\dimen285
) (/Users/henrybaker/Library/TinyTeX/texmf-dist/tex/latex/amsmath/amsopn.sty
Package: amsopn 2022/04/08 v2.04 operator names
)
\inf@bad=\count316
LaTeX Info: Redefining \frac on input line 233.
\uproot@=\count317
\leftroot@=\count318
LaTeX Info: Redefining \overline on input line 398.
LaTeX Info: Redefining \colon on input line 409.
\classnum@=\count319
\DOTSCASE@=\count320
LaTeX Info: Redefining \ldots on input line 495.
LaTeX Info: Redefining \dots on input line 498.
LaTeX Info: Redefining \cdots on input line 619.
\Mathstrutbox@=\box67
\strutbox@=\box68
LaTeX Info: Redefining \big on input line 721.
LaTeX Info: Redefining \Big on input line 722.
LaTeX Info: Redefining \bigg on input line 723.
LaTeX Info: Redefining \Bigg on input line 724.
\big@size=\dimen286
LaTeX Font Info:    Redeclaring font encoding OML on input line 742.
LaTeX Font Info:    Redeclaring font encoding OMS on input line 743.
\macc@depth=\count321
LaTeX Info: Redefining \bmod on input line 904.
LaTeX Info: Redefining \pmod on input line 909.
LaTeX Info: Redefining \smash on input line 939.
LaTeX Info: Redefining \relbar on input line 969.
LaTeX Info: Redefining \Relbar on input line 970.
\c@MaxMatrixCols=\count322
\dotsspace@=\muskip17
\c@parentequation=\count323
\dspbrk@lvl=\count324
\tag@help=\toks39
\row@=\count325
\column@=\count326
\maxfields@=\count327
\andhelp@=\toks40
\eqnshift@=\dimen287
\alignsep@=\dimen288
\tagshift@=\dimen289
\tagwidth@=\dimen290
\totwidth@=\dimen291
\lineht@=\dimen292
\@envbody=\toks41
\multlinegap=\skip69
\multlinetaggap=\skip70
\mathdisplay@stack=\toks42
LaTeX Info: Redefining \[ on input line 2950.
LaTeX Info: Redefining \] on input line 2951.
) (/Users/henrybaker/Library/TinyTeX/texmf-dist/tex/latex/amsfonts/amssymb.sty
Package: amssymb 2013/01/14 v3.01 AMS font symbols
 (/Users/henrybaker/Library/TinyTeX/texmf-dist/tex/latex/amsfonts/amsfonts.sty
Package: amsfonts 2013/01/14 v3.01 Basic AMSFonts support
\symAMSa=\mathgroup4
\symAMSb=\mathgroup5
LaTeX Font Info:    Redeclaring math symbol \hbar on input line 98.
LaTeX Font Info:    Overwriting math alphabet `\mathfrak' in version `bold'
(Font)                  U/euf/m/n --> U/euf/b/n on input line 106.
)) (/Users/henrybaker/Library/TinyTeX/texmf-dist/tex/latex/tools/bm.sty
Package: bm 2025/10/21 v1.2g Bold Symbol Support (DPC/FMi)
\symboldoperators=\mathgroup6
\symboldletters=\mathgroup7
\symboldsymbols=\mathgroup8
Package bm Info: No bold for \OMX/cmex/m/n, using \pmb.
Package bm Info: No bold for \U/msa/m/n, using \pmb.
Package bm Info: No bold for \U/msb/m/n, using \pmb.
LaTeX Font Info:    Redeclaring math alphabet \mathbf on input line 149.
) (/Users/henrybaker/Library/TinyTeX/texmf-dist/tex/latex/amscls/amsthm.sty
Package: amsthm 2020/05/29 v2.20.6
\thm@style=\toks43
\thm@bodyfont=\toks44
\thm@headfont=\toks45
\thm@notefont=\toks46
\thm@headpunct=\toks47
\thm@preskip=\skip71
\thm@postskip=\skip72
\thm@headsep=\skip73
\dth@everypar=\toks48
) (/Users/henrybaker/Library/TinyTeX/texmf-dist/tex/latex/oberdiek/centernot.sty
Package: centernot 2016/05/16 v1.4 Centers the not symbol horizontally (HO)
)
\c@definition=\count328
\c@example=\count329
\c@theorem=\count330
 (/Users/henrybaker/Library/TinyTeX/texmf-dist/tex/latex/tcolorbox/tcolorbox.sty
Package: tcolorbox 2025/11/28 version 6.9.0 text color boxes
 (/Users/henrybaker/Library/TinyTeX/texmf-dist/tex/latex/tools/verbatim.sty
Package: verbatim 2024-01-22 v1.5x LaTeX2e package for verbatim enhancements
\every@verbatim=\toks49
\verbatim@line=\toks50
\verbatim@in@stream=\read3
) (/Users/henrybaker/Library/TinyTeX/texmf-dist/tex/latex/environ/environ.sty
Package: environ 2014/05/04 v0.3 A new way to define environments
 (/Users/henrybaker/Library/TinyTeX/texmf-dist/tex/latex/trimspaces/trimspaces.sty
Package: trimspaces 2009/09/17 v1.1 Trim spaces around a token list
)) (/Users/henrybaker/Library/TinyTeX/texmf-dist/tex/latex/etoolbox/etoolbox.sty
Package: etoolbox 2025/10/02 v2.5m e-TeX tools for LaTeX (JAW)
\etb@tempcnta=\count331
)
\tcb@titlebox=\box69
\tcb@upperbox=\box70
\tcb@lowerbox=\box71
\tcb@phantombox=\box72
\c@tcbbreakpart=\count332
\c@tcblayer=\count333
\c@tcolorbox@number=\count334
\l__tcobox_tmpa_box=\box73
\l__tcobox_tmpa_dim=\dimen293
\tcb@temp=\box74
\tcb@temp=\box75
\tcb@temp=\box76
\tcb@temp=\box77
) (/Users/henrybaker/Library/TinyTeX/texmf-dist/tex/latex/tcolorbox/tcbbreakable.code.tex
Library (tcolorbox): 'tcbbreakable.code.tex' version '6.9.0'
(/Users/henrybaker/Library/TinyTeX/texmf-dist/tex/latex/pdfcol/pdfcol.sty
Package: pdfcol 2022-09-21 v1.7 Handle new color stacks for pdfTeX (HO)
 (/Users/henrybaker/Library/TinyTeX/texmf-dist/tex/generic/ltxcmds/ltxcmds.sty
Package: ltxcmds 2023-12-04 v1.26 LaTeX kernel commands for general use (HO)
) (/Users/henrybaker/Library/TinyTeX/texmf-dist/tex/generic/infwarerr/infwarerr.sty
Package: infwarerr 2019/12/03 v1.5 Providing info/warning/error messages (HO)
))
Package pdfcol Info: New color stack `tcb@breakable' = 1 on input line 23.
\tcb@testbox=\box78
\tcb@totalupperbox=\box79
\tcb@totallowerbox=\box80
) (/Users/henrybaker/Library/TinyTeX/texmf-dist/tex/latex/tcolorbox/tcbskins.code.tex
Library (tcolorbox): 'tcbskins.code.tex' version '6.9.0'
(/Users/henrybaker/Library/TinyTeX/texmf-dist/tex/latex/tikzfill/tikzfill.image.sty
Package: tikzfill.image 2023/08/08 v1.0.1 Image filling library for TikZ
 (/Users/henrybaker/Library/TinyTeX/texmf-dist/tex/latex/tikzfill/tikzfill-common.sty
Package: tikzfill-common 2023/08/08 v1.0.1 Auxiliary code for tikzfill
) (/Users/henrybaker/Library/TinyTeX/texmf-dist/tex/latex/tikzfill/tikzlibraryfill.image.code.tex
File: tikzlibraryfill.image.code.tex 2023/08/08 v1.0.1 Image filling library
\l__tikzfill_img_box=\box81
)) (/Users/henrybaker/Library/TinyTeX/texmf-dist/tex/latex/tcolorbox/tcbskinsjigsaw.code.tex
Library (tcolorbox): 'tcbskinsjigsaw.code.tex' version '6.9.0'
)) (/Users/henrybaker/Library/TinyTeX/texmf-dist/tex/latex/hyperref/hyperref.sty
Package: hyperref 2025-07-12 v7.01o Hypertext links for LaTeX
 (/Users/henrybaker/Library/TinyTeX/texmf-dist/tex/latex/kvsetkeys/kvsetkeys.sty
Package: kvsetkeys 2022-10-05 v1.19 Key value parser (HO)
) (/Users/henrybaker/Library/TinyTeX/texmf-dist/tex/generic/kvdefinekeys/kvdefinekeys.sty
Package: kvdefinekeys 2019-12-19 v1.6 Define keys (HO)
) (/Users/henrybaker/Library/TinyTeX/texmf-dist/tex/generic/pdfescape/pdfescape.sty
Package: pdfescape 2019/12/09 v1.15 Implements pdfTeX's escape features (HO)
 (/Users/henrybaker/Library/TinyTeX/texmf-dist/tex/generic/pdftexcmds/pdftexcmds.sty
Package: pdftexcmds 2020-06-27 v0.33 Utility functions of pdfTeX for LuaTeX (HO)
Package pdftexcmds Info: \pdf@primitive is available.
Package pdftexcmds Info: \pdf@ifprimitive is available.
Package pdftexcmds Info: \pdfdraftmode found.
)) (/Users/henrybaker/Library/TinyTeX/texmf-dist/tex/latex/hycolor/hycolor.sty
Package: hycolor 2020-01-27 v1.10 Color options for hyperref/bookmark (HO)
) (/Users/henrybaker/Library/TinyTeX/texmf-dist/tex/latex/hyperref/nameref.sty
Package: nameref 2025-06-21 v2.57 Cross-referencing by name of section
 (/Users/henrybaker/Library/TinyTeX/texmf-dist/tex/latex/refcount/refcount.sty
Package: refcount 2019/12/15 v3.6 Data extraction from label references (HO)
) (/Users/henrybaker/Library/TinyTeX/texmf-dist/tex/generic/gettitlestring/gettitlestring.sty
Package: gettitlestring 2019/12/15 v1.6 Cleanup title references (HO)
 (/Users/henrybaker/Library/TinyTeX/texmf-dist/tex/latex/kvoptions/kvoptions.sty
Package: kvoptions 2022-06-15 v3.15 Key value format for package options (HO)
))
\c@section@level=\count335
) (/Users/henrybaker/Library/TinyTeX/texmf-dist/tex/generic/stringenc/stringenc.sty
Package: stringenc 2019/11/29 v1.12 Convert strings between diff. encodings (HO)
)
\@linkdim=\dimen294
\Hy@linkcounter=\count336
\Hy@pagecounter=\count337
 (/Users/henrybaker/Library/TinyTeX/texmf-dist/tex/latex/hyperref/pd1enc.def
File: pd1enc.def 2025-07-12 v7.01o Hyperref: PDFDocEncoding definition (HO)
Now handling font encoding PD1 ...
... no UTF-8 mapping file for font encoding PD1
) (/Users/henrybaker/Library/TinyTeX/texmf-dist/tex/generic/intcalc/intcalc.sty
Package: intcalc 2019/12/15 v1.3 Expandable calculations with integers (HO)
)
\Hy@SavedSpaceFactor=\count338
 (/Users/henrybaker/Library/TinyTeX/texmf-dist/tex/latex/hyperref/puenc.def
File: puenc.def 2025-07-12 v7.01o Hyperref: PDF Unicode definition (HO)
Now handling font encoding PU ...
... no UTF-8 mapping file for font encoding PU
)
Package hyperref Info: Hyper figures OFF on input line 4195.
Package hyperref Info: Link nesting OFF on input line 4200.
Package hyperref Info: Hyper index ON on input line 4203.
Package hyperref Info: Plain pages OFF on input line 4210.
Package hyperref Info: Backreferencing OFF on input line 4215.
Package hyperref Info: Implicit mode ON; LaTeX internals redefined.
Package hyperref Info: Bookmarks ON on input line 4462.
\c@Hy@tempcnt=\count339
 (/Users/henrybaker/Library/TinyTeX/texmf-dist/tex/latex/url/url.sty
\Urlmuskip=\muskip18
Package: url 2013/09/16  ver 3.4  Verb mode for urls, etc.
)
LaTeX Info: Redefining \url on input line 4801.
\XeTeXLinkMargin=\dimen295
 (/Users/henrybaker/Library/TinyTeX/texmf-dist/tex/generic/bitset/bitset.sty
Package: bitset 2019/12/09 v1.3 Handle bit-vector datatype (HO)
 (/Users/henrybaker/Library/TinyTeX/texmf-dist/tex/generic/bigintcalc/bigintcalc.sty
Package: bigintcalc 2019/12/15 v1.5 Expandable calculations on big integers (HO)
))
\Fld@menulength=\count340
\Field@Width=\dimen296
\Fld@charsize=\dimen297
Package hyperref Info: Hyper figures OFF on input line 6078.
Package hyperref Info: Link nesting OFF on input line 6083.
Package hyperref Info: Hyper index ON on input line 6086.
Package hyperref Info: backreferencing OFF on input line 6093.
Package hyperref Info: Link coloring OFF on input line 6098.
Package hyperref Info: Link coloring with OCG OFF on input line 6103.
Package hyperref Info: PDF/A mode OFF on input line 6108.
\Hy@abspage=\count341
\c@Item=\count342
\c@Hfootnote=\count343
)
Package hyperref Info: Driver (autodetected): hpdftex.
 (/Users/henrybaker/Library/TinyTeX/texmf-dist/tex/latex/hyperref/hpdftex.def
File: hpdftex.def 2025-07-12 v7.01o Hyperref driver for pdfTeX
\Fld@listcount=\count344
\c@bookmark@seq@number=\count345
 (/Users/henrybaker/Library/TinyTeX/texmf-dist/tex/latex/rerunfilecheck/rerunfilecheck.sty
Package: rerunfilecheck 2025-06-21 v1.11 Rerun checks for auxiliary files (HO)
 (/Users/henrybaker/Library/TinyTeX/texmf-dist/tex/generic/uniquecounter/uniquecounter.sty
Package: uniquecounter 2019/12/15 v1.4 Provide unlimited unique counter (HO)
)
Package uniquecounter Info: New unique counter `rerunfilecheck' on input line 284.
)
\Hy@SectionHShift=\skip74
)
Package hyperref Info: Option `colorlinks' set `true' on input line 149.
 (/Users/henrybaker/Library/TinyTeX/texmf-dist/tex/latex/cleveref/cleveref.sty
Package: cleveref 2018/03/27 v0.21.4 Intelligent cross-referencing
Package cleveref Info: `hyperref' support loaded on input line 2370.
LaTeX Info: Redefining \cref on input line 2370.
LaTeX Info: Redefining \Cref on input line 2370.
LaTeX Info: Redefining \crefrange on input line 2370.
LaTeX Info: Redefining \Crefrange on input line 2370.
LaTeX Info: Redefining \cpageref on input line 2370.
LaTeX Info: Redefining \Cpageref on input line 2370.
LaTeX Info: Redefining \cpagerefrange on input line 2370.
LaTeX Info: Redefining \Cpagerefrange on input line 2370.
LaTeX Info: Redefining \labelcref on input line 2370.
LaTeX Info: Redefining \labelcpageref on input line 2370.
Package cleveref Info: `amsthm' support loaded on input line 3026.
)
==> First Aid for cleveref.sty applied!
) (/Users/henrybaker/Library/TinyTeX/texmf-dist/tex/latex/l3backend/l3backend-pdftex.def
File: l3backend-pdftex.def 2025-10-09 L3 backend support: PDF output (pdfTeX)
\l__color_backend_stack_int=\count346
) (./main.aux

LaTeX Warning: Label `sec:independence' multiply defined.


LaTeX Warning: Label `sec:independence@cref' multiply defined.


LaTeX Warning: Label `def:independence' multiply defined.


LaTeX Warning: Label `def:independence@cref' multiply defined.


LaTeX Warning: Label `def:conditional-independence' multiply defined.


LaTeX Warning: Label `def:conditional-independence@cref' multiply defined.


LaTeX Warning: Label `sec:common-distributions' multiply defined.


LaTeX Warning: Label `sec:common-distributions@cref' multiply defined.


LaTeX Warning: Label `eq:chain-rule' multiply defined.


LaTeX Warning: Label `eq:chain-rule@cref' multiply defined.


LaTeX Warning: Label `def:covariance' multiply defined.


LaTeX Warning: Label `def:covariance@cref' multiply defined.


LaTeX Warning: Label `subsec:critical-points' multiply defined.


LaTeX Warning: Label `subsec:critical-points@cref' multiply defined.


LaTeX Warning: Label `def:critical-point' multiply defined.


LaTeX Warning: Label `def:critical-point@cref' multiply defined.


LaTeX Warning: Label `thm:fermat' multiply defined.


LaTeX Warning: Label `thm:fermat@cref' multiply defined.


LaTeX Warning: Label `subsec:second-derivative-test' multiply defined.


LaTeX Warning: Label `subsec:second-derivative-test@cref' multiply defined.


LaTeX Warning: Label `thm:second-derivative-test' multiply defined.


LaTeX Warning: Label `thm:second-derivative-test@cref' multiply defined.

)
\openout1 = `main.aux'.

LaTeX Font Info:    Checking defaults for OML/cmm/m/it on input line 8.
LaTeX Font Info:    ... okay on input line 8.
LaTeX Font Info:    Checking defaults for OMS/cmsy/m/n on input line 8.
LaTeX Font Info:    ... okay on input line 8.
LaTeX Font Info:    Checking defaults for OT1/cmr/m/n on input line 8.
LaTeX Font Info:    ... okay on input line 8.
LaTeX Font Info:    Checking defaults for T1/cmr/m/n on input line 8.
LaTeX Font Info:    ... okay on input line 8.
LaTeX Font Info:    Checking defaults for TS1/cmr/m/n on input line 8.
LaTeX Font Info:    ... okay on input line 8.
LaTeX Font Info:    Checking defaults for OMX/cmex/m/n on input line 8.
LaTeX Font Info:    ... okay on input line 8.
LaTeX Font Info:    Checking defaults for U/cmr/m/n on input line 8.
LaTeX Font Info:    ... okay on input line 8.
LaTeX Font Info:    Checking defaults for PD1/pdf/m/n on input line 8.
LaTeX Font Info:    ... okay on input line 8.
LaTeX Font Info:    Checking defaults for PU/pdf/m/n on input line 8.
LaTeX Font Info:    ... okay on input line 8.

*geometry* driver: auto-detecting
*geometry* detected driver: pdftex
*geometry* verbose mode - [ preamble ] result:
* driver: pdftex
* paper: a4paper
* layout: <same size as paper>
* layoutoffset:(h,v)=(0.0pt,0.0pt)
* modes: 
* h-part:(L,W,R)=(71.13188pt, 455.24411pt, 71.13188pt)
* v-part:(T,H,B)=(71.13188pt, 702.78308pt, 71.13188pt)
* \paperwidth=597.50787pt
* \paperheight=845.04684pt
* \textwidth=455.24411pt
* \textheight=702.78308pt
* \oddsidemargin=-1.1381pt
* \evensidemargin=-1.1381pt
* \topmargin=-38.1381pt
* \headheight=12.0pt
* \headsep=25.0pt
* \topskip=11.0pt
* \footskip=30.0pt
* \marginparwidth=50.0pt
* \marginparsep=10.0pt
* \columnsep=10.0pt
* \skip\footins=10.0pt plus 4.0pt minus 2.0pt
* \hoffset=0.0pt
* \voffset=0.0pt
* \mag=1000
* \@twocolumnfalse
* \@twosidefalse
* \@mparswitchfalse
* \@reversemarginfalse
* (1in=72.27pt=25.4mm, 1cm=28.453pt)

(/Users/henrybaker/Library/TinyTeX/texmf-dist/tex/latex/epstopdf-pkg/epstopdf-base.sty
Package: epstopdf-base 2020-01-24 v2.11 Base part for package epstopdf
Package epstopdf-base Info: Redefining graphics rule for `.eps' on input line 485.
 (/Users/henrybaker/Library/TinyTeX/texmf-dist/tex/latex/latexconfig/epstopdf-sys.cfg
File: epstopdf-sys.cfg 2010/07/13 v1.3 Configuration of (r)epstopdf for TeX Live
))
Package hyperref Info: Link coloring ON on input line 8.
 (./main.out) (./main.out)
\@outlinefile=\write4
\openout4 = `main.out'.

LaTeX Font Info:    Trying to load font information for U+msa on input line 26.
 (/Users/henrybaker/Library/TinyTeX/texmf-dist/tex/latex/amsfonts/umsa.fd
File: umsa.fd 2013/01/14 v3.01 AMS symbols A
)
LaTeX Font Info:    Trying to load font information for U+msb on input line 26.
 (/Users/henrybaker/Library/TinyTeX/texmf-dist/tex/latex/amsfonts/umsb.fd
File: umsb.fd 2013/01/14 v3.01 AMS symbols B
) [1

{/Users/henrybaker/Library/TinyTeX/texmf-var/fonts/map/pdftex/updmap/pdftex.map}] (./main.toc
pdfTeX warning (ext4): destination with the same identifier (name{page.1}) has been already used, duplicate ignored
<to be read again> 
                   \relax 
l.30 ...tuitive Explanation}{31}{subsection.2.4.3}
                                                  % [1

] [2] [3] [4] [5] [6] [7] [8] [9] [10])
\tf@toc=\write5
\openout5 = `main.toc'.

 [11] [12

] (./week_1_probability_theory.tex
Chapter 1.
[13

]

LaTeX Warning: Reference `eq:de-morgan-1' on page 14 undefined on input line 98.


LaTeX Warning: Reference `eq:de-morgan-2' on page 14 undefined on input line 98.

[14] [15] [16] [17] [18] [19]) (./week_2_conditional_probability.tex [20]
Chapter 2.

LaTeX Warning: Reference `ch:week1' on page 1 undefined on input line 21.

[21

]

LaTeX Warning: Reference `def:conditional-prob' on page 1 undefined on input line 94.

[22] [23]

LaTeX Warning: Reference `thm:multiplication-rule' on page 1 undefined on input line 179.

[24] [25] [26] [27] [28] [29] [30] [31]

Package tcolorbox Warning: Using nobreak failed. Try to enlarge `lines before break' or set page breaks manually on input line 591.


LaTeX Warning: Reference `eq:pairwise1' on page 32 undefined on input line 627.


LaTeX Warning: Reference `eq:pairwise3' on page 32 undefined on input line 627.


LaTeX Warning: Reference `eq:triple' on page 32 undefined on input line 627.

[32] [33] [34] [35] [36] [37] [38] [39]) (./week_3_joint_random_variables.tex [40]
Chapter 3.

LaTeX Warning: Reference `ch:week1' on page 1 undefined on input line 22.


LaTeX Warning: Reference `ch:week2' on page 1 undefined on input line 22.

[41

] [42]
<images/week_3/Screenshot 2023-10-21 140956.png, id=2054, 1004.25188pt x 763.85374pt>
File: images/week_3/Screenshot 2023-10-21 140956.png Graphic file (type png)
<use images/week_3/Screenshot 2023-10-21 140956.png>
Package pdftex.def Info: images/week_3/Screenshot 2023-10-21 140956.png  used on input line 113.
(pdftex.def)             Requested size: 227.62206pt x 173.13011pt.
 [43 <./images/week_3/Screenshot 2023-10-21 140956.png>]
<images/week_3/Screenshot 2023-10-21 141320.png, id=2066, 798.48312pt x 774.39313pt>
File: images/week_3/Screenshot 2023-10-21 141320.png Graphic file (type png)
<use images/week_3/Screenshot 2023-10-21 141320.png>
Package pdftex.def Info: images/week_3/Screenshot 2023-10-21 141320.png  used on input line 160.
(pdftex.def)             Requested size: 227.62206pt x 220.7516pt.
 [44 <./images/week_3/Screenshot 2023-10-21 141320.png>]

! Package pgfkeys Error: I do not know the key '/tcb/Marginal' and I am going to ignore it. Perhaps you misspelled it.

See the pgfkeys package documentation for explanation.
Type  H <return>  for immediate help.
 ...                                              
                                                  
l.202 ...nship: Joint, Marginal, and Conditional}]
                                                  
This error message was generated by an \errmessage
command, so I can't give any explicit help.
Pretend that you're Hercule Poirot: Examine all clues,
and deduce the truth by order and method.


! Package pgfkeys Error: I do not know the key '/tcb/and Conditional' and I am going to ignore it. Perhaps you misspelled it.

See the pgfkeys package documentation for explanation.
Type  H <return>  for immediate help.
 ...                                              
                                                  
l.202 ...nship: Joint, Marginal, and Conditional}]
                                                  
(That was another \errmessage.)

<images/week_3/Screenshot 2023-10-21 141759.png, id=2075, 1007.765pt x 462.72874pt>
File: images/week_3/Screenshot 2023-10-21 141759.png Graphic file (type png)
<use images/week_3/Screenshot 2023-10-21 141759.png>
Package pdftex.def Info: images/week_3/Screenshot 2023-10-21 141759.png  used on input line 216.
(pdftex.def)             Requested size: 227.62206pt x 104.51193pt.
[45]
Overfull \hbox (4.4521pt too wide) in paragraph at lines 261--262
[]\T1/cmr/bx/n/10.95 Example 3.3 \T1/cmr/m/n/10.95 (In-de-pen-dence Does Not Im-ply Con-di-tional In-de-pen-dence)\T1/cmr/bx/n/10.95 . []\T1/cmr/m/n/10.95 Let $\OML/cmm/m/it/10.95 X$ \T1/cmr/m/n/10.95 in-di-cate whether
 []

[46 <./images/week_3/Screenshot 2023-10-21 141759.png>] [47] [48] [49] [50]

LaTeX Warning: Reference `ch:week7' on page 1 undefined on input line 571.


LaTeX Warning: Reference `ch:distributions' on page 1 undefined on input line 579.

[51] [52] [53] [54]

LaTeX Warning: Reference `ch:week7' on page 1 undefined on input line 799.

[55]) [56] [57

] (./week_4_calculus.tex
Chapter 4.

LaTeX Warning: Reference `ch:week2' on page 1 undefined on input line 21.

[58

] [59]

LaTeX Warning: Reference `sec:log-diff' on page 1 undefined on input line 117.

[60] [61] [62] [63] [64] [65] [66] [67] [68]
Underfull \hbox (badness 2343) in paragraph at lines 688--689
[]\T1/cmr/bx/n/10.95 Same op-ti-mum: \T1/cmr/m/n/10.95 Since $[]$ is mono-ton-i-cally in-creas-ing, $[] [][] \OML/cmm/m/it/10.95 L\OT1/cmr/m/n/10.95 (\OML/cmm/m/it/10.95 ^^R\OT1/cmr/m/n/10.95 ) =
 []

[69] [70] [71] [72]
Overfull \hbox (0.46149pt too wide) in paragraph at lines 890--891
[]\T1/cmr/bx/n/10.95 Example 4.11 \T1/cmr/m/n/10.95 (MLE for Ex-po-nen-tial Dis-tri-bu-tion)\T1/cmr/bx/n/10.95 . []\T1/cmr/m/n/10.95 Let $\OML/cmm/m/it/10.95 X[]; X[]; [] ; X[]$ \T1/cmr/m/n/10.95 be i.i.d. Exponential$\OT1/cmr/m/n/10.95 (\OML/cmm/m/it/10.95 ^^U\OT1/cmr/m/n/10.95 )$\T1/cmr/m/n/10.95 ,
 []

[73]
Overfull \hbox (4.01755pt too wide) in paragraph at lines 945--946
[]\T1/cmr/bx/n/10.95 Example 4.12 \T1/cmr/m/n/10.95 (MLE for Nor-mal Mean (Known Vari-ance))\T1/cmr/bx/n/10.95 . []\T1/cmr/m/n/10.95 Let $\OML/cmm/m/it/10.95 X[]; X[]; [] ; X[]$ \T1/cmr/m/n/10.95 be i.i.d. $\OML/cmm/m/it/10.95 N\OT1/cmr/m/n/10.95 (\OML/cmm/m/it/10.95 ^^V; ^^[[]\OT1/cmr/m/n/10.95 )$\T1/cmr/m/n/10.95 ,
 []

[74] [75]) (./week_5_power_series.tex [76]
Chapter 5.

LaTeX Warning: Reference `ch:week4' on page 1 undefined on input line 21.

[77

] [78] [79] [80] [81]

Package hyperref Warning: Token not allowed in a PDF string (Unicode):
(hyperref)                removing `math shift' on input line 323.


Package hyperref Warning: Token not allowed in a PDF string (Unicode):
(hyperref)                removing `\ln' on input line 323.


Package hyperref Warning: Token not allowed in a PDF string (Unicode):
(hyperref)                removing `math shift' on input line 323.


Package hyperref Warning: Token not allowed in a PDF string (Unicode):
(hyperref)                removing `math shift' on input line 323.


Package hyperref Warning: Token not allowed in a PDF string (Unicode):
(hyperref)                removing `math shift' on input line 323.

[82] [83] [84] [85] [86] [87] [88] [89] [90]

LaTeX Warning: Reference `ch:week7' on page 1 undefined on input line 815.

) (./week_6_continuous_rvs_i.tex [91]
Chapter 6.
[92

] [93] [94] [95] [96] [97] [98] [99] [100] [101] [102] [103] [104] [105] [106] [107]) (./week_7_continuous_rvs_ii.tex [108]
Chapter 7.

LaTeX Warning: Reference `ch:week6' on page 1 undefined on input line 25.

[109

] [110] [111]

! Package enumitem Error: (i) undefined.

See the enumitem package documentation for explanation.
Type  H <return>  for immediate help.
 ...                                              
                                                  
l.176 \begin{enumerate}[(i)]
                            
Try typing  <return>  to proceed.
If that doesn't work, type  X <return>  to quit.


Overfull \hbox (53.94844pt too wide) detected at line 232
[]
 []

[112] [113] [114] [115]

! Package enumitem Error: (i) undefined.

See the enumitem package documentation for explanation.
Type  H <return>  for immediate help.
 ...                                              
                                                  
l.451 \begin{enumerate}[(i)]
                            
Try typing  <return>  to proceed.
If that doesn't work, type  X <return>  to quit.

[116] [117]

LaTeX Warning: File `images/week_7/correlation_linear_quadratic.png' not found on input line 533.


! Package pdftex.def Error: File `images/week_7/correlation_linear_quadratic.png' not found: using draft setting.

See the pdftex.def package documentation for explanation.
Type  H <return>  for immediate help.
 ...                                              
                                                  
l.533 .../week_7/correlation_linear_quadratic.png}
                                                  
Try typing  <return>  to proceed.
If that doesn't work, type  X <return>  to quit.

[118]
Overfull \hbox (23.89864pt too wide) in paragraph at lines 601--602
\T1/cmr/m/n/10.95 Consider a se-quence of in-de-pen-dent and iden-ti-cally dis-tributed (i.i.d.) ran-dom vari-ables $\OML/cmm/m/it/10.95 X[]; X[]; X[]; []$
 []

[119]
! Undefined control sequence.
l.669 \SD
         (\bar{X}_n) = \frac{\sigma}{\sqrt{n}}
The control sequence at the end of the top line
of your error message was never \def'ed. If you have
misspelled it (e.g., `\hobx'), type `I' and the correct
spelling (e.g., `I\hbox'). Otherwise just continue,
and I'll forget about whatever was undefined.

[120]
! Undefined control sequence.
<argument> ...\text {Standard error:} \quad & \SD 
                                                  (\bar {X}_n) = \frac {\sig...
l.705 \end{align*}
                  
The control sequence at the end of the top line
of your error message was never \def'ed. If you have
misspelled it (e.g., `\hobx'), type `I' and the correct
spelling (e.g., `I\hbox'). Otherwise just continue,
and I'll forget about whatever was undefined.

! Undefined control sequence.
<argument> ...\text {Standard error:} \quad & \SD 
                                                  (\bar {X}_n) = \frac {\sig...
l.705 \end{align*}
                  
The control sequence at the end of the top line
of your error message was never \def'ed. If you have
misspelled it (e.g., `\hobx'), type `I' and the correct
spelling (e.g., `I\hbox'). Otherwise just continue,
and I'll forget about whatever was undefined.

[121] [122]

LaTeX Warning: File `images/week_7/lln_illustration.png' not found on input line 804.


! Package pdftex.def Error: File `images/week_7/lln_illustration.png' not found: using draft setting.

See the pdftex.def package documentation for explanation.
Type  H <return>  for immediate help.
 ...                                              
                                                  
l.804 ...idth]{images/week_7/lln_illustration.png}
                                                  
Try typing  <return>  to proceed.
If that doesn't work, type  X <return>  to quit.

[123] [124] [125] [126]

LaTeX Warning: File `images/week_7/clt_geometric.png' not found on input line 977.


! Package pdftex.def Error: File `images/week_7/clt_geometric.png' not found: using draft setting.

See the pdftex.def package documentation for explanation.
Type  H <return>  for immediate help.
 ...                                              
                                                  
l.977 ...newidth]{images/week_7/clt_geometric.png}
                                                  
Try typing  <return>  to proceed.
If that doesn't work, type  X <return>  to quit.

[127] [128] [129] [130] [131] [132] [133] [134] [135] [136]) [137] [138

] (./week_8_linear_algebra_i.tex
Chapter 8.
[139

] [140] [141] [142] [143] [144] [145]
! Missing $ inserted.
<inserted text> 
                $
l.428 ...stem $\mathbf{A}\mathbf{x} = \mathbf{b}$]
                                                  
I've inserted a begin-math/end-math symbol since I think
you left one out. Proceed, with fingers crossed.

[146] [147] [148] [149] [150] [151] [152] [153]

Package hyperref Warning: Token not allowed in a PDF string (Unicode):
(hyperref)                removing `math shift' on input line 902.


Package hyperref Warning: Token not allowed in a PDF string (Unicode):
(hyperref)                removing `subscript' on input line 902.


Package hyperref Warning: Token not allowed in a PDF string (Unicode):
(hyperref)                removing `math shift' on input line 902.

[154]

Package hyperref Warning: Token not allowed in a PDF string (Unicode):
(hyperref)                removing `math shift' on input line 960.


Package hyperref Warning: Token not allowed in a PDF string (Unicode):
(hyperref)                removing `subscript' on input line 960.


Package hyperref Warning: Token not allowed in a PDF string (Unicode):
(hyperref)                removing `math shift' on input line 960.

[155]

Package hyperref Warning: Token not allowed in a PDF string (Unicode):
(hyperref)                removing `math shift' on input line 1035.


Package hyperref Warning: Token not allowed in a PDF string (Unicode):
(hyperref)                removing `subscript' on input line 1035.


Package hyperref Warning: Token not allowed in a PDF string (Unicode):
(hyperref)                removing `math shift' on input line 1035.


Package hyperref Warning: Token not allowed in a PDF string (Unicode):
(hyperref)                removing `math shift' on input line 1035.


Package hyperref Warning: Token not allowed in a PDF string (Unicode):
(hyperref)                removing `subscript' on input line 1035.


Package hyperref Warning: Token not allowed in a PDF string (Unicode):
(hyperref)                removing `math shift' on input line 1035.

[156] [157]

Package tcolorbox Warning: Using nobreak failed. Try to enlarge `lines before break' or set page breaks manually on input line 1108.

) (./week_9_linear_algebra_ii.tex [158]
Chapter 9.

LaTeX Warning: Reference `ch:week8' on page 159 undefined on input line 28.

[159

] [160] [161] [162] [163] [164] [165] [166] [167] [168] [169] [170]
! Missing \endcsname inserted.
<to be read again> 
                   \Sigma 
l.711 ...re Do $U$, $\Sigma$, and $V$ Come From?}]
                                                  
The control sequence marked <to be read again> should
not appear between \csname and \endcsname.

! Missing \endcsname inserted.
<to be read again> 
                   \Sigma 
l.711 ...re Do $U$, $\Sigma$, and $V$ Come From?}]
                                                  
The control sequence marked <to be read again> should
not appear between \csname and \endcsname.

! Missing \endcsname inserted.
<to be read again> 
                   \Sigma 
l.711 ...re Do $U$, $\Sigma$, and $V$ Come From?}]
                                                  
The control sequence marked <to be read again> should
not appear between \csname and \endcsname.

! Missing \endcsname inserted.
<to be read again> 
                   \Sigma 
l.711 ...re Do $U$, $\Sigma$, and $V$ Come From?}]
                                                  
The control sequence marked <to be read again> should
not appear between \csname and \endcsname.


! Package pgfkeys Error: I do not know the key '/tcb/$\Sigma $' and I am going to ignore it. Perhaps you misspelled it.

See the pgfkeys package documentation for explanation.
Type  H <return>  for immediate help.
 ...                                              
                                                  
l.711 ...re Do $U$, $\Sigma$, and $V$ Come From?}]
                                                  
(That was another \errmessage.)


! Package pgfkeys Error: I do not know the key '/tcb/and $V$ Come From?' and I am going to ignore it. Perhaps you misspelled it.

See the pgfkeys package documentation for explanation.
Type  H <return>  for immediate help.
 ...                                              
                                                  
l.711 ...re Do $U$, $\Sigma$, and $V$ Come From?}]
                                                  
(That was another \errmessage.)

[171] [172]
<images/week_9/Screenshot 2024-01-26 181222.png, id=3184, 623.83063pt x 378.41376pt>
File: images/week_9/Screenshot 2024-01-26 181222.png Graphic file (type png)
<use images/week_9/Screenshot 2024-01-26 181222.png>
Package pdftex.def Info: images/week_9/Screenshot 2024-01-26 181222.png  used on input line 790.
(pdftex.def)             Requested size: 409.71692pt x 248.5355pt.


LaTeX Warning: Reference `ch:week10' on page 173 undefined on input line 813.

[173 <./images/week_9/Screenshot 2024-01-26 181222.png>]
<images/week_9/Screenshot 2024-01-26 181250.png, id=3192, 638.88687pt x 420.57124pt>
File: images/week_9/Screenshot 2024-01-26 181250.png Graphic file (type png)
<use images/week_9/Screenshot 2024-01-26 181250.png>
Package pdftex.def Info: images/week_9/Screenshot 2024-01-26 181250.png  used on input line 833.
(pdftex.def)             Requested size: 409.71692pt x 269.71016pt.
 [174]
<images/week_9/Screenshot 2024-01-26 184636.png, id=3199, 798.48312pt x 259.46938pt>
File: images/week_9/Screenshot 2024-01-26 184636.png Graphic file (type png)
<use images/week_9/Screenshot 2024-01-26 184636.png>
Package pdftex.def Info: images/week_9/Screenshot 2024-01-26 184636.png  used on input line 860.
(pdftex.def)             Requested size: 409.71692pt x 133.13925pt.
 [175 <./images/week_9/Screenshot 2024-01-26 181250.png>]
<images/week_9/image1.png, id=3213, 978.65625pt x 543.53062pt>
File: images/week_9/image1.png Graphic file (type png)
<use images/week_9/image1.png>
Package pdftex.def Info: images/week_9/image1.png  used on input line 877.
(pdftex.def)             Requested size: 318.66948pt x 176.98538pt.
<images/week_9/Screenshot 2024-01-26 182019.png, id=3214, 525.965pt x 415.5525pt>
File: images/week_9/Screenshot 2024-01-26 182019.png Graphic file (type png)
<use images/week_9/Screenshot 2024-01-26 182019.png>
Package pdftex.def Info: images/week_9/Screenshot 2024-01-26 182019.png  used on input line 891.
(pdftex.def)             Requested size: 409.71692pt x 323.71748pt.
 [176 <./images/week_9/Screenshot 2024-01-26 184636.png> <./images/week_9/image1.png>]
<images/week_9/image2.png, id=3223, 735.49782pt x 467.49657pt>
File: images/week_9/image2.png Graphic file (type png)
<use images/week_9/image2.png>
Package pdftex.def Info: images/week_9/image2.png  used on input line 917.
(pdftex.def)             Requested size: 318.66948pt x 202.55328pt.
 [177 <./images/week_9/Screenshot 2024-01-26 182019.png>] [178 <./images/week_9/image2.png>]
<images/week_9/reconstitute1.png, id=3238, 700.86844pt x 464.4853pt>
File: images/week_9/reconstitute1.png Graphic file (type png)
<use images/week_9/reconstitute1.png>
Package pdftex.def Info: images/week_9/reconstitute1.png  used on input line 960.
(pdftex.def)             Requested size: 409.71692pt x 271.53499pt.
<images/week_9/reconstitute2.png, id=3239, 735.49782pt x 450.18187pt>
File: images/week_9/reconstitute2.png Graphic file (type png)
<use images/week_9/reconstitute2.png>
Package pdftex.def Info: images/week_9/reconstitute2.png  used on input line 967.
(pdftex.def)             Requested size: 409.71692pt x 250.78123pt.
 [179 <./images/week_9/reconstitute1.png>]
<images/week_9/reconstitute3.png, id=3246, 711.4078pt x 450.18187pt>
File: images/week_9/reconstitute3.png Graphic file (type png)
<use images/week_9/reconstitute3.png>
Package pdftex.def Info: images/week_9/reconstitute3.png  used on input line 974.
(pdftex.def)             Requested size: 409.71692pt x 259.27846pt.
 [180 <./images/week_9/reconstitute2.png> <./images/week_9/reconstitute3.png>]
Overfull \hbox (9.51813pt too wide) in paragraph at lines 1041--1041
 [][]\T1/cmr/m/n/10.95 Eigendecomposition 
 []

[181]) [182] [183

] (./week_10_optimisation.tex
Chapter 10.

LaTeX Warning: Reference `ch:week4' on page 1 undefined on input line 22.


LaTeX Warning: Reference `ch:week4' on page 1 undefined on input line 22.

[184

] [185] [186] [187] [188] [189] [190] [191] [192] [193] [194] [195] [196]

LaTeX Warning: Reference `ch:week4' on page 1 undefined on input line 750.

[197]

Package tcolorbox Warning: Using nobreak failed. Try to enlarge `lines before break' or set page breaks manually on input line 807.

) [198] [199

] (./appendix_distributions.tex
Appendix A.
[200

] [201] [202] [203] [204] [205]
Overfull \hbox (41.05759pt too wide) in paragraph at lines 380--381
[]\T1/cmr/m/n/10.95 When $\OML/cmm/m/it/10.95 N \OMS/cmsy/m/n/10.95 ! 1$ \T1/cmr/m/n/10.95 with $\OML/cmm/m/it/10.95 K=N \OT1/cmr/m/n/10.95 = \OML/cmm/m/it/10.95 p$ \T1/cmr/m/n/10.95 fixed (i.e., sam-pling with re-place-ment), Hypergeometric$\OT1/cmr/m/n/10.95 (\OML/cmm/m/it/10.95 N; K; n\OT1/cmr/m/n/10.95 )$
 []

[206] [207] [208]
Overfull \hbox (1.04442pt too wide) in paragraph at lines 477--478
\T1/cmr/m/n/10.95 Continuous dis-tri-bu-tions as-sign prob-a-bil-i-ties to in-ter-vals via prob-a-bil-ity den-sity func-tions (PDFs).
 []

[209] [210] [211] [212] [213] [214] [215]) (./appendix_cheat_sheet_i.tex [216]
Appendix B.

Underfull \hbox (badness 10000) in paragraph at lines 19--21

 []

[217

]
Underfull \hbox (badness 10000) in paragraph at lines 57--59

 []


Underfull \hbox (badness 10000) in paragraph at lines 72--73

 []


Underfull \hbox (badness 10000) in paragraph at lines 73--74

 []


Underfull \hbox (badness 10000) in paragraph at lines 86--87

 []

[218]
Underfull \hbox (badness 10000) in paragraph at lines 92--96

 []

[219]
Underfull \hbox (badness 10000) in paragraph at lines 169--170

 []

<images/cheat_sheets/Screenshot 2023-10-21 130325.png, id=3507, 1057.45062pt x 556.0775pt>
File: images/cheat_sheets/Screenshot 2023-10-21 130325.png Graphic file (type png)
<use images/cheat_sheets/Screenshot 2023-10-21 130325.png>
Package pdftex.def Info: images/cheat_sheets/Screenshot 2023-10-21 130325.png  used on input line 186.
(pdftex.def)             Requested size: 341.43307pt x 179.54362pt.
[220]
<images/cheat_sheets/Screenshot 2023-10-21 130639.png, id=3515, 1040.88875pt x 503.38063pt>
File: images/cheat_sheets/Screenshot 2023-10-21 130639.png Graphic file (type png)
<use images/cheat_sheets/Screenshot 2023-10-21 130639.png>
Package pdftex.def Info: images/cheat_sheets/Screenshot 2023-10-21 130639.png  used on input line 197.
(pdftex.def)             Requested size: 341.43307pt x 165.11758pt.
 [221 <./images/cheat_sheets/Screenshot 2023-10-21 130325.png> <./images/cheat_sheets/Screenshot 2023-10-21 130639.png>]
Underfull \hbox (badness 10000) in paragraph at lines 229--230

 []


Underfull \hbox (badness 10000) in paragraph at lines 237--238

 []

[222]
Underfull \hbox (badness 10000) in paragraph at lines 269--270

 []


Underfull \hbox (badness 10000) in paragraph at lines 306--309

 []

[223]
Underfull \hbox (badness 10000) in paragraph at lines 320--321

 []


Underfull \hbox (badness 10000) in paragraph at lines 322--324

 []


Underfull \hbox (badness 10000) in paragraph at lines 327--328

 []


Underfull \hbox (badness 10000) in paragraph at lines 330--331

 []


Underfull \hbox (badness 10000) in paragraph at lines 331--333

 []


Underfull \hbox (badness 10000) in paragraph at lines 345--346

 []

[224]
Underfull \hbox (badness 10000) in paragraph at lines 349--351

 []


Underfull \hbox (badness 10000) in paragraph at lines 357--358

 []


Underfull \hbox (badness 10000) in paragraph at lines 358--360

 []

[225]) (./appendix_cheat_sheet_ii.tex [226]
Appendix C.

Underfull \hbox (badness 10000) in paragraph at lines 35--36

 []

[227

] [228]
Underfull \hbox (badness 10000) in paragraph at lines 114--115

 []


Underfull \hbox (badness 10000) in paragraph at lines 122--125

 []

[229]
Underfull \hbox (badness 10000) in paragraph at lines 160--161

 []

[230] [231] [232] [233]
Underfull \hbox (badness 10000) in paragraph at lines 330--332

 []

[234]) [235] (./main.aux)
 ***********
LaTeX2e <2025-11-01>
L3 programming layer <2025-12-24>
 ***********


LaTeX Warning: There were undefined references.


LaTeX Warning: There were multiply-defined labels.


Package rerunfilecheck Warning: File `main.out' has changed.
(rerunfilecheck)                Rerun to get outlines right
(rerunfilecheck)                or use package `bookmark'.

Package rerunfilecheck Info: Checksums for `main.out':
(rerunfilecheck)             Before: E72F71657554B82A6F18220DEB7B1340;67060
(rerunfilecheck)             After:  2A6F205A8C76A5599C53C24439A2C9A1;67343.
 ) 
Here is how much of TeX's memory you used:
 31783 strings out of 469519
 635530 string characters out of 5469078
 1053360 words of memory out of 5000000
 58534 multiletter control sequences out of 15000+600000
 659979 words of font info for 118 fonts, out of 8000000 for 9000
 14 hyphenation exceptions out of 8191
 89i,18n,107p,477b,1014s stack positions out of 10000i,1000n,20000p,200000b,200000s

pdfTeX warning (dest): name{section.6.9} has been referenced but does not exist, replaced by a fixed one


pdfTeX warning (dest): name{section.1.7} has been referenced but does not exist, replaced by a fixed one

 </Users/henrybaker/Library/TinyTeX/texmf-var/fonts/pk/ljfour/jknappen/ec/ecrm1000.600pk> </Users/henrybaker/Library/TinyTeX/texmf-var/fonts/pk/ljfour/jknappen/ec/ectt1095.600pk> </Users/henrybaker/Library/TinyTeX/texmf-var/fonts/pk/ljfour/jknappen/ec/ecbi1095.600pk> </Users/henrybaker/Library/TinyTeX/texmf-var/fonts/pk/ljfour/jknappen/ec/ecrm0800.600pk> </Users/henrybaker/Library/TinyTeX/texmf-var/fonts/pk/ljfour/jknappen/ec/ecti1095.600pk> </Users/henrybaker/Library/TinyTeX/texmf-var/fonts/pk/ljfour/jknappen/ec/ecbx1440.600pk> </Users/henrybaker/Library/TinyTeX/texmf-var/fonts/pk/ljfour/jknappen/ec/tcrm1095.600pk> </Users/henrybaker/Library/TinyTeX/texmf-var/fonts/pk/ljfour/jknappen/ec/ecbx2074.600pk> </Users/henrybaker/Library/TinyTeX/texmf-var/fonts/pk/ljfour/jknappen/ec/ecrm0900.600pk> </Users/henrybaker/Library/TinyTeX/texmf-var/fonts/pk/ljfour/jknappen/ec/ecbx1095.600pk> </Users/henrybaker/Library/TinyTeX/texmf-var/fonts/pk/ljfour/jknappen/ec/ecbx1200.600pk> </Users/henrybaker/Library/TinyTeX/texmf-var/fonts/pk/ljfour/jknappen/ec/ecti1000.600pk> </Users/henrybaker/Library/TinyTeX/texmf-var/fonts/pk/ljfour/jknappen/ec/ecbi1000.600pk> </Users/henrybaker/Library/TinyTeX/texmf-var/fonts/pk/ljfour/jknappen/ec/ecrm1095.600pk> </Users/henrybaker/Library/TinyTeX/texmf-var/fonts/pk/ljfour/jknappen/ec/ecrm1200.600pk> </Users/henrybaker/Library/TinyTeX/texmf-var/fonts/pk/ljfour/jknappen/ec/ecrm1440.600pk> </Users/henrybaker/Library/TinyTeX/texmf-var/fonts/pk/ljfour/jknappen/ec/ecrm1728.600pk> </Users/henrybaker/Library/TinyTeX/texmf-var/fonts/pk/ljfour/jknappen/ec/ecbx2488.600pk></Users/henrybaker/Library/TinyTeX/texmf-dist/fonts/type1/public/amsfonts/cm/cmbx10.pfb></Users/henrybaker/Library/TinyTeX/texmf-dist/fonts/type1/public/amsfonts/cm/cmbx8.pfb></Users/henrybaker/Library/TinyTeX/texmf-dist/fonts/type1/public/amsfonts/cm/cmex10.pfb></Users/henrybaker/Library/TinyTeX/texmf-dist/fonts/type1/public/amsfonts/cmextra/cmex8.pfb></Users/henrybaker/Library/TinyTeX/texmf-dist/fonts/type1/public/amsfonts/cm/cmmi10.pfb></Users/henrybaker/Library/TinyTeX/texmf-dist/fonts/type1/public/amsfonts/cm/cmmi12.pfb></Users/henrybaker/Library/TinyTeX/texmf-dist/fonts/type1/public/amsfonts/cm/cmmi6.pfb></Users/henrybaker/Library/TinyTeX/texmf-dist/fonts/type1/public/amsfonts/cm/cmmi7.pfb></Users/henrybaker/Library/TinyTeX/texmf-dist/fonts/type1/public/amsfonts/cm/cmmi8.pfb></Users/henrybaker/Library/TinyTeX/texmf-dist/fonts/type1/public/amsfonts/cm/cmmib10.pfb></Users/henrybaker/Library/TinyTeX/texmf-dist/fonts/type1/public/amsfonts/cmextra/cmmib8.pfb></Users/henrybaker/Library/TinyTeX/texmf-dist/fonts/type1/public/amsfonts/cm/cmr10.pfb></Users/henrybaker/Library/TinyTeX/texmf-dist/fonts/type1/public/amsfonts/cm/cmr12.pfb></Users/henrybaker/Library/TinyTeX/texmf-dist/fonts/type1/public/amsfonts/cm/cmr6.pfb></Users/henrybaker/Library/TinyTeX/texmf-dist/fonts/type1/public/amsfonts/cm/cmr7.pfb></Users/henrybaker/Library/TinyTeX/texmf-dist/fonts/type1/public/amsfonts/cm/cmr8.pfb></Users/henrybaker/Library/TinyTeX/texmf-dist/fonts/type1/public/amsfonts/cm/cmsy10.pfb></Users/henrybaker/Library/TinyTeX/texmf-dist/fonts/type1/public/amsfonts/cm/cmsy6.pfb></Users/henrybaker/Library/TinyTeX/texmf-dist/fonts/type1/public/amsfonts/cm/cmsy8.pfb></Users/henrybaker/Library/TinyTeX/texmf-dist/fonts/type1/public/amsfonts/symbols/msam10.pfb></Users/henrybaker/Library/TinyTeX/texmf-dist/fonts/type1/public/amsfonts/symbols/msbm10.pfb>
Output written on main.pdf (236 pages, 2461716 bytes).
PDF statistics:
 4774 PDF objects out of 5155 (max. 8388607)
 3725 compressed objects within 38 object streams
 1406 named destinations out of 1440 (max. 500000)
 2787 words of extra memory for PDF output out of 10000 (max. 10000000)

