\BOOKMARK [1][-]{section.1}{\376\377\000P\000h\000i\000l\000o\000s\000o\000p\000h\000i\000c\000a\000l\000\040\000F\000o\000u\000n\000d\000a\000t\000i\000o\000n\000s\000:\000\040\000T\000h\000e\000\040\000C\000o\000m\000p\000u\000t\000a\000t\000i\000o\000n\000a\000l\000\040\000T\000h\000e\000o\000r\000y\000\040\000o\000f\000\040\000M\000i\000n\000d}{}% 1
\BOOKMARK [1][-]{section.2}{\376\377\000C\000y\000b\000e\000r\000n\000e\000t\000i\000c\000s\000\040\000a\000n\000d\000\040\000E\000a\000r\000l\000y\000\040\000N\000e\000u\000r\000a\000l\000\040\000M\000o\000d\000e\000l\000s\000\040\000\050\0001\0009\0004\0000\000s\040\023\0001\0009\0005\0000\000s\000\051}{}% 2
\BOOKMARK [1][-]{section.3}{\376\377\000T\000h\000e\000\040\000B\000i\000r\000t\000h\000\040\000o\000f\000\040\000A\000r\000t\000i\000f\000i\000c\000i\000a\000l\000\040\000I\000n\000t\000e\000l\000l\000i\000g\000e\000n\000c\000e\000\040\000\050\0001\0009\0005\0006\000\051}{}% 3
\BOOKMARK [1][-]{section.4}{\376\377\000T\000h\000e\000\040\000P\000e\000r\000c\000e\000p\000t\000r\000o\000n\000\040\000a\000n\000d\000\040\000S\000u\000p\000e\000r\000v\000i\000s\000e\000d\000\040\000L\000e\000a\000r\000n\000i\000n\000g}{}% 4
\BOOKMARK [1][-]{section.5}{\376\377\000T\000h\000e\000\040\000F\000i\000r\000s\000t\000\040\000A\000I\000\040\000W\000i\000n\000t\000e\000r\000\040\000\050\0001\0009\0007\0000\000s\000\051}{}% 5
\BOOKMARK [1][-]{section.6}{\376\377\000K\000n\000o\000w\000l\000e\000d\000g\000e\000-\000B\000a\000s\000e\000d\000\040\000S\000y\000s\000t\000e\000m\000s\000\040\000a\000n\000d\000\040\000E\000x\000p\000e\000r\000t\000\040\000S\000y\000s\000t\000e\000m\000s\000\040\000\050\0001\0009\0008\0000\000s\000\051}{}% 6
\BOOKMARK [1][-]{section.7}{\376\377\000T\000h\000e\000\040\000C\000o\000n\000n\000e\000c\000t\000i\000o\000n\000i\000s\000t\000\040\000R\000e\000v\000i\000v\000a\000l\000\040\000\050\0001\0009\0008\0000\000s\000\051}{}% 7
\BOOKMARK [1][-]{section.8}{\376\377\000T\000h\000e\000\040\000S\000e\000c\000o\000n\000d\000\040\000A\000I\000\040\000W\000i\000n\000t\000e\000r\000\040\000\050\000L\000a\000t\000e\000\040\0001\0009\0008\0000\000s\040\023\000E\000a\000r\000l\000y\000\040\0001\0009\0009\0000\000s\000\051}{}% 8
\BOOKMARK [1][-]{section.9}{\376\377\000U\000n\000s\000u\000p\000e\000r\000v\000i\000s\000e\000d\000\040\000L\000e\000a\000r\000n\000i\000n\000g}{}% 9
\BOOKMARK [1][-]{section.10}{\376\377\000R\000e\000i\000n\000f\000o\000r\000c\000e\000m\000e\000n\000t\000\040\000L\000e\000a\000r\000n\000i\000n\000g}{}% 10
\BOOKMARK [1][-]{section.11}{\376\377\000T\000h\000e\000\040\000S\000t\000a\000t\000i\000s\000t\000i\000c\000a\000l\000\040\000M\000L\000\040\000R\000e\000n\000a\000i\000s\000s\000a\000n\000c\000e\000\040\000\050\0001\0009\0009\0000\000s\040\023\0002\0000\0000\0000\000s\000\051}{}% 11
\BOOKMARK [2][-]{subsection.11.1}{\376\377\000S\000u\000p\000p\000o\000r\000t\000\040\000V\000e\000c\000t\000o\000r\000\040\000M\000a\000c\000h\000i\000n\000e\000s}{section.11}% 12
\BOOKMARK [2][-]{subsection.11.2}{\376\377\000E\000n\000s\000e\000m\000b\000l\000e\000\040\000M\000e\000t\000h\000o\000d\000s}{section.11}% 13
\BOOKMARK [2][-]{subsection.11.3}{\376\377\000P\000r\000o\000b\000a\000b\000i\000l\000i\000s\000t\000i\000c\000\040\000G\000r\000a\000p\000h\000i\000c\000a\000l\000\040\000M\000o\000d\000e\000l\000s}{section.11}% 14
\BOOKMARK [1][-]{section.12}{\376\377\000T\000h\000e\000\040\000D\000e\000e\000p\000\040\000L\000e\000a\000r\000n\000i\000n\000g\000\040\000R\000e\000v\000o\000l\000u\000t\000i\000o\000n\000\040\000\050\0002\0000\0001\0000\000s\040\023\000P\000r\000e\000s\000e\000n\000t\000\051}{}% 15
\BOOKMARK [2][-]{subsection.12.1}{\376\377\000W\000h\000y\000\040\000N\000o\000w\000?\000\040\000T\000h\000e\000\040\000C\000o\000n\000v\000e\000r\000g\000e\000n\000c\000e\000\040\000o\000f\000\040\000F\000a\000c\000t\000o\000r\000s}{section.12}% 16
\BOOKMARK [2][-]{subsection.12.2}{\376\377\000T\000r\000a\000n\000s\000f\000o\000r\000m\000e\000r\000s\000\040\000a\000n\000d\000\040\000L\000a\000n\000g\000u\000a\000g\000e\000\040\000M\000o\000d\000e\000l\000s}{section.12}% 17
\BOOKMARK [1][-]{section.13}{\376\377\000S\000u\000m\000m\000a\000r\000y\000:\000\040\000R\000e\000c\000u\000r\000r\000i\000n\000g\000\040\000T\000h\000e\000m\000e\000s\000\040\000i\000n\000\040\000A\000I\000\040\000H\000i\000s\000t\000o\000r\000y}{}% 18
\BOOKMARK [1][-]{section.14}{\376\377\000T\000h\000e\000\040\000O\000p\000t\000i\000m\000i\000s\000a\000t\000i\000o\000n\000\040\000F\000r\000a\000m\000e\000w\000o\000r\000k}{}% 19
\BOOKMARK [1][-]{section.15}{\376\377\000M\000a\000x\000i\000m\000u\000m\000\040\000L\000i\000k\000e\000l\000i\000h\000o\000o\000d\000\040\000E\000s\000t\000i\000m\000a\000t\000i\000o\000n\000\040\000\050\000M\000L\000E\000\051}{}% 20
\BOOKMARK [2][-]{subsection.15.1}{\376\377\000T\000h\000e\000\040\000i\000.\000i\000.\000d\000.\000\040\000A\000s\000s\000u\000m\000p\000t\000i\000o\000n}{section.15}% 21
\BOOKMARK [2][-]{subsection.15.2}{\376\377\000F\000r\000o\000m\000\040\000L\000i\000k\000e\000l\000i\000h\000o\000o\000d\000\040\000t\000o\000\040\000N\000e\000g\000a\000t\000i\000v\000e\000\040\000L\000o\000g\000-\000L\000i\000k\000e\000l\000i\000h\000o\000o\000d}{section.15}% 22
\BOOKMARK [1][-]{section.16}{\376\377\000L\000i\000n\000e\000a\000r\000\040\000R\000e\000g\000r\000e\000s\000s\000i\000o\000n\000\040\000a\000s\000\040\000M\000L\000E}{}% 23
\BOOKMARK [2][-]{subsection.16.1}{\376\377\000T\000h\000e\000\040\000P\000r\000o\000b\000a\000b\000i\000l\000i\000s\000t\000i\000c\000\040\000M\000o\000d\000e\000l}{section.16}% 24
\BOOKMARK [2][-]{subsection.16.2}{\376\377\000D\000e\000r\000i\000v\000i\000n\000g\000\040\000t\000h\000e\000\040\000N\000L\000L}{section.16}% 25
\BOOKMARK [1][-]{section.17}{\376\377\000R\000e\000s\000i\000d\000u\000a\000l\000\040\000S\000u\000m\000\040\000o\000f\000\040\000S\000q\000u\000a\000r\000e\000s\000\040\000a\000n\000d\000\040\000t\000h\000e\000\040\000O\000L\000S\000\040\000S\000o\000l\000u\000t\000i\000o\000n}{}% 26
\BOOKMARK [2][-]{subsection.17.1}{\376\377\000T\000h\000e\000\040\000A\000n\000a\000l\000y\000t\000i\000c\000\040\000S\000o\000l\000u\000t\000i\000o\000n}{section.17}% 27
\BOOKMARK [2][-]{subsection.17.2}{\376\377\000W\000h\000a\000t\000\040\000O\000L\000S\000\040\000G\000i\000v\000e\000s\000\040\000U\000s}{section.17}% 28
\BOOKMARK [1][-]{section.18}{\376\377\000K\000L\000\040\000D\000i\000v\000e\000r\000g\000e\000n\000c\000e\000\040\000a\000n\000d\000\040\000C\000r\000o\000s\000s\000-\000E\000n\000t\000r\000o\000p\000y}{}% 29
\BOOKMARK [2][-]{subsection.18.1}{\376\377\000K\000u\000l\000l\000b\000a\000c\000k\000-\000L\000e\000i\000b\000l\000e\000r\000\040\000D\000i\000v\000e\000r\000g\000e\000n\000c\000e}{section.18}% 30
\BOOKMARK [1][-]{section.19}{\376\377\000V\000a\000r\000i\000a\000n\000c\000e\000\040\000o\000f\000\040\000t\000h\000e\000\040\000O\000L\000S\000\040\000E\000s\000t\000i\000m\000a\000t\000o\000r}{}% 31
\BOOKMARK [2][-]{subsection.19.1}{\376\377\000D\000e\000r\000i\000v\000i\000n\000g\000\040\000t\000h\000e\000\040\000V\000a\000r\000i\000a\000n\000c\000e}{section.19}% 32
\BOOKMARK [2][-]{subsection.19.2}{\376\377\000H\000o\000m\000o\000s\000k\000e\000d\000a\000s\000t\000i\000c\000\040\000E\000r\000r\000o\000r\000s}{section.19}% 33
\BOOKMARK [2][-]{subsection.19.3}{\376\377\000H\000e\000t\000e\000r\000o\000s\000k\000e\000d\000a\000s\000t\000i\000c\000\040\000E\000r\000r\000o\000r\000s}{section.19}% 34
\BOOKMARK [1][-]{section.20}{\376\377\000B\000a\000y\000e\000s\000i\000a\000n\000\040\000I\000n\000f\000e\000r\000e\000n\000c\000e\000\040\000a\000n\000d\000\040\000M\000A\000P\000\040\000E\000s\000t\000i\000m\000a\000t\000i\000o\000n}{}% 35
\BOOKMARK [2][-]{subsection.20.1}{\376\377\000F\000r\000e\000q\000u\000e\000n\000t\000i\000s\000t\000\040\000v\000s\000\040\000B\000a\000y\000e\000s\000i\000a\000n\000\040\000P\000e\000r\000s\000p\000e\000c\000t\000i\000v\000e\000s}{section.20}% 36
\BOOKMARK [2][-]{subsection.20.2}{\376\377\000M\000a\000x\000i\000m\000u\000m\000\040\000A\000\040\000P\000o\000s\000t\000e\000r\000i\000o\000r\000i\000\040\000\050\000M\000A\000P\000\051\000\040\000E\000s\000t\000i\000m\000a\000t\000i\000o\000n}{section.20}% 37
\BOOKMARK [2][-]{subsection.20.3}{\376\377\000I\000n\000t\000e\000r\000p\000r\000e\000t\000i\000n\000g\000\040\000U\000n\000c\000e\000r\000t\000a\000i\000n\000t\000y\000:\000\040\000C\000r\000e\000d\000i\000b\000l\000e\000\040\000v\000s\000\040\000C\000o\000n\000f\000i\000d\000e\000n\000c\000e\000\040\000I\000n\000t\000e\000r\000v\000a\000l\000s}{section.20}% 38
\BOOKMARK [1][-]{section.21}{\376\377\000E\000m\000p\000i\000r\000i\000c\000a\000l\000\040\000R\000i\000s\000k\000\040\000M\000i\000n\000i\000m\000i\000s\000a\000t\000i\000o\000n}{}% 39
\BOOKMARK [2][-]{subsection.21.1}{\376\377\000C\000o\000m\000m\000o\000n\000\040\000L\000o\000s\000s\000\040\000F\000u\000n\000c\000t\000i\000o\000n\000s}{section.21}% 40
\BOOKMARK [2][-]{subsection.21.2}{\376\377\000T\000h\000e\000\040\000P\000r\000o\000b\000l\000e\000m\000\040\000w\000i\000t\000h\000\040\0000\000-\0001\000\040\000L\000o\000s\000s}{section.21}% 41
\BOOKMARK [2][-]{subsection.21.3}{\376\377\000C\000l\000a\000s\000s\000i\000f\000i\000c\000a\000t\000i\000o\000n\000\040\000E\000r\000r\000o\000r\000s}{section.21}% 42
\BOOKMARK [1][-]{section.22}{\376\377\000L\000o\000g\000i\000s\000t\000i\000c\000\040\000R\000e\000g\000r\000e\000s\000s\000i\000o\000n}{}% 43
\BOOKMARK [2][-]{subsection.22.1}{\376\377\000T\000r\000a\000i\000n\000i\000n\000g\000:\000\040\000B\000i\000n\000a\000r\000y\000\040\000C\000r\000o\000s\000s\000-\000E\000n\000t\000r\000o\000p\000y}{section.22}% 44
\BOOKMARK [2][-]{subsection.22.2}{\376\377\000D\000e\000c\000i\000s\000i\000o\000n\000\040\000B\000o\000u\000n\000d\000a\000r\000i\000e\000s}{section.22}% 45
\BOOKMARK [1][-]{section.23}{\376\377\000T\000h\000e\000\040\000B\000i\000a\000s\000-\000V\000a\000r\000i\000a\000n\000c\000e\000\040\000T\000r\000a\000d\000e\000o\000f\000f}{}% 46
\BOOKMARK [2][-]{subsection.23.1}{\376\377\000E\000x\000a\000m\000p\000l\000e\000:\000\040\000S\000h\000r\000i\000n\000k\000a\000g\000e\000\040\000E\000s\000t\000i\000m\000a\000t\000o\000r\000s}{section.23}% 47
\BOOKMARK [1][-]{section.24}{\376\377\000S\000u\000m\000m\000a\000r\000y}{}% 48
\BOOKMARK [1][-]{section.25}{\376\377\000S\000u\000p\000e\000r\000v\000i\000s\000e\000d\000\040\000L\000e\000a\000r\000n\000i\000n\000g\000:\000\040\000A\000\040\000Q\000u\000i\000c\000k\000\040\000R\000e\000c\000a\000p}{}% 49
\BOOKMARK [2][-]{subsection.25.1}{\376\377\000O\000L\000S\000\040\000R\000e\000c\000a\000p}{section.25}% 50
\BOOKMARK [1][-]{section.26}{\376\377\000F\000r\000o\000m\000\040\000L\000i\000n\000e\000a\000r\000\040\000t\000o\000\040\000N\000o\000n\000l\000i\000n\000e\000a\000r\000:\000\040\000P\000o\000l\000y\000n\000o\000m\000i\000a\000l\000\040\000R\000e\000g\000r\000e\000s\000s\000i\000o\000n}{}% 51
\BOOKMARK [2][-]{subsection.26.1}{\376\377\000T\000h\000e\000\040\000P\000r\000o\000b\000l\000e\000m\000:\000\040\000C\000h\000o\000o\000s\000i\000n\000g\000\040\000M}{section.26}% 52
\BOOKMARK [2][-]{subsection.26.2}{\376\377\000W\000h\000y\000\040\000P\000o\000l\000y\000n\000o\000m\000i\000a\000l\000s\000\040\000A\000r\000e\000\040\000A\000t\000t\000r\000a\000c\000t\000i\000v\000e\000\040\000\050\000I\000n\000\040\000T\000h\000e\000o\000r\000y\000\051}{section.26}% 53
\BOOKMARK [2][-]{subsection.26.3}{\376\377\000C\000h\000a\000l\000l\000e\000n\000g\000e\000s\000\040\000w\000i\000t\000h\000\040\000P\000o\000l\000y\000n\000o\000m\000i\000a\000l\000\040\000R\000e\000g\000r\000e\000s\000s\000i\000o\000n\000:\000\040\000N\000u\000m\000e\000r\000i\000c\000a\000l\000\040\000I\000n\000s\000t\000a\000b\000i\000l\000i\000t\000y}{section.26}% 54
\BOOKMARK [3][-]{subsubsection.26.3.1}{\376\377\000T\000h\000e\000\040\000C\000o\000n\000d\000i\000t\000i\000o\000n\000\040\000N\000u\000m\000b\000e\000r}{subsection.26.3}% 55
\BOOKMARK [1][-]{section.27}{\376\377\000D\000e\000c\000o\000m\000p\000o\000s\000i\000n\000g\000\040\000P\000r\000e\000d\000i\000c\000t\000i\000o\000n\000\040\000E\000r\000r\000o\000r}{}% 56
\BOOKMARK [2][-]{subsection.27.1}{\376\377\000T\000h\000e\000\040\000B\000i\000a\000s\000-\000V\000a\000r\000i\000a\000n\000c\000e\000\040\000T\000r\000a\000d\000e\000o\000f\000f\000:\000\040\000A\000\040\000F\000i\000r\000s\000t\000\040\000L\000o\000o\000k}{section.27}% 57
\BOOKMARK [2][-]{subsection.27.2}{\376\377\000E\000v\000a\000l\000u\000a\000t\000i\000o\000n\000\040\000M\000e\000t\000r\000i\000c\000s\000:\000\040\000D\000e\000f\000i\000n\000i\000n\000g\000\040\000`\000`\000R\000i\000s\000k\000'\000'}{section.27}% 58
\BOOKMARK [2][-]{subsection.27.3}{\376\377\000P\000o\000p\000u\000l\000a\000t\000i\000o\000n\000\040\000R\000i\000s\000k\000\040\000v\000s\000\040\000E\000m\000p\000i\000r\000i\000c\000a\000l\000\040\000R\000i\000s\000k}{section.27}% 59
\BOOKMARK [2][-]{subsection.27.4}{\376\377\000T\000h\000r\000e\000e\000\040\000L\000e\000v\000e\000l\000s\000\040\000o\000f\000\040\000O\000p\000t\000i\000m\000a\000l\000i\000t\000y}{section.27}% 60
\BOOKMARK [2][-]{subsection.27.5}{\376\377\000A\000p\000p\000r\000o\000x\000i\000m\000a\000t\000i\000o\000n\000\040\000v\000s\000\040\000E\000s\000t\000i\000m\000a\000t\000i\000o\000n\000\040\000E\000r\000r\000o\000r}{section.27}% 61
\BOOKMARK [3][-]{subsubsection.27.5.1}{\376\377\000A\000p\000p\000r\000o\000x\000i\000m\000a\000t\000i\000o\000n\000\040\000E\000r\000r\000o\000r}{subsection.27.5}% 62
\BOOKMARK [3][-]{subsubsection.27.5.2}{\376\377\000E\000s\000t\000i\000m\000a\000t\000i\000o\000n\000\040\000E\000r\000r\000o\000r}{subsection.27.5}% 63
\BOOKMARK [3][-]{subsubsection.27.5.3}{\376\377\000T\000h\000e\000\040\000F\000u\000n\000d\000a\000m\000e\000n\000t\000a\000l\000\040\000T\000r\000a\000d\000e\000o\000f\000f}{subsection.27.5}% 64
\BOOKMARK [2][-]{subsection.27.6}{\376\377\000E\000s\000t\000i\000m\000a\000t\000i\000n\000g\000\040\000G\000e\000n\000e\000r\000a\000l\000i\000s\000a\000t\000i\000o\000n\000\040\000E\000r\000r\000o\000r}{section.27}% 65
\BOOKMARK [1][-]{section.28}{\376\377\000R\000e\000g\000u\000l\000a\000r\000i\000s\000a\000t\000i\000o\000n}{}% 66
\BOOKMARK [2][-]{subsection.28.1}{\376\377\000T\000h\000e\000\040\000M\000e\000c\000h\000a\000n\000i\000c\000s\000\040\000o\000f\000\040\000R\000e\000g\000u\000l\000a\000r\000i\000s\000a\000t\000i\000o\000n}{section.28}% 67
\BOOKMARK [2][-]{subsection.28.2}{\376\377\000U\000s\000e\000s\000\040\000o\000f\000\040\000R\000e\000g\000u\000l\000a\000r\000i\000s\000a\000t\000i\000o\000n}{section.28}% 68
\BOOKMARK [2][-]{subsection.28.3}{\376\377\000R\000i\000d\000g\000e\000\040\000R\000e\000g\000r\000e\000s\000s\000i\000o\000n\000\040\000\050\000L\0002\000\040\000R\000e\000g\000u\000l\000a\000r\000i\000s\000a\000t\000i\000o\000n\000\051}{section.28}% 69
\BOOKMARK [3][-]{subsubsection.28.3.1}{\376\377\000R\000i\000d\000g\000e\000\040\000a\000s\000\040\000R\000e\000s\000c\000a\000l\000e\000d\000\040\000O\000L\000S}{subsection.28.3}% 70
\BOOKMARK [2][-]{subsection.28.4}{\376\377\000L\000a\000s\000s\000o\000\040\000R\000e\000g\000r\000e\000s\000s\000i\000o\000n\000\040\000\050\000L\0001\000\040\000R\000e\000g\000u\000l\000a\000r\000i\000s\000a\000t\000i\000o\000n\000\051}{section.28}% 71
\BOOKMARK [3][-]{subsubsection.28.4.1}{\376\377\000L\000a\000s\000s\000o\000\040\000a\000s\000\040\000S\000o\000f\000t\000\040\000T\000h\000r\000e\000s\000h\000o\000l\000d\000i\000n\000g}{subsection.28.4}% 72
\BOOKMARK [2][-]{subsection.28.5}{\376\377\000E\000l\000a\000s\000t\000i\000c\000\040\000N\000e\000t}{section.28}% 73
\BOOKMARK [1][-]{section.29}{\376\377\000M\000u\000l\000t\000i\000p\000l\000e\000\040\000P\000e\000r\000s\000p\000e\000c\000t\000i\000v\000e\000s\000\040\000o\000n\000\040\000R\000e\000g\000u\000l\000a\000r\000i\000s\000a\000t\000i\000o\000n}{}% 74
\BOOKMARK [2][-]{subsection.29.1}{\376\377\000P\000e\000r\000s\000p\000e\000c\000t\000i\000v\000e\000\040\0001\000:\000\040\000N\000e\000c\000e\000s\000s\000i\000t\000y\000\040\000\050\000I\000n\000v\000e\000r\000t\000i\000b\000i\000l\000i\000t\000y\000\051}{section.29}% 75
\BOOKMARK [2][-]{subsection.29.2}{\376\377\000P\000e\000r\000s\000p\000e\000c\000t\000i\000v\000e\000\040\0002\000:\000\040\000B\000i\000a\000s\000-\000V\000a\000r\000i\000a\000n\000c\000e\000\040\000T\000r\000a\000d\000e\000o\000f\000f}{section.29}% 76
\BOOKMARK [2][-]{subsection.29.3}{\376\377\000P\000e\000r\000s\000p\000e\000c\000t\000i\000v\000e\000\040\0003\000:\000\040\000B\000a\000y\000e\000s\000i\000a\000n\000\040\000I\000n\000t\000e\000r\000p\000r\000e\000t\000a\000t\000i\000o\000n\000\040\000\050\000M\000A\000P\000\051}{section.29}% 77
\BOOKMARK [2][-]{subsection.29.4}{\376\377\000P\000e\000r\000s\000p\000e\000c\000t\000i\000v\000e\000\040\0004\000:\000\040\000G\000e\000o\000m\000e\000t\000r\000i\000c\000\040\000I\000n\000t\000e\000r\000p\000r\000e\000t\000a\000t\000i\000o\000n}{section.29}% 78
\BOOKMARK [2][-]{subsection.29.5}{\376\377\000P\000e\000r\000s\000p\000e\000c\000t\000i\000v\000e\000\040\0005\000:\000\040\000M\000e\000a\000s\000u\000r\000e\000m\000e\000n\000t\000\040\000E\000r\000r\000o\000r}{section.29}% 79
\BOOKMARK [1][-]{section.30}{\376\377\000M\000o\000d\000e\000l\000\040\000S\000e\000l\000e\000c\000t\000i\000o\000n\000\040\000a\000n\000d\000\040\000V\000a\000l\000i\000d\000a\000t\000i\000o\000n}{}% 80
\BOOKMARK [2][-]{subsection.30.1}{\376\377\000V\000a\000l\000i\000d\000a\000t\000i\000o\000n\000\040\000S\000e\000t\000s}{section.30}% 81
\BOOKMARK [2][-]{subsection.30.2}{\376\377\000C\000r\000o\000s\000s\000-\000V\000a\000l\000i\000d\000a\000t\000i\000o\000n}{section.30}% 82
\BOOKMARK [1][-]{section.31}{\376\377\000R\000e\000g\000u\000l\000a\000r\000i\000s\000e\000d\000\040\000P\000o\000l\000y\000n\000o\000m\000i\000a\000l\000\040\000R\000e\000g\000r\000e\000s\000s\000i\000o\000n}{}% 83
\BOOKMARK [1][-]{section.32}{\376\377\000S\000u\000m\000m\000a\000r\000y}{}% 84
\BOOKMARK [1][-]{section.33}{\376\377\000C\000r\000o\000s\000s\000-\000V\000a\000l\000i\000d\000a\000t\000i\000o\000n}{}% 85
\BOOKMARK [2][-]{subsection.33.1}{\376\377\000T\000h\000e\000\040\000C\000o\000r\000e\000\040\000P\000r\000o\000b\000l\000e\000m}{section.33}% 86
\BOOKMARK [2][-]{subsection.33.2}{\376\377\000K\000-\000F\000o\000l\000d\000\040\000C\000r\000o\000s\000s\000-\000V\000a\000l\000i\000d\000a\000t\000i\000o\000n}{section.33}% 87
\BOOKMARK [2][-]{subsection.33.3}{\376\377\000L\000O\000O\000C\000V\000\040\000f\000o\000r\000\040\000L\000i\000n\000e\000a\000r\000\040\000R\000e\000g\000r\000e\000s\000s\000i\000o\000n}{section.33}% 88
\BOOKMARK [2][-]{subsection.33.4}{\376\377\000T\000h\000e\000\040\000O\000n\000e\000\040\000S\000t\000a\000n\000d\000a\000r\000d\000\040\000E\000r\000r\000o\000r\000\040\000R\000u\000l\000e}{section.33}% 89
\BOOKMARK [2][-]{subsection.33.5}{\376\377\000T\000h\000e\000\040\000O\000p\000t\000i\000m\000i\000s\000m\000\040\000o\000f\000\040\000T\000r\000a\000i\000n\000i\000n\000g\000\040\000E\000r\000r\000o\000r}{section.33}% 90
\BOOKMARK [2][-]{subsection.33.6}{\376\377\000G\000r\000o\000u\000p\000e\000d\000\040\000C\000r\000o\000s\000s\000-\000V\000a\000l\000i\000d\000a\000t\000i\000o\000n}{section.33}% 91
\BOOKMARK [1][-]{section.34}{\376\377\000F\000r\000e\000q\000u\000e\000n\000t\000i\000s\000t\000\040\000v\000s\000\040\000B\000a\000y\000e\000s\000i\000a\000n\000\040\000R\000i\000s\000k}{}% 92
\BOOKMARK [1][-]{section.35}{\376\377\000G\000e\000n\000e\000r\000a\000l\000i\000s\000a\000t\000i\000o\000n\000\040\000B\000o\000u\000n\000d\000s}{}% 93
\BOOKMARK [2][-]{subsection.35.1}{\376\377\000E\000r\000r\000o\000r\000\040\000D\000e\000c\000o\000m\000p\000o\000s\000i\000t\000i\000o\000n\000\040\000R\000e\000c\000a\000p}{section.35}% 94
\BOOKMARK [2][-]{subsection.35.2}{\376\377\000U\000s\000e\000s\000\040\000o\000f\000\040\000B\000o\000u\000n\000d\000s}{section.35}% 95
\BOOKMARK [2][-]{subsection.35.3}{\376\377\000B\000u\000i\000l\000d\000i\000n\000g\000\040\000B\000l\000o\000c\000k\000s\000:\000\040\000C\000o\000n\000c\000e\000n\000t\000r\000a\000t\000i\000o\000n\000\040\000I\000n\000e\000q\000u\000a\000l\000i\000t\000i\000e\000s}{section.35}% 96
\BOOKMARK [2][-]{subsection.35.4}{\376\377\000F\000i\000r\000s\000t\000\040\000G\000e\000n\000e\000r\000a\000l\000i\000s\000a\000t\000i\000o\000n\000\040\000B\000o\000u\000n\000d}{section.35}% 97
\BOOKMARK [2][-]{subsection.35.5}{\376\377\000L\000i\000m\000i\000t\000a\000t\000i\000o\000n\000s\000\040\000o\000f\000\040\000T\000h\000i\000s\000\040\000B\000o\000u\000n\000d}{section.35}% 98
\BOOKMARK [1][-]{section.36}{\376\377\000M\000e\000a\000s\000u\000r\000i\000n\000g\000\040\000H\000y\000p\000o\000t\000h\000e\000s\000i\000s\000\040\000C\000l\000a\000s\000s\000\040\000C\000o\000m\000p\000l\000e\000x\000i\000t\000y}{}% 99
\BOOKMARK [2][-]{subsection.36.1}{\376\377\000I\000n\000t\000r\000i\000n\000s\000i\000c\000\040\000D\000i\000m\000e\000n\000s\000i\000o\000n\000a\000l\000i\000t\000y\000\040\000a\000n\000d\000\040\000t\000h\000e\000\040\000M\000a\000n\000i\000f\000o\000l\000d\000\040\000H\000y\000p\000o\000t\000h\000e\000s\000i\000s}{section.36}% 100
\BOOKMARK [2][-]{subsection.36.2}{\376\377\000V\000C\000\040\000D\000i\000m\000e\000n\000s\000i\000o\000n}{section.36}% 101
\BOOKMARK [2][-]{subsection.36.3}{\376\377\000T\000h\000e\000\040\000V\000C\000\040\000B\000o\000u\000n\000d}{section.36}% 102
\BOOKMARK [1][-]{section.37}{\376\377\000S\000t\000r\000u\000c\000t\000u\000r\000a\000l\000\040\000R\000i\000s\000k\000\040\000M\000i\000n\000i\000m\000i\000s\000a\000t\000i\000o\000n}{}% 103
\BOOKMARK [1][-]{section.38}{\376\377\000G\000e\000n\000e\000r\000a\000l\000i\000s\000a\000t\000i\000o\000n\000\040\000i\000n\000\040\000L\000i\000n\000e\000a\000r\000\040\000R\000e\000g\000r\000e\000s\000s\000i\000o\000n}{}% 104
\BOOKMARK [2][-]{subsection.38.1}{\376\377\000O\000L\000S\000\040\000E\000s\000t\000i\000m\000a\000t\000i\000o\000n\000\040\000E\000r\000r\000o\000r}{section.38}% 105
\BOOKMARK [2][-]{subsection.38.2}{\376\377\000S\000i\000n\000g\000u\000l\000a\000r\000\040\000V\000a\000l\000u\000e\000\040\000D\000e\000c\000o\000m\000p\000o\000s\000i\000t\000i\000o\000n\000\040\000\050\000S\000V\000D\000\051}{section.38}% 106
\BOOKMARK [1][-]{section.39}{\376\377\000L\000o\000w\000\040\000v\000s\000\040\000H\000i\000g\000h\000\040\000D\000i\000m\000e\000n\000s\000i\000o\000n\000a\000l\000\040\000R\000e\000g\000i\000m\000e\000s}{}% 107
\BOOKMARK [2][-]{subsection.39.1}{\376\377\000L\000o\000w\000-\000D\000i\000m\000e\000n\000s\000i\000o\000n\000a\000l\000\040\000R\000e\000g\000i\000m\000e\000:\000\040\000p\000\040\000n}{section.39}% 108
\BOOKMARK [2][-]{subsection.39.2}{\376\377\000H\000i\000g\000h\000-\000D\000i\000m\000e\000n\000s\000i\000o\000n\000a\000l\000\040\000R\000e\000g\000i\000m\000e\000:\000\040\000p\000\040\000>\000\040\000n}{section.39}% 109
\BOOKMARK [2][-]{subsection.39.3}{\376\377\000T\000h\000e\000\040\000I\000n\000t\000e\000r\000p\000o\000l\000a\000t\000i\000o\000n\000\040\000T\000h\000r\000e\000s\000h\000o\000l\000d\000\040\000a\000n\000d\000\040\000D\000o\000u\000b\000l\000e\000\040\000D\000e\000s\000c\000e\000n\000t}{section.39}% 110
\BOOKMARK [1][-]{section.40}{\376\377\000B\000i\000a\000s\000-\000V\000a\000r\000i\000a\000n\000c\000e\000\040\000D\000e\000c\000o\000m\000p\000o\000s\000i\000t\000i\000o\000n}{}% 111
\BOOKMARK [1][-]{section.41}{\376\377\000S\000u\000m\000m\000a\000r\000y}{}% 112
\BOOKMARK [1][-]{section.42}{\376\377\000R\000e\000c\000a\000p\000:\000\040\000O\000L\000S\000\040\000i\000n\000\040\000D\000i\000f\000f\000e\000r\000e\000n\000t\000\040\000R\000e\000g\000i\000m\000e\000s}{}% 113
\BOOKMARK [2][-]{subsection.42.1}{\376\377\000L\000o\000w\000-\000D\000i\000m\000e\000n\000s\000i\000o\000n\000a\000l\000\040\000R\000e\000g\000i\000m\000e\000:\000\040\000p\000\040\000n}{section.42}% 114
\BOOKMARK [2][-]{subsection.42.2}{\376\377\000H\000i\000g\000h\000-\000D\000i\000m\000e\000n\000s\000i\000o\000n\000a\000l\000\040\000R\000e\000g\000i\000m\000e\000:\000\040\000p\000\040\000n}{section.42}% 115
\BOOKMARK [2][-]{subsection.42.3}{\376\377\000C\000o\000m\000p\000a\000r\000i\000n\000g\000\040\000t\000h\000e\000\040\000T\000w\000o\000\040\000R\000e\000g\000i\000m\000e\000s}{section.42}% 116
\BOOKMARK [2][-]{subsection.42.4}{\376\377\000T\000h\000e\000\040\000R\000e\000g\000u\000l\000a\000r\000i\000s\000a\000t\000i\000o\000n\000\040\000P\000a\000r\000a\000d\000o\000x}{section.42}% 117
\BOOKMARK [1][-]{section.43}{\376\377\000T\000h\000e\000\040\000D\000o\000u\000b\000l\000e\000\040\000D\000e\000s\000c\000e\000n\000t\000\040\000P\000h\000e\000n\000o\000m\000e\000n\000o\000n}{}% 118
\BOOKMARK [2][-]{subsection.43.1}{\376\377\000T\000h\000e\000\040\000T\000h\000r\000e\000e\000\040\000R\000e\000g\000i\000m\000e\000s}{section.43}% 119
\BOOKMARK [2][-]{subsection.43.2}{\376\377\000E\000x\000p\000l\000a\000i\000n\000i\000n\000g\000\040\000t\000h\000e\000\040\000P\000h\000e\000n\000o\000m\000e\000n\000o\000n\000:\000\040\000T\000h\000e\000\040\000M\000a\000n\000i\000f\000o\000l\000d\000\040\000H\000y\000p\000o\000t\000h\000e\000s\000i\000s}{section.43}% 120
\BOOKMARK [1][-]{section.44}{\376\377\000M\000o\000d\000e\000r\000n\000\040\000A\000n\000a\000l\000y\000s\000i\000s\000:\000\040\000T\000h\000e\000\040\000k\000-\000S\000p\000l\000i\000t\000\040\000P\000e\000r\000s\000p\000e\000c\000t\000i\000v\000e}{}% 121
\BOOKMARK [2][-]{subsection.44.1}{\376\377\000T\000h\000e\000\040\000I\000n\000t\000e\000r\000p\000o\000l\000a\000t\000i\000o\000n\000\040\000T\000h\000r\000e\000s\000h\000o\000l\000d}{section.44}% 122
\BOOKMARK [2][-]{subsection.44.2}{\376\377\000S\000V\000D\000\040\000t\000o\000\040\000t\000h\000e\000\040\000R\000e\000s\000c\000u\000e}{section.44}% 123
\BOOKMARK [2][-]{subsection.44.3}{\376\377\000S\000p\000l\000i\000t\000t\000i\000n\000g\000\040\000S\000i\000g\000n\000a\000l\000\040\000f\000r\000o\000m\000\040\000N\000o\000i\000s\000e\000:\000\040\000T\000h\000e\000\040\000k\000-\000S\000p\000l\000i\000t}{section.44}% 124
\BOOKMARK [2][-]{subsection.44.4}{\376\377\000T\000w\000o\000\040\000P\000e\000r\000s\000p\000e\000c\000t\000i\000v\000e\000s\000\040\000o\000n\000\040\000t\000h\000e\000\040\000M\000a\000n\000i\000f\000o\000l\000d\000\040\000H\000y\000p\000o\000t\000h\000e\000s\000i\000s}{section.44}% 125
\BOOKMARK [1][-]{section.45}{\376\377\000B\000e\000n\000i\000g\000n\000\040\000O\000v\000e\000r\000f\000i\000t\000t\000i\000n\000g\000:\000\040\000W\000h\000e\000n\000\040\000I\000n\000t\000e\000r\000p\000o\000l\000a\000t\000i\000o\000n\000\040\000W\000o\000r\000k\000s}{}% 126
\BOOKMARK [2][-]{subsection.45.1}{\376\377\000T\000h\000e\000\040\000R\000i\000s\000k\000\040\000B\000o\000u\000n\000d}{section.45}% 127
\BOOKMARK [2][-]{subsection.45.2}{\376\377\000U\000n\000d\000e\000r\000s\000t\000a\000n\000d\000i\000n\000g\000\040\000t\000h\000e\000\040\000T\000w\000o\000\040\000T\000e\000r\000m\000s}{section.45}% 128
\BOOKMARK [2][-]{subsection.45.3}{\376\377\000W\000h\000e\000n\000\040\000i\000s\000\040\000O\000v\000e\000r\000f\000i\000t\000t\000i\000n\000g\000\040\000B\000e\000n\000i\000g\000n\000?}{section.45}% 129
\BOOKMARK [2][-]{subsection.45.4}{\376\377\000W\000h\000y\000\040\000S\000V\000D\000\040\000M\000a\000k\000e\000s\000\040\000T\000h\000i\000s\000\040\000A\000u\000t\000o\000m\000a\000t\000i\000c}{section.45}% 130
\BOOKMARK [1][-]{section.46}{\376\377\000I\000m\000p\000l\000i\000c\000a\000t\000i\000o\000n\000s\000\040\000f\000o\000r\000\040\000H\000i\000g\000h\000-\000D\000i\000m\000e\000n\000s\000i\000o\000n\000a\000l\000\040\000M\000o\000d\000e\000l\000s}{}% 131
\BOOKMARK [2][-]{subsection.46.1}{\376\377\000T\000h\000e\000\040\000I\000m\000p\000o\000r\000t\000a\000n\000c\000e\000\040\000o\000f\000\040\000D\000a\000t\000a\000\040\000S\000t\000r\000u\000c\000t\000u\000r\000e}{section.46}% 132
\BOOKMARK [1][-]{section.47}{\376\377\000P\000r\000a\000c\000t\000i\000c\000a\000l\000\040\000I\000m\000p\000l\000i\000c\000a\000t\000i\000o\000n\000s}{}% 133
\BOOKMARK [1][-]{section.48}{\376\377\000S\000u\000m\000m\000a\000r\000y}{}% 134
\BOOKMARK [1][-]{section.49}{\376\377\000M\000o\000t\000i\000v\000a\000t\000i\000o\000n\000:\000\040\000A\000\040\000N\000e\000w\000\040\000W\000a\000y\000\040\000t\000o\000\040\000T\000h\000i\000n\000k\000\040\000A\000b\000o\000u\000t\000\040\000S\000i\000m\000i\000l\000a\000r\000i\000t\000y}{}% 135
\BOOKMARK [1][-]{section.50}{\376\377\000A\000n\000\040\000A\000l\000t\000e\000r\000n\000a\000t\000i\000v\000e\000\040\000V\000i\000e\000w\000\040\000o\000f\000\040\000R\000e\000g\000r\000e\000s\000s\000i\000o\000n}{}% 136
\BOOKMARK [2][-]{subsection.50.1}{\376\377\000T\000w\000o\000\040\000E\000q\000u\000i\000v\000a\000l\000e\000n\000t\000\040\000F\000o\000r\000m\000u\000l\000a\000t\000i\000o\000n\000s\000\040\000o\000f\000\040\000R\000i\000d\000g\000e\000\040\000R\000e\000g\000r\000e\000s\000s\000i\000o\000n}{section.50}% 137
\BOOKMARK [2][-]{subsection.50.2}{\376\377\000W\000h\000a\000t\000\040\000D\000o\000\040\000T\000h\000e\000s\000e\000\040\000M\000a\000t\000r\000i\000c\000e\000s\000\040\000R\000e\000p\000r\000e\000s\000e\000n\000t\000?}{section.50}% 138
\BOOKMARK [2][-]{subsection.50.3}{\376\377\000S\000i\000m\000i\000l\000a\000r\000i\000t\000y\000\040\000a\000s\000\040\000D\000o\000t\000\040\000P\000r\000o\000d\000u\000c\000t}{section.50}% 139
\BOOKMARK [2][-]{subsection.50.4}{\376\377\000R\000e\000g\000r\000e\000s\000s\000i\000o\000n\000\040\000a\000s\000\040\000S\000i\000m\000i\000l\000a\000r\000i\000t\000y\000-\000W\000e\000i\000g\000h\000t\000e\000d\000\040\000A\000v\000e\000r\000a\000g\000i\000n\000g}{section.50}% 140
\BOOKMARK [2][-]{subsection.50.5}{\376\377\000T\000h\000e\000\040\000I\000m\000p\000o\000r\000t\000a\000n\000c\000e\000\040\000o\000f\000\040\000D\000e\000f\000i\000n\000i\000n\000g\000\040\000S\000i\000m\000i\000l\000a\000r\000i\000t\000y\000\040\000C\000o\000r\000r\000e\000c\000t\000l\000y}{section.50}% 141
\BOOKMARK [1][-]{section.51}{\376\377\000F\000e\000a\000t\000u\000r\000e\000\040\000E\000x\000p\000a\000n\000s\000i\000o\000n\000\040\000a\000n\000d\000\040\000t\000h\000e\000\040\000K\000e\000r\000n\000e\000l\000\040\000T\000r\000i\000c\000k}{}% 142
\BOOKMARK [2][-]{subsection.51.1}{\376\377\000F\000e\000a\000t\000u\000r\000e\000\040\000E\000x\000p\000a\000n\000s\000i\000o\000n}{section.51}% 143
\BOOKMARK [2][-]{subsection.51.2}{\376\377\000T\000h\000e\000\040\000C\000o\000m\000p\000u\000t\000a\000t\000i\000o\000n\000a\000l\000\040\000P\000r\000o\000b\000l\000e\000m}{section.51}% 144
\BOOKMARK [2][-]{subsection.51.3}{\376\377\000T\000h\000e\000\040\000K\000e\000r\000n\000e\000l\000\040\000T\000r\000i\000c\000k}{section.51}% 145
\BOOKMARK [2][-]{subsection.51.4}{\376\377\000T\000h\000e\000\040\000G\000r\000a\000m\000\040\000M\000a\000t\000r\000i\000x}{section.51}% 146
\BOOKMARK [1][-]{section.52}{\376\377\000C\000o\000m\000m\000o\000n\000\040\000K\000e\000r\000n\000e\000l\000s}{}% 147
\BOOKMARK [2][-]{subsection.52.1}{\376\377\000P\000o\000l\000y\000n\000o\000m\000i\000a\000l\000\040\000K\000e\000r\000n\000e\000l}{section.52}% 148
\BOOKMARK [2][-]{subsection.52.2}{\376\377\000G\000a\000u\000s\000s\000i\000a\000n\000\040\000\050\000R\000B\000F\000\051\000\040\000K\000e\000r\000n\000e\000l}{section.52}% 149
\BOOKMARK [3][-]{subsubsection.52.2.1}{\376\377\000T\000h\000e\000\040\000R\000B\000F\000\040\000K\000e\000r\000n\000e\000l\000\040\000i\000s\000\040\000I\000n\000f\000i\000n\000i\000t\000e\000-\000D\000i\000m\000e\000n\000s\000i\000o\000n\000a\000l}{subsection.52.2}% 150
\BOOKMARK [2][-]{subsection.52.3}{\376\377\000O\000t\000h\000e\000r\000\040\000C\000o\000m\000m\000o\000n\000\040\000K\000e\000r\000n\000e\000l\000s}{section.52}% 151
\BOOKMARK [1][-]{section.53}{\376\377\000C\000o\000m\000b\000i\000n\000i\000n\000g\000\040\000K\000e\000r\000n\000e\000l\000s}{}% 152
\BOOKMARK [1][-]{section.54}{\376\377\000K\000e\000r\000n\000e\000l\000\040\000M\000e\000t\000h\000o\000d\000s\000\040\000i\000n\000\040\000P\000r\000a\000c\000t\000i\000c\000e}{}% 153
\BOOKMARK [2][-]{subsection.54.1}{\376\377\000K\000e\000r\000n\000e\000l\000\040\000R\000i\000d\000g\000e\000\040\000R\000e\000g\000r\000e\000s\000s\000i\000o\000n}{section.54}% 154
\BOOKMARK [2][-]{subsection.54.2}{\376\377\000K\000-\000N\000e\000a\000r\000e\000s\000t\000\040\000N\000e\000i\000g\000h\000b\000o\000u\000r\000s\000\040\000\050\000K\000N\000N\000\051}{section.54}% 155
\BOOKMARK [2][-]{subsection.54.3}{\376\377\000C\000o\000m\000p\000a\000r\000i\000n\000g\000\040\000G\000l\000o\000b\000a\000l\000\040\000a\000n\000d\000\040\000L\000o\000c\000a\000l\000\040\000M\000e\000t\000h\000o\000d\000s}{section.54}% 156
\BOOKMARK [1][-]{section.55}{\376\377\000T\000h\000e\000\040\000C\000u\000r\000s\000e\000\040\000o\000f\000\040\000D\000i\000m\000e\000n\000s\000i\000o\000n\000a\000l\000i\000t\000y}{}% 157
\BOOKMARK [2][-]{subsection.55.1}{\376\377\000W\000h\000y\000\040\000D\000i\000s\000t\000a\000n\000c\000e\000\040\000F\000a\000i\000l\000s\000\040\000i\000n\000\040\000H\000i\000g\000h\000\040\000D\000i\000m\000e\000n\000s\000i\000o\000n\000s}{section.55}% 158
\BOOKMARK [2][-]{subsection.55.2}{\376\377\000I\000m\000p\000l\000i\000c\000a\000t\000i\000o\000n\000s\000\040\000f\000o\000r\000\040\000M\000a\000c\000h\000i\000n\000e\000\040\000L\000e\000a\000r\000n\000i\000n\000g}{section.55}% 159
\BOOKMARK [1][-]{section.56}{\376\377\000S\000u\000m\000m\000a\000r\000y}{}% 160
\BOOKMARK [1][-]{section.57}{\376\377\000M\000a\000c\000h\000i\000n\000e\000\040\000L\000e\000a\000r\000n\000i\000n\000g\000\040\000i\000n\000\040\000C\000o\000n\000t\000e\000x\000t}{}% 161
\BOOKMARK [2][-]{subsection.57.1}{\376\377\000E\000n\000c\000o\000d\000e\000d\000\040\000B\000i\000a\000s\000:\000\040\000W\000h\000i\000c\000h\000\040\000P\000a\000t\000t\000e\000r\000n\000s\000\040\000S\000h\000o\000u\000l\000d\000\040\000W\000e\000\040\000R\000e\000p\000l\000i\000c\000a\000t\000e\000?}{section.57}% 162
\BOOKMARK [2][-]{subsection.57.2}{\376\377\000F\000e\000e\000d\000b\000a\000c\000k\000\040\000L\000o\000o\000p\000s\000:\000\040\000P\000r\000e\000d\000i\000c\000t\000i\000o\000n\000s\000\040\000a\000s\000\040\000S\000e\000l\000f\000-\000F\000u\000l\000f\000i\000l\000l\000i\000n\000g\000\040\000P\000r\000o\000p\000h\000e\000c\000i\000e\000s}{section.57}% 163
\BOOKMARK [1][-]{section.58}{\376\377\000T\000y\000p\000e\000s\000\040\000o\000f\000\040\000H\000a\000r\000m}{}% 164
\BOOKMARK [1][-]{section.59}{\376\377\000W\000h\000a\000t\000\040\000i\000s\000\040\000F\000a\000i\000r\000n\000e\000s\000s\000?}{}% 165
\BOOKMARK [2][-]{subsection.59.1}{\376\377\000L\000e\000g\000i\000t\000i\000m\000a\000c\000y\000:\000\040\000T\000h\000e\000\040\000P\000r\000i\000o\000r\000\040\000Q\000u\000e\000s\000t\000i\000o\000n}{section.59}% 166
\BOOKMARK [2][-]{subsection.59.2}{\376\377\000R\000e\000l\000a\000t\000i\000v\000e\000\040\000T\000r\000e\000a\000t\000m\000e\000n\000t\000:\000\040\000F\000a\000i\000r\000n\000e\000s\000s\000\040\000M\000e\000t\000r\000i\000c\000s}{section.59}% 167
\BOOKMARK [2][-]{subsection.59.3}{\376\377\000P\000r\000o\000c\000e\000d\000u\000r\000a\000l\000\040\000F\000a\000i\000r\000n\000e\000s\000s\000:\000\040\000T\000h\000e\000\040\000R\000i\000g\000h\000t\000\040\000t\000o\000\040\000R\000e\000a\000s\000o\000n\000s}{section.59}% 168
\BOOKMARK [1][-]{section.60}{\376\377\000T\000y\000p\000e\000s\000\040\000o\000f\000\040\000A\000u\000t\000o\000m\000a\000t\000i\000o\000n}{}% 169
\BOOKMARK [1][-]{section.61}{\376\377\000P\000r\000o\000b\000l\000e\000m\000s\000\040\000i\000n\000\040\000D\000a\000t\000a\000-\000D\000r\000i\000v\000e\000n\000\040\000S\000y\000s\000t\000e\000m\000s}{}% 170
\BOOKMARK [2][-]{subsection.61.1}{\376\377\000T\000h\000e\000\040\000H\000e\000a\000l\000t\000h\000c\000a\000r\000e\000\040\000A\000l\000g\000o\000r\000i\000t\000h\000m\000\040\000E\000x\000a\000m\000p\000l\000e}{section.61}% 171
\BOOKMARK [1][-]{section.62}{\376\377\000A\000g\000e\000n\000c\000y\000,\000\040\000R\000e\000c\000o\000u\000r\000s\000e\000,\000\040\000a\000n\000d\000\040\000C\000u\000l\000p\000a\000b\000i\000l\000i\000t\000y}{}% 172
\BOOKMARK [2][-]{subsection.62.1}{\376\377\000T\000h\000e\000\040\000P\000r\000o\000b\000l\000e\000m\000\040\000o\000f\000\040\000R\000e\000c\000o\000u\000r\000s\000e}{section.62}% 173
\BOOKMARK [2][-]{subsection.62.2}{\376\377\000C\000u\000l\000p\000a\000b\000i\000l\000i\000t\000y\000:\000\040\000W\000h\000o\000\040\000I\000s\000\040\000R\000e\000s\000p\000o\000n\000s\000i\000b\000l\000e\000?}{section.62}% 174
\BOOKMARK [1][-]{section.63}{\376\377\000T\000h\000e\000\040\000L\000i\000m\000i\000t\000s\000\040\000o\000f\000\040\000T\000e\000c\000h\000n\000i\000c\000a\000l\000\040\000S\000o\000l\000u\000t\000i\000o\000n\000s}{}% 175
\BOOKMARK [1][-]{section.64}{\376\377\000L\000o\000o\000k\000i\000n\000g\000\040\000A\000h\000e\000a\000d\000:\000\040\000Q\000u\000a\000n\000t\000i\000t\000a\000t\000i\000v\000e\000\040\000F\000a\000i\000r\000n\000e\000s\000s}{}% 176
\BOOKMARK [1][-]{section.65}{\376\377\000S\000u\000m\000m\000a\000r\000y}{}% 177
\BOOKMARK [1][-]{section.66}{\376\377\000C\000l\000a\000s\000s\000i\000f\000i\000c\000a\000t\000i\000o\000n\000\040\000a\000n\000d\000\040\000R\000i\000s\000k\000\040\000S\000c\000o\000r\000e\000s}{}% 178
\BOOKMARK [2][-]{subsection.66.1}{\376\377\000R\000i\000s\000k\000\040\000S\000c\000o\000r\000e\000s\000\040\000a\000n\000d\000\040\000E\000s\000t\000i\000m\000a\000t\000i\000o\000n}{section.66}% 179
\BOOKMARK [2][-]{subsection.66.2}{\376\377\000I\000d\000e\000a\000l\000\040\000M\000o\000d\000e\000l\000\040\000v\000e\000r\000s\000u\000s\000\040\000R\000e\000a\000l\000i\000t\000y}{section.66}% 180
\BOOKMARK [1][-]{section.67}{\376\377\000E\000v\000a\000l\000u\000a\000t\000i\000n\000g\000\040\000C\000l\000a\000s\000s\000i\000f\000i\000e\000r\000s}{}% 181
\BOOKMARK [2][-]{subsection.67.1}{\376\377\000A\000c\000c\000u\000r\000a\000c\000y\000\040\000a\000n\000d\000\040\000I\000t\000s\000\040\000L\000i\000m\000i\000t\000a\000t\000i\000o\000n\000s}{section.67}% 182
\BOOKMARK [2][-]{subsection.67.2}{\376\377\000C\000o\000s\000t\000-\000S\000e\000n\000s\000i\000t\000i\000v\000e\000\040\000L\000e\000a\000r\000n\000i\000n\000g}{section.67}% 183
\BOOKMARK [2][-]{subsection.67.3}{\376\377\000R\000e\000c\000e\000i\000v\000e\000r\000\040\000O\000p\000e\000r\000a\000t\000i\000n\000g\000\040\000C\000h\000a\000r\000a\000c\000t\000e\000r\000i\000s\000t\000i\000c\000\040\000\050\000R\000O\000C\000\051\000\040\000C\000u\000r\000v\000e\000s}{section.67}% 184
\BOOKMARK [3][-]{subsubsection.67.3.1}{\376\377\000R\000O\000C\000\040\000C\000u\000r\000v\000e\000\040\000C\000o\000n\000s\000t\000r\000u\000c\000t\000i\000o\000n}{subsection.67.3}% 185
\BOOKMARK [3][-]{subsubsection.67.3.2}{\376\377\000M\000o\000d\000e\000l\000\040\000C\000o\000m\000p\000a\000r\000i\000s\000o\000n\000\040\000w\000i\000t\000h\000\040\000R\000O\000C\000\040\000C\000u\000r\000v\000e\000s}{subsection.67.3}% 186
\BOOKMARK [3][-]{subsubsection.67.3.3}{\376\377\000A\000r\000e\000a\000\040\000U\000n\000d\000e\000r\000\040\000t\000h\000e\000\040\000C\000u\000r\000v\000e\000\040\000\050\000A\000U\000C\000\051}{subsection.67.3}% 187
\BOOKMARK [1][-]{section.68}{\376\377\000D\000i\000s\000c\000r\000i\000m\000i\000n\000a\000t\000i\000o\000n\000\040\000i\000n\000\040\000C\000l\000a\000s\000s\000i\000f\000i\000c\000a\000t\000i\000o\000n}{}% 188
\BOOKMARK [2][-]{subsection.68.1}{\376\377\000H\000o\000w\000\040\000D\000i\000s\000c\000r\000i\000m\000i\000n\000a\000t\000i\000o\000n\000\040\000A\000r\000i\000s\000e\000s}{section.68}% 189
\BOOKMARK [2][-]{subsection.68.2}{\376\377\000A\000c\000c\000u\000m\000u\000l\000a\000t\000i\000o\000n\000\040\000o\000f\000\040\000S\000l\000i\000g\000h\000t\000\040\000P\000r\000e\000d\000i\000c\000t\000i\000v\000i\000t\000y}{section.68}% 190
\BOOKMARK [2][-]{subsection.68.3}{\376\377\000A\000p\000p\000r\000o\000a\000c\000h\000e\000s\000\040\000t\000o\000\040\000A\000d\000d\000r\000e\000s\000s\000i\000n\000g\000\040\000D\000i\000s\000c\000r\000i\000m\000i\000n\000a\000t\000i\000o\000n}{section.68}% 191
\BOOKMARK [1][-]{section.69}{\376\377\000Q\000u\000a\000n\000t\000i\000t\000a\000t\000i\000v\000e\000\040\000F\000a\000i\000r\000n\000e\000s\000s\000\040\000C\000r\000i\000t\000e\000r\000i\000a}{}% 192
\BOOKMARK [2][-]{subsection.69.1}{\376\377\000I\000n\000d\000e\000p\000e\000n\000d\000e\000n\000c\000e\000\040\000\050\000D\000e\000m\000o\000g\000r\000a\000p\000h\000i\000c\000\040\000P\000a\000r\000i\000t\000y\000\051}{section.69}% 193
\BOOKMARK [3][-]{subsubsection.69.1.1}{\376\377\000I\000m\000p\000l\000i\000c\000a\000t\000i\000o\000n\000s\000\040\000f\000o\000r\000\040\000F\000a\000i\000r\000n\000e\000s\000s}{subsection.69.1}% 194
\BOOKMARK [2][-]{subsection.69.2}{\376\377\000S\000e\000p\000a\000r\000a\000t\000i\000o\000n\000\040\000\050\000E\000q\000u\000a\000l\000i\000s\000e\000d\000\040\000O\000d\000d\000s\000\051}{section.69}% 195
\BOOKMARK [3][-]{subsubsection.69.2.1}{\376\377\000E\000q\000u\000a\000l\000\040\000T\000r\000e\000a\000t\000m\000e\000n\000t\000\040\000A\000m\000o\000n\000g\000\040\000S\000i\000m\000i\000l\000a\000r\000l\000y\000\040\000S\000i\000t\000u\000a\000t\000e\000d\000\040\000I\000n\000d\000i\000v\000i\000d\000u\000a\000l\000s}{subsection.69.2}% 196
\BOOKMARK [2][-]{subsection.69.3}{\376\377\000S\000u\000f\000f\000i\000c\000i\000e\000n\000c\000y\000\040\000\050\000C\000a\000l\000i\000b\000r\000a\000t\000i\000o\000n\000\051}{section.69}% 197
\BOOKMARK [3][-]{subsubsection.69.3.1}{\376\377\000U\000n\000d\000e\000r\000s\000t\000a\000n\000d\000i\000n\000g\000\040\000C\000a\000l\000i\000b\000r\000a\000t\000i\000o\000n}{subsection.69.3}% 198
\BOOKMARK [1][-]{section.70}{\376\377\000I\000m\000p\000o\000s\000s\000i\000b\000i\000l\000i\000t\000y\000\040\000R\000e\000s\000u\000l\000t\000s}{}% 199
\BOOKMARK [2][-]{subsection.70.1}{\376\377\000I\000n\000d\000e\000p\000e\000n\000d\000e\000n\000c\000e\000\040\000v\000e\000r\000s\000u\000s\000\040\000S\000u\000f\000f\000i\000c\000i\000e\000n\000c\000y}{section.70}% 200
\BOOKMARK [2][-]{subsection.70.2}{\376\377\000I\000n\000d\000e\000p\000e\000n\000d\000e\000n\000c\000e\000\040\000v\000e\000r\000s\000u\000s\000\040\000S\000e\000p\000a\000r\000a\000t\000i\000o\000n}{section.70}% 201
\BOOKMARK [1][-]{section.71}{\376\377\000F\000a\000i\000r\000n\000e\000s\000s\000\040\000i\000s\000\040\000N\000o\000t\000\040\000a\000\040\000T\000e\000c\000h\000n\000i\000c\000a\000l\000\040\000P\000r\000o\000b\000l\000e\000m}{}% 202
\BOOKMARK [2][-]{subsection.71.1}{\376\377\000D\000i\000f\000f\000e\000r\000e\000n\000t\000\040\000C\000r\000i\000t\000e\000r\000i\000a\000,\000\040\000D\000i\000f\000f\000e\000r\000e\000n\000t\000\040\000M\000o\000d\000e\000l\000s}{section.71}% 203
\BOOKMARK [2][-]{subsection.71.2}{\376\377\000P\000O\000S\000I\000W\000I\000D\000:\000\040\000T\000h\000e\000\040\000P\000u\000r\000p\000o\000s\000e\000\040\000o\000f\000\040\000a\000\040\000S\000y\000s\000t\000e\000m\000\040\000i\000s\000\040\000W\000h\000a\000t\000\040\000i\000t\000\040\000D\000o\000e\000s}{section.71}% 204
\BOOKMARK [1][-]{section.72}{\376\377\000S\000u\000m\000m\000a\000r\000y}{}% 205
\BOOKMARK [1][-]{section.73}{\376\377\000D\000e\000c\000i\000s\000i\000o\000n\000\040\000T\000r\000e\000e\000s}{}% 206
\BOOKMARK [2][-]{subsection.73.1}{\376\377\000C\000o\000n\000s\000t\000r\000u\000c\000t\000i\000n\000g\000\040\000a\000\040\000D\000e\000c\000i\000s\000i\000o\000n\000\040\000T\000r\000e\000e}{section.73}% 207
\BOOKMARK [2][-]{subsection.73.2}{\376\377\000P\000r\000o\000p\000e\000r\000t\000i\000e\000s\000\040\000o\000f\000\040\000D\000e\000c\000i\000s\000i\000o\000n\000\040\000T\000r\000e\000e\000s}{section.73}% 208
\BOOKMARK [1][-]{section.74}{\376\377\000S\000p\000l\000i\000t\000t\000i\000n\000g\000\040\000S\000t\000r\000a\000t\000e\000g\000i\000e\000s}{}% 209
\BOOKMARK [2][-]{subsection.74.1}{\376\377\000C\000a\000t\000e\000g\000o\000r\000i\000c\000a\000l\000\040\000F\000e\000a\000t\000u\000r\000e\000s\000:\000\040\000S\000p\000l\000i\000t\000t\000i\000n\000g\000\040\000b\000y\000\040\000U\000n\000i\000q\000u\000e\000\040\000V\000a\000l\000u\000e}{section.74}% 210
\BOOKMARK [2][-]{subsection.74.2}{\376\377\000C\000o\000n\000t\000i\000n\000u\000o\000u\000s\000\040\000F\000e\000a\000t\000u\000r\000e\000s\000:\000\040\000S\000p\000l\000i\000t\000t\000i\000n\000g\000\040\000b\000y\000\040\000T\000h\000r\000e\000s\000h\000o\000l\000d}{section.74}% 211
\BOOKMARK [1][-]{section.75}{\376\377\000O\000p\000t\000i\000m\000i\000s\000i\000n\000g\000\040\000T\000r\000e\000e\000s}{}% 212
\BOOKMARK [2][-]{subsection.75.1}{\376\377\000T\000h\000e\000\040\000N\000o\000n\000-\000D\000i\000f\000f\000e\000r\000e\000n\000t\000i\000a\000b\000i\000l\000i\000t\000y\000\040\000C\000h\000a\000l\000l\000e\000n\000g\000e}{section.75}% 213
\BOOKMARK [2][-]{subsection.75.2}{\376\377\000G\000r\000e\000e\000d\000y\000\040\000R\000e\000c\000u\000r\000s\000i\000v\000e\000\040\000S\000p\000l\000i\000t\000t\000i\000n\000g}{section.75}% 214
\BOOKMARK [2][-]{subsection.75.3}{\376\377\000E\000v\000a\000l\000u\000a\000t\000i\000n\000g\000\040\000S\000p\000l\000i\000t\000\040\000Q\000u\000a\000l\000i\000t\000y}{section.75}% 215
\BOOKMARK [2][-]{subsection.75.4}{\376\377\000G\000r\000e\000e\000d\000\040\000E\000v\000e\000n\000t\000u\000a\000l\000l\000y\000\040\000O\000v\000e\000r\000f\000i\000t\000s}{section.75}% 216
\BOOKMARK [1][-]{section.76}{\376\377\000P\000r\000u\000n\000i\000n\000g}{}% 217
\BOOKMARK [2][-]{subsection.76.1}{\376\377\000P\000r\000e\000-\000P\000r\000u\000n\000i\000n\000g\000:\000\040\000E\000a\000r\000l\000y\000\040\000S\000t\000o\000p\000p\000i\000n\000g}{section.76}% 218
\BOOKMARK [2][-]{subsection.76.2}{\376\377\000P\000o\000s\000t\000-\000P\000r\000u\000n\000i\000n\000g\000:\000\040\000C\000o\000s\000t\000-\000C\000o\000m\000p\000l\000e\000x\000i\000t\000y\000\040\000P\000r\000u\000n\000i\000n\000g}{section.76}% 219
\BOOKMARK [1][-]{section.77}{\376\377\000E\000n\000s\000e\000m\000b\000l\000e\000\040\000M\000e\000t\000h\000o\000d\000s}{}% 220
\BOOKMARK [2][-]{subsection.77.1}{\376\377\000B\000a\000g\000g\000i\000n\000g\000\040\000\050\000B\000o\000o\000t\000s\000t\000r\000a\000p\000\040\000A\000g\000g\000r\000e\000g\000a\000t\000i\000n\000g\000\051}{section.77}% 221
\BOOKMARK [3][-]{subsubsection.77.1.1}{\376\377\000B\000o\000o\000t\000s\000t\000r\000a\000p\000\040\000S\000a\000m\000p\000l\000i\000n\000g\000\040\000P\000r\000o\000p\000e\000r\000t\000i\000e\000s}{subsection.77.1}% 222
\BOOKMARK [3][-]{subsubsection.77.1.2}{\376\377\000O\000u\000t\000-\000o\000f\000-\000B\000a\000g\000\040\000\050\000O\000O\000B\000\051\000\040\000E\000s\000t\000i\000m\000a\000t\000e\000s}{subsection.77.1}% 223
\BOOKMARK [3][-]{subsubsection.77.1.3}{\376\377\000W\000h\000y\000\040\000B\000a\000g\000g\000i\000n\000g\000\040\000W\000o\000r\000k\000s}{subsection.77.1}% 224
\BOOKMARK [3][-]{subsubsection.77.1.4}{\376\377\000V\000a\000r\000i\000a\000n\000c\000e\000\040\000E\000s\000t\000i\000m\000a\000t\000i\000o\000n\000\040\000w\000i\000t\000h\000\040\000B\000a\000g\000g\000i\000n\000g}{subsection.77.1}% 225
\BOOKMARK [2][-]{subsection.77.2}{\376\377\000R\000a\000n\000d\000o\000m\000\040\000F\000o\000r\000e\000s\000t\000s}{section.77}% 226
\BOOKMARK [3][-]{subsubsection.77.2.1}{\376\377\000W\000h\000y\000\040\000F\000e\000a\000t\000u\000r\000e\000\040\000S\000u\000b\000s\000a\000m\000p\000l\000i\000n\000g\000\040\000H\000e\000l\000p\000s}{subsection.77.2}% 227
\BOOKMARK [2][-]{subsection.77.3}{\376\377\000C\000o\000r\000r\000e\000l\000a\000t\000i\000o\000n\000\040\000B\000e\000t\000w\000e\000e\000n\000\040\000T\000r\000e\000e\000s\000\040\000a\000n\000d\000\040\000t\000h\000e\000\040\000P\000a\000t\000h\000\040\000t\000o\000\040\000B\000o\000o\000s\000t\000i\000n\000g}{section.77}% 228
\BOOKMARK [1][-]{section.78}{\376\377\000S\000u\000m\000m\000a\000r\000y}{}% 229
\BOOKMARK [1][-]{section.79}{\376\377\000M\000o\000t\000i\000v\000a\000t\000i\000o\000n\000:\000\040\000C\000o\000r\000r\000e\000l\000a\000t\000e\000d\000\040\000E\000r\000r\000o\000r\000s\000\040\000i\000n\000\040\000E\000n\000s\000e\000m\000b\000l\000e\000s}{}% 230
\BOOKMARK [2][-]{subsection.79.1}{\376\377\000E\000n\000s\000e\000m\000b\000l\000e\000\040\000P\000r\000e\000d\000i\000c\000t\000i\000o\000n\000\040\000F\000u\000n\000c\000t\000i\000o\000n}{section.79}% 231
\BOOKMARK [2][-]{subsection.79.2}{\376\377\000T\000h\000e\000\040\000B\000o\000o\000s\000t\000i\000n\000g\000\040\000S\000o\000l\000u\000t\000i\000o\000n}{section.79}% 232
\BOOKMARK [1][-]{section.80}{\376\377\000T\000h\000e\000\040\000B\000o\000o\000s\000t\000i\000n\000g\000\040\000I\000d\000e\000a}{}% 233
\BOOKMARK [2][-]{subsection.80.1}{\376\377\000W\000e\000a\000k\000\040\000L\000e\000a\000r\000n\000e\000r\000s\000\040\000a\000n\000d\000\040\000S\000t\000r\000o\000n\000g\000\040\000L\000e\000a\000r\000n\000e\000r\000s}{section.80}% 234
\BOOKMARK [2][-]{subsection.80.2}{\376\377\000G\000e\000n\000e\000r\000i\000c\000\040\000B\000o\000o\000s\000t\000i\000n\000g\000\040\000L\000o\000s\000s\000\040\000F\000u\000n\000c\000t\000i\000o\000n}{section.80}% 235
\BOOKMARK [2][-]{subsection.80.3}{\376\377\000T\000h\000e\000\040\000D\000o\000u\000b\000l\000e\000\040\000O\000p\000t\000i\000m\000i\000s\000a\000t\000i\000o\000n\000\040\000P\000r\000o\000c\000e\000s\000s}{section.80}% 236
\BOOKMARK [1][-]{section.81}{\376\377\000L\000e\000a\000s\000t\000\040\000S\000q\000u\000a\000r\000e\000s\000\040\000B\000o\000o\000s\000t\000i\000n\000g}{}% 237
\BOOKMARK [1][-]{section.82}{\376\377\000A\000d\000a\000B\000o\000o\000s\000t}{}% 238
\BOOKMARK [2][-]{subsection.82.1}{\376\377\000B\000i\000n\000a\000r\000y\000\040\000C\000l\000a\000s\000s\000i\000f\000i\000c\000a\000t\000i\000o\000n\000\040\000E\000n\000c\000o\000d\000i\000n\000g}{section.82}% 239
\BOOKMARK [2][-]{subsection.82.2}{\376\377\000T\000h\000e\000\040\000E\000x\000p\000o\000n\000e\000n\000t\000i\000a\000l\000\040\000L\000o\000s\000s\000\040\000F\000u\000n\000c\000t\000i\000o\000n}{section.82}% 240
\BOOKMARK [2][-]{subsection.82.3}{\376\377\000C\000o\000m\000p\000a\000r\000i\000n\000g\000\040\000L\000o\000s\000s\000\040\000F\000u\000n\000c\000t\000i\000o\000n\000s}{section.82}% 241
\BOOKMARK [2][-]{subsection.82.4}{\376\377\000T\000h\000e\000\040\000A\000d\000a\000B\000o\000o\000s\000t\000\040\000A\000l\000g\000o\000r\000i\000t\000h\000m}{section.82}% 242
\BOOKMARK [1][-]{section.83}{\376\377\000G\000r\000a\000d\000i\000e\000n\000t\000\040\000B\000o\000o\000s\000t\000i\000n\000g}{}% 243
\BOOKMARK [2][-]{subsection.83.1}{\376\377\000R\000e\000l\000a\000t\000i\000o\000n\000s\000h\000i\000p\000\040\000t\000o\000\040\000O\000t\000h\000e\000r\000\040\000M\000e\000t\000h\000o\000d\000s}{section.83}% 244
\BOOKMARK [2][-]{subsection.83.2}{\376\377\000G\000r\000a\000d\000i\000e\000n\000t\000\040\000D\000e\000s\000c\000e\000n\000t\000\040\000i\000n\000\040\000F\000u\000n\000c\000t\000i\000o\000n\000\040\000S\000p\000a\000c\000e}{section.83}% 245
\BOOKMARK [2][-]{subsection.83.3}{\376\377\000W\000h\000y\000\040\000F\000i\000t\000\040\000t\000h\000e\000\040\000N\000e\000g\000a\000t\000i\000v\000e\000\040\000G\000r\000a\000d\000i\000e\000n\000t\000?}{section.83}% 246
\BOOKMARK [2][-]{subsection.83.4}{\376\377\000H\000y\000p\000e\000r\000p\000a\000r\000a\000m\000e\000t\000e\000r\000\040\000T\000u\000n\000i\000n\000g}{section.83}% 247
\BOOKMARK [1][-]{section.84}{\376\377\000X\000G\000B\000o\000o\000s\000t\000:\000\040\000E\000x\000t\000r\000e\000m\000e\000\040\000G\000r\000a\000d\000i\000e\000n\000t\000\040\000B\000o\000o\000s\000t\000i\000n\000g}{}% 248
\BOOKMARK [1][-]{section.85}{\376\377\000M\000o\000d\000e\000l\000\040\000I\000n\000t\000e\000r\000p\000r\000e\000t\000a\000t\000i\000o\000n}{}% 249
\BOOKMARK [2][-]{subsection.85.1}{\376\377\000F\000e\000a\000t\000u\000r\000e\000\040\000I\000m\000p\000o\000r\000t\000a\000n\000c\000e}{section.85}% 250
\BOOKMARK [2][-]{subsection.85.2}{\376\377\000P\000a\000r\000t\000i\000a\000l\000\040\000D\000e\000p\000e\000n\000d\000e\000n\000c\000e\000\040\000P\000l\000o\000t\000s}{section.85}% 251
\BOOKMARK [1][-]{section.86}{\376\377\000S\000u\000m\000m\000a\000r\000y}{}% 252
\BOOKMARK [1][-]{section.87}{\376\377\000O\000v\000e\000r\000v\000i\000e\000w}{}% 253
\BOOKMARK [2][-]{subsection.87.1}{\376\377\000E\000x\000p\000l\000a\000n\000a\000t\000i\000o\000n\000\040\000v\000s\000\040\000P\000r\000e\000d\000i\000c\000t\000i\000o\000n}{section.87}% 254
\BOOKMARK [1][-]{section.88}{\376\377\000D\000a\000t\000a\000\040\000L\000e\000a\000k\000a\000g\000e}{}% 255
\BOOKMARK [1][-]{section.89}{\376\377\000R\000a\000n\000d\000o\000m\000\040\000v\000s\000\040\000N\000o\000n\000-\000R\000a\000n\000d\000o\000m\000\040\000S\000a\000m\000p\000l\000i\000n\000g}{}% 256
\BOOKMARK [2][-]{subsection.89.1}{\376\377\000W\000h\000y\000\040\000R\000a\000n\000d\000o\000m\000\040\000S\000a\000m\000p\000l\000i\000n\000g\000?}{section.89}% 257
\BOOKMARK [2][-]{subsection.89.2}{\376\377\000T\000h\000e\000\040\000C\000h\000a\000l\000l\000e\000n\000g\000e\000\040\000o\000f\000\040\000H\000e\000t\000e\000r\000o\000s\000k\000e\000d\000a\000s\000t\000i\000c\000\040\000N\000o\000i\000s\000e}{section.89}% 258
\BOOKMARK [2][-]{subsection.89.3}{\376\377\000A\000r\000g\000u\000m\000e\000n\000t\000s\000\040\000f\000o\000r\000\040\000R\000a\000n\000d\000o\000m\000\040\000S\000a\000m\000p\000l\000i\000n\000g}{section.89}% 259
\BOOKMARK [2][-]{subsection.89.4}{\376\377\000T\000h\000e\000\040\000C\000a\000s\000e\000\040\000f\000o\000r\000\040\000N\000o\000n\000-\000U\000n\000i\000f\000o\000r\000m\000\040\000\050\000A\000d\000a\000p\000t\000i\000v\000e\000\051\000\040\000S\000a\000m\000p\000l\000i\000n\000g}{section.89}% 260
\BOOKMARK [1][-]{section.90}{\376\377\000A\000c\000t\000i\000v\000e\000\040\000L\000e\000a\000r\000n\000i\000n\000g}{}% 261
\BOOKMARK [2][-]{subsection.90.1}{\376\377\000C\000r\000i\000t\000e\000r\000i\000a\000\040\000f\000o\000r\000\040\000S\000e\000l\000e\000c\000t\000i\000n\000g\000\040\000D\000a\000t\000a\000\040\000P\000o\000i\000n\000t\000s}{section.90}% 262
\BOOKMARK [2][-]{subsection.90.2}{\376\377\000U\000n\000c\000e\000r\000t\000a\000i\000n\000t\000y\000\040\000S\000a\000m\000p\000l\000i\000n\000g}{section.90}% 263
\BOOKMARK [2][-]{subsection.90.3}{\376\377\000B\000a\000y\000e\000s\000i\000a\000n\000\040\000A\000c\000t\000i\000v\000e\000\040\000L\000e\000a\000r\000n\000i\000n\000g\000\040\000b\000y\000\040\000D\000i\000s\000a\000g\000r\000e\000e\000m\000e\000n\000t\000\040\000\050\000B\000A\000L\000D\000\051}{section.90}% 264
\BOOKMARK [1][-]{section.91}{\376\377\000C\000o\000r\000r\000e\000c\000t\000i\000n\000g\000\040\000f\000o\000r\000\040\000N\000o\000n\000-\000U\000n\000i\000f\000o\000r\000m\000\040\000S\000a\000m\000p\000l\000i\000n\000g}{}% 265
\BOOKMARK [2][-]{subsection.91.1}{\376\377\000T\000h\000e\000\040\000P\000r\000o\000b\000l\000e\000m}{section.91}% 266
\BOOKMARK [2][-]{subsection.91.2}{\376\377\000I\000n\000v\000e\000r\000s\000e\000\040\000P\000r\000o\000b\000a\000b\000i\000l\000i\000t\000y\000\040\000W\000e\000i\000g\000h\000t\000i\000n\000g\000\040\000\050\000I\000P\000W\000\051}{section.91}% 267
\BOOKMARK [1][-]{section.92}{\376\377\000L\000e\000v\000e\000r\000a\000g\000e\000\040\000S\000c\000o\000r\000e\000\040\000S\000a\000m\000p\000l\000i\000n\000g}{}% 268
\BOOKMARK [2][-]{subsection.92.1}{\376\377\000L\000e\000v\000e\000r\000a\000g\000e\000\040\000S\000c\000o\000r\000e\000\040\000S\000a\000m\000p\000l\000i\000n\000g\000\040\000S\000t\000r\000a\000t\000e\000g\000y}{section.92}% 269
\BOOKMARK [1][-]{section.93}{\376\377\000R\000a\000n\000d\000o\000m\000\040\000F\000o\000u\000r\000i\000e\000r\000\040\000F\000e\000a\000t\000u\000r\000e\000s}{}% 270
\BOOKMARK [2][-]{subsection.93.1}{\376\377\000T\000h\000e\000\040\000C\000o\000m\000p\000u\000t\000a\000t\000i\000o\000n\000a\000l\000\040\000C\000h\000a\000l\000l\000e\000n\000g\000e}{section.93}% 271
\BOOKMARK [2][-]{subsection.93.2}{\376\377\000T\000h\000e\000\040\000R\000a\000n\000d\000o\000m\000\040\000F\000o\000u\000r\000i\000e\000r\000\040\000F\000e\000a\000t\000u\000r\000e\000s\000\040\000A\000p\000p\000r\000o\000x\000i\000m\000a\000t\000i\000o\000n}{section.93}% 272
\BOOKMARK [1][-]{section.94}{\376\377\000M\000u\000l\000t\000i\000-\000A\000r\000m\000e\000d\000\040\000B\000a\000n\000d\000i\000t\000s}{}% 273
\BOOKMARK [2][-]{subsection.94.1}{\376\377\000C\000o\000n\000t\000e\000x\000t\000u\000a\000l\000\040\000B\000a\000n\000d\000i\000t\000s}{section.94}% 274
\BOOKMARK [2][-]{subsection.94.2}{\376\377\000T\000h\000e\000\040\000E\000x\000p\000l\000o\000r\000a\000t\000i\000o\000n\040\023\000E\000x\000p\000l\000o\000i\000t\000a\000t\000i\000o\000n\000\040\000T\000r\000a\000d\000e\000-\000o\000f\000f}{section.94}% 275
\BOOKMARK [2][-]{subsection.94.3}{\376\377\000S\000o\000l\000u\000t\000i\000o\000n\000\040\0001\000:\000\040\000-\000G\000r\000e\000e\000d\000y}{section.94}% 276
\BOOKMARK [2][-]{subsection.94.4}{\376\377\000S\000o\000l\000u\000t\000i\000o\000n\000\040\0002\000:\000\040\000U\000p\000p\000e\000r\000\040\000C\000o\000n\000f\000i\000d\000e\000n\000c\000e\000\040\000B\000o\000u\000n\000d\000\040\000\050\000U\000C\000B\000\051}{section.94}% 277
\BOOKMARK [2][-]{subsection.94.5}{\376\377\000S\000o\000l\000u\000t\000i\000o\000n\000\040\0003\000:\000\040\000T\000h\000o\000m\000p\000s\000o\000n\000\040\000S\000a\000m\000p\000l\000i\000n\000g}{section.94}% 278
\BOOKMARK [1][-]{section.95}{\376\377\000E\000s\000t\000i\000m\000a\000t\000i\000n\000g\000\040\000P\000r\000e\000v\000a\000l\000e\000n\000c\000e\000:\000\040\000A\000I\000P\000W}{}% 279
\BOOKMARK [2][-]{subsection.95.1}{\376\377\000T\000h\000e\000\040\000P\000r\000o\000b\000l\000e\000m}{section.95}% 280
\BOOKMARK [2][-]{subsection.95.2}{\376\377\000T\000a\000r\000g\000e\000t\000e\000d\000\040\000S\000a\000m\000p\000l\000i\000n\000g\000\040\000f\000o\000r\000\040\000P\000r\000e\000v\000a\000l\000e\000n\000c\000e}{section.95}% 281
\BOOKMARK [2][-]{subsection.95.3}{\376\377\000T\000h\000e\000\040\000A\000I\000P\000W\000\040\000E\000s\000t\000i\000m\000a\000t\000o\000r}{section.95}% 282
\BOOKMARK [2][-]{subsection.95.4}{\376\377\000S\000t\000e\000p\000-\000b\000y\000-\000S\000t\000e\000p\000\040\000A\000I\000P\000W\000\040\000P\000r\000o\000c\000e\000s\000s}{section.95}% 283
\BOOKMARK [1][-]{section.96}{\376\377\000S\000u\000m\000m\000a\000r\000y}{}% 284
\BOOKMARK [1][-]{section.97}{\376\377\000O\000v\000e\000r\000v\000i\000e\000w}{}% 285
\BOOKMARK [2][-]{subsection.97.1}{\376\377\000W\000h\000y\000\040\000U\000n\000c\000e\000r\000t\000a\000i\000n\000t\000y\000\040\000M\000a\000t\000t\000e\000r\000s}{section.97}% 286
\BOOKMARK [1][-]{section.98}{\376\377\000G\000a\000u\000s\000s\000i\000a\000n\000\040\000P\000r\000o\000c\000e\000s\000s\000e\000s}{}% 287
\BOOKMARK [2][-]{subsection.98.1}{\376\377\000T\000h\000e\000\040\000B\000a\000y\000e\000s\000i\000a\000n\000\040\000P\000e\000r\000s\000p\000e\000c\000t\000i\000v\000e\000:\000\040\000D\000i\000s\000t\000r\000i\000b\000u\000t\000i\000o\000n\000s\000\040\000O\000v\000e\000r\000\040\000F\000u\000n\000c\000t\000i\000o\000n\000s}{section.98}% 288
\BOOKMARK [2][-]{subsection.98.2}{\376\377\000C\000o\000m\000p\000o\000n\000e\000n\000t\000s\000\040\000o\000f\000\040\000a\000\040\000G\000a\000u\000s\000s\000i\000a\000n\000\040\000P\000r\000o\000c\000e\000s\000s}{section.98}% 289
\BOOKMARK [3][-]{subsubsection.98.2.1}{\376\377\000M\000e\000a\000n\000\040\000F\000u\000n\000c\000t\000i\000o\000n\000\040\000m\000\050\000x\000\051}{subsection.98.2}% 290
\BOOKMARK [3][-]{subsubsection.98.2.2}{\376\377\000K\000e\000r\000n\000e\000l\000\040\000\050\000C\000o\000v\000a\000r\000i\000a\000n\000c\000e\000\040\000F\000u\000n\000c\000t\000i\000o\000n\000\051\000\040\000k\000\050\000x\000,\000\040\000x\000'\000\051}{subsection.98.2}% 291
\BOOKMARK [2][-]{subsection.98.3}{\376\377\000P\000r\000o\000p\000e\000r\000t\000i\000e\000s\000\040\000o\000f\000\040\000G\000a\000u\000s\000s\000i\000a\000n\000\040\000P\000r\000o\000c\000e\000s\000s\000e\000s}{section.98}% 292
\BOOKMARK [2][-]{subsection.98.4}{\376\377\000G\000P\000\040\000I\000n\000f\000e\000r\000e\000n\000c\000e\000:\000\040\000F\000r\000o\000m\000\040\000P\000r\000i\000o\000r\000\040\000t\000o\000\040\000P\000o\000s\000t\000e\000r\000i\000o\000r}{section.98}% 293
\BOOKMARK [3][-]{subsubsection.98.4.1}{\376\377\000T\000h\000e\000\040\000P\000r\000o\000c\000e\000s\000s}{subsection.98.4}% 294
\BOOKMARK [3][-]{subsubsection.98.4.2}{\376\377\000J\000o\000i\000n\000t\000\040\000D\000i\000s\000t\000r\000i\000b\000u\000t\000i\000o\000n}{subsection.98.4}% 295
\BOOKMARK [2][-]{subsection.98.5}{\376\377\000P\000r\000e\000d\000i\000c\000t\000i\000v\000e\000\040\000D\000i\000s\000t\000r\000i\000b\000u\000t\000i\000o\000n}{section.98}% 296
\BOOKMARK [3][-]{subsubsection.98.5.1}{\376\377\000U\000n\000d\000e\000r\000s\000t\000a\000n\000d\000i\000n\000g\000\040\000t\000h\000e\000\040\000M\000e\000a\000n\000\040\000*}{subsection.98.5}% 297
\BOOKMARK [3][-]{subsubsection.98.5.2}{\376\377\000U\000n\000d\000e\000r\000s\000t\000a\000n\000d\000i\000n\000g\000\040\000t\000h\000e\000\040\000V\000a\000r\000i\000a\000n\000c\000e\000\040\000*}{subsection.98.5}% 298
\BOOKMARK [2][-]{subsection.98.6}{\376\377\000C\000o\000n\000n\000e\000c\000t\000i\000o\000n\000\040\000t\000o\000\040\000K\000e\000r\000n\000e\000l\000\040\000R\000i\000d\000g\000e\000\040\000R\000e\000g\000r\000e\000s\000s\000i\000o\000n}{section.98}% 299
\BOOKMARK [2][-]{subsection.98.7}{\376\377\000V\000i\000s\000u\000a\000l\000i\000s\000i\000n\000g\000\040\000G\000P\000\040\000B\000e\000h\000a\000v\000i\000o\000u\000r}{section.98}% 300
\BOOKMARK [2][-]{subsection.98.8}{\376\377\000V\000a\000r\000i\000a\000n\000c\000e\000\040\000P\000r\000o\000p\000e\000r\000t\000i\000e\000s\000:\000\040\000W\000h\000y\000\040\000G\000P\000s\000\040\000E\000x\000c\000e\000l\000\040\000a\000t\000\040\000U\000n\000c\000e\000r\000t\000a\000i\000n\000t\000y}{section.98}% 301
\BOOKMARK [2][-]{subsection.98.9}{\376\377\000P\000o\000s\000t\000e\000r\000i\000o\000r\000\040\000v\000s\000\040\000P\000o\000s\000t\000e\000r\000i\000o\000r\000\040\000P\000r\000e\000d\000i\000c\000t\000i\000v\000e}{section.98}% 302
\BOOKMARK [2][-]{subsection.98.10}{\376\377\000B\000a\000y\000e\000s\000i\000a\000n\000\040\000O\000p\000t\000i\000m\000i\000s\000a\000t\000i\000o\000n}{section.98}% 303
\BOOKMARK [2][-]{subsection.98.11}{\376\377\000G\000P\000\040\000S\000u\000m\000m\000a\000r\000y}{section.98}% 304
\BOOKMARK [1][-]{section.99}{\376\377\000C\000o\000n\000f\000o\000r\000m\000a\000l\000\040\000I\000n\000f\000e\000r\000e\000n\000c\000e}{}% 305
\BOOKMARK [2][-]{subsection.99.1}{\376\377\000A\000\040\000P\000r\000i\000m\000e\000r\000\040\000o\000n\000\040\000C\000o\000n\000f\000o\000r\000m\000a\000l\000\040\000I\000n\000f\000e\000r\000e\000n\000c\000e}{section.99}% 306
\BOOKMARK [2][-]{subsection.99.2}{\376\377\000T\000h\000e\000\040\000A\000l\000g\000o\000r\000i\000t\000h\000m\000:\000\040\000S\000p\000l\000i\000t\000\040\000C\000o\000n\000f\000o\000r\000m\000a\000l\000\040\000P\000r\000e\000d\000i\000c\000t\000i\000o\000n}{section.99}% 307
\BOOKMARK [2][-]{subsection.99.3}{\376\377\000W\000h\000y\000\040\000C\000o\000n\000f\000o\000r\000m\000a\000l\000\040\000I\000n\000f\000e\000r\000e\000n\000c\000e\000\040\000W\000o\000r\000k\000s}{section.99}% 308
\BOOKMARK [2][-]{subsection.99.4}{\376\377\000S\000t\000e\000p\000-\000b\000y\000-\000S\000t\000e\000p\000\040\000P\000r\000o\000c\000e\000s\000s}{section.99}% 309
\BOOKMARK [2][-]{subsection.99.5}{\376\377\000E\000x\000a\000m\000p\000l\000e\000:\000\040\000N\000o\000n\000-\000N\000o\000r\000m\000a\000l\000\040\000E\000r\000r\000o\000r\000s}{section.99}% 310
\BOOKMARK [2][-]{subsection.99.6}{\376\377\000H\000a\000n\000d\000l\000i\000n\000g\000\040\000H\000e\000t\000e\000r\000o\000s\000k\000e\000d\000a\000s\000t\000i\000c\000i\000t\000y}{section.99}% 311
\BOOKMARK [2][-]{subsection.99.7}{\376\377\000M\000a\000r\000g\000i\000n\000a\000l\000\040\000v\000s\000\040\000C\000o\000n\000d\000i\000t\000i\000o\000n\000a\000l\000\040\000C\000o\000v\000e\000r\000a\000g\000e}{section.99}% 312
\BOOKMARK [1][-]{section.100}{\376\377\000C\000o\000m\000p\000a\000r\000i\000s\000o\000n\000:\000\040\000G\000P\000s\000\040\000v\000s\000\040\000C\000o\000n\000f\000o\000r\000m\000a\000l\000\040\000I\000n\000f\000e\000r\000e\000n\000c\000e}{}% 313
\BOOKMARK [1][-]{section.101}{\376\377\000S\000u\000m\000m\000a\000r\000y}{}% 314
\BOOKMARK [1][-]{section.102}{\376\377\000O\000v\000e\000r\000v\000i\000e\000w}{}% 315
\BOOKMARK [1][-]{section.103}{\376\377\000P\000e\000r\000c\000e\000p\000t\000r\000o\000n\000s}{}% 316
\BOOKMARK [2][-]{subsection.103.1}{\376\377\000T\000h\000e\000\040\000A\000l\000g\000o\000r\000i\000t\000h\000m}{section.103}% 317
\BOOKMARK [3][-]{subsubsection.103.1.1}{\376\377\000T\000h\000e\000\040\000P\000e\000r\000c\000e\000p\000t\000r\000o\000n\000\040\000L\000e\000a\000r\000n\000i\000n\000g\000\040\000R\000u\000l\000e}{subsection.103.1}% 318
\BOOKMARK [3][-]{subsubsection.103.1.2}{\376\377\000C\000o\000n\000n\000e\000c\000t\000i\000o\000n\000\040\000t\000o\000\040\000L\000o\000g\000i\000s\000t\000i\000c\000\040\000R\000e\000g\000r\000e\000s\000s\000i\000o\000n}{subsection.103.1}% 319
\BOOKMARK [2][-]{subsection.103.2}{\376\377\000L\000i\000m\000i\000t\000a\000t\000i\000o\000n\000s\000\040\000o\000f\000\040\000t\000h\000e\000\040\000P\000e\000r\000c\000e\000p\000t\000r\000o\000n}{section.103}% 320
\BOOKMARK [3][-]{subsubsection.103.2.1}{\376\377\000L\000i\000n\000e\000a\000r\000\040\000S\000e\000p\000a\000r\000a\000b\000i\000l\000i\000t\000y\000\040\000R\000e\000q\000u\000i\000r\000e\000m\000e\000n\000t}{subsection.103.2}% 321
\BOOKMARK [3][-]{subsubsection.103.2.2}{\376\377\000N\000o\000\040\000M\000a\000r\000g\000i\000n\000\040\000M\000a\000x\000i\000m\000i\000s\000a\000t\000i\000o\000n}{subsection.103.2}% 322
\BOOKMARK [1][-]{section.104}{\376\377\000F\000e\000e\000d\000-\000F\000o\000r\000w\000a\000r\000d\000\040\000N\000e\000u\000r\000a\000l\000\040\000N\000e\000t\000w\000o\000r\000k\000s}{}% 323
\BOOKMARK [2][-]{subsection.104.1}{\376\377\000F\000r\000o\000m\000\040\000F\000i\000x\000e\000d\000\040\000t\000o\000\040\000L\000e\000a\000r\000n\000e\000d\000\040\000F\000e\000a\000t\000u\000r\000e\000s}{section.104}% 324
\BOOKMARK [2][-]{subsection.104.2}{\376\377\000H\000i\000e\000r\000a\000r\000c\000h\000i\000c\000a\000l\000\040\000F\000e\000a\000t\000u\000r\000e\000\040\000L\000e\000a\000r\000n\000i\000n\000g}{section.104}% 325
\BOOKMARK [2][-]{subsection.104.3}{\376\377\000W\000h\000y\000\040\000N\000o\000n\000-\000L\000i\000n\000e\000a\000r\000i\000t\000y\000\040\000i\000s\000\040\000E\000s\000s\000e\000n\000t\000i\000a\000l}{section.104}% 326
\BOOKMARK [1][-]{section.105}{\376\377\000A\000c\000t\000i\000v\000a\000t\000i\000o\000n\000\040\000F\000u\000n\000c\000t\000i\000o\000n\000s}{}% 327
\BOOKMARK [2][-]{subsection.105.1}{\376\377\000C\000o\000m\000m\000o\000n\000\040\000A\000c\000t\000i\000v\000a\000t\000i\000o\000n\000\040\000F\000u\000n\000c\000t\000i\000o\000n\000s}{section.105}% 328
\BOOKMARK [2][-]{subsection.105.2}{\376\377\000S\000o\000f\000t\000m\000a\000x\000\040\000f\000o\000r\000\040\000M\000u\000l\000t\000i\000-\000C\000l\000a\000s\000s\000\040\000C\000l\000a\000s\000s\000i\000f\000i\000c\000a\000t\000i\000o\000n}{section.105}% 329
\BOOKMARK [1][-]{section.106}{\376\377\000T\000r\000a\000i\000n\000i\000n\000g\000\040\000N\000e\000u\000r\000a\000l\000\040\000N\000e\000t\000w\000o\000r\000k\000s}{}% 330
\BOOKMARK [2][-]{subsection.106.1}{\376\377\000S\000t\000o\000c\000h\000a\000s\000t\000i\000c\000\040\000G\000r\000a\000d\000i\000e\000n\000t\000\040\000D\000e\000s\000c\000e\000n\000t}{section.106}% 331
\BOOKMARK [2][-]{subsection.106.2}{\376\377\000T\000h\000e\000\040\000C\000r\000e\000d\000i\000t\000\040\000A\000s\000s\000i\000g\000n\000m\000e\000n\000t\000\040\000P\000r\000o\000b\000l\000e\000m}{section.106}% 332
\BOOKMARK [1][-]{section.107}{\376\377\000B\000a\000c\000k\000p\000r\000o\000p\000a\000g\000a\000t\000i\000o\000n}{}% 333
\BOOKMARK [2][-]{subsection.107.1}{\376\377\000F\000u\000n\000c\000t\000i\000o\000n\000\040\000C\000o\000m\000p\000o\000s\000i\000t\000i\000o\000n\000\040\000a\000n\000d\000\040\000t\000h\000e\000\040\000C\000h\000a\000i\000n\000\040\000R\000u\000l\000e}{section.107}% 334
\BOOKMARK [2][-]{subsection.107.2}{\376\377\000T\000h\000e\000\040\000T\000w\000o\000-\000P\000a\000s\000s\000\040\000A\000l\000g\000o\000r\000i\000t\000h\000m}{section.107}% 335
\BOOKMARK [2][-]{subsection.107.3}{\376\377\000B\000a\000c\000k\000p\000r\000o\000p\000a\000g\000a\000t\000i\000o\000n\000\040\000f\000o\000r\000\040\000a\000n\000\040\000M\000L\000P}{section.107}% 336
\BOOKMARK [2][-]{subsection.107.4}{\376\377\000C\000o\000m\000p\000u\000t\000i\000n\000g\000\040\000I\000n\000d\000i\000v\000i\000d\000u\000a\000l\000\040\000L\000a\000y\000e\000r\000\040\000D\000e\000r\000i\000v\000a\000t\000i\000v\000e\000s}{section.107}% 337
\BOOKMARK [3][-]{subsubsection.107.4.1}{\376\377\000N\000u\000m\000e\000r\000i\000c\000a\000l\000\040\000A\000p\000p\000r\000o\000x\000i\000m\000a\000t\000i\000o\000n}{subsection.107.4}% 338
\BOOKMARK [3][-]{subsubsection.107.4.2}{\376\377\000A\000u\000t\000o\000m\000a\000t\000i\000c\000\040\000D\000i\000f\000f\000e\000r\000e\000n\000t\000i\000a\000t\000i\000o\000n}{subsection.107.4}% 339
\BOOKMARK [1][-]{section.108}{\376\377\000M\000L\000P\000\040\000D\000e\000s\000i\000g\000n}{}% 340
\BOOKMARK [2][-]{subsection.108.1}{\376\377\000A\000r\000c\000h\000i\000t\000e\000c\000t\000u\000r\000e\000\040\000D\000e\000s\000i\000g\000n}{section.108}% 341
\BOOKMARK [2][-]{subsection.108.2}{\376\377\000A\000\040\000S\000i\000m\000p\000l\000e\000\040\000M\000L\000P\000\040\000E\000x\000a\000m\000p\000l\000e}{section.108}% 342
\BOOKMARK [2][-]{subsection.108.3}{\376\377\000L\000o\000s\000s\000\040\000F\000u\000n\000c\000t\000i\000o\000n\000s}{section.108}% 343
\BOOKMARK [1][-]{section.109}{\376\377\000O\000p\000t\000i\000m\000i\000s\000e\000r\000s}{}% 344
\BOOKMARK [2][-]{subsection.109.1}{\376\377\000S\000G\000D\000\040\000w\000i\000t\000h\000\040\000M\000o\000m\000e\000n\000t\000u\000m}{section.109}% 345
\BOOKMARK [2][-]{subsection.109.2}{\376\377\000A\000d\000a\000m}{section.109}% 346
\BOOKMARK [2][-]{subsection.109.3}{\376\377\000B\000F\000G\000S}{section.109}% 347
\BOOKMARK [1][-]{section.110}{\376\377\000U\000n\000i\000v\000e\000r\000s\000a\000l\000\040\000A\000p\000p\000r\000o\000x\000i\000m\000a\000t\000i\000o\000n}{}% 348
\BOOKMARK [2][-]{subsection.110.1}{\376\377\000T\000h\000e\000o\000r\000y\000\040\000v\000s\000\040\000P\000r\000a\000c\000t\000i\000c\000e}{section.110}% 349
\BOOKMARK [1][-]{section.111}{\376\377\000N\000e\000u\000r\000a\000l\000\040\000N\000e\000t\000w\000o\000r\000k\000s\000\040\000a\000s\000\040\000G\000a\000u\000s\000s\000i\000a\000n\000\040\000P\000r\000o\000c\000e\000s\000s\000e\000s}{}% 350
\BOOKMARK [1][-]{section.112}{\376\377\000V\000a\000n\000i\000s\000h\000i\000n\000g\000\040\000a\000n\000d\000\040\000E\000x\000p\000l\000o\000d\000i\000n\000g\000\040\000G\000r\000a\000d\000i\000e\000n\000t\000s}{}% 351
\BOOKMARK [2][-]{subsection.112.1}{\376\377\000T\000h\000e\000\040\000P\000r\000o\000b\000l\000e\000m}{section.112}% 352
\BOOKMARK [2][-]{subsection.112.2}{\376\377\000S\000o\000l\000u\000t\000i\000o\000n\000:\000\040\000G\000r\000a\000d\000i\000e\000n\000t\000\040\000C\000l\000i\000p\000p\000i\000n\000g\000\040\000\050\000f\000o\000r\000\040\000E\000x\000p\000l\000o\000d\000i\000n\000g\000\040\000G\000r\000a\000d\000i\000e\000n\000t\000s\000\051}{section.112}% 353
\BOOKMARK [2][-]{subsection.112.3}{\376\377\000S\000o\000l\000u\000t\000i\000o\000n\000:\000\040\000N\000o\000n\000-\000S\000a\000t\000u\000r\000a\000t\000i\000n\000g\000\040\000A\000c\000t\000i\000v\000a\000t\000i\000o\000n\000s\000\040\000\050\000f\000o\000r\000\040\000V\000a\000n\000i\000s\000h\000i\000n\000g\000\040\000G\000r\000a\000d\000i\000e\000n\000t\000s\000\051}{section.112}% 354
\BOOKMARK [2][-]{subsection.112.4}{\376\377\000C\000h\000o\000o\000s\000i\000n\000g\000\040\000B\000e\000t\000w\000e\000e\000n\000\040\000R\000e\000L\000U\000\040\000a\000n\000d\000\040\000L\000e\000a\000k\000y\000\040\000R\000e\000L\000U}{section.112}% 355
\BOOKMARK [1][-]{section.113}{\376\377\000B\000a\000t\000c\000h\000\040\000N\000o\000r\000m\000a\000l\000i\000s\000a\000t\000i\000o\000n}{}% 356
\BOOKMARK [2][-]{subsection.113.1}{\376\377\000T\000h\000e\000\040\000I\000d\000e\000a}{section.113}% 357
\BOOKMARK [2][-]{subsection.113.2}{\376\377\000B\000e\000h\000a\000v\000i\000o\000u\000r\000\040\000a\000t\000\040\000T\000e\000s\000t\000\040\000T\000i\000m\000e}{section.113}% 358
\BOOKMARK [2][-]{subsection.113.3}{\376\377\000B\000e\000n\000e\000f\000i\000t\000s\000\040\000o\000f\000\040\000B\000a\000t\000c\000h\000\040\000N\000o\000r\000m\000a\000l\000i\000s\000a\000t\000i\000o\000n}{section.113}% 359
\BOOKMARK [1][-]{section.114}{\376\377\000R\000e\000g\000u\000l\000a\000r\000i\000s\000a\000t\000i\000o\000n}{}% 360
\BOOKMARK [2][-]{subsection.114.1}{\376\377\000W\000e\000i\000g\000h\000t\000\040\000D\000e\000c\000a\000y\000\040\000\050\000L\0002\000\040\000R\000e\000g\000u\000l\000a\000r\000i\000s\000a\000t\000i\000o\000n\000\051}{section.114}% 361
\BOOKMARK [2][-]{subsection.114.2}{\376\377\000D\000r\000o\000p\000o\000u\000t}{section.114}% 362
\BOOKMARK [1][-]{section.115}{\376\377\000S\000u\000m\000m\000a\000r\000y}{}% 363
\BOOKMARK [1][-]{section.116}{\376\377\000O\000v\000e\000r\000v\000i\000e\000w}{}% 364
\BOOKMARK [1][-]{section.117}{\376\377\000N\000e\000u\000r\000a\000l\000\040\000N\000e\000t\000w\000o\000r\000k\000\040\000D\000e\000s\000i\000g\000n\000\040\000R\000e\000c\000a\000p}{}% 365
\BOOKMARK [2][-]{subsection.117.1}{\376\377\000A\000r\000c\000h\000i\000t\000e\000c\000t\000u\000r\000e\000\040\000C\000o\000m\000p\000o\000n\000e\000n\000t\000s}{section.117}% 366
\BOOKMARK [2][-]{subsection.117.2}{\376\377\000L\000o\000s\000s\000\040\000F\000u\000n\000c\000t\000i\000o\000n\000s}{section.117}% 367
\BOOKMARK [2][-]{subsection.117.3}{\376\377\000O\000p\000t\000i\000m\000i\000s\000e\000r\000s}{section.117}% 368
\BOOKMARK [1][-]{section.118}{\376\377\000V\000a\000n\000i\000s\000h\000i\000n\000g\000\040\000a\000n\000d\000\040\000E\000x\000p\000l\000o\000d\000i\000n\000g\000\040\000G\000r\000a\000d\000i\000e\000n\000t\000s}{}% 369
\BOOKMARK [2][-]{subsection.118.1}{\376\377\000T\000h\000e\000\040\000P\000r\000o\000b\000l\000e\000m}{section.118}% 370
\BOOKMARK [2][-]{subsection.118.2}{\376\377\000G\000r\000a\000d\000i\000e\000n\000t\000\040\000C\000l\000i\000p\000p\000i\000n\000g}{section.118}% 371
\BOOKMARK [2][-]{subsection.118.3}{\376\377\000V\000a\000n\000i\000s\000h\000i\000n\000g\000\040\000G\000r\000a\000d\000i\000e\000n\000t\000s\000\040\000a\000n\000d\000\040\000A\000c\000t\000i\000v\000a\000t\000i\000o\000n\000\040\000F\000u\000n\000c\000t\000i\000o\000n\000s}{section.118}% 372
\BOOKMARK [2][-]{subsection.118.4}{\376\377\000B\000a\000t\000c\000h\000\040\000N\000o\000r\000m\000a\000l\000i\000s\000a\000t\000i\000o\000n}{section.118}% 373
\BOOKMARK [2][-]{subsection.118.5}{\376\377\000R\000e\000g\000u\000l\000a\000r\000i\000s\000a\000t\000i\000o\000n}{section.118}% 374
\BOOKMARK [3][-]{subsubsection.118.5.1}{\376\377\000W\000e\000i\000g\000h\000t\000\040\000D\000e\000c\000a\000y\000\040\000\050\000L\0002\000\040\000R\000e\000g\000u\000l\000a\000r\000i\000s\000a\000t\000i\000o\000n\000\051}{subsection.118.5}% 375
\BOOKMARK [3][-]{subsubsection.118.5.2}{\376\377\000D\000r\000o\000p\000o\000u\000t}{subsection.118.5}% 376
\BOOKMARK [1][-]{section.119}{\376\377\000C\000o\000n\000v\000o\000l\000u\000t\000i\000o\000n\000a\000l\000\040\000N\000e\000u\000r\000a\000l\000\040\000N\000e\000t\000w\000o\000r\000k\000s}{}% 377
\BOOKMARK [2][-]{subsection.119.1}{\376\377\000W\000h\000y\000\040\000I\000m\000a\000g\000e\000\040\000D\000a\000t\000a\000\040\000i\000s\000\040\000C\000h\000a\000l\000l\000e\000n\000g\000i\000n\000g}{section.119}% 378
\BOOKMARK [2][-]{subsection.119.2}{\376\377\000T\000h\000e\000\040\000C\000o\000n\000v\000o\000l\000u\000t\000i\000o\000n\000\040\000O\000p\000e\000r\000a\000t\000i\000o\000n}{section.119}% 379
\BOOKMARK [2][-]{subsection.119.3}{\376\377\000C\000o\000n\000v\000o\000l\000u\000t\000i\000o\000n\000\040\000a\000s\000\040\000S\000p\000a\000r\000s\000e\000\040\000M\000a\000t\000r\000i\000x\000\040\000M\000u\000l\000t\000i\000p\000l\000i\000c\000a\000t\000i\000o\000n}{section.119}% 380
\BOOKMARK [2][-]{subsection.119.4}{\376\377\000P\000a\000d\000d\000i\000n\000g\000\040\000a\000n\000d\000\040\000S\000t\000r\000i\000d\000e\000s}{section.119}% 381
\BOOKMARK [3][-]{subsubsection.119.4.1}{\376\377\000P\000a\000d\000d\000i\000n\000g}{subsection.119.4}% 382
\BOOKMARK [3][-]{subsubsection.119.4.2}{\376\377\000S\000t\000r\000i\000d\000e\000s}{subsection.119.4}% 383
\BOOKMARK [2][-]{subsection.119.5}{\376\377\000P\000o\000o\000l\000i\000n\000g}{section.119}% 384
\BOOKMARK [2][-]{subsection.119.6}{\376\377\000C\000N\000N\000\040\000A\000r\000c\000h\000i\000t\000e\000c\000t\000u\000r\000e}{section.119}% 385
\BOOKMARK [1][-]{section.120}{\376\377\000R\000e\000c\000u\000r\000r\000e\000n\000t\000\040\000N\000e\000u\000r\000a\000l\000\040\000N\000e\000t\000w\000o\000r\000k\000s}{}% 386
\BOOKMARK [2][-]{subsection.120.1}{\376\377\000A\000r\000c\000h\000i\000t\000e\000c\000t\000u\000r\000e}{section.120}% 387
\BOOKMARK [2][-]{subsection.120.2}{\376\377\000P\000r\000o\000p\000e\000r\000t\000i\000e\000s\000\040\000a\000n\000d\000\040\000C\000a\000p\000a\000b\000i\000l\000i\000t\000i\000e\000s}{section.120}% 388
\BOOKMARK [1][-]{section.121}{\376\377\000A\000t\000t\000e\000n\000t\000i\000o\000n\000\040\000M\000e\000c\000h\000a\000n\000i\000s\000m\000s}{}% 389
\BOOKMARK [2][-]{subsection.121.1}{\376\377\000G\000e\000n\000e\000r\000a\000l\000\040\000A\000t\000t\000e\000n\000t\000i\000o\000n}{section.121}% 390
\BOOKMARK [2][-]{subsection.121.2}{\376\377\000S\000c\000a\000l\000e\000d\000\040\000D\000o\000t\000-\000P\000r\000o\000d\000u\000c\000t\000\040\000A\000t\000t\000e\000n\000t\000i\000o\000n}{section.121}% 391
\BOOKMARK [3][-]{subsubsection.121.2.1}{\376\377\000W\000h\000y\000\040\000S\000c\000a\000l\000e\000\040\000b\000y\000\040\000d\000?}{subsection.121.2}% 392
\BOOKMARK [3][-]{subsubsection.121.2.2}{\376\377\000R\000o\000w\000-\000w\000i\000s\000e\000\040\000S\000o\000f\000t\000m\000a\000x}{subsection.121.2}% 393
\BOOKMARK [2][-]{subsection.121.3}{\376\377\000S\000e\000l\000f\000-\000A\000t\000t\000e\000n\000t\000i\000o\000n}{section.121}% 394
\BOOKMARK [1][-]{section.122}{\376\377\000S\000u\000m\000m\000a\000r\000y}{}% 395
\BOOKMARK [1][-]{section.123}{\376\377\000O\000v\000e\000r\000v\000i\000e\000w}{}% 396
\BOOKMARK [1][-]{section.124}{\376\377\000P\000r\000i\000n\000c\000i\000p\000a\000l\000\040\000C\000o\000m\000p\000o\000n\000e\000n\000t\000\040\000A\000n\000a\000l\000y\000s\000i\000s}{}% 397
\BOOKMARK [2][-]{subsection.124.1}{\376\377\000D\000i\000m\000e\000n\000s\000i\000o\000n\000a\000l\000i\000t\000y\000\040\000R\000e\000d\000u\000c\000t\000i\000o\000n\000\040\000a\000s\000\040\000O\000p\000t\000i\000m\000i\000s\000a\000t\000i\000o\000n}{section.124}% 398
\BOOKMARK [2][-]{subsection.124.2}{\376\377\000L\000o\000w\000-\000D\000i\000m\000e\000n\000s\000i\000o\000n\000a\000l\000\040\000R\000e\000p\000r\000e\000s\000e\000n\000t\000a\000t\000i\000o\000n}{section.124}% 399
\BOOKMARK [2][-]{subsection.124.3}{\376\377\000M\000a\000t\000h\000e\000m\000a\000t\000i\000c\000a\000l\000\040\000D\000e\000r\000i\000v\000a\000t\000i\000o\000n\000\040\000o\000f\000\040\000P\000C\000A}{section.124}% 400
\BOOKMARK [2][-]{subsection.124.4}{\376\377\000T\000e\000r\000m\000i\000n\000o\000l\000o\000g\000y\000:\000\040\000E\000m\000b\000e\000d\000d\000i\000n\000g\000s}{section.124}% 401
\BOOKMARK [1][-]{section.125}{\376\377\000N\000e\000i\000g\000h\000b\000o\000u\000r\000h\000o\000o\000d\000\040\000E\000m\000b\000e\000d\000d\000i\000n\000g\000s}{}% 402
\BOOKMARK [2][-]{subsection.125.1}{\376\377\000S\000t\000o\000c\000h\000a\000s\000t\000i\000c\000\040\000N\000e\000i\000g\000h\000b\000o\000u\000r\000\040\000E\000m\000b\000e\000d\000d\000i\000n\000g\000\040\000\050\000S\000N\000E\000\051}{section.125}% 403
\BOOKMARK [2][-]{subsection.125.2}{\376\377\000t\000-\000D\000i\000s\000t\000r\000i\000b\000u\000t\000e\000d\000\040\000S\000N\000E\000\040\000\050\000t\000-\000S\000N\000E\000\051}{section.125}% 404
\BOOKMARK [2][-]{subsection.125.3}{\376\377\000U\000M\000A\000P\000:\000\040\000U\000n\000i\000f\000o\000r\000m\000\040\000M\000a\000n\000i\000f\000o\000l\000d\000\040\000A\000p\000p\000r\000o\000x\000i\000m\000a\000t\000i\000o\000n\000\040\000a\000n\000d\000\040\000P\000r\000o\000j\000e\000c\000t\000i\000o\000n}{section.125}% 405
\BOOKMARK [3][-]{subsubsection.125.3.1}{\376\377\000V\000i\000s\000u\000a\000l\000\040\000I\000n\000t\000u\000i\000t\000i\000o\000n\000\040\000f\000o\000r\000\040\000U\000M\000A\000P}{subsection.125.3}% 406
\BOOKMARK [3][-]{subsubsection.125.3.2}{\376\377\000H\000a\000n\000d\000l\000i\000n\000g\000\040\000V\000a\000r\000y\000i\000n\000g\000\040\000L\000o\000c\000a\000l\000\040\000D\000e\000n\000s\000i\000t\000y}{subsection.125.3}% 407
\BOOKMARK [2][-]{subsection.125.4}{\376\377\000C\000o\000m\000p\000a\000r\000i\000n\000g\000\040\000D\000i\000m\000e\000n\000s\000i\000o\000n\000a\000l\000i\000t\000y\000\040\000R\000e\000d\000u\000c\000t\000i\000o\000n\000\040\000M\000e\000t\000h\000o\000d\000s}{section.125}% 408
\BOOKMARK [1][-]{section.126}{\376\377\000A\000u\000t\000o\000e\000n\000c\000o\000d\000e\000r\000s}{}% 409
\BOOKMARK [2][-]{subsection.126.1}{\376\377\000A\000r\000c\000h\000i\000t\000e\000c\000t\000u\000r\000e}{section.126}% 410
\BOOKMARK [2][-]{subsection.126.2}{\376\377\000R\000e\000l\000a\000t\000i\000o\000n\000s\000h\000i\000p\000\040\000t\000o\000\040\000P\000C\000A}{section.126}% 411
\BOOKMARK [2][-]{subsection.126.3}{\376\377\000B\000o\000t\000t\000l\000e\000n\000e\000c\000k\000\040\000D\000i\000m\000e\000n\000s\000i\000o\000n}{section.126}% 412
\BOOKMARK [2][-]{subsection.126.4}{\376\377\000A\000u\000t\000o\000e\000n\000c\000o\000d\000e\000r\000\040\000V\000a\000r\000i\000a\000n\000t\000s}{section.126}% 413
\BOOKMARK [2][-]{subsection.126.5}{\376\377\000A\000p\000p\000l\000i\000c\000a\000t\000i\000o\000n\000s\000\040\000o\000f\000\040\000A\000u\000t\000o\000e\000n\000c\000o\000d\000e\000r\000s}{section.126}% 414
\BOOKMARK [1][-]{section.127}{\376\377\000S\000u\000m\000m\000a\000r\000y}{}% 415
