\BOOKMARK [0][-]{chapter.1}{\376\377\000W\000e\000e\000k\000\040\0001\000:\000\040\000I\000n\000t\000r\000o\000d\000u\000c\000t\000i\000o\000n\000\040\000t\000o\000\040\000D\000e\000e\000p\000\040\000L\000e\000a\000r\000n\000i\000n\000g}{}% 1
\BOOKMARK [1][-]{section.1.1}{\376\377\000W\000h\000a\000t\000\040\000i\000s\000\040\000D\000e\000e\000p\000\040\000L\000e\000a\000r\000n\000i\000n\000g\000?}{chapter.1}% 2
\BOOKMARK [2][-]{subsection.1.1.1}{\376\377\000H\000i\000s\000t\000o\000r\000i\000c\000a\000l\000\040\000C\000o\000n\000t\000e\000x\000t}{section.1.1}% 3
\BOOKMARK [1][-]{section.1.2}{\376\377\000L\000e\000a\000r\000n\000i\000n\000g\000\040\000P\000a\000r\000a\000d\000i\000g\000m\000s}{chapter.1}% 4
\BOOKMARK [1][-]{section.1.3}{\376\377\000M\000a\000c\000h\000i\000n\000e\000\040\000L\000e\000a\000r\000n\000i\000n\000g\000\040\000v\000s\000\040\000D\000e\000e\000p\000\040\000L\000e\000a\000r\000n\000i\000n\000g}{chapter.1}% 5
\BOOKMARK [2][-]{subsection.1.3.1}{\376\377\000F\000e\000a\000t\000u\000r\000e\000\040\000E\000n\000g\000i\000n\000e\000e\000r\000i\000n\000g\000\040\000v\000s\000\040\000F\000e\000a\000t\000u\000r\000e\000\040\000L\000e\000a\000r\000n\000i\000n\000g}{section.1.3}% 6
\BOOKMARK [2][-]{subsection.1.3.2}{\376\377\000W\000h\000e\000n\000\040\000t\000o\000\040\000U\000s\000e\000\040\000W\000h\000i\000c\000h}{section.1.3}% 7
\BOOKMARK [1][-]{section.1.4}{\376\377\000U\000n\000i\000v\000e\000r\000s\000a\000l\000\040\000A\000p\000p\000r\000o\000x\000i\000m\000a\000t\000i\000o\000n\000\040\000T\000h\000e\000o\000r\000e\000m}{chapter.1}% 8
\BOOKMARK [2][-]{subsection.1.4.1}{\376\377\000I\000n\000t\000u\000i\000t\000i\000v\000e\000\040\000S\000t\000a\000t\000e\000m\000e\000n\000t}{section.1.4}% 9
\BOOKMARK [2][-]{subsection.1.4.2}{\376\377\000I\000m\000p\000l\000i\000c\000a\000t\000i\000o\000n\000s\000\040\000a\000n\000d\000\040\000L\000i\000m\000i\000t\000a\000t\000i\000o\000n\000s}{section.1.4}% 10
\BOOKMARK [2][-]{subsection.1.4.3}{\376\377\000W\000h\000y\000\040\000D\000e\000p\000t\000h\000\040\000M\000a\000t\000t\000e\000r\000s}{section.1.4}% 11
\BOOKMARK [1][-]{section.1.5}{\376\377\000R\000e\000p\000r\000e\000s\000e\000n\000t\000a\000t\000i\000o\000n\000\040\000L\000e\000a\000r\000n\000i\000n\000g}{chapter.1}% 12
\BOOKMARK [2][-]{subsection.1.5.1}{\376\377\000M\000a\000n\000i\000f\000o\000l\000d\000\040\000H\000y\000p\000o\000t\000h\000e\000s\000i\000s}{section.1.5}% 13
\BOOKMARK [1][-]{section.1.6}{\376\377\000M\000o\000d\000e\000r\000n\000\040\000D\000e\000e\000p\000\040\000L\000e\000a\000r\000n\000i\000n\000g\000\040\000A\000r\000c\000h\000i\000t\000e\000c\000t\000u\000r\000e\000s}{chapter.1}% 14
\BOOKMARK [2][-]{subsection.1.6.1}{\376\377\000C\000o\000n\000v\000o\000l\000u\000t\000i\000o\000n\000a\000l\000\040\000N\000e\000u\000r\000a\000l\000\040\000N\000e\000t\000w\000o\000r\000k\000s\000\040\000\050\000C\000N\000N\000s\000\051}{section.1.6}% 15
\BOOKMARK [2][-]{subsection.1.6.2}{\376\377\000R\000e\000c\000u\000r\000r\000e\000n\000t\000\040\000N\000e\000u\000r\000a\000l\000\040\000N\000e\000t\000w\000o\000r\000k\000s\000\040\000\050\000R\000N\000N\000s\000\051}{section.1.6}% 16
\BOOKMARK [2][-]{subsection.1.6.3}{\376\377\000T\000r\000a\000n\000s\000f\000o\000r\000m\000e\000r\000s}{section.1.6}% 17
\BOOKMARK [1][-]{section.1.7}{\376\377\000D\000e\000e\000p\000\040\000L\000e\000a\000r\000n\000i\000n\000g\000\040\000i\000n\000\040\000P\000o\000l\000i\000c\000y\000\040\000C\000o\000n\000t\000e\000x\000t}{chapter.1}% 18
\BOOKMARK [2][-]{subsection.1.7.1}{\376\377\000E\000t\000h\000i\000c\000a\000l\000\040\000C\000o\000n\000s\000i\000d\000e\000r\000a\000t\000i\000o\000n\000s}{section.1.7}% 19
\BOOKMARK [2][-]{subsection.1.7.2}{\376\377\000T\000r\000a\000n\000s\000p\000a\000r\000e\000n\000c\000y\000\040\000a\000n\000d\000\040\000E\000x\000p\000l\000a\000i\000n\000a\000b\000i\000l\000i\000t\000y}{section.1.7}% 20
\BOOKMARK [2][-]{subsection.1.7.3}{\376\377\000S\000a\000f\000e\000t\000y\000\040\000a\000n\000d\000\040\000R\000o\000b\000u\000s\000t\000n\000e\000s\000s}{section.1.7}% 21
\BOOKMARK [2][-]{subsection.1.7.4}{\376\377\000E\000n\000v\000i\000r\000o\000n\000m\000e\000n\000t\000a\000l\000\040\000I\000m\000p\000a\000c\000t}{section.1.7}% 22
\BOOKMARK [0][-]{chapter.2}{\376\377\000W\000e\000e\000k\000\040\0002\000:\000\040\000D\000e\000e\000p\000\040\000N\000e\000u\000r\000a\000l\000\040\000N\000e\000t\000w\000o\000r\000k\000s\000\040\000I}{}% 23
\BOOKMARK [1][-]{section.2.1}{\376\377\000N\000e\000u\000r\000a\000l\000\040\000N\000e\000t\000w\000o\000r\000k\000\040\000F\000u\000n\000d\000a\000m\000e\000n\000t\000a\000l\000s}{chapter.2}% 24
\BOOKMARK [2][-]{subsection.2.1.1}{\376\377\000N\000o\000t\000a\000t\000i\000o\000n\000\040\000a\000n\000d\000\040\000C\000o\000n\000v\000e\000n\000t\000i\000o\000n\000s}{section.2.1}% 25
\BOOKMARK [2][-]{subsection.2.1.2}{\376\377\000T\000h\000e\000\040\000A\000r\000t\000i\000f\000i\000c\000i\000a\000l\000\040\000N\000e\000u\000r\000o\000n}{section.2.1}% 26
\BOOKMARK [2][-]{subsection.2.1.3}{\376\377\000L\000a\000y\000e\000r\000s\000\040\000o\000f\000\040\000N\000e\000u\000r\000o\000n\000s}{section.2.1}% 27
\BOOKMARK [2][-]{subsection.2.1.4}{\376\377\000M\000a\000t\000r\000i\000x\000\040\000M\000u\000l\000t\000i\000p\000l\000i\000c\000a\000t\000i\000o\000n\000:\000\040\000H\000o\000w\000\040\000F\000o\000r\000w\000a\000r\000d\000\040\000P\000r\000o\000p\000a\000g\000a\000t\000i\000o\000n\000\040\000W\000o\000r\000k\000s}{section.2.1}% 28
\BOOKMARK [1][-]{section.2.2}{\376\377\000S\000i\000n\000g\000l\000e\000-\000L\000a\000y\000e\000r\000\040\000N\000e\000u\000r\000a\000l\000\040\000N\000e\000t\000w\000o\000r\000k\000s}{chapter.2}% 29
\BOOKMARK [2][-]{subsection.2.2.1}{\376\377\000A\000r\000c\000h\000i\000t\000e\000c\000t\000u\000r\000e}{section.2.2}% 30
\BOOKMARK [2][-]{subsection.2.2.2}{\376\377\000M\000a\000t\000r\000i\000x\000\040\000F\000o\000r\000m\000u\000l\000a\000t\000i\000o\000n}{section.2.2}% 31
\BOOKMARK [2][-]{subsection.2.2.3}{\376\377\000O\000u\000t\000p\000u\000t\000\040\000L\000a\000y\000e\000r\000\040\000f\000o\000r\000\040\000D\000i\000f\000f\000e\000r\000e\000n\000t\000\040\000T\000a\000s\000k\000s}{section.2.2}% 32
\BOOKMARK [1][-]{section.2.3}{\376\377\000A\000c\000t\000i\000v\000a\000t\000i\000o\000n\000\040\000F\000u\000n\000c\000t\000i\000o\000n\000s}{chapter.2}% 33
\BOOKMARK [2][-]{subsection.2.3.1}{\376\377\000P\000u\000r\000p\000o\000s\000e\000\040\000o\000f\000\040\000A\000c\000t\000i\000v\000a\000t\000i\000o\000n\000\040\000F\000u\000n\000c\000t\000i\000o\000n\000s}{section.2.3}% 34
\BOOKMARK [2][-]{subsection.2.3.2}{\376\377\000C\000o\000m\000m\000o\000n\000\040\000A\000c\000t\000i\000v\000a\000t\000i\000o\000n\000\040\000F\000u\000n\000c\000t\000i\000o\000n\000s}{section.2.3}% 35
\BOOKMARK [2][-]{subsection.2.3.3}{\376\377\000W\000h\000y\000\040\000R\000e\000L\000U\000\040\000D\000o\000m\000i\000n\000a\000t\000e\000s}{section.2.3}% 36
\BOOKMARK [1][-]{section.2.4}{\376\377\000O\000u\000t\000p\000u\000t\000\040\000L\000a\000y\000e\000r\000s\000\040\000a\000n\000d\000\040\000L\000o\000s\000s\000\040\000F\000u\000n\000c\000t\000i\000o\000n\000s}{chapter.2}% 37
\BOOKMARK [2][-]{subsection.2.4.1}{\376\377\000O\000u\000t\000p\000u\000t\000\040\000A\000c\000t\000i\000v\000a\000t\000i\000o\000n\000s\000\040\000b\000y\000\040\000T\000a\000s\000k}{section.2.4}% 38
\BOOKMARK [2][-]{subsection.2.4.2}{\376\377\000S\000o\000f\000t\000m\000a\000x\000\040\000F\000u\000n\000c\000t\000i\000o\000n}{section.2.4}% 39
\BOOKMARK [2][-]{subsection.2.4.3}{\376\377\000L\000o\000s\000s\000\040\000F\000u\000n\000c\000t\000i\000o\000n\000s}{section.2.4}% 40
\BOOKMARK [1][-]{section.2.5}{\376\377\000C\000a\000p\000a\000c\000i\000t\000y\000\040\000a\000n\000d\000\040\000E\000x\000p\000r\000e\000s\000s\000i\000v\000e\000n\000e\000s\000s}{chapter.2}% 41
\BOOKMARK [2][-]{subsection.2.5.1}{\376\377\000L\000i\000n\000e\000a\000r\000\040\000S\000e\000p\000a\000r\000a\000b\000i\000l\000i\000t\000y}{section.2.5}% 42
\BOOKMARK [2][-]{subsection.2.5.2}{\376\377\000H\000o\000w\000\040\000H\000i\000d\000d\000e\000n\000\040\000L\000a\000y\000e\000r\000s\000\040\000C\000r\000e\000a\000t\000e\000\040\000N\000o\000n\000l\000i\000n\000e\000a\000r\000\040\000B\000o\000u\000n\000d\000a\000r\000i\000e\000s}{section.2.5}% 43
\BOOKMARK [2][-]{subsection.2.5.3}{\376\377\000U\000n\000i\000v\000e\000r\000s\000a\000l\000\040\000A\000p\000p\000r\000o\000x\000i\000m\000a\000t\000i\000o\000n\000\040\000T\000h\000e\000o\000r\000e\000m}{section.2.5}% 44
\BOOKMARK [1][-]{section.2.6}{\376\377\000G\000r\000a\000d\000i\000e\000n\000t\000\040\000D\000e\000s\000c\000e\000n\000t}{chapter.2}% 45
\BOOKMARK [2][-]{subsection.2.6.1}{\376\377\000W\000h\000y\000\040\000G\000r\000a\000d\000i\000e\000n\000t\000\040\000D\000e\000s\000c\000e\000n\000t\000?}{section.2.6}% 46
\BOOKMARK [2][-]{subsection.2.6.2}{\376\377\000G\000r\000a\000d\000i\000e\000n\000t\000\040\000D\000e\000s\000c\000e\000n\000t\000\040\000A\000l\000g\000o\000r\000i\000t\000h\000m}{section.2.6}% 47
\BOOKMARK [2][-]{subsection.2.6.3}{\376\377\000L\000e\000a\000r\000n\000i\000n\000g\000\040\000R\000a\000t\000e}{section.2.6}% 48
\BOOKMARK [2][-]{subsection.2.6.4}{\376\377\000S\000t\000o\000p\000p\000i\000n\000g\000\040\000C\000r\000i\000t\000e\000r\000i\000a}{section.2.6}% 49
\BOOKMARK [1][-]{section.2.7}{\376\377\000B\000a\000c\000k\000p\000r\000o\000p\000a\000g\000a\000t\000i\000o\000n}{chapter.2}% 50
\BOOKMARK [2][-]{subsection.2.7.1}{\376\377\000T\000h\000e\000\040\000T\000r\000a\000i\000n\000i\000n\000g\000\040\000L\000o\000o\000p}{section.2.7}% 51
\BOOKMARK [2][-]{subsection.2.7.2}{\376\377\000T\000h\000e\000\040\000C\000h\000a\000i\000n\000\040\000R\000u\000l\000e}{section.2.7}% 52
\BOOKMARK [2][-]{subsection.2.7.3}{\376\377\000C\000o\000m\000p\000u\000t\000i\000n\000g\000\040\000t\000h\000e\000\040\000G\000r\000a\000d\000i\000e\000n\000t}{section.2.7}% 53
\BOOKMARK [2][-]{subsection.2.7.4}{\376\377\000W\000o\000r\000k\000e\000d\000\040\000E\000x\000a\000m\000p\000l\000e\000:\000\040\000B\000a\000c\000k\000p\000r\000o\000p\000a\000g\000a\000t\000i\000o\000n}{section.2.7}% 54
\BOOKMARK [2][-]{subsection.2.7.5}{\376\377\000G\000r\000a\000d\000i\000e\000n\000t\000\040\000F\000o\000r\000m\000u\000l\000a\000s\000\040\000f\000o\000r\000\040\000C\000o\000m\000m\000o\000n\000\040\000C\000a\000s\000e\000s}{section.2.7}% 55
\BOOKMARK [1][-]{section.2.8}{\376\377\000P\000a\000r\000a\000m\000e\000t\000e\000r\000s\000\040\000v\000s\000\040\000H\000y\000p\000e\000r\000p\000a\000r\000a\000m\000e\000t\000e\000r\000s}{chapter.2}% 56
\BOOKMARK [1][-]{section.2.9}{\376\377\000T\000h\000e\000\040\000B\000i\000g\000g\000e\000r\000\040\000P\000i\000c\000t\000u\000r\000e}{chapter.2}% 57
\BOOKMARK [0][-]{chapter.3}{\376\377\000W\000e\000e\000k\000\040\0003\000:\000\040\000D\000e\000e\000p\000\040\000N\000e\000u\000r\000a\000l\000\040\000N\000e\000t\000w\000o\000r\000k\000s\000\040\000I\000I}{}% 58
\BOOKMARK [1][-]{section.3.1}{\376\377\000B\000a\000c\000k\000p\000r\000o\000p\000a\000g\000a\000t\000i\000o\000n\000\040\000\050\000C\000o\000n\000t\000i\000n\000u\000e\000d\000\051}{chapter.3}% 59
\BOOKMARK [2][-]{subsection.3.1.1}{\376\377\000R\000e\000m\000i\000n\000d\000e\000r\000:\000\040\000S\000i\000n\000g\000l\000e\000-\000L\000a\000y\000e\000r\000\040\000N\000e\000t\000w\000o\000r\000k}{section.3.1}% 60
\BOOKMARK [2][-]{subsection.3.1.2}{\376\377\000G\000r\000a\000d\000i\000e\000n\000t\000\040\000v\000i\000a\000\040\000C\000h\000a\000i\000n\000\040\000R\000u\000l\000e}{section.3.1}% 61
\BOOKMARK [2][-]{subsection.3.1.3}{\376\377\000G\000r\000a\000d\000i\000e\000n\000t\000\040\000U\000p\000d\000a\000t\000e}{section.3.1}% 62
\BOOKMARK [1][-]{section.3.2}{\376\377\000M\000u\000l\000t\000i\000v\000a\000r\000i\000a\000t\000e\000\040\000C\000h\000a\000i\000n\000\040\000R\000u\000l\000e}{chapter.3}% 63
\BOOKMARK [2][-]{subsection.3.2.1}{\376\377\000W\000o\000r\000k\000e\000d\000\040\000E\000x\000a\000m\000p\000l\000e}{section.3.2}% 64
\BOOKMARK [1][-]{section.3.3}{\376\377\000M\000u\000l\000t\000i\000p\000l\000e\000\040\000O\000u\000t\000p\000u\000t\000\040\000N\000o\000d\000e\000s}{chapter.3}% 65
\BOOKMARK [2][-]{subsection.3.3.1}{\376\377\000C\000r\000o\000s\000s\000-\000E\000n\000t\000r\000o\000p\000y\000\040\000L\000o\000s\000s}{section.3.3}% 66
\BOOKMARK [2][-]{subsection.3.3.2}{\376\377\000G\000r\000a\000d\000i\000e\000n\000t\000\040\000f\000o\000r\000\040\000M\000u\000l\000t\000i\000-\000C\000l\000a\000s\000s\000\040\000C\000l\000a\000s\000s\000i\000f\000i\000c\000a\000t\000i\000o\000n}{section.3.3}% 67
\BOOKMARK [2][-]{subsection.3.3.3}{\376\377\000S\000o\000f\000t\000m\000a\000x\000\040\000+\000\040\000C\000r\000o\000s\000s\000-\000E\000n\000t\000r\000o\000p\000y\000\040\000S\000i\000m\000p\000l\000i\000f\000i\000c\000a\000t\000i\000o\000n}{section.3.3}% 68
\BOOKMARK [1][-]{section.3.4}{\376\377\000D\000e\000e\000p\000e\000r\000\040\000N\000e\000t\000w\000o\000r\000k\000s\000:\000\040\000M\000u\000l\000t\000i\000l\000a\000y\000e\000r\000\040\000P\000e\000r\000c\000e\000p\000t\000r\000o\000n\000s}{chapter.3}% 69
\BOOKMARK [2][-]{subsection.3.4.1}{\376\377\000G\000e\000n\000e\000r\000i\000c\000\040\000G\000r\000a\000d\000i\000e\000n\000t\000\040\000F\000o\000r\000m}{section.3.4}% 70
\BOOKMARK [2][-]{subsection.3.4.2}{\376\377\000F\000u\000l\000l\000\040\000E\000x\000p\000a\000n\000s\000i\000o\000n\000\040\000f\000o\000r\000\040\000T\000w\000o\000\040\000H\000i\000d\000d\000e\000n\000\040\000L\000a\000y\000e\000r\000s}{section.3.4}% 71
\BOOKMARK [1][-]{section.3.5}{\376\377\000V\000e\000c\000t\000o\000r\000i\000s\000a\000t\000i\000o\000n}{chapter.3}% 72
\BOOKMARK [2][-]{subsection.3.5.1}{\376\377\000S\000c\000a\000l\000a\000r\000\040\000v\000s\000\040\000V\000e\000c\000t\000o\000r\000\040\000O\000p\000e\000r\000a\000t\000i\000o\000n\000s}{section.3.5}% 73
\BOOKMARK [2][-]{subsection.3.5.2}{\376\377\000V\000e\000c\000t\000o\000r\000i\000s\000e\000d\000\040\000N\000e\000u\000r\000a\000l\000\040\000N\000e\000t\000w\000o\000r\000k}{section.3.5}% 74
\BOOKMARK [2][-]{subsection.3.5.3}{\376\377\000C\000o\000m\000p\000a\000c\000t\000\040\000R\000e\000p\000r\000e\000s\000e\000n\000t\000a\000t\000i\000o\000n\000\040\000\050\000A\000b\000s\000o\000r\000b\000i\000n\000g\000\040\000B\000i\000a\000s\000e\000s\000\051}{section.3.5}% 75
\BOOKMARK [2][-]{subsection.3.5.4}{\376\377\000G\000e\000n\000e\000r\000a\000l\000\040\000L\000-\000L\000a\000y\000e\000r\000\040\000N\000e\000t\000w\000o\000r\000k}{section.3.5}% 76
\BOOKMARK [1][-]{section.3.6}{\376\377\000V\000e\000c\000t\000o\000r\000i\000s\000e\000d\000\040\000B\000a\000c\000k\000p\000r\000o\000p\000a\000g\000a\000t\000i\000o\000n}{chapter.3}% 77
\BOOKMARK [2][-]{subsection.3.6.1}{\376\377\000O\000u\000t\000p\000u\000t\000\040\000L\000a\000y\000e\000r}{section.3.6}% 78
\BOOKMARK [2][-]{subsection.3.6.2}{\376\377\000H\000i\000d\000d\000e\000n\000\040\000L\000a\000y\000e\000r\000s\000\040\000\050\000R\000e\000c\000u\000r\000s\000i\000v\000e\000\051}{section.3.6}% 79
\BOOKMARK [2][-]{subsection.3.6.3}{\376\377\000G\000r\000a\000d\000i\000e\000n\000t\000\040\000D\000i\000m\000e\000n\000s\000i\000o\000n\000s}{section.3.6}% 80
\BOOKMARK [1][-]{section.3.7}{\376\377\000M\000i\000n\000i\000-\000B\000a\000t\000c\000h\000\040\000G\000r\000a\000d\000i\000e\000n\000t\000\040\000D\000e\000s\000c\000e\000n\000t}{chapter.3}% 81
\BOOKMARK [2][-]{subsection.3.7.1}{\376\377\000S\000t\000o\000c\000h\000a\000s\000t\000i\000c\000\040\000G\000r\000a\000d\000i\000e\000n\000t\000\040\000D\000e\000s\000c\000e\000n\000t\000\040\000\050\000S\000G\000D\000\051}{section.3.7}% 82
\BOOKMARK [2][-]{subsection.3.7.2}{\376\377\000B\000a\000t\000c\000h\000\040\000G\000r\000a\000d\000i\000e\000n\000t\000\040\000D\000e\000s\000c\000e\000n\000t}{section.3.7}% 83
\BOOKMARK [2][-]{subsection.3.7.3}{\376\377\000V\000e\000c\000t\000o\000r\000i\000s\000a\000t\000i\000o\000n\000\040\000i\000n\000\040\000B\000a\000t\000c\000h\000\040\000G\000r\000a\000d\000i\000e\000n\000t\000\040\000D\000e\000s\000c\000e\000n\000t}{section.3.7}% 84
\BOOKMARK [2][-]{subsection.3.7.4}{\376\377\000M\000i\000n\000i\000-\000B\000a\000t\000c\000h\000\040\000G\000r\000a\000d\000i\000e\000n\000t\000\040\000D\000e\000s\000c\000e\000n\000t}{section.3.7}% 85
\BOOKMARK [1][-]{section.3.8}{\376\377\000T\000r\000a\000i\000n\000i\000n\000g\000\040\000P\000r\000o\000c\000e\000s\000s}{chapter.3}% 86
\BOOKMARK [2][-]{subsection.3.8.1}{\376\377\000G\000e\000n\000e\000r\000a\000l\000i\000s\000a\000t\000i\000o\000n}{section.3.8}% 87
\BOOKMARK [2][-]{subsection.3.8.2}{\376\377\000D\000a\000t\000a\000\040\000S\000p\000l\000i\000t\000s}{section.3.8}% 88
\BOOKMARK [2][-]{subsection.3.8.3}{\376\377\000E\000a\000r\000l\000y\000\040\000S\000t\000o\000p\000p\000i\000n\000g}{section.3.8}% 89
\BOOKMARK [1][-]{section.3.9}{\376\377\000P\000e\000r\000f\000o\000r\000m\000a\000n\000c\000e\000\040\000M\000e\000t\000r\000i\000c\000s}{chapter.3}% 90
\BOOKMARK [2][-]{subsection.3.9.1}{\376\377\000B\000i\000n\000a\000r\000y\000\040\000C\000l\000a\000s\000s\000i\000f\000i\000c\000a\000t\000i\000o\000n\000\040\000M\000e\000t\000r\000i\000c\000s}{section.3.9}% 91
\BOOKMARK [2][-]{subsection.3.9.2}{\376\377\000R\000O\000C\000\040\000a\000n\000d\000\040\000A\000U\000C}{section.3.9}% 92
\BOOKMARK [2][-]{subsection.3.9.3}{\376\377\000M\000u\000l\000t\000i\000-\000C\000l\000a\000s\000s\000\040\000M\000e\000t\000r\000i\000c\000s}{section.3.9}% 93
\BOOKMARK [1][-]{section.3.10}{\376\377\000T\000r\000a\000i\000n\000i\000n\000g\000\040\000T\000i\000p\000s}{chapter.3}% 94
\BOOKMARK [2][-]{subsection.3.10.1}{\376\377\000U\000n\000d\000e\000r\000f\000i\000t\000t\000i\000n\000g}{section.3.10}% 95
\BOOKMARK [2][-]{subsection.3.10.2}{\376\377\000O\000v\000e\000r\000f\000i\000t\000t\000i\000n\000g}{section.3.10}% 96
\BOOKMARK [2][-]{subsection.3.10.3}{\376\377\000V\000i\000s\000u\000a\000l\000i\000s\000i\000n\000g\000\040\000F\000e\000a\000t\000u\000r\000e\000s}{section.3.10}% 97
\BOOKMARK [2][-]{subsection.3.10.4}{\376\377\000C\000o\000m\000m\000o\000n\000\040\000I\000s\000s\000u\000e\000s}{section.3.10}% 98
\BOOKMARK [1][-]{section.3.11}{\376\377\000V\000a\000n\000i\000s\000h\000i\000n\000g\000\040\000G\000r\000a\000d\000i\000e\000n\000t\000\040\000P\000r\000o\000b\000l\000e\000m}{chapter.3}% 99
\BOOKMARK [2][-]{subsection.3.11.1}{\376\377\000S\000a\000t\000u\000r\000a\000t\000i\000o\000n\000\040\000o\000f\000\040\000S\000i\000g\000m\000o\000i\000d}{section.3.11}% 100
\BOOKMARK [2][-]{subsection.3.11.2}{\376\377\000S\000o\000l\000u\000t\000i\000o\000n\000\040\0001\000:\000\040\000R\000e\000L\000U\000\040\000A\000c\000t\000i\000v\000a\000t\000i\000o\000n}{section.3.11}% 101
\BOOKMARK [2][-]{subsection.3.11.3}{\376\377\000S\000o\000l\000u\000t\000i\000o\000n\000\040\0002\000:\000\040\000B\000a\000t\000c\000h\000\040\000N\000o\000r\000m\000a\000l\000i\000s\000a\000t\000i\000o\000n}{section.3.11}% 102
\BOOKMARK [2][-]{subsection.3.11.4}{\376\377\000S\000o\000l\000u\000t\000i\000o\000n\000\040\0003\000:\000\040\000R\000e\000s\000i\000d\000u\000a\000l\000\040\000N\000e\000t\000w\000o\000r\000k\000s\000\040\000\050\000S\000k\000i\000p\000\040\000C\000o\000n\000n\000e\000c\000t\000i\000o\000n\000s\000\051}{section.3.11}% 103
\BOOKMARK [0][-]{chapter.4}{\376\377\000W\000e\000e\000k\000\040\0004\000:\000\040\000C\000o\000n\000v\000o\000l\000u\000t\000i\000o\000n\000a\000l\000\040\000N\000e\000u\000r\000a\000l\000\040\000N\000e\000t\000w\000o\000r\000k\000s\000\040\000I}{}% 104
\BOOKMARK [1][-]{section.4.1}{\376\377\000C\000o\000m\000p\000u\000t\000e\000r\000\040\000V\000i\000s\000i\000o\000n\000\040\000T\000a\000s\000k\000s}{chapter.4}% 105
\BOOKMARK [2][-]{subsection.4.1.1}{\376\377\000H\000u\000m\000a\000n\000\040\000v\000s\000\040\000C\000o\000m\000p\000u\000t\000e\000r\000\040\000P\000e\000r\000c\000e\000p\000t\000i\000o\000n}{section.4.1}% 106
\BOOKMARK [1][-]{section.4.2}{\376\377\000W\000h\000y\000\040\000C\000o\000n\000v\000o\000l\000u\000t\000i\000o\000n\000a\000l\000\040\000L\000a\000y\000e\000r\000s\000?}{chapter.4}% 107
\BOOKMARK [2][-]{subsection.4.2.1}{\376\377\000C\000h\000a\000l\000l\000e\000n\000g\000e\000\040\0001\000:\000\040\000S\000p\000a\000t\000i\000a\000l\000\040\000S\000t\000r\000u\000c\000t\000u\000r\000e}{section.4.2}% 108
\BOOKMARK [2][-]{subsection.4.2.2}{\376\377\000C\000h\000a\000l\000l\000e\000n\000g\000e\000\040\0002\000:\000\040\000P\000a\000r\000a\000m\000e\000t\000e\000r\000\040\000E\000x\000p\000l\000o\000s\000i\000o\000n}{section.4.2}% 109
\BOOKMARK [2][-]{subsection.4.2.3}{\376\377\000C\000h\000a\000l\000l\000e\000n\000g\000e\000\040\0003\000:\000\040\000T\000r\000a\000n\000s\000l\000a\000t\000i\000o\000n\000\040\000I\000n\000v\000a\000r\000i\000a\000n\000c\000e}{section.4.2}% 110
\BOOKMARK [1][-]{section.4.3}{\376\377\000P\000r\000o\000p\000e\000r\000t\000i\000e\000s\000\040\000o\000f\000\040\000C\000N\000N\000s}{chapter.4}% 111
\BOOKMARK [2][-]{subsection.4.3.1}{\376\377\000E\000x\000a\000m\000p\000l\000e\000:\000\040\000C\000a\000t\000\040\000I\000m\000a\000g\000e\000\040\000F\000e\000a\000t\000u\000r\000e\000\040\000D\000e\000t\000e\000c\000t\000i\000o\000n}{section.4.3}% 112
\BOOKMARK [2][-]{subsection.4.3.2}{\376\377\000V\000e\000r\000s\000a\000t\000i\000l\000i\000t\000y\000\040\000B\000e\000y\000o\000n\000d\000\040\000I\000m\000a\000g\000e\000s}{section.4.3}% 113
\BOOKMARK [1][-]{section.4.4}{\376\377\000T\000h\000e\000\040\000C\000o\000n\000v\000o\000l\000u\000t\000i\000o\000n\000\040\000O\000p\000e\000r\000a\000t\000i\000o\000n}{chapter.4}% 114
\BOOKMARK [2][-]{subsection.4.4.1}{\376\377\000D\000i\000s\000c\000r\000e\000t\000e\000\040\000C\000o\000n\000v\000o\000l\000u\000t\000i\000o\000n}{section.4.4}% 115
\BOOKMARK [2][-]{subsection.4.4.2}{\376\377\000W\000o\000r\000k\000e\000d\000\040\000E\000x\000a\000m\000p\000l\000e\000:\000\040\000C\000o\000n\000v\000o\000l\000u\000t\000i\000o\000n\000\040\000w\000i\000t\000h\000\040\000K\000e\000r\000n\000e\000l\000\040\000F\000l\000i\000p\000p\000i\000n\000g}{section.4.4}% 116
\BOOKMARK [2][-]{subsection.4.4.3}{\376\377\000C\000r\000o\000s\000s\000-\000C\000o\000r\000r\000e\000l\000a\000t\000i\000o\000n\000:\000\040\000W\000h\000a\000t\000\040\000C\000N\000N\000s\000\040\000A\000c\000t\000u\000a\000l\000l\000y\000\040\000C\000o\000m\000p\000u\000t\000e}{section.4.4}% 117
\BOOKMARK [2][-]{subsection.4.4.4}{\376\377\000E\000f\000f\000e\000c\000t\000\040\000o\000f\000\040\000C\000o\000n\000v\000o\000l\000u\000t\000i\000o\000n\000:\000\040\000F\000e\000a\000t\000u\000r\000e\000\040\000D\000e\000t\000e\000c\000t\000i\000o\000n}{section.4.4}% 118
\BOOKMARK [2][-]{subsection.4.4.5}{\376\377\000N\000o\000n\000-\000l\000i\000n\000e\000a\000r\000\040\000A\000c\000t\000i\000v\000a\000t\000i\000o\000n}{section.4.4}% 119
\BOOKMARK [1][-]{section.4.5}{\376\377\000P\000a\000d\000d\000i\000n\000g}{chapter.4}% 120
\BOOKMARK [2][-]{subsection.4.5.1}{\376\377\000T\000h\000e\000\040\000B\000o\000r\000d\000e\000r\000\040\000P\000r\000o\000b\000l\000e\000m}{section.4.5}% 121
\BOOKMARK [2][-]{subsection.4.5.2}{\376\377\000O\000u\000t\000p\000u\000t\000\040\000D\000i\000m\000e\000n\000s\000i\000o\000n\000\040\000F\000o\000r\000m\000u\000l\000a}{section.4.5}% 122
\BOOKMARK [2][-]{subsection.4.5.3}{\376\377\000B\000e\000n\000e\000f\000i\000t\000s\000\040\000o\000f\000\040\000Z\000e\000r\000o\000-\000P\000a\000d\000d\000i\000n\000g}{section.4.5}% 123
\BOOKMARK [1][-]{section.4.6}{\376\377\000P\000o\000o\000l\000i\000n\000g\000\040\000L\000a\000y\000e\000r\000s}{chapter.4}% 124
\BOOKMARK [2][-]{subsection.4.6.1}{\376\377\000M\000o\000t\000i\000v\000a\000t\000i\000o\000n\000:\000\040\000F\000r\000o\000m\000\040\000L\000o\000c\000a\000l\000\040\000t\000o\000\040\000G\000l\000o\000b\000a\000l}{section.4.6}% 125
\BOOKMARK [2][-]{subsection.4.6.2}{\376\377\000M\000a\000x\000\040\000P\000o\000o\000l\000i\000n\000g}{section.4.6}% 126
\BOOKMARK [2][-]{subsection.4.6.3}{\376\377\000L\000o\000c\000a\000l\000\040\000T\000r\000a\000n\000s\000l\000a\000t\000i\000o\000n\000\040\000I\000n\000v\000a\000r\000i\000a\000n\000c\000e}{section.4.6}% 127
\BOOKMARK [2][-]{subsection.4.6.4}{\376\377\000P\000o\000o\000l\000i\000n\000g\000\040\000a\000n\000d\000\040\000C\000o\000n\000v\000o\000l\000u\000t\000i\000o\000n\000s\000\040\000T\000o\000g\000e\000t\000h\000e\000r}{section.4.6}% 128
\BOOKMARK [1][-]{section.4.7}{\376\377\000M\000u\000l\000t\000i\000-\000C\000h\000a\000n\000n\000e\000l\000\040\000C\000o\000n\000v\000o\000l\000u\000t\000i\000o\000n\000s}{chapter.4}% 129
\BOOKMARK [2][-]{subsection.4.7.1}{\376\377\000M\000u\000l\000t\000i\000p\000l\000e\000\040\000I\000n\000p\000u\000t\000\040\000C\000h\000a\000n\000n\000e\000l\000s}{section.4.7}% 130
\BOOKMARK [2][-]{subsection.4.7.2}{\376\377\000M\000u\000l\000t\000i\000p\000l\000e\000\040\000O\000u\000t\000p\000u\000t\000\040\000C\000h\000a\000n\000n\000e\000l\000s\000\040\000\050\000F\000e\000a\000t\000u\000r\000e\000\040\000M\000a\000p\000s\000\051}{section.4.7}% 131
\BOOKMARK [1][-]{section.4.8}{\376\377\000C\000N\000N\000\040\000A\000r\000c\000h\000i\000t\000e\000c\000t\000u\000r\000e\000:\000\040\000L\000e\000N\000e\000t}{chapter.4}% 132
\BOOKMARK [1][-]{section.4.9}{\376\377\000T\000r\000a\000i\000n\000i\000n\000g\000\040\000C\000N\000N\000s}{chapter.4}% 133
\BOOKMARK [2][-]{subsection.4.9.1}{\376\377\000B\000a\000c\000k\000p\000r\000o\000p\000a\000g\000a\000t\000i\000o\000n\000\040\000T\000h\000r\000o\000u\000g\000h\000\040\000C\000o\000n\000v\000o\000l\000u\000t\000i\000o\000n\000s}{section.4.9}% 134
\BOOKMARK [1][-]{section.4.10}{\376\377\000F\000e\000a\000t\000u\000r\000e\000\040\000V\000i\000s\000u\000a\000l\000i\000s\000a\000t\000i\000o\000n}{chapter.4}% 135
\BOOKMARK [2][-]{subsection.4.10.1}{\376\377\000W\000h\000a\000t\000\040\000D\000o\000e\000s\000\040\000a\000\040\000C\000N\000N\000\040\000L\000e\000a\000r\000n\000?}{section.4.10}% 136
\BOOKMARK [2][-]{subsection.4.10.2}{\376\377\000V\000i\000s\000u\000a\000l\000i\000s\000a\000t\000i\000o\000n\000\040\000T\000e\000c\000h\000n\000i\000q\000u\000e\000s}{section.4.10}% 137
\BOOKMARK [2][-]{subsection.4.10.3}{\376\377\000E\000x\000a\000m\000p\000l\000e\000s\000\040\000o\000f\000\040\000L\000e\000a\000r\000n\000e\000d\000\040\000F\000e\000a\000t\000u\000r\000e\000s}{section.4.10}% 138
\BOOKMARK [0][-]{chapter.5}{\376\377\000W\000e\000e\000k\000\040\0005\000:\000\040\000C\000o\000n\000v\000o\000l\000u\000t\000i\000o\000n\000a\000l\000\040\000N\000e\000u\000r\000a\000l\000\040\000N\000e\000t\000w\000o\000r\000k\000s\000\040\000I\000I}{}% 139
\BOOKMARK [1][-]{section.5.1}{\376\377\000L\000a\000b\000e\000l\000l\000e\000d\000\040\000D\000a\000t\000a\000\040\000a\000n\000d\000\040\000A\000u\000g\000m\000e\000n\000t\000a\000t\000i\000o\000n}{chapter.5}% 140
\BOOKMARK [2][-]{subsection.5.1.1}{\376\377\000T\000h\000e\000\040\000D\000a\000t\000a\000\040\000B\000o\000t\000t\000l\000e\000n\000e\000c\000k}{section.5.1}% 141
\BOOKMARK [2][-]{subsection.5.1.2}{\376\377\000C\000o\000m\000m\000o\000n\000\040\000D\000a\000t\000a\000s\000e\000t\000s}{section.5.1}% 142
\BOOKMARK [2][-]{subsection.5.1.3}{\376\377\000D\000a\000t\000a\000\040\000L\000a\000b\000e\000l\000l\000i\000n\000g\000\040\000S\000t\000r\000a\000t\000e\000g\000i\000e\000s}{section.5.1}% 143
\BOOKMARK [2][-]{subsection.5.1.4}{\376\377\000A\000c\000t\000i\000v\000e\000\040\000L\000e\000a\000r\000n\000i\000n\000g}{section.5.1}% 144
\BOOKMARK [2][-]{subsection.5.1.5}{\376\377\000M\000o\000d\000e\000l\000-\000A\000s\000s\000i\000s\000t\000e\000d\000\040\000L\000a\000b\000e\000l\000l\000i\000n\000g}{section.5.1}% 145
\BOOKMARK [2][-]{subsection.5.1.6}{\376\377\000D\000a\000t\000a\000\040\000A\000u\000g\000m\000e\000n\000t\000a\000t\000i\000o\000n}{section.5.1}% 146
\BOOKMARK [1][-]{section.5.2}{\376\377\000M\000o\000d\000e\000r\000n\000\040\000C\000N\000N\000\040\000A\000r\000c\000h\000i\000t\000e\000c\000t\000u\000r\000e\000s}{chapter.5}% 147
\BOOKMARK [2][-]{subsection.5.2.1}{\376\377\000V\000G\000G\000:\000\040\000D\000e\000e\000p\000\040\000a\000n\000d\000\040\000N\000a\000r\000r\000o\000w\000\040\000\050\0002\0000\0001\0004\000\051}{section.5.2}% 148
\BOOKMARK [2][-]{subsection.5.2.2}{\376\377\000G\000o\000o\000g\000L\000e\000N\000e\000t\000:\000\040\000I\000n\000c\000e\000p\000t\000i\000o\000n\000\040\000B\000l\000o\000c\000k\000s\000\040\000\050\0002\0000\0001\0004\000\051}{section.5.2}% 149
\BOOKMARK [2][-]{subsection.5.2.3}{\376\377\000R\000e\000s\000N\000e\000t\000:\000\040\000S\000k\000i\000p\000\040\000C\000o\000n\000n\000e\000c\000t\000i\000o\000n\000s\000\040\000\050\0002\0000\0001\0005\000\051}{section.5.2}% 150
\BOOKMARK [1][-]{section.5.3}{\376\377\000T\000r\000a\000n\000s\000f\000e\000r\000\040\000L\000e\000a\000r\000n\000i\000n\000g\000\040\000a\000n\000d\000\040\000F\000i\000n\000e\000-\000T\000u\000n\000i\000n\000g}{chapter.5}% 151
\BOOKMARK [1][-]{section.5.4}{\376\377\000O\000b\000j\000e\000c\000t\000\040\000D\000e\000t\000e\000c\000t\000i\000o\000n}{chapter.5}% 152
\BOOKMARK [2][-]{subsection.5.4.1}{\376\377\000B\000o\000u\000n\000d\000i\000n\000g\000\040\000B\000o\000x\000\040\000R\000e\000p\000r\000e\000s\000e\000n\000t\000a\000t\000i\000o\000n}{section.5.4}% 153
\BOOKMARK [2][-]{subsection.5.4.2}{\376\377\000B\000a\000s\000i\000c\000\040\000O\000b\000j\000e\000c\000t\000\040\000D\000e\000t\000e\000c\000t\000i\000o\000n\000\040\000W\000o\000r\000k\000f\000l\000o\000w}{section.5.4}% 154
\BOOKMARK [2][-]{subsection.5.4.3}{\376\377\000A\000n\000c\000h\000o\000r\000\040\000B\000o\000x\000e\000s}{section.5.4}% 155
\BOOKMARK [2][-]{subsection.5.4.4}{\376\377\000C\000l\000a\000s\000s\000\040\000P\000r\000e\000d\000i\000c\000t\000i\000o\000n}{section.5.4}% 156
\BOOKMARK [2][-]{subsection.5.4.5}{\376\377\000I\000n\000t\000e\000r\000s\000e\000c\000t\000i\000o\000n\000\040\000o\000v\000e\000r\000\040\000U\000n\000i\000o\000n\000\040\000\050\000I\000o\000U\000\051}{section.5.4}% 157
\BOOKMARK [2][-]{subsection.5.4.6}{\376\377\000N\000o\000n\000-\000M\000a\000x\000i\000m\000u\000m\000\040\000S\000u\000p\000p\000r\000e\000s\000s\000i\000o\000n\000\040\000\050\000N\000M\000S\000\051}{section.5.4}% 158
\BOOKMARK [2][-]{subsection.5.4.7}{\376\377\000S\000S\000D\000:\000\040\000S\000i\000n\000g\000l\000e\000\040\000S\000h\000o\000t\000\040\000M\000u\000l\000t\000i\000B\000o\000x\000\040\000D\000e\000t\000e\000c\000t\000o\000r}{section.5.4}% 159
\BOOKMARK [2][-]{subsection.5.4.8}{\376\377\000D\000a\000t\000a\000\040\000A\000u\000g\000m\000e\000n\000t\000a\000t\000i\000o\000n\000\040\000f\000o\000r\000\040\000O\000b\000j\000e\000c\000t\000\040\000D\000e\000t\000e\000c\000t\000i\000o\000n}{section.5.4}% 160
\BOOKMARK [1][-]{section.5.5}{\376\377\000S\000e\000m\000a\000n\000t\000i\000c\000\040\000S\000e\000g\000m\000e\000n\000t\000a\000t\000i\000o\000n}{chapter.5}% 161
\BOOKMARK [2][-]{subsection.5.5.1}{\376\377\000D\000e\000e\000p\000\040\000L\000e\000a\000r\000n\000i\000n\000g\000\040\000f\000o\000r\000\040\000S\000e\000m\000a\000n\000t\000i\000c\000\040\000S\000e\000g\000m\000e\000n\000t\000a\000t\000i\000o\000n}{section.5.5}% 162
\BOOKMARK [2][-]{subsection.5.5.2}{\376\377\000U\000-\000N\000e\000t\000\040\000A\000r\000c\000h\000i\000t\000e\000c\000t\000u\000r\000e}{section.5.5}% 163
\BOOKMARK [2][-]{subsection.5.5.3}{\376\377\000T\000r\000a\000n\000s\000p\000o\000s\000e\000d\000\040\000C\000o\000n\000v\000o\000l\000u\000t\000i\000o\000n\000\040\000\050\000U\000p\000-\000C\000o\000n\000v\000o\000l\000u\000t\000i\000o\000n\000\051}{section.5.5}% 164
\BOOKMARK [0][-]{chapter.6}{\376\377\000W\000e\000e\000k\000\040\0006\000:\000\040\000R\000e\000c\000u\000r\000r\000e\000n\000t\000\040\000N\000e\000u\000r\000a\000l\000\040\000N\000e\000t\000w\000o\000r\000k\000s\000\040\000a\000n\000d\000\040\000S\000e\000q\000u\000e\000n\000c\000e\000\040\000M\000o\000d\000e\000l\000i\000n\000g}{}% 165
\BOOKMARK [1][-]{section.6.1}{\376\377\000I\000n\000t\000r\000o\000d\000u\000c\000t\000i\000o\000n\000\040\000t\000o\000\040\000S\000e\000q\000u\000e\000n\000c\000e\000\040\000M\000o\000d\000e\000l\000i\000n\000g}{chapter.6}% 166
\BOOKMARK [2][-]{subsection.6.1.1}{\376\377\000C\000h\000a\000r\000a\000c\000t\000e\000r\000i\000s\000t\000i\000c\000s\000\040\000o\000f\000\040\000S\000e\000q\000u\000e\000n\000t\000i\000a\000l\000\040\000D\000a\000t\000a}{section.6.1}% 167
\BOOKMARK [2][-]{subsection.6.1.2}{\376\377\000C\000h\000a\000l\000l\000e\000n\000g\000e\000s\000\040\000i\000n\000\040\000M\000o\000d\000e\000l\000i\000n\000g\000\040\000S\000e\000q\000u\000e\000n\000t\000i\000a\000l\000\040\000D\000a\000t\000a}{section.6.1}% 168
\BOOKMARK [2][-]{subsection.6.1.3}{\376\377\000T\000i\000m\000e\000\040\000S\000e\000r\000i\000e\000s\000\040\000i\000n\000\040\000P\000u\000b\000l\000i\000c\000\040\000P\000o\000l\000i\000c\000y}{section.6.1}% 169
\BOOKMARK [1][-]{section.6.2}{\376\377\000S\000e\000q\000u\000e\000n\000c\000e\000\040\000M\000o\000d\000e\000l\000i\000n\000g\000\040\000T\000a\000s\000k\000s}{chapter.6}% 170
\BOOKMARK [2][-]{subsection.6.2.1}{\376\377\000F\000o\000r\000e\000c\000a\000s\000t\000i\000n\000g\000\040\000a\000n\000d\000\040\000P\000r\000e\000d\000i\000c\000t\000i\000n\000g\000\040\000N\000e\000x\000t\000\040\000S\000t\000e\000p\000s}{section.6.2}% 171
\BOOKMARK [2][-]{subsection.6.2.2}{\376\377\000C\000l\000a\000s\000s\000i\000f\000i\000c\000a\000t\000i\000o\000n}{section.6.2}% 172
\BOOKMARK [2][-]{subsection.6.2.3}{\376\377\000C\000l\000u\000s\000t\000e\000r\000i\000n\000g}{section.6.2}% 173
\BOOKMARK [2][-]{subsection.6.2.4}{\376\377\000P\000a\000t\000t\000e\000r\000n\000\040\000M\000a\000t\000c\000h\000i\000n\000g}{section.6.2}% 174
\BOOKMARK [2][-]{subsection.6.2.5}{\376\377\000A\000n\000o\000m\000a\000l\000y\000\040\000D\000e\000t\000e\000c\000t\000i\000o\000n}{section.6.2}% 175
\BOOKMARK [2][-]{subsection.6.2.6}{\376\377\000M\000o\000t\000i\000f\000\040\000D\000e\000t\000e\000c\000t\000i\000o\000n}{section.6.2}% 176
\BOOKMARK [1][-]{section.6.3}{\376\377\000A\000p\000p\000r\000o\000a\000c\000h\000e\000s\000\040\000t\000o\000\040\000S\000e\000q\000u\000e\000n\000c\000e\000\040\000M\000o\000d\000e\000l\000i\000n\000g}{chapter.6}% 177
\BOOKMARK [2][-]{subsection.6.3.1}{\376\377\000F\000e\000a\000t\000u\000r\000e\000\040\000E\000n\000g\000i\000n\000e\000e\000r\000i\000n\000g\000\040\000f\000o\000r\000\040\000T\000e\000x\000t\000:\000\040\000B\000a\000g\000-\000o\000f\000-\000W\000o\000r\000d\000s}{section.6.3}% 178
\BOOKMARK [2][-]{subsection.6.3.2}{\376\377\000F\000e\000a\000t\000u\000r\000e\000\040\000E\000n\000g\000i\000n\000e\000e\000r\000i\000n\000g\000\040\000f\000o\000r\000\040\000L\000o\000a\000d\000\040\000F\000o\000r\000e\000c\000a\000s\000t\000i\000n\000g}{section.6.3}% 179
\BOOKMARK [2][-]{subsection.6.3.3}{\376\377\000C\000h\000a\000l\000l\000e\000n\000g\000e\000s\000\040\000i\000n\000\040\000R\000a\000w\000\040\000S\000e\000q\000u\000e\000n\000c\000e\000\040\000M\000o\000d\000e\000l\000i\000n\000g}{section.6.3}% 180
\BOOKMARK [1][-]{section.6.4}{\376\377\000R\000e\000c\000u\000r\000r\000e\000n\000t\000\040\000N\000e\000u\000r\000a\000l\000\040\000N\000e\000t\000w\000o\000r\000k\000s\000\040\000\050\000R\000N\000N\000s\000\051}{chapter.6}% 181
\BOOKMARK [2][-]{subsection.6.4.1}{\376\377\000W\000h\000y\000\040\000N\000o\000t\000\040\000F\000u\000l\000l\000y\000\040\000C\000o\000n\000n\000e\000c\000t\000e\000d\000\040\000N\000e\000t\000w\000o\000r\000k\000s\000?}{section.6.4}% 182
\BOOKMARK [2][-]{subsection.6.4.2}{\376\377\000T\000h\000e\000\040\000R\000e\000c\000u\000r\000r\000e\000n\000c\000e\000\040\000M\000e\000c\000h\000a\000n\000i\000s\000m}{section.6.4}% 183
\BOOKMARK [2][-]{subsection.6.4.3}{\376\377\000U\000n\000r\000o\000l\000l\000i\000n\000g\000\040\000a\000n\000\040\000R\000N\000N}{section.6.4}% 184
\BOOKMARK [2][-]{subsection.6.4.4}{\376\377\000V\000a\000n\000i\000l\000l\000a\000\040\000R\000N\000N\000\040\000F\000o\000r\000m\000u\000l\000a\000t\000i\000o\000n}{section.6.4}% 185
\BOOKMARK [2][-]{subsection.6.4.5}{\376\377\000S\000h\000o\000r\000t\000-\000T\000e\000r\000m\000\040\000M\000e\000m\000o\000r\000y\000\040\000P\000r\000o\000b\000l\000e\000m}{section.6.4}% 186
\BOOKMARK [2][-]{subsection.6.4.6}{\376\377\000B\000a\000c\000k\000p\000r\000o\000p\000a\000g\000a\000t\000i\000o\000n\000\040\000T\000h\000r\000o\000u\000g\000h\000\040\000T\000i\000m\000e\000\040\000\050\000B\000P\000T\000T\000\051}{section.6.4}% 187
\BOOKMARK [2][-]{subsection.6.4.7}{\376\377\000O\000u\000t\000p\000u\000t\000\040\000L\000a\000y\000e\000r\000s\000\040\000a\000n\000d\000\040\000V\000e\000c\000t\000o\000r\000\040\000N\000o\000t\000a\000t\000i\000o\000n}{section.6.4}% 188
\BOOKMARK [1][-]{section.6.5}{\376\377\000L\000o\000n\000g\000\040\000S\000h\000o\000r\000t\000-\000T\000e\000r\000m\000\040\000M\000e\000m\000o\000r\000y\000\040\000\050\000L\000S\000T\000M\000\051}{chapter.6}% 189
\BOOKMARK [2][-]{subsection.6.5.1}{\376\377\000C\000e\000l\000l\000\040\000S\000t\000a\000t\000e\000\040\000a\000n\000d\000\040\000H\000i\000d\000d\000e\000n\000\040\000S\000t\000a\000t\000e}{section.6.5}% 190
\BOOKMARK [2][-]{subsection.6.5.2}{\376\377\000T\000h\000e\000\040\000T\000h\000r\000e\000e\000\040\000G\000a\000t\000e\000s}{section.6.5}% 191
\BOOKMARK [1][-]{section.6.6}{\376\377\000G\000a\000t\000e\000d\000\040\000R\000e\000c\000u\000r\000r\000e\000n\000t\000\040\000U\000n\000i\000t\000s\000\040\000\050\000G\000R\000U\000s\000\051}{chapter.6}% 192
\BOOKMARK [2][-]{subsection.6.6.1}{\376\377\000L\000i\000m\000i\000t\000a\000t\000i\000o\000n\000s\000\040\000o\000f\000\040\000L\000S\000T\000M\000\040\000a\000n\000d\000\040\000G\000R\000U}{section.6.6}% 193
\BOOKMARK [1][-]{section.6.7}{\376\377\000C\000o\000n\000v\000o\000l\000u\000t\000i\000o\000n\000a\000l\000\040\000N\000e\000u\000r\000a\000l\000\040\000N\000e\000t\000w\000o\000r\000k\000s\000\040\000f\000o\000r\000\040\000S\000e\000q\000u\000e\000n\000c\000e\000s}{chapter.6}% 194
\BOOKMARK [2][-]{subsection.6.7.1}{\376\377\0001\000D\000\040\000C\000o\000n\000v\000o\000l\000u\000t\000i\000o\000n\000s}{section.6.7}% 195
\BOOKMARK [2][-]{subsection.6.7.2}{\376\377\000C\000a\000u\000s\000a\000l\000\040\000C\000o\000n\000v\000o\000l\000u\000t\000i\000o\000n\000s}{section.6.7}% 196
\BOOKMARK [2][-]{subsection.6.7.3}{\376\377\000D\000i\000l\000a\000t\000e\000d\000\040\000C\000o\000n\000v\000o\000l\000u\000t\000i\000o\000n\000s}{section.6.7}% 197
\BOOKMARK [1][-]{section.6.8}{\376\377\000T\000r\000a\000n\000s\000f\000o\000r\000m\000e\000r\000s\000\040\000\050\000P\000r\000e\000v\000i\000e\000w\000\051}{chapter.6}% 198
\BOOKMARK [1][-]{section.6.9}{\376\377\000T\000i\000m\000e\000\040\000S\000e\000r\000i\000e\000s\000\040\000F\000o\000r\000e\000c\000a\000s\000t\000i\000n\000g}{chapter.6}% 199
\BOOKMARK [2][-]{subsection.6.9.1}{\376\377\000W\000a\000v\000e\000N\000e\000t\000\040\000a\000n\000d\000\040\000T\000e\000m\000p\000o\000r\000a\000l\000\040\000C\000o\000n\000v\000o\000l\000u\000t\000i\000o\000n\000a\000l\000\040\000N\000e\000t\000w\000o\000r\000k\000s}{section.6.9}% 200
\BOOKMARK [2][-]{subsection.6.9.2}{\376\377\000W\000h\000e\000n\000\040\000t\000o\000\040\000U\000s\000e\000\040\000D\000e\000e\000p\000\040\000L\000e\000a\000r\000n\000i\000n\000g\000\040\000f\000o\000r\000\040\000T\000i\000m\000e\000\040\000S\000e\000r\000i\000e\000s}{section.6.9}% 201
\BOOKMARK [0][-]{chapter.7}{\376\377\000W\000e\000e\000k\000\040\0007\000:\000\040\000N\000a\000t\000u\000r\000a\000l\000\040\000L\000a\000n\000g\000u\000a\000g\000e\000\040\000P\000r\000o\000c\000e\000s\000s\000i\000n\000g\000\040\000I}{}% 202
\BOOKMARK [1][-]{section.7.1}{\376\377\000T\000e\000x\000t\000\040\000a\000n\000d\000\040\000P\000u\000b\000l\000i\000c\000\040\000P\000o\000l\000i\000c\000y}{chapter.7}% 203
\BOOKMARK [2][-]{subsection.7.1.1}{\376\377\000E\000x\000a\000m\000p\000l\000e\000\040\000A\000p\000p\000l\000i\000c\000a\000t\000i\000o\000n\000s}{section.7.1}% 204
\BOOKMARK [1][-]{section.7.2}{\376\377\000C\000o\000m\000m\000o\000n\000\040\000N\000L\000P\000\040\000T\000a\000s\000k\000s}{chapter.7}% 205
\BOOKMARK [1][-]{section.7.3}{\376\377\000T\000e\000x\000t\000\040\000a\000s\000\040\000D\000a\000t\000a}{chapter.7}% 206
\BOOKMARK [1][-]{section.7.4}{\376\377\000D\000o\000c\000u\000m\000e\000n\000t\000\040\000E\000m\000b\000e\000d\000d\000i\000n\000g\000s}{chapter.7}% 207
\BOOKMARK [2][-]{subsection.7.4.1}{\376\377\000B\000a\000g\000\040\000o\000f\000\040\000W\000o\000r\000d\000s\000\040\000\050\000B\000o\000W\000\051}{section.7.4}% 208
\BOOKMARK [2][-]{subsection.7.4.2}{\376\377\000T\000F\000-\000I\000D\000F}{section.7.4}% 209
\BOOKMARK [2][-]{subsection.7.4.3}{\376\377\000W\000o\000r\000d\000\040\000E\000m\000b\000e\000d\000d\000i\000n\000g\000s\000\040\000\050\000P\000r\000e\000v\000i\000e\000w\000\051}{section.7.4}% 210
\BOOKMARK [2][-]{subsection.7.4.4}{\376\377\000V\000i\000s\000u\000a\000l\000i\000s\000i\000n\000g\000\040\000D\000o\000c\000u\000m\000e\000n\000t\000\040\000a\000n\000d\000\040\000W\000o\000r\000d\000\040\000E\000m\000b\000e\000d\000d\000i\000n\000g\000s}{section.7.4}% 211
\BOOKMARK [1][-]{section.7.5}{\376\377\000T\000e\000x\000t\000\040\000P\000r\000e\000p\000r\000o\000c\000e\000s\000s\000i\000n\000g}{chapter.7}% 212
\BOOKMARK [2][-]{subsection.7.5.1}{\376\377\000G\000e\000t\000t\000i\000n\000g\000\040\000T\000e\000x\000t\000\040\000R\000e\000a\000d\000y\000\040\000f\000o\000r\000\040\000A\000n\000a\000l\000y\000s\000i\000s\000:\000\040\000N\000L\000P\000\040\000P\000i\000p\000e\000l\000i\000n\000e\000s}{section.7.5}% 213
\BOOKMARK [2][-]{subsection.7.5.2}{\376\377\000F\000u\000r\000t\000h\000e\000r\000\040\000P\000r\000e\000p\000r\000o\000c\000e\000s\000s\000i\000n\000g\000\040\000T\000e\000c\000h\000n\000i\000q\000u\000e\000s}{section.7.5}% 214
\BOOKMARK [2][-]{subsection.7.5.3}{\376\377\000S\000i\000m\000p\000l\000e\000\040\000N\000L\000P\000\040\000P\000i\000p\000e\000l\000i\000n\000e\000\040\000f\000o\000r\000\040\000D\000o\000c\000u\000m\000e\000n\000t\000\040\000C\000l\000a\000s\000s\000i\000f\000i\000c\000a\000t\000i\000o\000n}{section.7.5}% 215
\BOOKMARK [1][-]{section.7.6}{\376\377\000D\000e\000e\000p\000\040\000L\000e\000a\000r\000n\000i\000n\000g\000\040\000f\000o\000r\000\040\000N\000L\000P\000:\000\040\000A\000r\000c\000h\000i\000t\000e\000c\000t\000u\000r\000e}{chapter.7}% 216
\BOOKMARK [1][-]{section.7.7}{\376\377\000W\000o\000r\000d\000\040\000E\000m\000b\000e\000d\000d\000i\000n\000g\000s\000\040\000I\000:\000\040\000O\000n\000e\000-\000H\000o\000t\000\040\000E\000n\000c\000o\000d\000i\000n\000g}{chapter.7}% 217
\BOOKMARK [1][-]{section.7.8}{\376\377\000W\000o\000r\000d\000\040\000E\000m\000b\000e\000d\000d\000i\000n\000g\000s\000\040\000I\000I\000:\000\040\000W\000o\000r\000d\0002\000V\000e\000c}{chapter.7}% 218
\BOOKMARK [2][-]{subsection.7.8.1}{\376\377\000S\000k\000i\000p\000-\000G\000r\000a\000m\000\040\000a\000n\000d\000\040\000C\000B\000O\000W\000\040\000M\000o\000d\000e\000l\000s\000\040\000O\000v\000e\000r\000v\000i\000e\000w}{section.7.8}% 219
\BOOKMARK [2][-]{subsection.7.8.2}{\376\377\000S\000k\000i\000p\000-\000G\000r\000a\000m\000\040\000M\000o\000d\000e\000l}{section.7.8}% 220
\BOOKMARK [2][-]{subsection.7.8.3}{\376\377\000C\000o\000n\000t\000i\000n\000u\000o\000u\000s\000\040\000B\000a\000g\000\040\000o\000f\000\040\000W\000o\000r\000d\000s\000\040\000\050\000C\000B\000O\000W\000\051\000\040\000M\000o\000d\000e\000l}{section.7.8}% 221
\BOOKMARK [1][-]{section.7.9}{\376\377\000W\000o\000r\000d\000\040\000E\000m\000b\000e\000d\000d\000i\000n\000g\000s\000\040\000I\000I\000I\000:\000\040\000G\000l\000o\000V\000e}{chapter.7}% 222
\BOOKMARK [1][-]{section.7.10}{\376\377\000W\000o\000r\000d\000\040\000E\000m\000b\000e\000d\000d\000i\000n\000g\000s\000\040\000I\000V\000:\000\040\000C\000o\000n\000t\000e\000x\000t\000u\000a\000l\000\040\000E\000m\000b\000e\000d\000d\000i\000n\000g\000s}{chapter.7}% 223
\BOOKMARK [1][-]{section.7.11}{\376\377\000S\000e\000n\000t\000i\000m\000e\000n\000t\000\040\000A\000n\000a\000l\000y\000s\000i\000s\000\040\000w\000i\000t\000h\000\040\000R\000N\000N\000s}{chapter.7}% 224
\BOOKMARK [2][-]{subsection.7.11.1}{\376\377\000B\000a\000s\000i\000c\000\040\000R\000N\000N\000s\000\040\000f\000o\000r\000\040\000S\000e\000n\000t\000i\000m\000e\000n\000t\000\040\000A\000n\000a\000l\000y\000s\000i\000s}{section.7.11}% 225
\BOOKMARK [2][-]{subsection.7.11.2}{\376\377\000C\000h\000a\000l\000l\000e\000n\000g\000e\000s\000\040\000w\000i\000t\000h\000\040\000B\000a\000s\000i\000c\000\040\000R\000N\000N\000s}{section.7.11}% 226
\BOOKMARK [2][-]{subsection.7.11.3}{\376\377\000L\000o\000n\000g\000\040\000S\000h\000o\000r\000t\000-\000T\000e\000r\000m\000\040\000M\000e\000m\000o\000r\000y\000\040\000\050\000L\000S\000T\000M\000\051\000\040\000a\000n\000d\000\040\000G\000a\000t\000e\000d\000\040\000R\000e\000c\000u\000r\000r\000e\000n\000t\000\040\000U\000n\000i\000t\000s\000\040\000\050\000G\000R\000U\000\051}{section.7.11}% 227
\BOOKMARK [2][-]{subsection.7.11.4}{\376\377\000B\000i\000d\000i\000r\000e\000c\000t\000i\000o\000n\000a\000l\000\040\000R\000N\000N\000s}{section.7.11}% 228
\BOOKMARK [2][-]{subsection.7.11.5}{\376\377\000P\000r\000e\000t\000r\000a\000i\000n\000i\000n\000g\000\040\000T\000a\000s\000k\000:\000\040\000M\000a\000s\000k\000e\000d\000\040\000L\000a\000n\000g\000u\000a\000g\000e\000\040\000M\000o\000d\000e\000l\000l\000i\000n\000g}{section.7.11}% 229
\BOOKMARK [2][-]{subsection.7.11.6}{\376\377\000T\000r\000a\000i\000n\000i\000n\000g\000\040\000w\000i\000t\000h\000\040\000S\000e\000n\000t\000i\000m\000e\000n\000t\000\040\000L\000a\000b\000e\000l\000s}{section.7.11}% 230
\BOOKMARK [2][-]{subsection.7.11.7}{\376\377\000E\000x\000a\000m\000p\000l\000e\000:\000\040\000S\000e\000n\000t\000i\000m\000e\000n\000t\000\040\000A\000n\000a\000l\000y\000s\000i\000s\000\040\000o\000n\000\040\000M\000o\000v\000i\000e\000\040\000R\000e\000v\000i\000e\000w\000s}{section.7.11}% 231
\BOOKMARK [1][-]{section.7.12}{\376\377\000R\000e\000g\000u\000l\000a\000r\000i\000s\000a\000t\000i\000o\000n\000\040\000i\000n\000\040\000D\000e\000e\000p\000\040\000L\000e\000a\000r\000n\000i\000n\000g}{chapter.7}% 232
\BOOKMARK [2][-]{subsection.7.12.1}{\376\377\000W\000e\000i\000g\000h\000t\000\040\000S\000h\000a\000r\000i\000n\000g}{section.7.12}% 233
\BOOKMARK [2][-]{subsection.7.12.2}{\376\377\000W\000e\000i\000g\000h\000t\000\040\000D\000e\000c\000a\000y\000\040\000\050\000L\0002\000\040\000R\000e\000g\000u\000l\000a\000r\000i\000s\000a\000t\000i\000o\000n\000\051}{section.7.12}% 234
\BOOKMARK [2][-]{subsection.7.12.3}{\376\377\000D\000r\000o\000p\000o\000u\000t}{section.7.12}% 235
\BOOKMARK [2][-]{subsection.7.12.4}{\376\377\000B\000e\000n\000e\000f\000i\000t\000s\000\040\000o\000f\000\040\000R\000e\000g\000u\000l\000a\000r\000i\000s\000a\000t\000i\000o\000n}{section.7.12}% 236
\BOOKMARK [0][-]{chapter.8}{\376\377\000W\000e\000e\000k\000\040\0008\000:\000\040\000N\000L\000P\000\040\000I\000I\000\040\000-\000\040\000A\000t\000t\000e\000n\000t\000i\000o\000n\000\040\000a\000n\000d\000\040\000T\000r\000a\000n\000s\000f\000o\000r\000m\000e\000r\000s}{}% 237
\BOOKMARK [1][-]{section.8.1}{\376\377\000E\000n\000c\000o\000d\000e\000r\000-\000D\000e\000c\000o\000d\000e\000r\000\040\000A\000r\000c\000h\000i\000t\000e\000c\000t\000u\000r\000e}{chapter.8}% 238
\BOOKMARK [2][-]{subsection.8.1.1}{\376\377\000M\000a\000c\000h\000i\000n\000e\000\040\000T\000r\000a\000n\000s\000l\000a\000t\000i\000o\000n\000:\000\040\000A\000\040\000M\000o\000t\000i\000v\000a\000t\000i\000n\000g\000\040\000E\000x\000a\000m\000p\000l\000e}{section.8.1}% 239
\BOOKMARK [2][-]{subsection.8.1.2}{\376\377\000T\000h\000e\000\040\000E\000n\000c\000o\000d\000e\000r\000-\000D\000e\000c\000o\000d\000e\000r\000\040\000F\000r\000a\000m\000e\000w\000o\000r\000k}{section.8.1}% 240
\BOOKMARK [2][-]{subsection.8.1.3}{\376\377\000A\000u\000t\000o\000e\000n\000c\000o\000d\000e\000r\000:\000\040\000A\000\040\000S\000p\000e\000c\000i\000a\000l\000\040\000C\000a\000s\000e}{section.8.1}% 241
\BOOKMARK [2][-]{subsection.8.1.4}{\376\377\000R\000N\000N\000-\000B\000a\000s\000e\000d\000\040\000E\000n\000c\000o\000d\000e\000r\000-\000D\000e\000c\000o\000d\000e\000r}{section.8.1}% 242
\BOOKMARK [2][-]{subsection.8.1.5}{\376\377\000D\000a\000t\000a\000\040\000P\000r\000e\000p\000r\000o\000c\000e\000s\000s\000i\000n\000g\000\040\000f\000o\000r\000\040\000M\000a\000c\000h\000i\000n\000e\000\040\000T\000r\000a\000n\000s\000l\000a\000t\000i\000o\000n}{section.8.1}% 243
\BOOKMARK [1][-]{section.8.2}{\376\377\000B\000L\000E\000U\000:\000\040\000E\000v\000a\000l\000u\000a\000t\000i\000n\000g\000\040\000M\000a\000c\000h\000i\000n\000e\000\040\000T\000r\000a\000n\000s\000l\000a\000t\000i\000o\000n}{chapter.8}% 244
\BOOKMARK [1][-]{section.8.3}{\376\377\000T\000h\000e\000\040\000A\000t\000t\000e\000n\000t\000i\000o\000n\000\040\000M\000e\000c\000h\000a\000n\000i\000s\000m}{chapter.8}% 245
\BOOKMARK [2][-]{subsection.8.3.1}{\376\377\000T\000h\000e\000\040\000P\000r\000o\000b\000l\000e\000m\000:\000\040\000I\000n\000f\000o\000r\000m\000a\000t\000i\000o\000n\000\040\000B\000o\000t\000t\000l\000e\000n\000e\000c\000k}{section.8.3}% 246
\BOOKMARK [2][-]{subsection.8.3.2}{\376\377\000B\000i\000o\000l\000o\000g\000i\000c\000a\000l\000\040\000I\000n\000s\000p\000i\000r\000a\000t\000i\000o\000n}{section.8.3}% 247
\BOOKMARK [2][-]{subsection.8.3.3}{\376\377\000A\000t\000t\000e\000n\000t\000i\000o\000n\000\040\000C\000u\000e\000s\000:\000\040\000V\000o\000l\000i\000t\000i\000o\000n\000a\000l\000\040\000a\000n\000d\000\040\000N\000o\000n\000-\000V\000o\000l\000i\000t\000i\000o\000n\000a\000l}{section.8.3}% 248
\BOOKMARK [2][-]{subsection.8.3.4}{\376\377\000Q\000u\000e\000r\000i\000e\000s\000,\000\040\000K\000e\000y\000s\000,\000\040\000a\000n\000d\000\040\000V\000a\000l\000u\000e\000s}{section.8.3}% 249
\BOOKMARK [2][-]{subsection.8.3.5}{\376\377\000A\000t\000t\000e\000n\000t\000i\000o\000n\000\040\000P\000o\000o\000l\000i\000n\000g}{section.8.3}% 250
\BOOKMARK [2][-]{subsection.8.3.6}{\376\377\000A\000t\000t\000e\000n\000t\000i\000o\000n\000\040\000S\000c\000o\000r\000i\000n\000g\000\040\000F\000u\000n\000c\000t\000i\000o\000n\000s}{section.8.3}% 251
\BOOKMARK [1][-]{section.8.4}{\376\377\000B\000a\000h\000d\000a\000n\000a\000u\000\040\000A\000t\000t\000e\000n\000t\000i\000o\000n}{chapter.8}% 252
\BOOKMARK [1][-]{section.8.5}{\376\377\000M\000u\000l\000t\000i\000-\000H\000e\000a\000d\000\040\000A\000t\000t\000e\000n\000t\000i\000o\000n}{chapter.8}% 253
\BOOKMARK [1][-]{section.8.6}{\376\377\000S\000e\000l\000f\000-\000A\000t\000t\000e\000n\000t\000i\000o\000n}{chapter.8}% 254
\BOOKMARK [1][-]{section.8.7}{\376\377\000P\000o\000s\000i\000t\000i\000o\000n\000a\000l\000\040\000E\000n\000c\000o\000d\000i\000n\000g}{chapter.8}% 255
\BOOKMARK [1][-]{section.8.8}{\376\377\000T\000h\000e\000\040\000T\000r\000a\000n\000s\000f\000o\000r\000m\000e\000r\000\040\000A\000r\000c\000h\000i\000t\000e\000c\000t\000u\000r\000e}{chapter.8}% 256
\BOOKMARK [2][-]{subsection.8.8.1}{\376\377\000T\000r\000a\000n\000s\000f\000o\000r\000m\000e\000r\000\040\000E\000n\000c\000o\000d\000e\000r}{section.8.8}% 257
\BOOKMARK [2][-]{subsection.8.8.2}{\376\377\000T\000r\000a\000n\000s\000f\000o\000r\000m\000e\000r\000\040\000D\000e\000c\000o\000d\000e\000r}{section.8.8}% 258
\BOOKMARK [2][-]{subsection.8.8.3}{\376\377\000T\000r\000a\000n\000s\000f\000o\000r\000m\000e\000r\000\040\000V\000a\000r\000i\000a\000n\000t\000s}{section.8.8}% 259
\BOOKMARK [1][-]{section.8.9}{\376\377\000B\000E\000R\000T\000:\000\040\000E\000n\000c\000o\000d\000e\000r\000-\000O\000n\000l\000y\000\040\000T\000r\000a\000n\000s\000f\000o\000r\000m\000e\000r}{chapter.8}% 260
\BOOKMARK [1][-]{section.8.10}{\376\377\000V\000i\000s\000i\000o\000n\000\040\000T\000r\000a\000n\000s\000f\000o\000r\000m\000e\000r\000\040\000\050\000V\000i\000T\000\051}{chapter.8}% 261
\BOOKMARK [1][-]{section.8.11}{\376\377\000C\000o\000m\000p\000u\000t\000a\000t\000i\000o\000n\000a\000l\000\040\000C\000o\000n\000s\000i\000d\000e\000r\000a\000t\000i\000o\000n\000s}{chapter.8}% 262
\BOOKMARK [1][-]{section.8.12}{\376\377\000S\000u\000m\000m\000a\000r\000y\000:\000\040\000T\000h\000e\000\040\000A\000t\000t\000e\000n\000t\000i\000o\000n\000\040\000R\000e\000v\000o\000l\000u\000t\000i\000o\000n}{chapter.8}% 263
\BOOKMARK [1][-]{section.8.13}{\376\377\000C\000o\000n\000n\000e\000c\000t\000i\000o\000n\000s\000\040\000t\000o\000\040\000O\000t\000h\000e\000r\000\040\000T\000o\000p\000i\000c\000s}{chapter.8}% 264
\BOOKMARK [0][-]{chapter.9}{\376\377\000W\000e\000e\000k\000\040\0009\000:\000\040\000L\000a\000r\000g\000e\000\040\000L\000a\000n\000g\000u\000a\000g\000e\000\040\000M\000o\000d\000e\000l\000s\000\040\000i\000n\000\040\000P\000r\000a\000c\000t\000i\000c\000e}{}% 265
\BOOKMARK [1][-]{section.9.1}{\376\377\000A\000I\000\040\000A\000l\000i\000g\000n\000m\000e\000n\000t}{chapter.9}% 266
\BOOKMARK [2][-]{subsection.9.1.1}{\376\377\000H\000a\000l\000l\000u\000c\000i\000n\000a\000t\000i\000o\000n\000s}{section.9.1}% 267
\BOOKMARK [2][-]{subsection.9.1.2}{\376\377\000D\000a\000t\000a\000-\000B\000a\000s\000e\000d\000\040\000B\000i\000a\000s}{section.9.1}% 268
\BOOKMARK [2][-]{subsection.9.1.3}{\376\377\000O\000f\000f\000e\000n\000s\000i\000v\000e\000\040\000a\000n\000d\000\040\000I\000l\000l\000e\000g\000a\000l\000\040\000C\000o\000n\000t\000e\000n\000t}{section.9.1}% 269
\BOOKMARK [2][-]{subsection.9.1.4}{\376\377\000L\000L\000M\000s\000\040\000v\000s\000\040\000C\000h\000a\000t\000b\000o\000t\000s\000:\000\040\000T\000h\000e\000\040\000A\000l\000i\000g\000n\000m\000e\000n\000t\000\040\000G\000a\000p}{section.9.1}% 270
\BOOKMARK [1][-]{section.9.2}{\376\377\000P\000o\000s\000t\000-\000T\000r\000a\000i\000n\000i\000n\000g\000:\000\040\000A\000l\000i\000g\000n\000i\000n\000g\000\040\000L\000L\000M\000s}{chapter.9}% 271
\BOOKMARK [2][-]{subsection.9.2.1}{\376\377\000T\000h\000e\000\040\000L\000L\000M\000\040\000T\000r\000a\000i\000n\000i\000n\000g\000\040\000P\000i\000p\000e\000l\000i\000n\000e}{section.9.2}% 272
\BOOKMARK [2][-]{subsection.9.2.2}{\376\377\000L\000L\000M\000\040\000I\000n\000f\000e\000r\000e\000n\000c\000e\000:\000\040\000B\000e\000h\000i\000n\000d\000\040\000t\000h\000e\000\040\000S\000c\000e\000n\000e\000s}{section.9.2}% 273
\BOOKMARK [2][-]{subsection.9.2.3}{\376\377\000S\000u\000p\000e\000r\000v\000i\000s\000e\000d\000\040\000F\000i\000n\000e\000-\000T\000u\000n\000i\000n\000g\000\040\000\050\000S\000F\000T\000\051}{section.9.2}% 274
\BOOKMARK [2][-]{subsection.9.2.4}{\376\377\000R\000e\000i\000n\000f\000o\000r\000c\000e\000m\000e\000n\000t\000\040\000L\000e\000a\000r\000n\000i\000n\000g\000\040\000f\000r\000o\000m\000\040\000H\000u\000m\000a\000n\000\040\000F\000e\000e\000d\000b\000a\000c\000k\000\040\000\050\000R\000L\000H\000F\000\051}{section.9.2}% 275
\BOOKMARK [1][-]{section.9.3}{\376\377\000T\000h\000e\000\040\000B\000i\000t\000t\000e\000r\000\040\000L\000e\000s\000s\000o\000n}{chapter.9}% 276
\BOOKMARK [1][-]{section.9.4}{\376\377\000R\000e\000a\000s\000o\000n\000i\000n\000g\000\040\000M\000o\000d\000e\000l\000s}{chapter.9}% 277
\BOOKMARK [2][-]{subsection.9.4.1}{\376\377\000W\000h\000a\000t\000\040\000A\000r\000e\000\040\000R\000e\000a\000s\000o\000n\000i\000n\000g\000\040\000M\000o\000d\000e\000l\000s\000?}{section.9.4}% 278
\BOOKMARK [2][-]{subsection.9.4.2}{\376\377\000P\000e\000r\000f\000o\000r\000m\000a\000n\000c\000e\000\040\000C\000h\000a\000r\000a\000c\000t\000e\000r\000i\000s\000t\000i\000c\000s\000\040\000o\000f\000\040\000L\000R\000M\000s}{section.9.4}% 279
\BOOKMARK [2][-]{subsection.9.4.3}{\376\377\000T\000r\000a\000i\000n\000i\000n\000g\000\040\000R\000e\000a\000s\000o\000n\000i\000n\000g\000\040\000M\000o\000d\000e\000l\000s}{section.9.4}% 280
\BOOKMARK [1][-]{section.9.5}{\376\377\000R\000e\000t\000r\000i\000e\000v\000a\000l\000-\000A\000u\000g\000m\000e\000n\000t\000e\000d\000\040\000G\000e\000n\000e\000r\000a\000t\000i\000o\000n\000\040\000\050\000R\000A\000G\000\051}{chapter.9}% 281
\BOOKMARK [2][-]{subsection.9.5.1}{\376\377\000M\000o\000t\000i\000v\000a\000t\000i\000o\000n}{section.9.5}% 282
\BOOKMARK [2][-]{subsection.9.5.2}{\376\377\000R\000A\000G\000\040\000A\000r\000c\000h\000i\000t\000e\000c\000t\000u\000r\000e}{section.9.5}% 283
\BOOKMARK [2][-]{subsection.9.5.3}{\376\377\000D\000o\000c\000u\000m\000e\000n\000t\000\040\000R\000e\000t\000r\000i\000e\000v\000a\000l\000\040\000M\000e\000t\000h\000o\000d\000s}{section.9.5}% 284
\BOOKMARK [2][-]{subsection.9.5.4}{\376\377\000B\000e\000n\000e\000f\000i\000t\000s\000\040\000a\000n\000d\000\040\000L\000i\000m\000i\000t\000a\000t\000i\000o\000n\000s}{section.9.5}% 285
\BOOKMARK [1][-]{section.9.6}{\376\377\000F\000i\000n\000e\000-\000T\000u\000n\000i\000n\000g\000\040\000L\000L\000M\000s}{chapter.9}% 286
\BOOKMARK [2][-]{subsection.9.6.1}{\376\377\000O\000p\000e\000n\000n\000e\000s\000s\000\040\000o\000f\000\040\000L\000L\000M\000s}{section.9.6}% 287
\BOOKMARK [2][-]{subsection.9.6.2}{\376\377\000C\000h\000a\000l\000l\000e\000n\000g\000e\000s\000\040\000i\000n\000\040\000F\000i\000n\000e\000-\000T\000u\000n\000i\000n\000g}{section.9.6}% 288
\BOOKMARK [2][-]{subsection.9.6.3}{\376\377\000P\000a\000r\000a\000m\000e\000t\000e\000r\000-\000E\000f\000f\000i\000c\000i\000e\000n\000t\000\040\000F\000i\000n\000e\000-\000T\000u\000n\000i\000n\000g\000\040\000\050\000P\000E\000F\000T\000\051}{section.9.6}% 289
\BOOKMARK [2][-]{subsection.9.6.4}{\376\377\000L\000o\000R\000A\000:\000\040\000L\000o\000w\000-\000R\000a\000n\000k\000\040\000A\000d\000a\000p\000t\000a\000t\000i\000o\000n}{section.9.6}% 290
\BOOKMARK [2][-]{subsection.9.6.5}{\376\377\000F\000i\000n\000e\000-\000T\000u\000n\000i\000n\000g\000\040\000P\000r\000o\000p\000r\000i\000e\000t\000a\000r\000y\000\040\000M\000o\000d\000e\000l\000s}{section.9.6}% 291
\BOOKMARK [1][-]{section.9.7}{\376\377\000F\000e\000w\000-\000S\000h\000o\000t\000\040\000L\000e\000a\000r\000n\000i\000n\000g}{chapter.9}% 292
\BOOKMARK [1][-]{section.9.8}{\376\377\000S\000t\000r\000u\000c\000t\000u\000r\000e\000d\000\040\000O\000u\000t\000p\000u\000t\000s}{chapter.9}% 293
\BOOKMARK [2][-]{subsection.9.8.1}{\376\377\000J\000S\000O\000N\000\040\000S\000c\000h\000e\000m\000a}{section.9.8}% 294
\BOOKMARK [2][-]{subsection.9.8.2}{\376\377\000C\000h\000a\000i\000n\000-\000o\000f\000-\000T\000h\000o\000u\000g\000h\000t\000\040\000w\000i\000t\000h\000\040\000S\000t\000r\000u\000c\000t\000u\000r\000e\000d\000\040\000O\000u\000t\000p\000u\000t}{section.9.8}% 295
\BOOKMARK [1][-]{section.9.9}{\376\377\000T\000o\000o\000l\000\040\000C\000a\000l\000l\000i\000n\000g}{chapter.9}% 296
\BOOKMARK [1][-]{section.9.10}{\376\377\000A\000I\000\040\000A\000g\000e\000n\000t\000s}{chapter.9}% 297
\BOOKMARK [2][-]{subsection.9.10.1}{\376\377\000W\000h\000a\000t\000\040\000A\000r\000e\000\040\000A\000I\000\040\000A\000g\000e\000n\000t\000s\000?}{section.9.10}% 298
\BOOKMARK [2][-]{subsection.9.10.2}{\376\377\000E\000x\000a\000m\000p\000l\000e\000s\000\040\000o\000f\000\040\000A\000I\000\040\000A\000g\000e\000n\000t\000s}{section.9.10}% 299
\BOOKMARK [2][-]{subsection.9.10.3}{\376\377\000A\000g\000e\000n\000t\000\040\000C\000a\000t\000e\000g\000o\000r\000i\000s\000a\000t\000i\000o\000n\000\040\000a\000n\000d\000\040\000G\000o\000v\000e\000r\000n\000a\000n\000c\000e}{section.9.10}% 300
\BOOKMARK [2][-]{subsection.9.10.4}{\376\377\000F\000u\000t\000u\000r\000e\000\040\000I\000m\000p\000l\000i\000c\000a\000t\000i\000o\000n\000s}{section.9.10}% 301
\BOOKMARK [1][-]{section.9.11}{\376\377\000S\000u\000m\000m\000a\000r\000y}{chapter.9}% 302
